2026-04-18 17:48:25,991 - __main__ - INFO - 贝叶斯同化系统 - 高级用法演示
2026-04-18 17:48:25,991 - __main__ - INFO - ============================================================
2026-04-18 17:48:25,991 - __main__ - INFO - ============================================================
2026-04-18 17:48:25,991 - __main__ - INFO - 3DVAR同化演示
2026-04-18 17:48:25,991 - __main__ - INFO - ============================================================
2026-04-18 17:48:25,991 - __main__ - INFO - 初始化网格: 21×21×5, 分辨率: 50m, 总网格点: 2,205
2026-04-18 17:48:25,992 - __main__ - INFO - 构建优化的背景误差协方差...
2026-04-18 17:48:25,992 - __main__ - INFO - 使用稀疏背景协方差，相关长度: 100.0m
2026-04-18 17:48:25,993 - __main__ - INFO - 网格形状: (21, 21, 5)
2026-04-18 17:48:25,993 - __main__ - INFO - 背景场范围: [3.10, 6.90] m/s
2026-04-18 17:48:25,994 - __main__ - INFO - 生成 10 个观测点
2026-04-18 17:48:25,994 - __main__ - INFO - 观测值范围: [2.82, 6.54] m/s
2026-04-18 17:48:25,997 - __main__ - INFO - 构建观测算子: 10个观测点，稀疏度: 0.3628%
2026-04-18 17:48:25,998 - __main__ - INFO - 开始共轭梯度求解...
2026-04-18 17:48:26,101 - __main__ - INFO - 3DVAR同化完成，观测数: 10, CG迭代: 500, 耗时: 0.11秒, 平均方差: 2.243
2026-04-18 17:48:26,101 - __main__ - INFO - 分析场范围: [3.04, 6.90] m/s
2026-04-18 17:48:26,101 - __main__ - INFO - 方差场范围: [0.7525, 2.2500]
2026-04-18 17:48:26,103 - __main__ - WARNING - 检测到 2187 个高风险栅格 (99.18%), 平均方差: 2.249, 最大方差: 2.250
2026-04-18 17:48:26,103 - __main__ - INFO - 风险统计: {'n_risk_cells': 2187, 'risk_percentage': 99.18367346938776, 'avg_risk_variance': 2.2491614063034975, 'max_risk_variance': 2.249995937506891, 'total_cells': 2205}
2026-04-18 17:48:26,151 - __main__ - INFO - 方差场降尺度: 50m → 10.0m, 新维度: (105, 105, 25), 方法: linear
2026-04-18 17:48:26,151 - __main__ - INFO - 降尺度后方差场形状: (105, 105, 25)
2026-04-18 17:48:26,153 - __main__ - INFO - 方差场已保存为NumPy文件: results/3dvar_demo\variance_field_optimized.npy
2026-04-18 17:48:26,153 - __main__ - INFO - 性能统计: {'assimilation_time': 0.106397, 'cg_iterations': 500, 'memory_usage_mb': 0.0, 'grid_points': 2205, 'grid_shape': (21, 21, 5)}
2026-04-18 17:48:26,153 - __main__ - INFO - 
============================================================
2026-04-18 17:48:26,153 - __main__ - INFO - EnKF同化演示
2026-04-18 17:48:26,153 - __main__ - INFO - ============================================================
2026-04-18 17:48:26,154 - __main__ - INFO - 初始化网格: 21×21×5, 分辨率: 50m, 总网格点: 2,205
2026-04-18 17:48:26,154 - __main__ - INFO - 构建优化的背景误差协方差...
2026-04-18 17:48:26,154 - __main__ - INFO - 使用稀疏背景协方差，相关长度: 100.0m
2026-04-18 17:48:26,155 - __main__ - INFO - 构建观测算子: 10个观测点，稀疏度: 0.3628%
2026-04-18 17:48:26,155 - __main__ - INFO - 计算局部化权重...
2026-04-18 17:48:26,213 - __main__ - INFO - 局部化EnKF完成，集合大小: 20, 局部化半径: 150.0m, 耗时: 0.06秒, 平均方差: 0.236
2026-04-18 17:48:26,215 - __main__ - INFO - EnKF分析场范围: [2.82, 7.17] m/s
2026-04-18 17:48:26,215 - __main__ - INFO - EnKF方差场范围: [0.0466, 0.6129]
2026-04-18 17:48:26,216 - __main__ - INFO - 方差场已保存为NumPy文件: results/enkf_demo\variance_field_enkf.npy
2026-04-18 17:48:26,216 - __main__ - INFO - 
============================================================
2026-04-18 17:48:26,216 - __main__ - INFO - 演示完成！
2026-04-18 17:48:26,217 - __main__ - INFO - 结果摘要已保存: results/demo_summary.json
2026-04-18 22:13:36,397 - __main__ - INFO - 贝叶斯同化系统 - 高级用法演示
2026-04-18 22:13:36,398 - __main__ - INFO - ============================================================
2026-04-18 22:13:36,398 - __main__ - INFO - ============================================================
2026-04-18 22:13:36,398 - __main__ - INFO - 3DVAR同化演示
2026-04-18 22:13:36,398 - __main__ - INFO - ============================================================
2026-04-18 22:13:36,399 - __main__ - INFO - 初始化网格: 21×21×5, 分辨率: 50m, 总网格点: 2,205
2026-04-18 22:13:36,399 - __main__ - INFO - 构建优化的背景误差协方差...
2026-04-18 22:13:36,399 - __main__ - INFO - 使用稀疏背景协方差，相关长度: 100.0m
2026-04-18 22:13:36,399 - __main__ - INFO - 网格形状: (21, 21, 5)
2026-04-18 22:13:36,399 - __main__ - INFO - 背景场范围: [3.10, 6.90] m/s
2026-04-18 22:13:36,400 - __main__ - INFO - 生成 10 个观测点
2026-04-18 22:13:36,400 - __main__ - INFO - 观测值范围: [2.82, 6.54] m/s
2026-04-18 22:13:36,401 - __main__ - INFO - 构建观测算子: 10个观测点，稀疏度: 0.3628%
2026-04-18 22:13:36,402 - __main__ - INFO - 开始共轭梯度求解...
2026-04-18 22:13:36,528 - __main__ - INFO - 3DVAR同化完成，观测数: 10, CG迭代: 500, 耗时: 0.13秒, 平均方差: 2.243
2026-04-18 22:13:36,529 - __main__ - INFO - 分析场范围: [3.04, 6.90] m/s
2026-04-18 22:13:36,529 - __main__ - INFO - 方差场范围: [0.7525, 2.2500]
2026-04-18 22:13:36,531 - __main__ - WARNING - 检测到 2187 个高风险栅格 (99.18%), 平均方差: 2.249, 最大方差: 2.250
2026-04-18 22:13:36,531 - __main__ - INFO - 风险统计: {'n_risk_cells': 2187, 'risk_percentage': 99.18367346938776, 'avg_risk_variance': 2.2491614063034975, 'max_risk_variance': 2.249995937506891, 'total_cells': 2205}
2026-04-18 22:13:36,592 - __main__ - INFO - 方差场降尺度: 50m → 10.0m, 新维度: (105, 105, 25), 方法: linear
2026-04-18 22:13:36,593 - __main__ - INFO - 降尺度后方差场形状: (105, 105, 25)
2026-04-18 22:13:36,595 - __main__ - INFO - 方差场已保存为NumPy文件: results/3dvar_demo\variance_field_optimized.npy
2026-04-18 22:13:36,595 - __main__ - INFO - 性能统计: {'assimilation_time': 0.12832, 'cg_iterations': 500, 'memory_usage_mb': 0.0, 'grid_points': 2205, 'grid_shape': (21, 21, 5)}
2026-04-18 22:13:36,595 - __main__ - INFO - 
============================================================
2026-04-18 22:13:36,595 - __main__ - INFO - EnKF同化演示
2026-04-18 22:13:36,596 - __main__ - INFO - ============================================================
2026-04-18 22:13:36,596 - __main__ - INFO - 初始化网格: 21×21×5, 分辨率: 50m, 总网格点: 2,205
2026-04-18 22:13:36,596 - __main__ - INFO - 构建优化的背景误差协方差...
2026-04-18 22:13:36,596 - __main__ - INFO - 使用稀疏背景协方差，相关长度: 100.0m
2026-04-18 22:13:36,598 - __main__ - INFO - 构建观测算子: 10个观测点，稀疏度: 0.3628%
2026-04-18 22:13:36,599 - __main__ - INFO - 计算局部化权重...
2026-04-18 22:13:36,669 - __main__ - INFO - 局部化EnKF完成，集合大小: 20, 局部化半径: 150.0m, 耗时: 0.07秒, 平均方差: 0.236
2026-04-18 22:13:36,671 - __main__ - INFO - EnKF分析场范围: [2.82, 7.17] m/s
2026-04-18 22:13:36,671 - __main__ - INFO - EnKF方差场范围: [0.0466, 0.6129]
2026-04-18 22:13:36,672 - __main__ - INFO - 方差场已保存为NumPy文件: results/enkf_demo\variance_field_enkf.npy
2026-04-18 22:13:36,672 - __main__ - INFO - 
============================================================
2026-04-18 22:13:36,672 - __main__ - INFO - 演示完成！
2026-04-18 22:13:36,673 - __main__ - INFO - 结果摘要已保存: results/demo_summary.json
2026-04-18 22:17:42,616 - __main__ - INFO - 贝叶斯同化系统 - 高级用法演示
2026-04-18 22:17:42,616 - __main__ - INFO - ============================================================
2026-04-18 22:17:42,616 - __main__ - INFO - ============================================================
2026-04-18 22:17:42,616 - __main__ - INFO - 3DVAR同化演示
2026-04-18 22:17:42,616 - __main__ - INFO - ============================================================
2026-04-18 22:17:42,617 - __main__ - INFO - 初始化网格: 21×21×5, 分辨率: 50m, 总网格点: 2,205
2026-04-18 22:17:42,617 - __main__ - INFO - 构建优化的背景误差协方差...
2026-04-18 22:17:42,617 - __main__ - INFO - 使用稀疏背景协方差，相关长度: 100.0m
2026-04-18 22:17:42,617 - __main__ - INFO - 网格形状: (21, 21, 5)
2026-04-18 22:17:42,618 - __main__ - INFO - 背景场范围: [3.10, 6.90] m/s
2026-04-18 22:17:42,618 - __main__ - INFO - 生成 10 个观测点
2026-04-18 22:17:42,619 - __main__ - INFO - 观测值范围: [2.82, 6.54] m/s
2026-04-18 22:17:42,619 - __main__ - INFO - 构建观测算子: 10个观测点，稀疏度: 0.3628%
2026-04-18 22:17:42,620 - __main__ - INFO - 开始共轭梯度求解...
2026-04-18 22:17:42,752 - __main__ - INFO - 3DVAR同化完成，观测数: 10, CG迭代: 500, 耗时: 0.13秒, 平均方差: 2.243
2026-04-18 22:17:42,753 - __main__ - INFO - 分析场范围: [3.04, 6.90] m/s
2026-04-18 22:17:42,753 - __main__ - INFO - 方差场范围: [0.7525, 2.2500]
2026-04-18 22:17:42,753 - __main__ - WARNING - 检测到 2187 个高风险栅格 (99.18%), 平均方差: 2.249, 最大方差: 2.250
2026-04-18 22:17:42,754 - __main__ - INFO - 风险统计: {'n_risk_cells': 2187, 'risk_percentage': 99.18367346938776, 'avg_risk_variance': 2.2491614063034975, 'max_risk_variance': 2.249995937506891, 'total_cells': 2205}
2026-04-18 22:17:42,803 - __main__ - INFO - 方差场降尺度: 50m → 10.0m, 新维度: (105, 105, 25), 方法: linear
2026-04-18 22:17:42,804 - __main__ - INFO - 降尺度后方差场形状: (105, 105, 25)
2026-04-18 22:17:42,805 - __main__ - INFO - 方差场已保存为NumPy文件: results/3dvar_demo\variance_field_optimized.npy
2026-04-18 22:17:42,805 - __main__ - INFO - 性能统计: {'assimilation_time': 0.133654, 'cg_iterations': 500, 'memory_usage_mb': 0.0, 'grid_points': 2205, 'grid_shape': (21, 21, 5)}
2026-04-18 22:17:42,805 - __main__ - INFO - 
============================================================
2026-04-18 22:17:42,805 - __main__ - INFO - EnKF同化演示
2026-04-18 22:17:42,805 - __main__ - INFO - ============================================================
2026-04-18 22:17:42,805 - __main__ - INFO - 初始化网格: 21×21×5, 分辨率: 50m, 总网格点: 2,205
2026-04-18 22:17:42,806 - __main__ - INFO - 构建优化的背景误差协方差...
2026-04-18 22:17:42,806 - __main__ - INFO - 使用稀疏背景协方差，相关长度: 100.0m
2026-04-18 22:17:42,807 - __main__ - INFO - 构建观测算子: 10个观测点，稀疏度: 0.3628%
2026-04-18 22:17:42,808 - __main__ - INFO - 计算局部化权重...
2026-04-18 22:17:42,883 - __main__ - INFO - 局部化EnKF完成，集合大小: 20, 局部化半径: 150.0m, 耗时: 0.08秒, 平均方差: 0.236
2026-04-18 22:17:42,886 - __main__ - INFO - EnKF分析场范围: [2.82, 7.17] m/s
2026-04-18 22:17:42,886 - __main__ - INFO - EnKF方差场范围: [0.0466, 0.6129]
2026-04-18 22:17:42,887 - __main__ - INFO - 方差场已保存为NumPy文件: results/enkf_demo\variance_field_enkf.npy
2026-04-18 22:17:42,887 - __main__ - INFO - 
============================================================
2026-04-18 22:17:42,887 - __main__ - INFO - 演示完成！
2026-04-18 22:17:42,888 - __main__ - INFO - 结果摘要已保存: results/demo_summary.json
2026-04-18 22:26:41,905 - __main__ - INFO - 贝叶斯同化系统 - 高级用法演示
2026-04-18 22:26:41,905 - __main__ - INFO - ============================================================
2026-04-18 22:26:41,906 - __main__ - INFO - ============================================================
2026-04-18 22:26:41,906 - __main__ - INFO - 3DVAR同化演示
2026-04-18 22:26:41,906 - __main__ - INFO - ============================================================
2026-04-18 22:26:41,906 - __main__ - INFO - 初始化网格: 21×21×5, 分辨率: 50m, 总网格点: 2,205
2026-04-18 22:26:41,906 - __main__ - INFO - 构建优化的背景误差协方差...
2026-04-18 22:26:41,906 - __main__ - INFO - 使用稀疏背景协方差，相关长度: 100.0m
2026-04-18 22:26:41,906 - __main__ - INFO - 网格形状: (21, 21, 5)
2026-04-18 22:26:41,907 - __main__ - INFO - 背景场范围: [3.10, 6.90] m/s
2026-04-18 22:26:41,907 - __main__ - INFO - 生成 10 个观测点
2026-04-18 22:26:41,907 - __main__ - INFO - 观测值范围: [2.82, 6.54] m/s
2026-04-18 22:26:41,908 - __main__ - INFO - 构建观测算子: 10个观测点，稀疏度: 0.3628%
2026-04-18 22:26:41,908 - __main__ - INFO - 开始共轭梯度求解...
2026-04-18 22:26:42,032 - __main__ - INFO - 3DVAR同化完成，观测数: 10, CG迭代: 500, 耗时: 0.13秒, 平均方差: 2.243
2026-04-18 22:26:42,033 - __main__ - INFO - 分析场范围: [3.04, 6.90] m/s
2026-04-18 22:26:42,033 - __main__ - INFO - 方差场范围: [0.7525, 2.2500]
2026-04-18 22:26:42,034 - __main__ - WARNING - 检测到 2187 个高风险栅格 (99.18%), 平均方差: 2.249, 最大方差: 2.250
2026-04-18 22:26:42,034 - __main__ - INFO - 风险检测完成: 2187 个高风险栅格 (99.18%)
2026-04-18 22:26:42,093 - __main__ - INFO - 方差场降尺度: 50m → 10.0m, 新维度: (105, 105, 25), 方法: linear
2026-04-18 22:26:42,093 - __main__ - INFO - 降尺度后方差场形状: (105, 105, 25)
2026-04-18 22:26:42,094 - __main__ - INFO - 方差场已保存为NumPy文件: results/3dvar_demo\variance_field_optimized.npy
2026-04-18 22:26:42,095 - __main__ - INFO - 性能统计: {'assimilation_time': 0.125031, 'cg_iterations': 500, 'memory_usage_mb': 0.0, 'grid_points': 2205, 'grid_shape': (21, 21, 5)}
2026-04-18 22:26:42,095 - __main__ - INFO - 
============================================================
2026-04-18 22:26:42,095 - __main__ - INFO - EnKF同化演示
2026-04-18 22:26:42,095 - __main__ - INFO - ============================================================
2026-04-18 22:26:42,095 - __main__ - INFO - 初始化网格: 21×21×5, 分辨率: 50m, 总网格点: 2,205
2026-04-18 22:26:42,095 - __main__ - INFO - 构建优化的背景误差协方差...
2026-04-18 22:26:42,096 - __main__ - INFO - 使用稀疏背景协方差，相关长度: 100.0m
2026-04-18 22:26:42,097 - __main__ - INFO - 构建观测算子: 10个观测点，稀疏度: 0.3628%
2026-04-18 22:26:42,098 - __main__ - INFO - 计算局部化权重...
2026-04-18 22:26:42,165 - __main__ - INFO - 局部化EnKF完成，集合大小: 20, 局部化半径: 150.0m, 耗时: 0.07秒, 平均方差: 0.236
2026-04-18 22:26:42,167 - __main__ - INFO - EnKF分析场范围: [2.82, 7.17] m/s
2026-04-18 22:26:42,167 - __main__ - INFO - EnKF方差场范围: [0.0466, 0.6129]
2026-04-18 22:26:42,168 - __main__ - INFO - 方差场已保存为NumPy文件: results/enkf_demo\variance_field_enkf.npy
2026-04-18 22:26:42,168 - __main__ - INFO - 
============================================================
2026-04-18 22:26:42,169 - __main__ - INFO - 演示完成！
2026-04-18 22:26:42,169 - __main__ - INFO - 结果摘要已保存: results/demo_summary.json
2026-04-18 22:27:21,955 - __main__ - INFO - 贝叶斯同化系统 - 高级用法演示
2026-04-18 22:27:21,956 - __main__ - INFO - ============================================================
2026-04-18 22:27:21,956 - __main__ - INFO - ============================================================
2026-04-18 22:27:21,956 - __main__ - INFO - 3DVAR同化演示
2026-04-18 22:27:21,956 - __main__ - INFO - ============================================================
2026-04-18 22:27:21,956 - __main__ - INFO - 初始化网格: 21×21×5, 分辨率: 50m, 总网格点: 2,205
2026-04-18 22:27:21,957 - __main__ - INFO - 构建优化的背景误差协方差...
2026-04-18 22:27:21,957 - __main__ - INFO - 使用稀疏背景协方差，相关长度: 100.0m
2026-04-18 22:27:21,957 - __main__ - INFO - 网格形状: (21, 21, 5)
2026-04-18 22:27:21,957 - __main__ - INFO - 背景场范围: [3.10, 6.90] m/s
2026-04-18 22:27:21,958 - __main__ - INFO - 生成 10 个观测点
2026-04-18 22:27:21,958 - __main__ - INFO - 观测值范围: [2.82, 6.54] m/s
2026-04-18 22:27:21,958 - __main__ - INFO - 构建观测算子: 10个观测点，稀疏度: 0.3628%
2026-04-18 22:27:21,959 - __main__ - INFO - 开始共轭梯度求解...
2026-04-18 22:27:22,080 - __main__ - INFO - 3DVAR同化完成，观测数: 10, CG迭代: 500, 耗时: 0.12秒, 平均方差: 2.243
2026-04-18 22:27:22,080 - __main__ - INFO - 分析场范围: [3.03, 6.90] m/s
2026-04-18 22:27:22,080 - __main__ - INFO - 方差场范围: [0.7525, 2.2500]
2026-04-18 22:27:22,081 - __main__ - WARNING - 检测到 2187 个高风险栅格 (99.18%), 平均方差: 2.249, 最大方差: 2.250
2026-04-18 22:27:22,081 - __main__ - INFO - 风险检测完成: 2187 个高风险栅格 (99.18%)
2026-04-18 22:27:22,144 - __main__ - INFO - 方差场降尺度: 50m → 10.0m, 新维度: (105, 105, 25), 方法: linear
2026-04-18 22:27:22,144 - __main__ - INFO - 降尺度后方差场形状: (105, 105, 25)
2026-04-18 22:27:22,146 - __main__ - INFO - 方差场已保存为NumPy文件: results/3dvar_demo\variance_field_optimized.npy
2026-04-18 22:27:22,146 - __main__ - INFO - 性能统计: {'assimilation_time': 0.121751, 'cg_iterations': 500, 'memory_usage_mb': 0.0, 'grid_points': 2205, 'grid_shape': (21, 21, 5)}
2026-04-18 22:27:22,146 - __main__ - INFO - 
============================================================
2026-04-18 22:27:22,146 - __main__ - INFO - EnKF同化演示
2026-04-18 22:27:22,146 - __main__ - INFO - ============================================================
2026-04-18 22:27:22,147 - __main__ - INFO - 初始化网格: 21×21×5, 分辨率: 50m, 总网格点: 2,205
2026-04-18 22:27:22,147 - __main__ - INFO - 构建优化的背景误差协方差...
2026-04-18 22:27:22,147 - __main__ - INFO - 使用稀疏背景协方差，相关长度: 100.0m
2026-04-18 22:27:22,149 - __main__ - INFO - 构建观测算子: 10个观测点，稀疏度: 0.3628%
2026-04-18 22:27:22,149 - __main__ - INFO - 计算局部化权重...
2026-04-18 22:27:22,214 - __main__ - INFO - 局部化EnKF完成，集合大小: 20, 局部化半径: 150.0m, 耗时: 0.07秒, 平均方差: 0.236
2026-04-18 22:27:22,216 - __main__ - INFO - EnKF分析场范围: [2.82, 7.17] m/s
2026-04-18 22:27:22,216 - __main__ - INFO - EnKF方差场范围: [0.0466, 0.6129]
2026-04-18 22:27:22,218 - __main__ - INFO - 方差场已保存为NumPy文件: results/enkf_demo\variance_field_enkf.npy
2026-04-18 22:27:22,218 - __main__ - INFO - 
============================================================
2026-04-18 22:27:22,218 - __main__ - INFO - 演示完成！
2026-04-18 22:27:22,219 - __main__ - INFO - 结果摘要已保存: results/demo_summary.json
2026-04-18 22:28:22,145 - __main__ - INFO - 贝叶斯同化系统 - 高级用法演示
2026-04-18 22:28:22,145 - __main__ - INFO - ============================================================
2026-04-18 22:28:22,145 - __main__ - INFO - ============================================================
2026-04-18 22:28:22,145 - __main__ - INFO - 3DVAR同化演示
2026-04-18 22:28:22,145 - __main__ - INFO - ============================================================
2026-04-18 22:28:22,146 - __main__ - INFO - 初始化网格: 21×21×5, 分辨率: 50m, 总网格点: 2,205
2026-04-18 22:28:22,146 - __main__ - INFO - 构建优化的背景误差协方差...
2026-04-18 22:28:22,146 - __main__ - INFO - 使用稀疏背景协方差，相关长度: 100.0m
2026-04-18 22:28:22,146 - __main__ - INFO - 网格形状: (21, 21, 5)
2026-04-18 22:28:22,147 - __main__ - INFO - 背景场范围: [3.10, 6.90] m/s
2026-04-18 22:28:22,147 - __main__ - INFO - 生成 10 个观测点
2026-04-18 22:28:22,147 - __main__ - INFO - 观测值范围: [2.82, 6.54] m/s
2026-04-18 22:28:22,148 - __main__ - INFO - 构建观测算子: 10个观测点，稀疏度: 0.3628%
2026-04-18 22:28:22,148 - __main__ - INFO - 开始共轭梯度求解...
2026-04-18 22:28:22,282 - __main__ - INFO - 3DVAR同化完成，观测数: 10, CG迭代: 500, 耗时: 0.13秒, 平均方差: 2.243
2026-04-18 22:28:22,282 - __main__ - INFO - 分析场范围: [3.03, 6.90] m/s
2026-04-18 22:28:22,282 - __main__ - INFO - 方差场范围: [0.7525, 2.2500]
2026-04-18 22:28:22,283 - __main__ - INFO - 风险检测结果: 2187 个高风险栅格 (99.18%), 平均方差: 2.249, 最大方差: 2.250
2026-04-18 22:28:22,283 - __main__ - INFO - [提示] 检测到较高比例的高风险区域 (99.2%)，这是演示数据的特性，实际应用中请根据业务需求调整阈值
2026-04-18 22:28:22,339 - __main__ - INFO - 方差场降尺度: 50m → 10.0m, 新维度: (105, 105, 25), 方法: linear
2026-04-18 22:28:22,340 - __main__ - INFO - 降尺度后方差场形状: (105, 105, 25)
2026-04-18 22:28:22,341 - __main__ - INFO - 方差场已保存为NumPy文件: results/3dvar_demo\variance_field_optimized.npy
2026-04-18 22:28:22,341 - __main__ - INFO - 性能统计: {'assimilation_time': 0.134276, 'cg_iterations': 500, 'memory_usage_mb': 0.0, 'grid_points': 2205, 'grid_shape': (21, 21, 5)}
2026-04-18 22:28:22,341 - __main__ - INFO - 
============================================================
2026-04-18 22:28:22,341 - __main__ - INFO - EnKF同化演示
2026-04-18 22:28:22,342 - __main__ - INFO - ============================================================
2026-04-18 22:28:22,342 - __main__ - INFO - 初始化网格: 21×21×5, 分辨率: 50m, 总网格点: 2,205
2026-04-18 22:28:22,342 - __main__ - INFO - 构建优化的背景误差协方差...
2026-04-18 22:28:22,342 - __main__ - INFO - 使用稀疏背景协方差，相关长度: 100.0m
2026-04-18 22:28:22,344 - __main__ - INFO - 构建观测算子: 10个观测点，稀疏度: 0.3628%
2026-04-18 22:28:22,344 - __main__ - INFO - 计算局部化权重...
2026-04-18 22:28:22,432 - __main__ - INFO - 局部化EnKF完成，集合大小: 20, 局部化半径: 150.0m, 耗时: 0.09秒, 平均方差: 0.236
2026-04-18 22:28:22,439 - __main__ - INFO - EnKF分析场范围: [2.82, 7.17] m/s
2026-04-18 22:28:22,439 - __main__ - INFO - EnKF方差场范围: [0.0466, 0.6129]
2026-04-18 22:28:22,440 - __main__ - INFO - 方差场已保存为NumPy文件: results/enkf_demo\variance_field_enkf.npy
2026-04-18 22:28:22,441 - __main__ - INFO - 
============================================================
2026-04-18 22:28:22,441 - __main__ - INFO - 演示完成！
2026-04-18 22:28:22,442 - __main__ - INFO - 结果摘要已保存: results/demo_summary.json
2026-04-18 22:28:49,055 - __main__ - INFO - 贝叶斯同化系统 - 高级用法演示
2026-04-18 22:28:49,056 - __main__ - INFO - ============================================================
2026-04-18 22:28:49,056 - __main__ - INFO - ============================================================
2026-04-18 22:28:49,056 - __main__ - INFO - 3DVAR同化演示
2026-04-18 22:28:49,056 - __main__ - INFO - ============================================================
2026-04-18 22:28:49,056 - __main__ - INFO - 初始化网格: 21×21×5, 分辨率: 50m, 总网格点: 2,205
2026-04-18 22:28:49,056 - __main__ - INFO - 构建优化的背景误差协方差...
2026-04-18 22:28:49,057 - __main__ - INFO - 使用稀疏背景协方差，相关长度: 100.0m
2026-04-18 22:28:49,057 - __main__ - INFO - 网格形状: (21, 21, 5)
2026-04-18 22:28:49,057 - __main__ - INFO - 背景场范围: [3.10, 6.90] m/s
2026-04-18 22:28:49,057 - __main__ - INFO - 生成 10 个观测点
2026-04-18 22:28:49,057 - __main__ - INFO - 观测值范围: [2.82, 6.54] m/s
2026-04-18 22:28:49,058 - __main__ - INFO - 构建观测算子: 10个观测点，稀疏度: 0.3628%
2026-04-18 22:28:49,059 - __main__ - INFO - 开始共轭梯度求解...
2026-04-18 22:28:49,193 - __main__ - INFO - 3DVAR同化完成，观测数: 10, CG迭代: 500, 耗时: 0.14秒, 平均方差: 2.243
2026-04-18 22:28:49,193 - __main__ - INFO - 分析场范围: [3.03, 6.90] m/s
2026-04-18 22:28:49,193 - __main__ - INFO - 方差场范围: [0.7525, 2.2500]
2026-04-18 22:28:49,194 - __main__ - INFO - 风险检测结果: 2187 个高风险栅格 (99.18%), 平均方差: 2.249, 最大方差: 2.250
2026-04-18 22:28:49,194 - __main__ - INFO - [提示] 检测到较高比例的高风险区域 (99.2%)，这是演示数据的特性，实际应用中请根据业务需求调整阈值
2026-04-18 22:28:49,252 - __main__ - INFO - 方差场降尺度: 50m → 10.0m, 新维度: (105, 105, 25), 方法: linear
2026-04-18 22:28:49,253 - __main__ - INFO - 降尺度后方差场形状: (105, 105, 25)
2026-04-18 22:28:49,254 - __main__ - INFO - 方差场已保存为NumPy文件: results/3dvar_demo\variance_field_optimized.npy
2026-04-18 22:28:49,255 - __main__ - INFO - 性能统计: {'assimilation_time': 0.135479, 'cg_iterations': 500, 'memory_usage_mb': 0.0, 'grid_points': 2205, 'grid_shape': (21, 21, 5)}
2026-04-18 22:28:49,255 - __main__ - INFO - 
============================================================
2026-04-18 22:28:49,255 - __main__ - INFO - EnKF同化演示
2026-04-18 22:28:49,255 - __main__ - INFO - ============================================================
2026-04-18 22:28:49,256 - __main__ - INFO - 初始化网格: 21×21×5, 分辨率: 50m, 总网格点: 2,205
2026-04-18 22:28:49,256 - __main__ - INFO - 构建优化的背景误差协方差...
2026-04-18 22:28:49,256 - __main__ - INFO - 使用稀疏背景协方差，相关长度: 100.0m
2026-04-18 22:28:49,259 - __main__ - INFO - 构建观测算子: 10个观测点，稀疏度: 0.3628%
2026-04-18 22:28:49,259 - __main__ - INFO - 计算局部化权重...
2026-04-18 22:28:49,370 - __main__ - INFO - 局部化EnKF完成，集合大小: 20, 局部化半径: 150.0m, 耗时: 0.11秒, 平均方差: 0.236
2026-04-18 22:28:49,372 - __main__ - INFO - EnKF分析场范围: [2.82, 7.17] m/s
2026-04-18 22:28:49,373 - __main__ - INFO - EnKF方差场范围: [0.0466, 0.6129]
2026-04-18 22:28:49,374 - __main__ - INFO - 方差场已保存为NumPy文件: results/enkf_demo\variance_field_enkf.npy
2026-04-18 22:28:49,374 - __main__ - INFO - 
============================================================
2026-04-18 22:28:49,374 - __main__ - INFO - 演示完成！
2026-04-18 22:28:49,375 - __main__ - INFO - 结果摘要已保存: results/demo_summary.json
2026-04-18 22:30:49,599 - __main__ - INFO - 贝叶斯同化系统 - 高级用法演示
2026-04-18 22:30:49,600 - __main__ - INFO - ============================================================
2026-04-18 22:30:49,600 - __main__ - INFO - ============================================================
2026-04-18 22:30:49,600 - __main__ - INFO - 3DVAR同化演示
2026-04-18 22:30:49,600 - __main__ - INFO - ============================================================
2026-04-18 22:30:49,601 - __main__ - INFO - 初始化网格: 21×21×5, 分辨率: 50m, 总网格点: 2,205
2026-04-18 22:30:49,601 - __main__ - INFO - 构建优化的背景误差协方差...
2026-04-18 22:30:49,601 - __main__ - INFO - 使用稀疏背景协方差，相关长度: 100.0m
2026-04-18 22:30:49,601 - __main__ - INFO - 网格形状: (21, 21, 5)
2026-04-18 22:30:49,602 - __main__ - INFO - 背景场范围: [3.10, 6.90] m/s
2026-04-18 22:30:49,602 - __main__ - INFO - 生成 10 个观测点
2026-04-18 22:30:49,602 - __main__ - INFO - 观测值范围: [2.82, 6.54] m/s
2026-04-18 22:30:49,603 - __main__ - INFO - 构建观测算子: 10个观测点，稀疏度: 0.3628%
2026-04-18 22:30:49,604 - __main__ - INFO - 开始共轭梯度求解...
2026-04-18 22:30:49,757 - __main__ - INFO - 3DVAR同化完成，观测数: 10, CG迭代: 500, 耗时: 0.15秒, 平均方差: 2.243
2026-04-18 22:30:49,757 - __main__ - INFO - 分析场范围: [3.03, 6.90] m/s
2026-04-18 22:30:49,757 - __main__ - INFO - 方差场范围: [0.7525, 2.2500]
2026-04-18 22:30:49,758 - __main__ - INFO - 风险检测结果: 2187 个高风险栅格 (99.18%), 平均方差: 2.249, 最大方差: 2.250
2026-04-18 22:30:49,758 - __main__ - INFO - 风险检测完成: 2187 个高风险栅格 (99.18%)
2026-04-18 22:30:49,816 - __main__ - INFO - 方差场降尺度: 50m → 10.0m, 新维度: (105, 105, 25), 方法: linear
2026-04-18 22:30:49,819 - __main__ - INFO - 降尺度后方差场形状: (105, 105, 25)
2026-04-18 22:30:49,820 - __main__ - INFO - 方差场已保存为NumPy文件: results/3dvar_demo\variance_field_optimized.npy
2026-04-18 22:30:49,821 - __main__ - INFO - 性能统计: {'assimilation_time': 0.153875, 'cg_iterations': 500, 'memory_usage_mb': 0.0, 'grid_points': 2205, 'grid_shape': (21, 21, 5)}
2026-04-18 22:30:49,821 - __main__ - INFO - 
============================================================
2026-04-18 22:30:49,825 - __main__ - INFO - EnKF同化演示
2026-04-18 22:30:49,826 - __main__ - INFO - ============================================================
2026-04-18 22:30:49,826 - __main__ - INFO - 初始化网格: 21×21×5, 分辨率: 50m, 总网格点: 2,205
2026-04-18 22:30:49,827 - __main__ - INFO - 构建优化的背景误差协方差...
2026-04-18 22:30:49,827 - __main__ - INFO - 使用稀疏背景协方差，相关长度: 100.0m
2026-04-18 22:30:49,829 - __main__ - INFO - 构建观测算子: 10个观测点，稀疏度: 0.3628%
2026-04-18 22:30:49,829 - __main__ - INFO - 计算局部化权重...
2026-04-18 22:30:49,900 - __main__ - INFO - 局部化EnKF完成，集合大小: 20, 局部化半径: 150.0m, 耗时: 0.07秒, 平均方差: 0.236
2026-04-18 22:30:49,902 - __main__ - INFO - EnKF分析场范围: [2.82, 7.17] m/s
2026-04-18 22:30:49,902 - __main__ - INFO - EnKF方差场范围: [0.0466, 0.6129]
2026-04-18 22:30:49,904 - __main__ - INFO - 方差场已保存为NumPy文件: results/enkf_demo\variance_field_enkf.npy
2026-04-18 22:30:49,904 - __main__ - INFO - 
============================================================
2026-04-18 22:30:49,904 - __main__ - INFO - 演示完成！
2026-04-18 22:30:49,905 - __main__ - INFO - 结果摘要已保存: results/demo_summary.json
2026-04-18 22:31:47,042 - __main__ - INFO - 贝叶斯同化系统 - 高级用法演示
2026-04-18 22:31:47,043 - __main__ - INFO - ============================================================
2026-04-18 22:31:47,043 - __main__ - INFO - ============================================================
2026-04-18 22:31:47,043 - __main__ - INFO - 3DVAR同化演示
2026-04-18 22:31:47,043 - __main__ - INFO - ============================================================
2026-04-18 22:31:47,043 - __main__ - INFO - 初始化网格: 21×21×5, 分辨率: 50m, 总网格点: 2,205
2026-04-18 22:31:47,043 - __main__ - INFO - 构建优化的背景误差协方差...
2026-04-18 22:31:47,043 - __main__ - INFO - 使用稀疏背景协方差，相关长度: 100.0m
2026-04-18 22:31:47,043 - __main__ - INFO - 网格形状: (21, 21, 5)
2026-04-18 22:31:47,044 - __main__ - INFO - 背景场范围: [3.10, 6.90] m/s
2026-04-18 22:31:47,044 - __main__ - INFO - 生成 10 个观测点
2026-04-18 22:31:47,044 - __main__ - INFO - 观测值范围: [2.82, 6.54] m/s
2026-04-18 22:31:47,045 - __main__ - INFO - 构建观测算子: 10个观测点，稀疏度: 0.3628%
2026-04-18 22:31:47,045 - __main__ - INFO - 开始共轭梯度求解...
2026-04-18 22:31:47,178 - __main__ - INFO - 3DVAR同化完成，观测数: 10, CG迭代: 500, 耗时: 0.13秒, 平均方差: 2.243
2026-04-18 22:31:47,178 - __main__ - INFO - 分析场范围: [3.03, 6.90] m/s
2026-04-18 22:31:47,178 - __main__ - INFO - 方差场范围: [0.7525, 2.2500]
2026-04-18 22:31:47,179 - __main__ - INFO - 风险检测结果: 2187 个高风险栅格 (99.18%), 平均方差: 2.249, 最大方差: 2.250
2026-04-18 22:31:47,240 - __main__ - INFO - 方差场降尺度: 50m → 10.0m, 新维度: (105, 105, 25), 方法: linear
2026-04-18 22:31:47,241 - __main__ - INFO - 降尺度后方差场形状: (105, 105, 25)
2026-04-18 22:31:47,242 - __main__ - INFO - 方差场已保存为NumPy文件: results/3dvar_demo\variance_field_optimized.npy
2026-04-18 22:31:47,243 - __main__ - INFO - 性能统计: {'assimilation_time': 0.133649, 'cg_iterations': 500, 'memory_usage_mb': 0.0, 'grid_points': 2205, 'grid_shape': (21, 21, 5)}
2026-04-18 22:31:47,243 - __main__ - INFO - 
============================================================
2026-04-18 22:31:47,243 - __main__ - INFO - EnKF同化演示
2026-04-18 22:31:47,243 - __main__ - INFO - ============================================================
2026-04-18 22:31:47,243 - __main__ - INFO - 初始化网格: 21×21×5, 分辨率: 50m, 总网格点: 2,205
2026-04-18 22:31:47,243 - __main__ - INFO - 构建优化的背景误差协方差...
2026-04-18 22:31:47,244 - __main__ - INFO - 使用稀疏背景协方差，相关长度: 100.0m
2026-04-18 22:31:47,245 - __main__ - INFO - 构建观测算子: 10个观测点，稀疏度: 0.3628%
2026-04-18 22:31:47,246 - __main__ - INFO - 计算局部化权重...
2026-04-18 22:31:47,320 - __main__ - INFO - 局部化EnKF完成，集合大小: 20, 局部化半径: 150.0m, 耗时: 0.08秒, 平均方差: 0.236
2026-04-18 22:31:47,322 - __main__ - INFO - EnKF分析场范围: [2.82, 7.17] m/s
2026-04-18 22:31:47,322 - __main__ - INFO - EnKF方差场范围: [0.0466, 0.6129]
2026-04-18 22:31:47,323 - __main__ - INFO - 方差场已保存为NumPy文件: results/enkf_demo\variance_field_enkf.npy
2026-04-18 22:31:47,323 - __main__ - INFO - 
============================================================
2026-04-18 22:31:47,324 - __main__ - INFO - 演示完成！
2026-04-18 22:31:47,324 - __main__ - INFO - 结果摘要已保存: results/demo_summary.json
2026-04-18 22:33:21,933 - __main__ - INFO - 贝叶斯同化系统 - 高级用法演示
2026-04-18 22:33:21,934 - __main__ - INFO - ============================================================
2026-04-18 22:33:21,934 - __main__ - INFO - ============================================================
2026-04-18 22:33:21,934 - __main__ - INFO - 3DVAR同化演示
2026-04-18 22:33:21,934 - __main__ - INFO - ============================================================
2026-04-18 22:33:21,935 - __main__ - INFO - 初始化网格: 21×21×5, 分辨率: 50m, 总网格点: 2,205
2026-04-18 22:33:21,935 - __main__ - INFO - 构建优化的背景误差协方差...
2026-04-18 22:33:21,935 - __main__ - INFO - 使用稀疏背景协方差，相关长度: 100.0m
2026-04-18 22:33:21,935 - __main__ - INFO - 网格形状: (21, 21, 5)
2026-04-18 22:33:21,936 - __main__ - INFO - 背景场范围: [3.10, 6.90] m/s
2026-04-18 22:33:21,936 - __main__ - INFO - 生成 10 个观测点
2026-04-18 22:33:21,936 - __main__ - INFO - 观测值范围: [2.82, 6.54] m/s
2026-04-18 22:33:21,937 - __main__ - INFO - 构建观测算子: 10个观测点，稀疏度: 0.3628%
2026-04-18 22:33:21,938 - __main__ - INFO - 开始共轭梯度求解...
2026-04-18 22:33:22,074 - __main__ - INFO - 3DVAR同化完成，观测数: 10, CG迭代: 500, 耗时: 0.14秒, 平均方差: 2.243
2026-04-18 22:33:22,074 - __main__ - INFO - 分析场范围: [3.03, 6.90] m/s
2026-04-18 22:33:22,074 - __main__ - INFO - 方差场范围: [0.7525, 2.2500]
2026-04-18 22:33:22,075 - __main__ - INFO - 风险检测结果: 2187 个高风险栅格 (99.18%), 平均方差: 2.249, 最大方差: 2.250
2026-04-18 22:33:22,075 - __main__ - ERROR - 3DVAR同化过程中发生错误: name 'n_risk_cells' is not defined
2026-04-18 22:33:22,078 - __main__ - INFO - 
============================================================
2026-04-18 22:33:22,078 - __main__ - INFO - EnKF同化演示
2026-04-18 22:33:22,078 - __main__ - INFO - ============================================================
2026-04-18 22:33:22,078 - __main__ - INFO - 初始化网格: 21×21×5, 分辨率: 50m, 总网格点: 2,205
2026-04-18 22:33:22,078 - __main__ - INFO - 构建优化的背景误差协方差...
2026-04-18 22:33:22,079 - __main__ - INFO - 使用稀疏背景协方差，相关长度: 100.0m
2026-04-18 22:33:22,081 - __main__ - INFO - 构建观测算子: 10个观测点，稀疏度: 0.3628%
2026-04-18 22:33:22,081 - __main__ - INFO - 计算局部化权重...
2026-04-18 22:33:22,159 - __main__ - INFO - 局部化EnKF完成，集合大小: 20, 局部化半径: 150.0m, 耗时: 0.08秒, 平均方差: 0.236
2026-04-18 22:33:22,162 - __main__ - INFO - EnKF分析场范围: [2.82, 7.17] m/s
2026-04-18 22:33:22,162 - __main__ - INFO - EnKF方差场范围: [0.0466, 0.6129]
2026-04-18 22:33:22,163 - __main__ - INFO - 方差场已保存为NumPy文件: results/enkf_demo\variance_field_enkf.npy
2026-04-18 22:33:22,164 - __main__ - INFO - 
============================================================
2026-04-18 22:33:22,164 - __main__ - INFO - 演示完成！
2026-04-18 22:33:22,165 - __main__ - INFO - 结果摘要已保存: results/demo_summary.json
2026-04-18 22:33:46,434 - __main__ - INFO - 贝叶斯同化系统 - 高级用法演示
2026-04-18 22:33:46,434 - __main__ - INFO - ============================================================
2026-04-18 22:33:46,434 - __main__ - INFO - ============================================================
2026-04-18 22:33:46,434 - __main__ - INFO - 3DVAR同化演示
2026-04-18 22:33:46,435 - __main__ - INFO - ============================================================
2026-04-18 22:33:46,435 - __main__ - INFO - 初始化网格: 21×21×5, 分辨率: 50m, 总网格点: 2,205
2026-04-18 22:33:46,435 - __main__ - INFO - 构建优化的背景误差协方差...
2026-04-18 22:33:46,435 - __main__ - INFO - 使用稀疏背景协方差，相关长度: 100.0m
2026-04-18 22:33:46,435 - __main__ - INFO - 网格形状: (21, 21, 5)
2026-04-18 22:33:46,436 - __main__ - INFO - 背景场范围: [3.10, 6.90] m/s
2026-04-18 22:33:46,436 - __main__ - INFO - 生成 10 个观测点
2026-04-18 22:33:46,436 - __main__ - INFO - 观测值范围: [2.82, 6.54] m/s
2026-04-18 22:33:46,437 - __main__ - INFO - 构建观测算子: 10个观测点，稀疏度: 0.3628%
2026-04-18 22:33:46,438 - __main__ - INFO - 开始共轭梯度求解...
2026-04-18 22:33:46,576 - __main__ - INFO - 3DVAR同化完成，观测数: 10, CG迭代: 500, 耗时: 0.14秒, 平均方差: 2.243
2026-04-18 22:33:46,576 - __main__ - INFO - 分析场范围: [3.03, 6.90] m/s
2026-04-18 22:33:46,576 - __main__ - INFO - 方差场范围: [0.7525, 2.2500]
2026-04-18 22:33:46,577 - __main__ - INFO - 风险检测结果: 2187 个高风险栅格 (99.18%), 平均方差: 2.249, 最大方差: 2.250
2026-04-18 22:33:46,577 - __main__ - INFO - [风险检测] 2187 个高风险栅格 (99.2%), 平均方差: 2.249
2026-04-18 22:33:46,577 - __main__ - INFO - [提示] 这是演示数据特性，实际应用中请使用真实历史方差
2026-04-18 22:33:46,654 - __main__ - INFO - 方差场降尺度: 50m → 10.0m, 新维度: (105, 105, 25), 方法: linear
2026-04-18 22:33:46,655 - __main__ - INFO - 降尺度后方差场形状: (105, 105, 25)
2026-04-18 22:33:46,656 - __main__ - INFO - 方差场已保存为NumPy文件: results/3dvar_demo\variance_field_optimized.npy
2026-04-18 22:33:46,656 - __main__ - INFO - 性能统计: {'assimilation_time': 0.139259, 'cg_iterations': 500, 'memory_usage_mb': 0.0, 'grid_points': 2205, 'grid_shape': (21, 21, 5)}
2026-04-18 22:33:46,656 - __main__ - INFO - 
============================================================
2026-04-18 22:33:46,657 - __main__ - INFO - EnKF同化演示
2026-04-18 22:33:46,657 - __main__ - INFO - ============================================================
2026-04-18 22:33:46,657 - __main__ - INFO - 初始化网格: 21×21×5, 分辨率: 50m, 总网格点: 2,205
2026-04-18 22:33:46,657 - __main__ - INFO - 构建优化的背景误差协方差...
2026-04-18 22:33:46,657 - __main__ - INFO - 使用稀疏背景协方差，相关长度: 100.0m
2026-04-18 22:33:46,659 - __main__ - INFO - 构建观测算子: 10个观测点，稀疏度: 0.3628%
2026-04-18 22:33:46,659 - __main__ - INFO - 计算局部化权重...
2026-04-18 22:33:46,739 - __main__ - INFO - 局部化EnKF完成，集合大小: 20, 局部化半径: 150.0m, 耗时: 0.08秒, 平均方差: 0.236
2026-04-18 22:33:46,743 - __main__ - INFO - EnKF分析场范围: [2.82, 7.17] m/s
2026-04-18 22:33:46,743 - __main__ - INFO - EnKF方差场范围: [0.0466, 0.6129]
2026-04-18 22:33:46,744 - __main__ - INFO - 方差场已保存为NumPy文件: results/enkf_demo\variance_field_enkf.npy
2026-04-18 22:33:46,745 - __main__ - INFO - 
============================================================
2026-04-18 22:33:46,745 - __main__ - INFO - 演示完成！
2026-04-18 22:33:46,746 - __main__ - INFO - 结果摘要已保存: results/demo_summary.json
2026-04-18 22:35:05,773 - __main__ - INFO - 贝叶斯同化系统 - 高级用法演示
2026-04-18 22:35:05,774 - __main__ - INFO - ============================================================
2026-04-18 22:35:05,774 - __main__ - INFO - ============================================================
2026-04-18 22:35:05,774 - __main__ - INFO - 3DVAR同化演示
2026-04-18 22:35:05,774 - __main__ - INFO - ============================================================
2026-04-18 22:35:05,774 - __main__ - INFO - 初始化网格: 21×21×5, 分辨率: 50m, 总网格点: 2,205
2026-04-18 22:35:05,775 - __main__ - INFO - 构建优化的背景误差协方差...
2026-04-18 22:35:05,775 - __main__ - INFO - 使用稀疏背景协方差，相关长度: 100.0m
2026-04-18 22:35:05,775 - __main__ - INFO - 网格形状: (21, 21, 5)
2026-04-18 22:35:05,776 - __main__ - INFO - 背景场范围: [3.10, 6.90] m/s
2026-04-18 22:35:05,776 - __main__ - INFO - 生成 10 个观测点
2026-04-18 22:35:05,776 - __main__ - INFO - 观测值范围: [2.82, 6.54] m/s
2026-04-18 22:35:05,777 - __main__ - INFO - 构建观测算子: 10个观测点，稀疏度: 0.3628%
2026-04-18 22:35:05,778 - __main__ - INFO - 开始共轭梯度求解...
2026-04-18 22:35:05,923 - __main__ - INFO - 3DVAR同化完成，观测数: 10, CG迭代: 500, 耗时: 0.15秒, 平均方差: 2.243
2026-04-18 22:35:05,923 - __main__ - INFO - 分析场范围: [3.03, 6.90] m/s
2026-04-18 22:35:05,924 - __main__ - INFO - 方差场范围: [0.7525, 2.2500]
2026-04-18 22:35:05,924 - __main__ - INFO - 风险统计: 2187 个栅格 (99.2%), 平均方差: 2.249
2026-04-18 22:35:06,000 - __main__ - INFO - 方差场降尺度: 50m → 10.0m, 新维度: (105, 105, 25), 方法: linear
2026-04-18 22:35:06,003 - __main__ - INFO - 降尺度后方差场形状: (105, 105, 25)
2026-04-18 22:35:06,005 - __main__ - INFO - 方差场已保存为NumPy文件: results/3dvar_demo\variance_field_optimized.npy
2026-04-18 22:35:06,006 - __main__ - INFO - 性能统计: {'assimilation_time': 0.146619, 'cg_iterations': 500, 'memory_usage_mb': 0.0, 'grid_points': 2205, 'grid_shape': (21, 21, 5)}
2026-04-18 22:35:06,006 - __main__ - INFO - 
============================================================
2026-04-18 22:35:06,006 - __main__ - INFO - EnKF同化演示
2026-04-18 22:35:06,006 - __main__ - INFO - ============================================================
2026-04-18 22:35:06,006 - __main__ - INFO - 初始化网格: 21×21×5, 分辨率: 50m, 总网格点: 2,205
2026-04-18 22:35:06,006 - __main__ - INFO - 构建优化的背景误差协方差...
2026-04-18 22:35:06,007 - __main__ - INFO - 使用稀疏背景协方差，相关长度: 100.0m
2026-04-18 22:35:06,008 - __main__ - INFO - 构建观测算子: 10个观测点，稀疏度: 0.3628%
2026-04-18 22:35:06,009 - __main__ - INFO - 计算局部化权重...
2026-04-18 22:35:06,113 - __main__ - INFO - 局部化EnKF完成，集合大小: 20, 局部化半径: 150.0m, 耗时: 0.10秒, 平均方差: 0.236
2026-04-18 22:35:06,118 - __main__ - INFO - EnKF分析场范围: [2.82, 7.17] m/s
2026-04-18 22:35:06,120 - __main__ - INFO - EnKF方差场范围: [0.0466, 0.6129]
2026-04-18 22:35:06,123 - __main__ - INFO - 方差场已保存为NumPy文件: results/enkf_demo\variance_field_enkf.npy
2026-04-18 22:35:06,123 - __main__ - INFO - 
============================================================
2026-04-18 22:35:06,124 - __main__ - INFO - 演示完成！
2026-04-18 22:35:06,125 - __main__ - INFO - 结果摘要已保存: results/demo_summary.json
2026-04-18 22:35:36,525 - __main__ - INFO - 贝叶斯同化系统 - 高级用法演示
2026-04-18 22:35:36,526 - __main__ - INFO - ============================================================
2026-04-18 22:35:36,526 - __main__ - INFO - ============================================================
2026-04-18 22:35:36,526 - __main__ - INFO - 3DVAR同化演示
2026-04-18 22:35:36,526 - __main__ - INFO - ============================================================
2026-04-18 22:35:36,526 - __main__ - INFO - 初始化网格: 21×21×5, 分辨率: 50m, 总网格点: 2,205
2026-04-18 22:35:36,527 - __main__ - INFO - 构建优化的背景误差协方差...
2026-04-18 22:35:36,527 - __main__ - INFO - 使用稀疏背景协方差，相关长度: 100.0m
2026-04-18 22:35:36,527 - __main__ - INFO - 网格形状: (21, 21, 5)
2026-04-18 22:35:36,527 - __main__ - INFO - 背景场范围: [3.10, 6.90] m/s
2026-04-18 22:35:36,528 - __main__ - INFO - 生成 10 个观测点
2026-04-18 22:35:36,528 - __main__ - INFO - 观测值范围: [2.82, 6.54] m/s
2026-04-18 22:35:36,528 - __main__ - INFO - 构建观测算子: 10个观测点，稀疏度: 0.3628%
2026-04-18 22:35:36,529 - __main__ - INFO - 开始共轭梯度求解...
2026-04-18 22:35:36,666 - __main__ - INFO - 3DVAR同化完成，观测数: 10, CG迭代: 500, 耗时: 0.14秒, 平均方差: 2.243
2026-04-18 22:35:36,666 - __main__ - INFO - 分析场范围: [3.03, 6.90] m/s
2026-04-18 22:35:36,666 - __main__ - INFO - 方差场范围: [0.7525, 2.2500]
2026-04-18 22:35:36,667 - __main__ - INFO - 风险统计: 2187 个栅格 (99.2%), 平均方差: 2.249
2026-04-18 22:35:36,765 - __main__ - INFO - 方差场降尺度: 50m → 10.0m, 新维度: (105, 105, 25), 方法: linear
2026-04-18 22:35:36,766 - __main__ - INFO - 降尺度后方差场形状: (105, 105, 25)
2026-04-18 22:35:36,768 - __main__ - INFO - 方差场已保存为NumPy文件: results/3dvar_demo\variance_field_optimized.npy
2026-04-18 22:35:36,768 - __main__ - INFO - 性能统计: {'assimilation_time': 0.138068, 'cg_iterations': 500, 'memory_usage_mb': 0.0, 'grid_points': 2205, 'grid_shape': (21, 21, 5)}
2026-04-18 22:35:36,768 - __main__ - INFO - 
============================================================
2026-04-18 22:35:36,768 - __main__ - INFO - EnKF同化演示
2026-04-18 22:35:36,768 - __main__ - INFO - ============================================================
2026-04-18 22:35:36,769 - __main__ - INFO - 初始化网格: 21×21×5, 分辨率: 50m, 总网格点: 2,205
2026-04-18 22:35:36,769 - __main__ - INFO - 构建优化的背景误差协方差...
2026-04-18 22:35:36,769 - __main__ - INFO - 使用稀疏背景协方差，相关长度: 100.0m
2026-04-18 22:35:36,772 - __main__ - INFO - 构建观测算子: 10个观测点，稀疏度: 0.3628%
2026-04-18 22:35:36,772 - __main__ - INFO - 计算局部化权重...
2026-04-18 22:35:36,874 - __main__ - INFO - 局部化EnKF完成，集合大小: 20, 局部化半径: 150.0m, 耗时: 0.10秒, 平均方差: 0.236
2026-04-18 22:35:36,878 - __main__ - INFO - EnKF分析场范围: [2.82, 7.17] m/s
2026-04-18 22:35:36,878 - __main__ - INFO - EnKF方差场范围: [0.0466, 0.6129]
2026-04-18 22:35:36,878 - __main__ - INFO - 方差场已保存为NumPy文件: results/enkf_demo\variance_field_enkf.npy
2026-04-18 22:35:36,879 - __main__ - INFO - 
============================================================
2026-04-18 22:35:36,879 - __main__ - INFO - 演示完成！
2026-04-18 22:35:36,879 - __main__ - INFO - 结果摘要已保存: results/demo_summary.json
