2026-04-19 10:22:29,966 - INFO - 智能迭代规划: medium规模
2026-04-19 10:22:29,967 - INFO -    目标点数: 848,421 点
2026-04-19 10:22:29,967 - INFO -    估算单次耗时: 0.40 秒
2026-04-19 10:22:29,967 - INFO -    计划迭代次数: 20 次
2026-04-19 10:22:29,967 - INFO -    预计总耗时: 8.0 秒
2026-04-19 10:22:29,968 - INFO - MemoryWarning 内存安全检查:
2026-04-19 10:22:29,968 - INFO - 内存安全检查:
2026-04-19 10:22:29,968 - INFO -    单次数据内存需求: 0.05 GB
2026-04-19 10:22:29,968 - INFO -    20次迭代总需求: 1.01 GB
2026-04-19 10:22:29,969 - INFO -    系统可用内存: 4.31 GB
2026-04-19 10:22:29,969 - INFO - 创建 medium 规模合成数据...
2026-04-19 10:22:29,969 - INFO - 创建数据: 201×201×21 = 848,421 点
2026-04-19 10:22:29,969 - INFO - 观测数: 200
2026-04-19 10:22:36,887 - INFO - 初始化网格: 81×81×9, 分辨率: 50.0m
2026-04-19 10:22:37,590 - INFO - 初始化网格: 81×81×9, 分辨率: 50.0m
2026-04-19 10:22:48,629 - INFO - 初始化网格: 81×81×9, 分辨率: 50.0m
2026-04-19 10:22:48,669 - INFO - 并行计算耗时: 0.04秒
2026-04-19 10:22:48,703 - INFO - 并行计算耗时: 0.03秒
2026-04-19 10:22:48,738 - INFO - 并行计算耗时: 0.03秒
2026-04-19 10:22:48,773 - INFO - 并行计算耗时: 0.03秒
2026-04-19 10:22:48,927 - INFO - 并行计算耗时: 0.15秒
2026-04-19 10:22:49,023 - INFO - 并行计算耗时: 0.09秒
2026-04-19 10:22:49,064 - INFO - 并行计算耗时: 0.04秒
2026-04-19 10:22:49,097 - INFO - 并行计算耗时: 0.03秒
2026-04-19 10:22:49,137 - INFO - 并行计算耗时: 0.04秒
2026-04-19 10:22:49,176 - INFO - 并行计算耗时: 0.04秒
2026-04-19 10:22:49,208 - INFO - 并行计算耗时: 0.03秒
2026-04-19 10:22:49,248 - INFO - 并行计算耗时: 0.04秒
2026-04-19 10:22:49,294 - INFO - 并行计算耗时: 0.04秒
2026-04-19 10:22:49,497 - INFO - 并行计算耗时: 0.17秒
2026-04-19 10:22:49,533 - INFO - 并行计算耗时: 0.04秒
2026-04-19 10:22:49,678 - INFO - 并行计算耗时: 0.14秒
2026-04-19 10:22:49,740 - INFO - 并行计算耗时: 0.06秒
2026-04-19 10:22:49,783 - INFO - 并行计算耗时: 0.04秒
2026-04-19 10:22:51,101 - INFO - 并行计算耗时: 1.32秒
2026-04-19 10:22:51,179 - INFO - 并行计算耗时: 0.04秒
2026-04-19 10:22:52,358 - INFO - Dask集群已关闭
2026-04-19 10:22:52,358 - INFO - 
============================================================
2026-04-19 10:22:52,359 - INFO - 基准测试完成
2026-04-19 10:22:52,359 - INFO - ============================================================
