2026-04-19 13:05:46,609 - INFO - 智能迭代规划: xlarge规模
2026-04-19 13:05:46,609 - INFO -    目标点数: 51,952,881 点
2026-04-19 13:05:46,609 - INFO -    估算单次耗时: 25.00 秒
2026-04-19 13:05:46,609 - INFO -    计划迭代次数: 1 次
2026-04-19 13:05:46,609 - INFO -    预计总耗时: 25.0 秒
2026-04-19 13:05:46,610 - INFO - MemoryWarning 内存安全检查:
2026-04-19 13:05:46,610 - INFO - 内存安全检查:
2026-04-19 13:05:46,610 - INFO -    单次数据内存需求: 3.10 GB
2026-04-19 13:05:46,610 - INFO -    1次迭代总需求: 3.10 GB
2026-04-19 13:05:46,610 - INFO -    系统可用内存: 7.89 GB
2026-04-19 13:05:46,610 - INFO - 创建 xlarge 规模合成数据...
2026-04-19 13:05:46,610 - INFO - 创建数据: 801×801×81 = 51,969,681 点
2026-04-19 13:05:46,610 - INFO - 观测数: 1000
2026-04-19 13:05:46,611 - WARNING - 大内存警告！将创建 51,969,681 点 (3.1 GB)
2026-04-19 13:05:46,611 - WARNING - 建议使用 --size medium 或更小规模开始测试
2026-04-19 13:05:47,088 - INFO - 创建Dask集群: 10 workers...
2026-04-19 13:05:52,572 - INFO - Dask集群已启动: 10 workers
2026-04-19 13:05:52,573 - INFO - 初始化网格: 801×801×81, 分辨率: 10.0m
2026-04-19 13:05:54,048 - INFO - 初始化网格: 801×801×81, 分辨率: 10.0m
2026-04-19 13:05:54,048 - INFO - 预热分块并行...
2026-04-19 13:05:54,049 - INFO - 开始分块并行同化: 4 个块
2026-04-19 13:05:54,193 - INFO - 已分割成 4 个块
2026-04-19 13:05:59,270 - INFO -   块 0 完成
2026-04-19 13:05:59,474 - INFO -   块 1 完成
2026-04-19 13:05:59,677 - INFO -   块 2 完成
2026-04-19 13:05:59,855 - INFO -   块 3 完成
2026-04-19 13:06:01,171 - INFO - 分块并行同化完成
2026-04-19 13:06:01,376 - INFO - 开始分块并行同化: 4 个块
2026-04-19 13:06:01,479 - INFO - 已分割成 4 个块
2026-04-19 13:06:06,822 - INFO -   块 0 完成
2026-04-19 13:06:07,131 - INFO -   块 1 完成
2026-04-19 13:06:07,366 - INFO -   块 2 完成
2026-04-19 13:06:07,684 - INFO -   块 3 完成
2026-04-19 13:06:09,008 - INFO - 分块并行同化完成
2026-04-19 13:06:11,247 - INFO - 初始化网格: 801×801×81, 分辨率: 10.0m
2026-04-19 13:06:11,248 - INFO - 预热Dask集群...
2026-04-19 13:14:25,551 - INFO - Dask集群已关闭
2026-04-19 13:14:25,551 - INFO - 
============================================================
2026-04-19 13:14:25,551 - INFO - 基准测试完成
2026-04-19 13:14:25,552 - INFO - ============================================================
