2026-04-19 11:10:21,778 - INFO - 智能迭代规划: large规模
2026-04-19 11:10:21,778 - INFO -    目标点数: 6,592,841 点
2026-04-19 11:10:21,778 - INFO -    估算单次耗时: 3.00 秒
2026-04-19 11:10:21,778 - INFO -    计划迭代次数: 3 次
2026-04-19 11:10:21,779 - INFO -    预计总耗时: 9.0 秒
2026-04-19 11:10:21,779 - INFO - MemoryWarning 内存安全检查:
2026-04-19 11:10:21,779 - INFO - 内存安全检查:
2026-04-19 11:10:21,779 - INFO -    单次数据内存需求: 0.39 GB
2026-04-19 11:10:21,780 - INFO -    3次迭代总需求: 1.18 GB
2026-04-19 11:10:21,780 - INFO -    系统可用内存: 8.69 GB
2026-04-19 11:10:21,780 - INFO - 创建 large 规模合成数据...
2026-04-19 11:10:21,781 - INFO - 创建数据: 401×401×41 = 6,592,841 点
2026-04-19 11:10:21,781 - INFO - 观测数: 500
2026-04-19 11:10:22,123 - INFO - 创建Dask集群: 14 workers...
2026-04-19 11:10:31,798 - INFO - Dask集群已启动: 14 workers
2026-04-19 11:10:31,798 - INFO - 初始化网格: 401×401×41, 分辨率: 15.0m
2026-04-19 11:10:32,552 - INFO - 初始化网格: 401×401×41, 分辨率: 15.0m
2026-04-19 11:10:32,552 - INFO - 预热分块并行...
2026-04-19 11:10:32,552 - INFO - 开始分块并行同化: 4 个块
2026-04-19 11:10:32,561 - INFO - 已分割成 4 个块
2026-04-19 11:10:37,160 - INFO -   块 0 完成
2026-04-19 11:10:37,184 - INFO -   块 1 完成
2026-04-19 11:10:37,228 - INFO -   块 2 完成
2026-04-19 11:10:37,378 - INFO -   块 3 完成
2026-04-19 11:10:38,505 - INFO - 分块并行同化完成
2026-04-19 11:10:38,614 - INFO - 开始分块并行同化: 4 个块
2026-04-19 11:10:38,624 - INFO - 已分割成 4 个块
2026-04-19 11:10:43,730 - INFO -   块 0 完成
2026-04-19 11:10:43,833 - INFO -   块 1 完成
2026-04-19 11:10:43,867 - INFO -   块 2 完成
2026-04-19 11:10:43,981 - INFO -   块 3 完成
2026-04-19 11:10:45,005 - INFO - 分块并行同化完成
2026-04-19 11:10:45,010 - INFO - 开始分块并行同化: 4 个块
2026-04-19 11:10:45,022 - INFO - 已分割成 4 个块
2026-04-19 11:10:49,602 - INFO -   块 0 完成
2026-04-19 11:10:49,632 - INFO -   块 1 完成
2026-04-19 11:10:49,702 - INFO -   块 2 完成
2026-04-19 11:10:49,724 - INFO -   块 3 完成
2026-04-19 11:10:50,549 - INFO - 分块并行同化完成
2026-04-19 11:10:50,559 - INFO - 开始分块并行同化: 4 个块
2026-04-19 11:10:50,570 - INFO - 已分割成 4 个块
2026-04-19 11:10:54,978 - INFO -   块 0 完成
2026-04-19 11:10:55,031 - INFO -   块 1 完成
2026-04-19 11:10:55,051 - INFO -   块 2 完成
2026-04-19 11:10:55,071 - INFO -   块 3 完成
2026-04-19 11:10:55,980 - INFO - 分块并行同化完成
2026-04-19 11:10:57,646 - INFO - 中等数据规模 (50.3MB)，使用优化的Dask配置
2026-04-19 11:10:57,647 - INFO - 初始化网格: 401×401×41, 分辨率: 15.0m
2026-04-19 11:10:57,647 - INFO - 预热Dask集群...
2026-04-19 11:13:30,845 - INFO - Dask集群已关闭
2026-04-19 11:13:30,845 - INFO - 
============================================================
2026-04-19 11:13:30,846 - INFO - 基准测试完成
2026-04-19 11:13:30,846 - INFO - ============================================================
