2026-04-19 09:16:45,546 - INFO - ============================================================
2026-04-19 09:16:45,547 - INFO - 公平并行计算基准测试
2026-04-19 09:16:45,547 - INFO - ============================================================
2026-04-19 09:16:45,547 - INFO - 系统信息: 28核CPU, 31.7GB内存
2026-04-19 09:16:45,547 - INFO - 数据规模: small
2026-04-19 09:16:45,547 - INFO - Dask: 启用
2026-04-19 09:16:45,547 - INFO - 迭代次数: 10
2026-04-19 09:16:45,547 - INFO - [日志] 详细日志: d:\Developer\workplace\py\iteam\trae\data-assimilation-platform\algorithm_core\examples\..\logs\fair_parallel_20260419_091645.log
2026-04-19 09:16:45,547 - INFO - ============================================================
2026-04-19 09:16:45,548 - INFO - 公平并行计算基准测试
2026-04-19 09:16:45,548 - INFO - ============================================================
2026-04-19 09:16:45,548 - INFO - 数据规模: 小规模 (2km x 2km x 200m, ~10,000点)
2026-04-19 09:16:45,548 - INFO -    域大小: (2000, 2000, 200)
2026-04-19 09:16:45,548 - INFO -    分辨率: 45.0m
2026-04-19 09:16:45,548 - INFO -    观测数: 20
2026-04-19 09:16:45,548 - INFO -    分块数: 2
2026-04-19 09:16:45,548 - INFO -    迭代次数: 10
2026-04-19 09:16:45,548 - INFO - 创建共享数据...
2026-04-19 09:16:45,549 - INFO - 创建数据: 45×45×5 = 10,125 点
2026-04-19 09:16:45,549 - INFO - 观测数: 20
2026-04-19 09:16:45,549 - INFO -    数据创建耗时: 0.00秒
2026-04-19 09:16:45,549 - INFO - ============================================================
2026-04-19 09:16:45,549 - INFO - 串行计算 ( 10次迭代 )
2026-04-19 09:16:45,550 - INFO - ============================================================
2026-04-19 09:16:45,550 - INFO - 初始化网格: 41×41×5, 分辨率: 50.0m
2026-04-19 09:16:45,552 - INFO - 3DVAR同化完成，观测数: 20
2026-04-19 09:16:45,553 - INFO - 3DVAR同化完成，观测数: 20
2026-04-19 09:16:45,554 - INFO - 3DVAR同化完成，观测数: 20
2026-04-19 09:16:45,555 - INFO - 3DVAR同化完成，观测数: 20
2026-04-19 09:16:45,556 - INFO - 3DVAR同化完成，观测数: 20
2026-04-19 09:16:45,556 - INFO - 3DVAR同化完成，观测数: 20
2026-04-19 09:16:45,557 - INFO - 3DVAR同化完成，观测数: 20
2026-04-19 09:16:45,558 - INFO - 3DVAR同化完成，观测数: 20
2026-04-19 09:16:45,559 - INFO - 3DVAR同化完成，观测数: 20
2026-04-19 09:16:45,561 - INFO - 3DVAR同化完成，观测数: 20
2026-04-19 09:16:45,562 - INFO - 串行计算完成
2026-04-19 09:16:45,562 - INFO -    耗时: 0.01秒
2026-04-19 09:16:45,562 - INFO -    分析场形状: (45, 45, 5)
2026-04-19 09:16:45,562 - INFO -    平均方差: 2.2465
2026-04-19 09:16:45,562 - INFO -    资源使用: CPU 66.7%, 内存 86.7%
2026-04-19 09:16:45,562 - INFO - 
============================================================
2026-04-19 09:16:45,562 - INFO - 分块并行计算 ( 2 blocks, 10次迭代 )
2026-04-19 09:16:45,562 - INFO - ============================================================
2026-04-19 09:16:45,564 - INFO - 初始化网格: 41×41×5, 分辨率: 50.0m
2026-04-19 09:16:45,565 - INFO - 分块并行计算: 2 个块
2026-04-19 09:16:45,569 - INFO - 3DVAR同化完成，观测数: 12
2026-04-19 09:16:45,569 - INFO - 3DVAR同化完成，观测数: 8
2026-04-19 09:16:45,571 - INFO - 分块并行计算完成，耗时: 0.01秒
2026-04-19 09:16:45,571 - INFO - 分块并行计算: 2 个块
2026-04-19 09:16:45,574 - INFO - 3DVAR同化完成，观测数: 8
2026-04-19 09:16:45,574 - INFO - 3DVAR同化完成，观测数: 12
2026-04-19 09:16:45,575 - INFO - 分块并行计算完成，耗时: 0.00秒
2026-04-19 09:16:45,575 - INFO - 分块并行计算: 2 个块
2026-04-19 09:16:45,577 - INFO - 3DVAR同化完成，观测数: 12
2026-04-19 09:16:45,578 - INFO - 3DVAR同化完成，观测数: 8
2026-04-19 09:16:45,578 - INFO - 分块并行计算完成，耗时: 0.00秒
2026-04-19 09:16:45,578 - INFO - 分块并行计算: 2 个块
2026-04-19 09:16:45,580 - INFO - 3DVAR同化完成，观测数: 8
2026-04-19 09:16:45,581 - INFO - 3DVAR同化完成，观测数: 12
2026-04-19 09:16:45,582 - INFO - 分块并行计算完成，耗时: 0.00秒
2026-04-19 09:16:45,582 - INFO - 分块并行计算: 2 个块
2026-04-19 09:16:45,583 - INFO - 3DVAR同化完成，观测数: 12
2026-04-19 09:16:45,584 - INFO - 3DVAR同化完成，观测数: 8
2026-04-19 09:16:45,585 - INFO - 分块并行计算完成，耗时: 0.00秒
2026-04-19 09:16:45,585 - INFO - 分块并行计算: 2 个块
2026-04-19 09:16:45,586 - INFO - 3DVAR同化完成，观测数: 12
2026-04-19 09:16:45,587 - INFO - 3DVAR同化完成，观测数: 8
2026-04-19 09:16:45,587 - INFO - 分块并行计算完成，耗时: 0.00秒
2026-04-19 09:16:45,587 - INFO - 分块并行计算: 2 个块
2026-04-19 09:16:45,590 - INFO - 3DVAR同化完成，观测数: 12
2026-04-19 09:16:45,590 - INFO - 3DVAR同化完成，观测数: 8
2026-04-19 09:16:45,590 - INFO - 分块并行计算完成，耗时: 0.00秒
2026-04-19 09:16:45,591 - INFO - 分块并行计算: 2 个块
2026-04-19 09:16:45,593 - INFO - 3DVAR同化完成，观测数: 12
2026-04-19 09:16:45,594 - INFO - 3DVAR同化完成，观测数: 8
2026-04-19 09:16:45,594 - INFO - 分块并行计算完成，耗时: 0.00秒
2026-04-19 09:16:45,594 - INFO - 分块并行计算: 2 个块
2026-04-19 09:16:45,597 - INFO - 3DVAR同化完成，观测数: 12
2026-04-19 09:16:45,597 - INFO - 3DVAR同化完成，观测数: 8
2026-04-19 09:16:45,598 - INFO - 分块并行计算完成，耗时: 0.00秒
2026-04-19 09:16:45,598 - INFO - 分块并行计算: 2 个块
2026-04-19 09:16:45,599 - INFO - 3DVAR同化完成，观测数: 12
2026-04-19 09:16:45,600 - INFO - 3DVAR同化完成，观测数: 8
2026-04-19 09:16:45,601 - INFO - 分块并行计算完成，耗时: 0.00秒
2026-04-19 09:16:45,602 - INFO - 分块并行计算完成
2026-04-19 09:16:45,602 - INFO -    耗时: 0.04秒
2026-04-19 09:16:45,602 - INFO -    分析场形状: (45, 45, 5)
2026-04-19 09:16:45,602 - INFO -    平均方差: 2.2465
2026-04-19 09:16:45,602 - INFO -    资源使用: CPU 27.1%, 内存 86.7%
2026-04-19 09:16:45,602 - INFO - ============================================================
2026-04-19 09:16:45,602 - INFO - Dask并行计算 ( 10次迭代 )
2026-04-19 09:16:45,602 - INFO - ============================================================
2026-04-19 09:16:46,712 - INFO - Dask版本: 2026.3.0
2026-04-19 09:16:46,712 - INFO - 初始化网格: 41×41×5, 分辨率: 50.0m
2026-04-19 09:16:46,730 - INFO - To route to workers diagnostics web server please install jupyter-server-proxy: python -m pip install jupyter-server-proxy
2026-04-19 09:16:52,883 - INFO - Starting established connection to tcp://127.0.0.1:11657
2026-04-19 09:16:52,884 - INFO - Starting established connection to tcp://127.0.0.1:11659
2026-04-19 09:16:52,894 - INFO - Starting established connection to tcp://127.0.0.1:11662
2026-04-19 09:16:52,905 - INFO - Starting established connection to tcp://127.0.0.1:11665
2026-04-19 09:16:52,929 - INFO - Starting established connection to tcp://127.0.0.1:11666
2026-04-19 09:16:52,930 - INFO - Dask集群已启动
2026-04-19 09:16:52,933 - INFO - 3DVAR同化完成，观测数: 20
2026-04-19 09:16:52,933 - INFO - 并行计算耗时: 0.00秒
2026-04-19 09:16:52,934 - INFO - 3DVAR同化完成，观测数: 20
2026-04-19 09:16:52,934 - INFO - 并行计算耗时: 0.00秒
2026-04-19 09:16:52,935 - INFO - 3DVAR同化完成，观测数: 20
2026-04-19 09:16:52,935 - INFO - 并行计算耗时: 0.00秒
2026-04-19 09:16:52,936 - INFO - 3DVAR同化完成，观测数: 20
2026-04-19 09:16:52,936 - INFO - 并行计算耗时: 0.00秒
2026-04-19 09:16:52,937 - INFO - 3DVAR同化完成，观测数: 20
2026-04-19 09:16:52,937 - INFO - 并行计算耗时: 0.00秒
2026-04-19 09:16:52,938 - INFO - 3DVAR同化完成，观测数: 20
2026-04-19 09:16:52,938 - INFO - 并行计算耗时: 0.00秒
2026-04-19 09:16:52,939 - INFO - 3DVAR同化完成，观测数: 20
2026-04-19 09:16:52,939 - INFO - 并行计算耗时: 0.00秒
2026-04-19 09:16:52,940 - INFO - 3DVAR同化完成，观测数: 20
2026-04-19 09:16:52,940 - INFO - 并行计算耗时: 0.00秒
2026-04-19 09:16:52,941 - INFO - 3DVAR同化完成，观测数: 20
2026-04-19 09:16:52,941 - INFO - 并行计算耗时: 0.00秒
2026-04-19 09:16:52,942 - INFO - 3DVAR同化完成，观测数: 20
2026-04-19 09:16:52,942 - INFO - 并行计算耗时: 0.00秒
2026-04-19 09:16:52,945 - INFO - Received 'close-stream' from tcp://127.0.0.1:11666; closing.
2026-04-19 09:16:52,952 - INFO - Received 'close-stream' from tcp://127.0.0.1:11662; closing.
2026-04-19 09:16:52,954 - INFO - Received 'close-stream' from tcp://127.0.0.1:11659; closing.
2026-04-19 09:16:52,954 - INFO - Received 'close-stream' from tcp://127.0.0.1:11665; closing.
2026-04-19 09:16:52,958 - INFO - Received 'close-stream' from tcp://127.0.0.1:11657; closing.
2026-04-19 09:16:54,700 - INFO - Dask并行计算完成
2026-04-19 09:16:54,701 - INFO -    耗时: 0.01秒
2026-04-19 09:16:54,701 - INFO -    分析场形状: (45, 45, 5)
2026-04-19 09:16:54,701 - INFO -    平均方差: 2.2465
2026-04-19 09:16:54,701 - INFO -    资源使用: CPU 20.0%, 内存 87.8%
2026-04-19 09:16:54,701 - INFO - 
============================================================
2026-04-19 09:16:54,701 - INFO - 性能对比 (使用相同数据规模)
2026-04-19 09:16:54,702 - INFO - ============================================================
2026-04-19 09:16:54,702 - INFO - 
串行计算:
2026-04-19 09:16:54,702 - INFO -    耗时: 0.01秒
2026-04-19 09:16:54,702 - INFO -    基准时间
2026-04-19 09:16:54,702 - INFO - 
分块并行计算:
2026-04-19 09:16:54,702 - INFO -    耗时: 0.04秒
2026-04-19 09:16:54,702 - INFO -    加速比: 0.31x
2026-04-19 09:16:54,702 - INFO -    并行效率: 15.3%
2026-04-19 09:16:54,702 - INFO -    (使用 2 个块)
2026-04-19 09:16:54,702 - INFO -    注：效率超过100%可能是因为缓存命中率提升
2026-04-19 09:16:54,703 - INFO -    并行未达到加速效果
2026-04-19 09:16:54,703 - INFO - 
Dask并行计算:
2026-04-19 09:16:54,703 - INFO -    耗时: 0.01秒
2026-04-19 09:16:54,703 - INFO -    加速比: 0.94x
2026-04-19 09:16:54,703 - INFO -    并行未达到加速效果
2026-04-19 09:16:54,703 - INFO - 
成功测试数: 3/3
2026-04-19 09:16:54,703 - INFO - 
============================================================
2026-04-19 09:16:54,703 - INFO - 分析说明
2026-04-19 09:16:54,704 - INFO - ============================================================
2026-04-19 09:16:54,704 - INFO - 1. 串行和并行使用完全相同的数据规模，确保公平对比
2026-04-19 09:16:54,704 - INFO - 2. 并行计算的优势在于多核并行处理
2026-04-19 09:16:54,704 - INFO - 3. 并行效率 = 加速比 / 核心数，理想值为100%
2026-04-19 09:16:54,704 - INFO - 4. 如果并行效率低，可能原因:
2026-04-19 09:16:54,704 - INFO -    - 数据规模太小，并行开销大于并行收益
2026-04-19 09:16:54,704 - INFO -    - 同步/通信开销过大
2026-04-19 09:16:54,704 - INFO -    - 内存带宽瓶颈
2026-04-19 09:16:54,704 - INFO - 5. 对于巨规模数据，Dask的内存管理和分布式计算优势更明显
2026-04-19 09:16:54,704 - INFO - 
============================================================
2026-04-19 09:16:54,705 - INFO - 基准测试完成
2026-04-19 09:16:54,705 - INFO - ============================================================
