2026-04-19 10:38:22,211 - INFO - 智能迭代规划: medium规模
2026-04-19 10:38:22,212 - INFO -    目标点数: 848,421 点
2026-04-19 10:38:22,212 - INFO -    估算单次耗时: 0.40 秒
2026-04-19 10:38:22,212 - INFO -    计划迭代次数: 20 次
2026-04-19 10:38:22,212 - INFO -    预计总耗时: 8.0 秒
2026-04-19 10:38:22,212 - INFO - MemoryWarning 内存安全检查:
2026-04-19 10:38:22,213 - INFO - 内存安全检查:
2026-04-19 10:38:22,213 - INFO -    单次数据内存需求: 0.05 GB
2026-04-19 10:38:22,213 - INFO -    20次迭代总需求: 1.01 GB
2026-04-19 10:38:22,213 - INFO -    系统可用内存: 5.26 GB
2026-04-19 10:38:22,213 - INFO - 创建 medium 规模合成数据...
2026-04-19 10:38:22,213 - INFO - 创建数据: 201×201×21 = 848,421 点
2026-04-19 10:38:22,214 - INFO - 观测数: 200
2026-04-19 10:38:22,583 - INFO - 创建Dask集群: 4 workers...
2026-04-19 10:38:28,344 - INFO - Dask集群已启动: 4 workers
2026-04-19 10:38:28,344 - INFO - 初始化网格: 201×201×21, 分辨率: 20.0m
2026-04-19 10:38:29,008 - INFO - 初始化网格: 201×201×21, 分辨率: 20.0m
2026-04-19 10:38:29,008 - INFO - 预热分块并行...
2026-04-19 10:38:29,009 - ERROR - 分块并行计算失败: No module named 'dill'
2026-04-19 10:38:30,341 - INFO - 初始化网格: 201×201×21, 分辨率: 20.0m
2026-04-19 10:38:30,341 - INFO - 预热Dask集群...
2026-04-19 10:38:46,873 - INFO -   Dask迭代 3/20 完成
2026-04-19 10:38:54,270 - INFO -   Dask迭代 6/20 完成
2026-04-19 10:39:03,502 - INFO -   Dask迭代 9/20 完成
2026-04-19 10:39:13,076 - INFO -   Dask迭代 12/20 完成
2026-04-19 10:39:22,257 - INFO -   Dask迭代 15/20 完成
2026-04-19 10:39:30,473 - INFO -   Dask迭代 18/20 完成
2026-04-19 10:39:34,447 - INFO - Dask集群已关闭
2026-04-19 10:39:34,447 - INFO - 
============================================================
2026-04-19 10:39:34,447 - INFO - 基准测试完成
2026-04-19 10:39:34,447 - INFO - ============================================================
