2026-04-19 13:55:02,606 - INFO - 智能迭代规划: medium规模
2026-04-19 13:55:02,606 - INFO -    目标点数: 848,421 点
2026-04-19 13:55:02,606 - INFO -    估算单次耗时: 0.40 秒
2026-04-19 13:55:02,606 - INFO -    计划迭代次数: 7 次
2026-04-19 13:55:02,606 - INFO -    预计总耗时: 2.8 秒
2026-04-19 13:55:02,607 - INFO - MemoryWarning 内存安全检查:
2026-04-19 13:55:02,607 - INFO - 内存安全检查:
2026-04-19 13:55:02,607 - INFO -    单次数据内存需求: 0.05 GB
2026-04-19 13:55:02,608 - INFO -    7次迭代总需求: 0.35 GB
2026-04-19 13:55:02,608 - INFO -    系统可用内存: 4.17 GB
2026-04-19 13:55:02,608 - INFO - 创建 medium 规模合成数据...
2026-04-19 13:55:02,608 - INFO - 创建数据: 201×201×21 = 848,421 点
2026-04-19 13:55:02,608 - INFO - 观测数: 200
2026-04-19 13:55:02,616 - WARNING - [警告] 数据规模较小 (<1M点)，Dask可能无法带来性能提升
2026-04-19 13:55:12,651 - INFO - 初始化网格: 201×201×21, 分辨率: 20.0m
2026-04-19 13:55:12,906 - INFO - 初始化基础assimilator...
2026-04-19 13:55:12,907 - INFO - 初始化网格: 201×201×21, 分辨率: 20.0m
2026-04-19 13:55:12,907 - INFO - 基础assimilator初始化完成
2026-04-19 13:55:12,908 - DEBUG - 开始分块并行同化: 4 个块
2026-04-19 13:55:12,909 - DEBUG - 已分割成 4 个块
2026-04-19 13:55:12,965 - DEBUG - 分块并行同化完成
2026-04-19 13:55:12,967 - DEBUG - 开始分块并行同化: 4 个块
2026-04-19 13:55:12,969 - DEBUG - 已分割成 4 个块
2026-04-19 13:55:13,026 - DEBUG - 分块并行同化完成
2026-04-19 13:55:13,029 - DEBUG - 开始分块并行同化: 4 个块
2026-04-19 13:55:13,031 - DEBUG - 已分割成 4 个块
2026-04-19 13:55:13,094 - DEBUG - 分块并行同化完成
2026-04-19 13:55:13,096 - DEBUG - 开始分块并行同化: 4 个块
2026-04-19 13:55:13,098 - DEBUG - 已分割成 4 个块
2026-04-19 13:55:13,154 - DEBUG - 分块并行同化完成
2026-04-19 13:55:13,158 - DEBUG - 开始分块并行同化: 4 个块
2026-04-19 13:55:13,159 - DEBUG - 已分割成 4 个块
2026-04-19 13:55:13,211 - DEBUG - 分块并行同化完成
2026-04-19 13:55:13,214 - DEBUG - 开始分块并行同化: 4 个块
2026-04-19 13:55:13,216 - DEBUG - 已分割成 4 个块
2026-04-19 13:55:13,293 - DEBUG - 分块并行同化完成
2026-04-19 13:55:13,296 - DEBUG - 开始分块并行同化: 4 个块
2026-04-19 13:55:13,299 - DEBUG - 已分割成 4 个块
2026-04-19 13:55:13,377 - DEBUG - 分块并行同化完成
2026-04-19 13:55:13,384 - INFO - 
============================================================
2026-04-19 13:55:13,384 - INFO - 基准测试完成
2026-04-19 13:55:13,384 - INFO - ============================================================
