2026-04-18 23:14:12,301 - INFO - ============================================================
2026-04-18 23:14:12,302 - INFO - 🚀 公平并行计算基准测试
2026-04-18 23:14:12,304 - INFO - ============================================================
2026-04-18 23:14:12,304 - INFO - 系统信息: 28核CPU, 31.7GB内存
2026-04-18 23:14:12,304 - INFO - 数据规模: medium
2026-04-18 23:14:12,304 - INFO - Dask: 启用
2026-04-18 23:14:12,304 - INFO - 迭代次数: 100
2026-04-18 23:14:12,304 - INFO - [日志] 详细日志: d:\Developer\workplace\py\iteam\trae\data-assimilation-platform\algorithm_core\examples\..\logs\fair_parallel_20260418_231412.log
2026-04-18 23:14:12,305 - INFO - ============================================================
2026-04-18 23:14:12,305 - INFO - 公平并行计算基准测试
2026-04-18 23:14:12,305 - INFO - ============================================================
2026-04-18 23:14:12,305 - INFO - 数据规模: 中规模 (2.5km x 2.5km x 250m, ~102,000点)
2026-04-18 23:14:12,305 - INFO -    域大小: (2500, 2500, 250)
2026-04-18 23:14:12,305 - INFO -    分辨率: 25.0m
2026-04-18 23:14:12,305 - INFO -    观测数: 50
2026-04-18 23:14:12,305 - INFO -    分块数: 4
2026-04-18 23:14:12,305 - INFO -    迭代次数: 100
2026-04-18 23:14:12,305 - INFO - 创建共享数据...
2026-04-18 23:14:12,305 - INFO - 创建数据: 101×101×11 = 112,211 点
2026-04-18 23:14:12,305 - INFO - 观测数: 50
2026-04-18 23:14:12,306 - INFO -    数据创建耗时: 0.00秒
2026-04-18 23:14:12,306 - INFO - ============================================================
2026-04-18 23:14:12,306 - INFO - 串行计算 ( 100次迭代 )
2026-04-18 23:14:12,306 - INFO - ============================================================
2026-04-18 23:14:12,306 - INFO - 初始化网格: 51×51×6, 分辨率: 50.0m
2026-04-18 23:14:12,310 - INFO - 3DVAR同化完成，观测数: 50
2026-04-18 23:14:12,313 - INFO - 3DVAR同化完成，观测数: 50
2026-04-18 23:14:12,315 - INFO - 3DVAR同化完成，观测数: 50
2026-04-18 23:14:12,317 - INFO - 3DVAR同化完成，观测数: 50
2026-04-18 23:14:12,320 - INFO - 3DVAR同化完成，观测数: 50
2026-04-18 23:14:12,323 - INFO - 3DVAR同化完成，观测数: 50
2026-04-18 23:14:12,326 - INFO - 3DVAR同化完成，观测数: 50
2026-04-18 23:14:12,328 - INFO - 3DVAR同化完成，观测数: 50
2026-04-18 23:14:12,330 - INFO - 3DVAR同化完成，观测数: 50
2026-04-18 23:14:12,333 - INFO - 3DVAR同化完成，观测数: 50
2026-04-18 23:14:12,336 - INFO - 3DVAR同化完成，观测数: 50
2026-04-18 23:14:12,338 - INFO - 3DVAR同化完成，观测数: 50
2026-04-18 23:14:12,342 - INFO - 3DVAR同化完成，观测数: 50
2026-04-18 23:14:12,344 - INFO - 3DVAR同化完成，观测数: 50
2026-04-18 23:14:12,347 - INFO - 3DVAR同化完成，观测数: 50
2026-04-18 23:14:12,349 - INFO - 3DVAR同化完成，观测数: 50
2026-04-18 23:14:12,352 - INFO - 3DVAR同化完成，观测数: 50
2026-04-18 23:14:12,354 - INFO - 3DVAR同化完成，观测数: 50
2026-04-18 23:14:12,356 - INFO - 3DVAR同化完成，观测数: 50
2026-04-18 23:14:12,359 - INFO - 3DVAR同化完成，观测数: 50
2026-04-18 23:14:12,362 - INFO - 3DVAR同化完成，观测数: 50
2026-04-18 23:14:12,366 - INFO - 3DVAR同化完成，观测数: 50
2026-04-18 23:14:12,368 - INFO - 3DVAR同化完成，观测数: 50
2026-04-18 23:14:12,370 - INFO - 3DVAR同化完成，观测数: 50
2026-04-18 23:14:12,373 - INFO - 3DVAR同化完成，观测数: 50
2026-04-18 23:14:12,376 - INFO - 3DVAR同化完成，观测数: 50
2026-04-18 23:14:12,378 - INFO - 3DVAR同化完成，观测数: 50
2026-04-18 23:14:12,381 - INFO - 3DVAR同化完成，观测数: 50
2026-04-18 23:14:12,383 - INFO - 3DVAR同化完成，观测数: 50
2026-04-18 23:14:12,386 - INFO - 3DVAR同化完成，观测数: 50
2026-04-18 23:14:12,388 - INFO - 3DVAR同化完成，观测数: 50
2026-04-18 23:14:12,391 - INFO - 3DVAR同化完成，观测数: 50
2026-04-18 23:14:12,394 - INFO - 3DVAR同化完成，观测数: 50
2026-04-18 23:14:12,398 - INFO - 3DVAR同化完成，观测数: 50
2026-04-18 23:14:12,401 - INFO - 3DVAR同化完成，观测数: 50
2026-04-18 23:14:12,403 - INFO - 3DVAR同化完成，观测数: 50
2026-04-18 23:14:12,406 - INFO - 3DVAR同化完成，观测数: 50
2026-04-18 23:14:12,409 - INFO - 3DVAR同化完成，观测数: 50
2026-04-18 23:14:12,413 - INFO - 3DVAR同化完成，观测数: 50
2026-04-18 23:14:12,416 - INFO - 3DVAR同化完成，观测数: 50
2026-04-18 23:14:12,418 - INFO - 3DVAR同化完成，观测数: 50
2026-04-18 23:14:12,421 - INFO - 3DVAR同化完成，观测数: 50
2026-04-18 23:14:12,423 - INFO - 3DVAR同化完成，观测数: 50
2026-04-18 23:14:12,426 - INFO - 3DVAR同化完成，观测数: 50
2026-04-18 23:14:12,429 - INFO - 3DVAR同化完成，观测数: 50
2026-04-18 23:14:12,431 - INFO - 3DVAR同化完成，观测数: 50
2026-04-18 23:14:12,433 - INFO - 3DVAR同化完成，观测数: 50
2026-04-18 23:14:12,436 - INFO - 3DVAR同化完成，观测数: 50
2026-04-18 23:14:12,438 - INFO - 3DVAR同化完成，观测数: 50
2026-04-18 23:14:12,441 - INFO - 3DVAR同化完成，观测数: 50
2026-04-18 23:14:12,443 - INFO - 3DVAR同化完成，观测数: 50
2026-04-18 23:14:12,443 - INFO -    已完成 50/100 次迭代
2026-04-18 23:14:12,447 - INFO - 3DVAR同化完成，观测数: 50
2026-04-18 23:14:12,450 - INFO - 3DVAR同化完成，观测数: 50
2026-04-18 23:14:12,453 - INFO - 3DVAR同化完成，观测数: 50
2026-04-18 23:14:12,456 - INFO - 3DVAR同化完成，观测数: 50
2026-04-18 23:14:12,460 - INFO - 3DVAR同化完成，观测数: 50
2026-04-18 23:14:12,464 - INFO - 3DVAR同化完成，观测数: 50
2026-04-18 23:14:12,467 - INFO - 3DVAR同化完成，观测数: 50
2026-04-18 23:14:12,470 - INFO - 3DVAR同化完成，观测数: 50
2026-04-18 23:14:12,472 - INFO - 3DVAR同化完成，观测数: 50
2026-04-18 23:14:12,474 - INFO - 3DVAR同化完成，观测数: 50
2026-04-18 23:14:12,478 - INFO - 3DVAR同化完成，观测数: 50
2026-04-18 23:14:12,480 - INFO - 3DVAR同化完成，观测数: 50
2026-04-18 23:14:12,483 - INFO - 3DVAR同化完成，观测数: 50
2026-04-18 23:14:12,486 - INFO - 3DVAR同化完成，观测数: 50
2026-04-18 23:14:12,488 - INFO - 3DVAR同化完成，观测数: 50
2026-04-18 23:14:12,490 - INFO - 3DVAR同化完成，观测数: 50
2026-04-18 23:14:12,493 - INFO - 3DVAR同化完成，观测数: 50
2026-04-18 23:14:12,496 - INFO - 3DVAR同化完成，观测数: 50
2026-04-18 23:14:12,501 - INFO - 3DVAR同化完成，观测数: 50
2026-04-18 23:14:12,504 - INFO - 3DVAR同化完成，观测数: 50
2026-04-18 23:14:12,507 - INFO - 3DVAR同化完成，观测数: 50
2026-04-18 23:14:12,511 - INFO - 3DVAR同化完成，观测数: 50
2026-04-18 23:14:12,514 - INFO - 3DVAR同化完成，观测数: 50
2026-04-18 23:14:12,517 - INFO - 3DVAR同化完成，观测数: 50
2026-04-18 23:14:12,520 - INFO - 3DVAR同化完成，观测数: 50
2026-04-18 23:14:12,523 - INFO - 3DVAR同化完成，观测数: 50
2026-04-18 23:14:12,526 - INFO - 3DVAR同化完成，观测数: 50
2026-04-18 23:14:12,530 - INFO - 3DVAR同化完成，观测数: 50
2026-04-18 23:14:12,532 - INFO - 3DVAR同化完成，观测数: 50
2026-04-18 23:14:12,535 - INFO - 3DVAR同化完成，观测数: 50
2026-04-18 23:14:12,537 - INFO - 3DVAR同化完成，观测数: 50
2026-04-18 23:14:12,540 - INFO - 3DVAR同化完成，观测数: 50
2026-04-18 23:14:12,543 - INFO - 3DVAR同化完成，观测数: 50
2026-04-18 23:14:12,546 - INFO - 3DVAR同化完成，观测数: 50
2026-04-18 23:14:12,549 - INFO - 3DVAR同化完成，观测数: 50
2026-04-18 23:14:12,552 - INFO - 3DVAR同化完成，观测数: 50
2026-04-18 23:14:12,555 - INFO - 3DVAR同化完成，观测数: 50
2026-04-18 23:14:12,559 - INFO - 3DVAR同化完成，观测数: 50
2026-04-18 23:14:12,562 - INFO - 3DVAR同化完成，观测数: 50
2026-04-18 23:14:12,565 - INFO - 3DVAR同化完成，观测数: 50
2026-04-18 23:14:12,568 - INFO - 3DVAR同化完成，观测数: 50
2026-04-18 23:14:12,571 - INFO - 3DVAR同化完成，观测数: 50
2026-04-18 23:14:12,574 - INFO - 3DVAR同化完成，观测数: 50
2026-04-18 23:14:12,577 - INFO - 3DVAR同化完成，观测数: 50
2026-04-18 23:14:12,579 - INFO - 3DVAR同化完成，观测数: 50
2026-04-18 23:14:12,582 - INFO - 3DVAR同化完成，观测数: 50
2026-04-18 23:14:12,584 - INFO - 3DVAR同化完成，观测数: 50
2026-04-18 23:14:12,588 - INFO - 3DVAR同化完成，观测数: 50
2026-04-18 23:14:12,590 - INFO - 3DVAR同化完成，观测数: 50
2026-04-18 23:14:12,590 - INFO - 串行计算完成
2026-04-18 23:14:12,591 - INFO -    耗时: 0.28秒
2026-04-18 23:14:12,591 - INFO -    分析场形状: (101, 101, 11)
2026-04-18 23:14:12,591 - INFO -    平均方差: 2.2492
2026-04-18 23:14:12,591 - INFO -    资源使用: CPU 38.4%, 内存 82.5%
2026-04-18 23:14:12,591 - INFO - 
============================================================
2026-04-18 23:14:12,591 - INFO - 分块并行计算 ( 4 blocks, 100次迭代 )
2026-04-18 23:14:12,591 - INFO - ============================================================
2026-04-18 23:14:12,596 - INFO - 初始化网格: 51×51×6, 分辨率: 50.0m
2026-04-18 23:14:12,597 - INFO - 分块并行计算: 4 个块
2026-04-18 23:14:12,601 - INFO - 3DVAR同化完成，观测数: 29
2026-04-18 23:14:12,602 - INFO - 3DVAR同化完成，观测数: 21
2026-04-18 23:14:12,603 - INFO - 分块并行计算完成，耗时: 0.01秒
2026-04-18 23:14:12,603 - INFO - 分块并行计算: 4 个块
2026-04-18 23:14:12,606 - INFO - 3DVAR同化完成，观测数: 29
2026-04-18 23:14:12,607 - INFO - 3DVAR同化完成，观测数: 21
2026-04-18 23:14:12,608 - INFO - 分块并行计算完成，耗时: 0.00秒
2026-04-18 23:14:12,608 - INFO - 分块并行计算: 4 个块
2026-04-18 23:14:12,611 - INFO - 3DVAR同化完成，观测数: 29
2026-04-18 23:14:12,611 - INFO - 3DVAR同化完成，观测数: 21
2026-04-18 23:14:12,612 - INFO - 分块并行计算完成，耗时: 0.00秒
2026-04-18 23:14:12,612 - INFO - 分块并行计算: 4 个块
2026-04-18 23:14:12,615 - INFO - 3DVAR同化完成，观测数: 29
2026-04-18 23:14:12,615 - INFO - 3DVAR同化完成，观测数: 21
2026-04-18 23:14:12,616 - INFO - 分块并行计算完成，耗时: 0.00秒
2026-04-18 23:14:12,616 - INFO - 分块并行计算: 4 个块
2026-04-18 23:14:12,619 - INFO - 3DVAR同化完成，观测数: 29
2026-04-18 23:14:12,620 - INFO - 3DVAR同化完成，观测数: 21
2026-04-18 23:14:12,621 - INFO - 分块并行计算完成，耗时: 0.01秒
2026-04-18 23:14:12,622 - INFO - 分块并行计算: 4 个块
2026-04-18 23:14:12,625 - INFO - 3DVAR同化完成，观测数: 29
2026-04-18 23:14:12,625 - INFO - 3DVAR同化完成，观测数: 21
2026-04-18 23:14:12,626 - INFO - 分块并行计算完成，耗时: 0.00秒
2026-04-18 23:14:12,626 - INFO - 分块并行计算: 4 个块
2026-04-18 23:14:12,629 - INFO - 3DVAR同化完成，观测数: 29
2026-04-18 23:14:12,629 - INFO - 3DVAR同化完成，观测数: 21
2026-04-18 23:14:12,630 - INFO - 分块并行计算完成，耗时: 0.00秒
2026-04-18 23:14:12,630 - INFO - 分块并行计算: 4 个块
2026-04-18 23:14:12,633 - INFO - 3DVAR同化完成，观测数: 29
2026-04-18 23:14:12,633 - INFO - 3DVAR同化完成，观测数: 21
2026-04-18 23:14:12,634 - INFO - 分块并行计算完成，耗时: 0.00秒
2026-04-18 23:14:12,634 - INFO - 分块并行计算: 4 个块
2026-04-18 23:14:12,636 - INFO - 3DVAR同化完成，观测数: 29
2026-04-18 23:14:12,637 - INFO - 3DVAR同化完成，观测数: 21
2026-04-18 23:14:12,638 - INFO - 分块并行计算完成，耗时: 0.00秒
2026-04-18 23:14:12,638 - INFO - 分块并行计算: 4 个块
2026-04-18 23:14:12,640 - INFO - 3DVAR同化完成，观测数: 29
2026-04-18 23:14:12,641 - INFO - 3DVAR同化完成，观测数: 21
2026-04-18 23:14:12,642 - INFO - 分块并行计算完成，耗时: 0.00秒
2026-04-18 23:14:12,642 - INFO - 分块并行计算: 4 个块
2026-04-18 23:14:12,645 - INFO - 3DVAR同化完成，观测数: 29
2026-04-18 23:14:12,646 - INFO - 3DVAR同化完成，观测数: 21
2026-04-18 23:14:12,646 - INFO - 分块并行计算完成，耗时: 0.00秒
2026-04-18 23:14:12,647 - INFO - 分块并行计算: 4 个块
2026-04-18 23:14:12,650 - INFO - 3DVAR同化完成，观测数: 29
2026-04-18 23:14:12,650 - INFO - 3DVAR同化完成，观测数: 21
2026-04-18 23:14:12,652 - INFO - 分块并行计算完成，耗时: 0.01秒
2026-04-18 23:14:12,652 - INFO - 分块并行计算: 4 个块
2026-04-18 23:14:12,655 - INFO - 3DVAR同化完成，观测数: 29
2026-04-18 23:14:12,655 - INFO - 3DVAR同化完成，观测数: 21
2026-04-18 23:14:12,656 - INFO - 分块并行计算完成，耗时: 0.00秒
2026-04-18 23:14:12,656 - INFO - 分块并行计算: 4 个块
2026-04-18 23:14:12,659 - INFO - 3DVAR同化完成，观测数: 29
2026-04-18 23:14:12,660 - INFO - 3DVAR同化完成，观测数: 21
2026-04-18 23:14:12,660 - INFO - 分块并行计算完成，耗时: 0.00秒
2026-04-18 23:14:12,661 - INFO - 分块并行计算: 4 个块
2026-04-18 23:14:12,664 - INFO - 3DVAR同化完成，观测数: 29
2026-04-18 23:14:12,664 - INFO - 3DVAR同化完成，观测数: 21
2026-04-18 23:14:12,665 - INFO - 分块并行计算完成，耗时: 0.00秒
2026-04-18 23:14:12,665 - INFO - 分块并行计算: 4 个块
2026-04-18 23:14:12,668 - INFO - 3DVAR同化完成，观测数: 29
2026-04-18 23:14:12,669 - INFO - 3DVAR同化完成，观测数: 21
2026-04-18 23:14:12,669 - INFO - 分块并行计算完成，耗时: 0.00秒
2026-04-18 23:14:12,670 - INFO - 分块并行计算: 4 个块
2026-04-18 23:14:12,672 - INFO - 3DVAR同化完成，观测数: 29
2026-04-18 23:14:12,672 - INFO - 3DVAR同化完成，观测数: 21
2026-04-18 23:14:12,673 - INFO - 分块并行计算完成，耗时: 0.00秒
2026-04-18 23:14:12,673 - INFO - 分块并行计算: 4 个块
2026-04-18 23:14:12,676 - INFO - 3DVAR同化完成，观测数: 29
2026-04-18 23:14:12,676 - INFO - 3DVAR同化完成，观测数: 21
2026-04-18 23:14:12,677 - INFO - 分块并行计算完成，耗时: 0.00秒
2026-04-18 23:14:12,677 - INFO - 分块并行计算: 4 个块
2026-04-18 23:14:12,681 - INFO - 3DVAR同化完成，观测数: 29
2026-04-18 23:14:12,681 - INFO - 3DVAR同化完成，观测数: 21
2026-04-18 23:14:12,682 - INFO - 分块并行计算完成，耗时: 0.00秒
2026-04-18 23:14:12,682 - INFO - 分块并行计算: 4 个块
2026-04-18 23:14:12,685 - INFO - 3DVAR同化完成，观测数: 29
2026-04-18 23:14:12,685 - INFO - 3DVAR同化完成，观测数: 21
2026-04-18 23:14:12,686 - INFO - 分块并行计算完成，耗时: 0.00秒
2026-04-18 23:14:12,686 - INFO - 分块并行计算: 4 个块
2026-04-18 23:14:12,689 - INFO - 3DVAR同化完成，观测数: 29
2026-04-18 23:14:12,689 - INFO - 3DVAR同化完成，观测数: 21
2026-04-18 23:14:12,690 - INFO - 分块并行计算完成，耗时: 0.00秒
2026-04-18 23:14:12,690 - INFO - 分块并行计算: 4 个块
2026-04-18 23:14:12,694 - INFO - 3DVAR同化完成，观测数: 29
2026-04-18 23:14:12,694 - INFO - 3DVAR同化完成，观测数: 21
2026-04-18 23:14:12,696 - INFO - 分块并行计算完成，耗时: 0.01秒
2026-04-18 23:14:12,696 - INFO - 分块并行计算: 4 个块
2026-04-18 23:14:12,699 - INFO - 3DVAR同化完成，观测数: 21
2026-04-18 23:14:12,699 - INFO - 3DVAR同化完成，观测数: 29
2026-04-18 23:14:12,700 - INFO - 分块并行计算完成，耗时: 0.00秒
2026-04-18 23:14:12,700 - INFO - 分块并行计算: 4 个块
2026-04-18 23:14:12,703 - INFO - 3DVAR同化完成，观测数: 29
2026-04-18 23:14:12,704 - INFO - 3DVAR同化完成，观测数: 21
2026-04-18 23:14:12,705 - INFO - 分块并行计算完成，耗时: 0.00秒
2026-04-18 23:14:12,705 - INFO - 分块并行计算: 4 个块
2026-04-18 23:14:12,708 - INFO - 3DVAR同化完成，观测数: 29
2026-04-18 23:14:12,708 - INFO - 3DVAR同化完成，观测数: 21
2026-04-18 23:14:12,710 - INFO - 分块并行计算完成，耗时: 0.00秒
2026-04-18 23:14:12,710 - INFO - 分块并行计算: 4 个块
2026-04-18 23:14:12,713 - INFO - 3DVAR同化完成，观测数: 29
2026-04-18 23:14:12,713 - INFO - 3DVAR同化完成，观测数: 21
2026-04-18 23:14:12,714 - INFO - 分块并行计算完成，耗时: 0.00秒
2026-04-18 23:14:12,715 - INFO - 分块并行计算: 4 个块
2026-04-18 23:14:12,718 - INFO - 3DVAR同化完成，观测数: 29
2026-04-18 23:14:12,718 - INFO - 3DVAR同化完成，观测数: 21
2026-04-18 23:14:12,719 - INFO - 分块并行计算完成，耗时: 0.00秒
2026-04-18 23:14:12,719 - INFO - 分块并行计算: 4 个块
2026-04-18 23:14:12,722 - INFO - 3DVAR同化完成，观测数: 21
2026-04-18 23:14:12,722 - INFO - 3DVAR同化完成，观测数: 29
2026-04-18 23:14:12,723 - INFO - 分块并行计算完成，耗时: 0.00秒
2026-04-18 23:14:12,723 - INFO - 分块并行计算: 4 个块
2026-04-18 23:14:12,726 - INFO - 3DVAR同化完成，观测数: 21
2026-04-18 23:14:12,726 - INFO - 3DVAR同化完成，观测数: 29
2026-04-18 23:14:12,728 - INFO - 分块并行计算完成，耗时: 0.00秒
2026-04-18 23:14:12,728 - INFO - 分块并行计算: 4 个块
2026-04-18 23:14:12,730 - INFO - 3DVAR同化完成，观测数: 29
2026-04-18 23:14:12,731 - INFO - 3DVAR同化完成，观测数: 21
2026-04-18 23:14:12,731 - INFO - 分块并行计算完成，耗时: 0.00秒
2026-04-18 23:14:12,732 - INFO - 分块并行计算: 4 个块
2026-04-18 23:14:12,734 - INFO - 3DVAR同化完成，观测数: 29
2026-04-18 23:14:12,734 - INFO - 3DVAR同化完成，观测数: 21
2026-04-18 23:14:12,735 - INFO - 分块并行计算完成，耗时: 0.00秒
2026-04-18 23:14:12,735 - INFO - 分块并行计算: 4 个块
2026-04-18 23:14:12,738 - INFO - 3DVAR同化完成，观测数: 29
2026-04-18 23:14:12,738 - INFO - 3DVAR同化完成，观测数: 21
2026-04-18 23:14:12,739 - INFO - 分块并行计算完成，耗时: 0.00秒
2026-04-18 23:14:12,739 - INFO - 分块并行计算: 4 个块
2026-04-18 23:14:12,744 - INFO - 3DVAR同化完成，观测数: 29
2026-04-18 23:14:12,744 - INFO - 3DVAR同化完成，观测数: 21
2026-04-18 23:14:12,745 - INFO - 分块并行计算完成，耗时: 0.01秒
2026-04-18 23:14:12,745 - INFO - 分块并行计算: 4 个块
2026-04-18 23:14:12,748 - INFO - 3DVAR同化完成，观测数: 29
2026-04-18 23:14:12,748 - INFO - 3DVAR同化完成，观测数: 21
2026-04-18 23:14:12,749 - INFO - 分块并行计算完成，耗时: 0.00秒
2026-04-18 23:14:12,749 - INFO - 分块并行计算: 4 个块
2026-04-18 23:14:12,752 - INFO - 3DVAR同化完成，观测数: 21
2026-04-18 23:14:12,752 - INFO - 3DVAR同化完成，观测数: 29
2026-04-18 23:14:12,753 - INFO - 分块并行计算完成，耗时: 0.00秒
2026-04-18 23:14:12,753 - INFO - 分块并行计算: 4 个块
2026-04-18 23:14:12,757 - INFO - 3DVAR同化完成，观测数: 29
2026-04-18 23:14:12,757 - INFO - 3DVAR同化完成，观测数: 21
2026-04-18 23:14:12,758 - INFO - 分块并行计算完成，耗时: 0.01秒
2026-04-18 23:14:12,759 - INFO - 分块并行计算: 4 个块
2026-04-18 23:14:12,761 - INFO - 3DVAR同化完成，观测数: 29
2026-04-18 23:14:12,762 - INFO - 3DVAR同化完成，观测数: 21
2026-04-18 23:14:12,763 - INFO - 分块并行计算完成，耗时: 0.00秒
2026-04-18 23:14:12,763 - INFO - 分块并行计算: 4 个块
2026-04-18 23:14:12,766 - INFO - 3DVAR同化完成，观测数: 29
2026-04-18 23:14:12,766 - INFO - 3DVAR同化完成，观测数: 21
2026-04-18 23:14:12,767 - INFO - 分块并行计算完成，耗时: 0.00秒
2026-04-18 23:14:12,767 - INFO - 分块并行计算: 4 个块
2026-04-18 23:14:12,769 - INFO - 3DVAR同化完成，观测数: 29
2026-04-18 23:14:12,770 - INFO - 3DVAR同化完成，观测数: 21
2026-04-18 23:14:12,771 - INFO - 分块并行计算完成，耗时: 0.00秒
2026-04-18 23:14:12,771 - INFO - 分块并行计算: 4 个块
2026-04-18 23:14:12,774 - INFO - 3DVAR同化完成，观测数: 29
2026-04-18 23:14:12,774 - INFO - 3DVAR同化完成，观测数: 21
2026-04-18 23:14:12,775 - INFO - 分块并行计算完成，耗时: 0.00秒
2026-04-18 23:14:12,775 - INFO - 分块并行计算: 4 个块
2026-04-18 23:14:12,778 - INFO - 3DVAR同化完成，观测数: 29
2026-04-18 23:14:12,778 - INFO - 3DVAR同化完成，观测数: 21
2026-04-18 23:14:12,779 - INFO - 分块并行计算完成，耗时: 0.00秒
2026-04-18 23:14:12,779 - INFO - 分块并行计算: 4 个块
2026-04-18 23:14:12,782 - INFO - 3DVAR同化完成，观测数: 29
2026-04-18 23:14:12,783 - INFO - 3DVAR同化完成，观测数: 21
2026-04-18 23:14:12,783 - INFO - 分块并行计算完成，耗时: 0.00秒
2026-04-18 23:14:12,784 - INFO - 分块并行计算: 4 个块
2026-04-18 23:14:12,786 - INFO - 3DVAR同化完成，观测数: 29
2026-04-18 23:14:12,786 - INFO - 3DVAR同化完成，观测数: 21
2026-04-18 23:14:12,788 - INFO - 分块并行计算完成，耗时: 0.00秒
2026-04-18 23:14:12,788 - INFO - 分块并行计算: 4 个块
2026-04-18 23:14:12,791 - INFO - 3DVAR同化完成，观测数: 29
2026-04-18 23:14:12,791 - INFO - 3DVAR同化完成，观测数: 21
2026-04-18 23:14:12,792 - INFO - 分块并行计算完成，耗时: 0.00秒
2026-04-18 23:14:12,792 - INFO - 分块并行计算: 4 个块
2026-04-18 23:14:12,795 - INFO - 3DVAR同化完成，观测数: 21
2026-04-18 23:14:12,795 - INFO - 3DVAR同化完成，观测数: 29
2026-04-18 23:14:12,796 - INFO - 分块并行计算完成，耗时: 0.00秒
2026-04-18 23:14:12,796 - INFO - 分块并行计算: 4 个块
2026-04-18 23:14:12,799 - INFO - 3DVAR同化完成，观测数: 29
2026-04-18 23:14:12,799 - INFO - 3DVAR同化完成，观测数: 21
2026-04-18 23:14:12,800 - INFO - 分块并行计算完成，耗时: 0.00秒
2026-04-18 23:14:12,801 - INFO - 分块并行计算: 4 个块
2026-04-18 23:14:12,804 - INFO - 3DVAR同化完成，观测数: 29
2026-04-18 23:14:12,804 - INFO - 3DVAR同化完成，观测数: 21
2026-04-18 23:14:12,805 - INFO - 分块并行计算完成，耗时: 0.00秒
2026-04-18 23:14:12,805 - INFO - 分块并行计算: 4 个块
2026-04-18 23:14:12,809 - INFO - 3DVAR同化完成，观测数: 29
2026-04-18 23:14:12,809 - INFO - 3DVAR同化完成，观测数: 21
2026-04-18 23:14:12,810 - INFO - 分块并行计算完成，耗时: 0.00秒
2026-04-18 23:14:12,810 - INFO - 分块并行计算: 4 个块
2026-04-18 23:14:12,813 - INFO - 3DVAR同化完成，观测数: 29
2026-04-18 23:14:12,813 - INFO - 3DVAR同化完成，观测数: 21
2026-04-18 23:14:12,814 - INFO - 分块并行计算完成，耗时: 0.00秒
2026-04-18 23:14:12,814 - INFO - 分块并行计算: 4 个块
2026-04-18 23:14:12,817 - INFO - 3DVAR同化完成，观测数: 21
2026-04-18 23:14:12,817 - INFO - 3DVAR同化完成，观测数: 29
2026-04-18 23:14:12,818 - INFO - 分块并行计算完成，耗时: 0.00秒
2026-04-18 23:14:12,819 - INFO - 分块并行计算: 4 个块
2026-04-18 23:14:12,821 - INFO - 3DVAR同化完成，观测数: 29
2026-04-18 23:14:12,822 - INFO - 3DVAR同化完成，观测数: 21
2026-04-18 23:14:12,822 - INFO - 分块并行计算完成，耗时: 0.00秒
2026-04-18 23:14:12,823 - INFO -    已完成 50/100 次迭代
2026-04-18 23:14:12,823 - INFO - 分块并行计算: 4 个块
2026-04-18 23:14:12,826 - INFO - 3DVAR同化完成，观测数: 29
2026-04-18 23:14:12,826 - INFO - 3DVAR同化完成，观测数: 21
2026-04-18 23:14:12,828 - INFO - 分块并行计算完成，耗时: 0.01秒
2026-04-18 23:14:12,828 - INFO - 分块并行计算: 4 个块
2026-04-18 23:14:12,830 - INFO - 3DVAR同化完成，观测数: 29
2026-04-18 23:14:12,831 - INFO - 3DVAR同化完成，观测数: 21
2026-04-18 23:14:12,832 - INFO - 分块并行计算完成，耗时: 0.00秒
2026-04-18 23:14:12,832 - INFO - 分块并行计算: 4 个块
2026-04-18 23:14:12,834 - INFO - 3DVAR同化完成，观测数: 29
2026-04-18 23:14:12,835 - INFO - 3DVAR同化完成，观测数: 21
2026-04-18 23:14:12,836 - INFO - 分块并行计算完成，耗时: 0.00秒
2026-04-18 23:14:12,836 - INFO - 分块并行计算: 4 个块
2026-04-18 23:14:12,839 - INFO - 3DVAR同化完成，观测数: 21
2026-04-18 23:14:12,839 - INFO - 3DVAR同化完成，观测数: 29
2026-04-18 23:14:12,841 - INFO - 分块并行计算完成，耗时: 0.00秒
2026-04-18 23:14:12,841 - INFO - 分块并行计算: 4 个块
2026-04-18 23:14:12,844 - INFO - 3DVAR同化完成，观测数: 29
2026-04-18 23:14:12,844 - INFO - 3DVAR同化完成，观测数: 21
2026-04-18 23:14:12,845 - INFO - 分块并行计算完成，耗时: 0.00秒
2026-04-18 23:14:12,845 - INFO - 分块并行计算: 4 个块
2026-04-18 23:14:12,847 - INFO - 3DVAR同化完成，观测数: 29
2026-04-18 23:14:12,848 - INFO - 3DVAR同化完成，观测数: 21
2026-04-18 23:14:12,849 - INFO - 分块并行计算完成，耗时: 0.00秒
2026-04-18 23:14:12,849 - INFO - 分块并行计算: 4 个块
2026-04-18 23:14:12,852 - INFO - 3DVAR同化完成，观测数: 29
2026-04-18 23:14:12,852 - INFO - 3DVAR同化完成，观测数: 21
2026-04-18 23:14:12,853 - INFO - 分块并行计算完成，耗时: 0.00秒
2026-04-18 23:14:12,853 - INFO - 分块并行计算: 4 个块
2026-04-18 23:14:12,856 - INFO - 3DVAR同化完成，观测数: 21
2026-04-18 23:14:12,856 - INFO - 3DVAR同化完成，观测数: 29
2026-04-18 23:14:12,858 - INFO - 分块并行计算完成，耗时: 0.00秒
2026-04-18 23:14:12,858 - INFO - 分块并行计算: 4 个块
2026-04-18 23:14:12,861 - INFO - 3DVAR同化完成，观测数: 29
2026-04-18 23:14:12,861 - INFO - 3DVAR同化完成，观测数: 21
2026-04-18 23:14:12,862 - INFO - 分块并行计算完成，耗时: 0.00秒
2026-04-18 23:14:12,862 - INFO - 分块并行计算: 4 个块
2026-04-18 23:14:12,865 - INFO - 3DVAR同化完成，观测数: 29
2026-04-18 23:14:12,865 - INFO - 3DVAR同化完成，观测数: 21
2026-04-18 23:14:12,867 - INFO - 分块并行计算完成，耗时: 0.00秒
2026-04-18 23:14:12,867 - INFO - 分块并行计算: 4 个块
2026-04-18 23:14:12,870 - INFO - 3DVAR同化完成，观测数: 29
2026-04-18 23:14:12,871 - INFO - 3DVAR同化完成，观测数: 21
2026-04-18 23:14:12,872 - INFO - 分块并行计算完成，耗时: 0.00秒
2026-04-18 23:14:12,872 - INFO - 分块并行计算: 4 个块
2026-04-18 23:14:12,875 - INFO - 3DVAR同化完成，观测数: 29
2026-04-18 23:14:12,875 - INFO - 3DVAR同化完成，观测数: 21
2026-04-18 23:14:12,877 - INFO - 分块并行计算完成，耗时: 0.00秒
2026-04-18 23:14:12,877 - INFO - 分块并行计算: 4 个块
2026-04-18 23:14:12,880 - INFO - 3DVAR同化完成，观测数: 29
2026-04-18 23:14:12,881 - INFO - 3DVAR同化完成，观测数: 21
2026-04-18 23:14:12,882 - INFO - 分块并行计算完成，耗时: 0.00秒
2026-04-18 23:14:12,882 - INFO - 分块并行计算: 4 个块
2026-04-18 23:14:12,884 - INFO - 3DVAR同化完成，观测数: 29
2026-04-18 23:14:12,885 - INFO - 3DVAR同化完成，观测数: 21
2026-04-18 23:14:12,886 - INFO - 分块并行计算完成，耗时: 0.00秒
2026-04-18 23:14:12,886 - INFO - 分块并行计算: 4 个块
2026-04-18 23:14:12,888 - INFO - 3DVAR同化完成，观测数: 29
2026-04-18 23:14:12,888 - INFO - 3DVAR同化完成，观测数: 21
2026-04-18 23:14:12,890 - INFO - 分块并行计算完成，耗时: 0.00秒
2026-04-18 23:14:12,890 - INFO - 分块并行计算: 4 个块
2026-04-18 23:14:12,893 - INFO - 3DVAR同化完成，观测数: 29
2026-04-18 23:14:12,893 - INFO - 3DVAR同化完成，观测数: 21
2026-04-18 23:14:12,894 - INFO - 分块并行计算完成，耗时: 0.00秒
2026-04-18 23:14:12,894 - INFO - 分块并行计算: 4 个块
2026-04-18 23:14:12,898 - INFO - 3DVAR同化完成，观测数: 29
2026-04-18 23:14:12,898 - INFO - 3DVAR同化完成，观测数: 21
2026-04-18 23:14:12,899 - INFO - 分块并行计算完成，耗时: 0.01秒
2026-04-18 23:14:12,900 - INFO - 分块并行计算: 4 个块
2026-04-18 23:14:12,903 - INFO - 3DVAR同化完成，观测数: 29
2026-04-18 23:14:12,903 - INFO - 3DVAR同化完成，观测数: 21
2026-04-18 23:14:12,904 - INFO - 分块并行计算完成，耗时: 0.00秒
2026-04-18 23:14:12,904 - INFO - 分块并行计算: 4 个块
2026-04-18 23:14:12,907 - INFO - 3DVAR同化完成，观测数: 29
2026-04-18 23:14:12,907 - INFO - 3DVAR同化完成，观测数: 21
2026-04-18 23:14:12,908 - INFO - 分块并行计算完成，耗时: 0.00秒
2026-04-18 23:14:12,908 - INFO - 分块并行计算: 4 个块
2026-04-18 23:14:12,911 - INFO - 3DVAR同化完成，观测数: 29
2026-04-18 23:14:12,911 - INFO - 3DVAR同化完成，观测数: 21
2026-04-18 23:14:12,912 - INFO - 分块并行计算完成，耗时: 0.00秒
2026-04-18 23:14:12,913 - INFO - 分块并行计算: 4 个块
2026-04-18 23:14:12,916 - INFO - 3DVAR同化完成，观测数: 29
2026-04-18 23:14:12,916 - INFO - 3DVAR同化完成，观测数: 21
2026-04-18 23:14:12,917 - INFO - 分块并行计算完成，耗时: 0.00秒
2026-04-18 23:14:12,917 - INFO - 分块并行计算: 4 个块
2026-04-18 23:14:12,920 - INFO - 3DVAR同化完成，观测数: 29
2026-04-18 23:14:12,920 - INFO - 3DVAR同化完成，观测数: 21
2026-04-18 23:14:12,921 - INFO - 分块并行计算完成，耗时: 0.00秒
2026-04-18 23:14:12,921 - INFO - 分块并行计算: 4 个块
2026-04-18 23:14:12,924 - INFO - 3DVAR同化完成，观测数: 29
2026-04-18 23:14:12,924 - INFO - 3DVAR同化完成，观测数: 21
2026-04-18 23:14:12,925 - INFO - 分块并行计算完成，耗时: 0.00秒
2026-04-18 23:14:12,925 - INFO - 分块并行计算: 4 个块
2026-04-18 23:14:12,928 - INFO - 3DVAR同化完成，观测数: 29
2026-04-18 23:14:12,929 - INFO - 3DVAR同化完成，观测数: 21
2026-04-18 23:14:12,930 - INFO - 分块并行计算完成，耗时: 0.00秒
2026-04-18 23:14:12,930 - INFO - 分块并行计算: 4 个块
2026-04-18 23:14:12,933 - INFO - 3DVAR同化完成，观测数: 29
2026-04-18 23:14:12,933 - INFO - 3DVAR同化完成，观测数: 21
2026-04-18 23:14:12,935 - INFO - 分块并行计算完成，耗时: 0.00秒
2026-04-18 23:14:12,935 - INFO - 分块并行计算: 4 个块
2026-04-18 23:14:12,937 - INFO - 3DVAR同化完成，观测数: 29
2026-04-18 23:14:12,938 - INFO - 3DVAR同化完成，观测数: 21
2026-04-18 23:14:12,939 - INFO - 分块并行计算完成，耗时: 0.00秒
2026-04-18 23:14:12,939 - INFO - 分块并行计算: 4 个块
2026-04-18 23:14:12,942 - INFO - 3DVAR同化完成，观测数: 29
2026-04-18 23:14:12,942 - INFO - 3DVAR同化完成，观测数: 21
2026-04-18 23:14:12,943 - INFO - 分块并行计算完成，耗时: 0.00秒
2026-04-18 23:14:12,943 - INFO - 分块并行计算: 4 个块
2026-04-18 23:14:12,946 - INFO - 3DVAR同化完成，观测数: 21
2026-04-18 23:14:12,946 - INFO - 3DVAR同化完成，观测数: 29
2026-04-18 23:14:12,947 - INFO - 分块并行计算完成，耗时: 0.00秒
2026-04-18 23:14:12,947 - INFO - 分块并行计算: 4 个块
2026-04-18 23:14:12,950 - INFO - 3DVAR同化完成，观测数: 21
2026-04-18 23:14:12,950 - INFO - 3DVAR同化完成，观测数: 29
2026-04-18 23:14:12,951 - INFO - 分块并行计算完成，耗时: 0.00秒
2026-04-18 23:14:12,952 - INFO - 分块并行计算: 4 个块
2026-04-18 23:14:12,955 - INFO - 3DVAR同化完成，观测数: 29
2026-04-18 23:14:12,955 - INFO - 3DVAR同化完成，观测数: 21
2026-04-18 23:14:12,956 - INFO - 分块并行计算完成，耗时: 0.00秒
2026-04-18 23:14:12,956 - INFO - 分块并行计算: 4 个块
2026-04-18 23:14:12,959 - INFO - 3DVAR同化完成，观测数: 29
2026-04-18 23:14:12,959 - INFO - 3DVAR同化完成，观测数: 21
2026-04-18 23:14:12,960 - INFO - 分块并行计算完成，耗时: 0.00秒
2026-04-18 23:14:12,960 - INFO - 分块并行计算: 4 个块
2026-04-18 23:14:12,963 - INFO - 3DVAR同化完成，观测数: 29
2026-04-18 23:14:12,963 - INFO - 3DVAR同化完成，观测数: 21
2026-04-18 23:14:12,965 - INFO - 分块并行计算完成，耗时: 0.00秒
2026-04-18 23:14:12,965 - INFO - 分块并行计算: 4 个块
2026-04-18 23:14:12,968 - INFO - 3DVAR同化完成，观测数: 29
2026-04-18 23:14:12,969 - INFO - 3DVAR同化完成，观测数: 21
2026-04-18 23:14:12,970 - INFO - 分块并行计算完成，耗时: 0.00秒
2026-04-18 23:14:12,970 - INFO - 分块并行计算: 4 个块
2026-04-18 23:14:12,973 - INFO - 3DVAR同化完成，观测数: 29
2026-04-18 23:14:12,973 - INFO - 3DVAR同化完成，观测数: 21
2026-04-18 23:14:12,974 - INFO - 分块并行计算完成，耗时: 0.00秒
2026-04-18 23:14:12,974 - INFO - 分块并行计算: 4 个块
2026-04-18 23:14:12,977 - INFO - 3DVAR同化完成，观测数: 29
2026-04-18 23:14:12,977 - INFO - 3DVAR同化完成，观测数: 21
2026-04-18 23:14:12,978 - INFO - 分块并行计算完成，耗时: 0.00秒
2026-04-18 23:14:12,978 - INFO - 分块并行计算: 4 个块
2026-04-18 23:14:12,981 - INFO - 3DVAR同化完成，观测数: 29
2026-04-18 23:14:12,981 - INFO - 3DVAR同化完成，观测数: 21
2026-04-18 23:14:12,982 - INFO - 分块并行计算完成，耗时: 0.00秒
2026-04-18 23:14:12,982 - INFO - 分块并行计算: 4 个块
2026-04-18 23:14:12,985 - INFO - 3DVAR同化完成，观测数: 29
2026-04-18 23:14:12,985 - INFO - 3DVAR同化完成，观测数: 21
2026-04-18 23:14:12,987 - INFO - 分块并行计算完成，耗时: 0.00秒
2026-04-18 23:14:12,987 - INFO - 分块并行计算: 4 个块
2026-04-18 23:14:12,990 - INFO - 3DVAR同化完成，观测数: 29
2026-04-18 23:14:12,990 - INFO - 3DVAR同化完成，观测数: 21
2026-04-18 23:14:12,991 - INFO - 分块并行计算完成，耗时: 0.00秒
2026-04-18 23:14:12,992 - INFO - 分块并行计算: 4 个块
2026-04-18 23:14:12,996 - INFO - 3DVAR同化完成，观测数: 29
2026-04-18 23:14:12,996 - INFO - 3DVAR同化完成，观测数: 21
2026-04-18 23:14:12,998 - INFO - 分块并行计算完成，耗时: 0.01秒
2026-04-18 23:14:12,998 - INFO - 分块并行计算: 4 个块
2026-04-18 23:14:13,000 - INFO - 3DVAR同化完成，观测数: 29
2026-04-18 23:14:13,001 - INFO - 3DVAR同化完成，观测数: 21
2026-04-18 23:14:13,002 - INFO - 分块并行计算完成，耗时: 0.00秒
2026-04-18 23:14:13,002 - INFO - 分块并行计算: 4 个块
2026-04-18 23:14:13,005 - INFO - 3DVAR同化完成，观测数: 29
2026-04-18 23:14:13,005 - INFO - 3DVAR同化完成，观测数: 21
2026-04-18 23:14:13,007 - INFO - 分块并行计算完成，耗时: 0.00秒
2026-04-18 23:14:13,007 - INFO - 分块并行计算: 4 个块
2026-04-18 23:14:13,009 - INFO - 3DVAR同化完成，观测数: 21
2026-04-18 23:14:13,010 - INFO - 3DVAR同化完成，观测数: 29
2026-04-18 23:14:13,011 - INFO - 分块并行计算完成，耗时: 0.00秒
2026-04-18 23:14:13,011 - INFO - 分块并行计算: 4 个块
2026-04-18 23:14:13,015 - INFO - 3DVAR同化完成，观测数: 29
2026-04-18 23:14:13,015 - INFO - 3DVAR同化完成，观测数: 21
2026-04-18 23:14:13,016 - INFO - 分块并行计算完成，耗时: 0.00秒
2026-04-18 23:14:13,016 - INFO - 分块并行计算: 4 个块
2026-04-18 23:14:13,019 - INFO - 3DVAR同化完成，观测数: 29
2026-04-18 23:14:13,019 - INFO - 3DVAR同化完成，观测数: 21
2026-04-18 23:14:13,020 - INFO - 分块并行计算完成，耗时: 0.00秒
2026-04-18 23:14:13,020 - INFO - 分块并行计算: 4 个块
2026-04-18 23:14:13,023 - INFO - 3DVAR同化完成，观测数: 29
2026-04-18 23:14:13,023 - INFO - 3DVAR同化完成，观测数: 21
2026-04-18 23:14:13,024 - INFO - 分块并行计算完成，耗时: 0.00秒
2026-04-18 23:14:13,024 - INFO - 分块并行计算: 4 个块
2026-04-18 23:14:13,028 - INFO - 3DVAR同化完成，观测数: 29
2026-04-18 23:14:13,028 - INFO - 3DVAR同化完成，观测数: 21
2026-04-18 23:14:13,029 - INFO - 分块并行计算完成，耗时: 0.00秒
2026-04-18 23:14:13,030 - INFO - 分块并行计算: 4 个块
2026-04-18 23:14:13,033 - INFO - 3DVAR同化完成，观测数: 29
2026-04-18 23:14:13,033 - INFO - 3DVAR同化完成，观测数: 21
2026-04-18 23:14:13,034 - INFO - 分块并行计算完成，耗时: 0.00秒
2026-04-18 23:14:13,034 - INFO - 分块并行计算: 4 个块
2026-04-18 23:14:13,037 - INFO - 3DVAR同化完成，观测数: 29
2026-04-18 23:14:13,038 - INFO - 3DVAR同化完成，观测数: 21
2026-04-18 23:14:13,039 - INFO - 分块并行计算完成，耗时: 0.00秒
2026-04-18 23:14:13,039 - INFO - 分块并行计算: 4 个块
2026-04-18 23:14:13,041 - INFO - 3DVAR同化完成，观测数: 29
2026-04-18 23:14:13,042 - INFO - 3DVAR同化完成，观测数: 21
2026-04-18 23:14:13,043 - INFO - 分块并行计算完成，耗时: 0.00秒
2026-04-18 23:14:13,043 - INFO - 分块并行计算完成
2026-04-18 23:14:13,043 - INFO -    耗时: 0.45秒
2026-04-18 23:14:13,043 - INFO -    分析场形状: (101, 101, 11)
2026-04-18 23:14:13,044 - INFO -    平均方差: 1.1576
2026-04-18 23:14:13,044 - INFO -    资源使用: CPU 32.0%, 内存 82.4%
2026-04-18 23:14:13,045 - INFO - ============================================================
2026-04-18 23:14:13,045 - INFO - Dask并行计算 ( 100次迭代 )
2026-04-18 23:14:13,045 - INFO - ============================================================
2026-04-18 23:14:13,830 - INFO - Dask版本: 2026.3.0
2026-04-18 23:14:13,830 - INFO - 初始化网格: 51×51×6, 分辨率: 50.0m
2026-04-18 23:14:13,831 - DEBUG - Using selector: SelectSelector
2026-04-18 23:14:13,841 - INFO - To route to workers diagnostics web server please install jupyter-server-proxy: python -m pip install jupyter-server-proxy
2026-04-18 23:14:13,843 - INFO - State start
2026-04-18 23:14:13,913 - INFO -   Scheduler at:     tcp://127.0.0.1:25978
2026-04-18 23:14:13,914 - INFO -   dashboard at:  http://127.0.0.1:8787/status
2026-04-18 23:14:13,914 - INFO - Registering Worker plugin shuffle
2026-04-18 23:14:14,140 - INFO -         Start Nanny at: 'tcp://127.0.0.1:25985'
2026-04-18 23:14:14,142 - INFO -         Start Nanny at: 'tcp://127.0.0.1:25983'
2026-04-18 23:14:14,143 - INFO -         Start Nanny at: 'tcp://127.0.0.1:25981'
2026-04-18 23:14:14,145 - INFO -         Start Nanny at: 'tcp://127.0.0.1:25987'
2026-04-18 23:14:19,070 - INFO - Register worker addr: tcp://127.0.0.1:26013 name: 2
2026-04-18 23:14:19,080 - INFO - Starting worker compute stream, tcp://127.0.0.1:26013
2026-04-18 23:14:19,080 - INFO - Starting established connection to tcp://127.0.0.1:26015
2026-04-18 23:14:19,096 - INFO - Register worker addr: tcp://127.0.0.1:26016 name: 1
2026-04-18 23:14:19,097 - INFO - Starting worker compute stream, tcp://127.0.0.1:26016
2026-04-18 23:14:19,097 - INFO - Starting established connection to tcp://127.0.0.1:26018
2026-04-18 23:14:19,098 - INFO - Register worker addr: tcp://127.0.0.1:26020 name: 0
2026-04-18 23:14:19,099 - INFO - Starting worker compute stream, tcp://127.0.0.1:26020
2026-04-18 23:14:19,099 - INFO - Starting established connection to tcp://127.0.0.1:26024
2026-04-18 23:14:19,099 - INFO - Register worker addr: tcp://127.0.0.1:26019 name: 3
2026-04-18 23:14:19,100 - INFO - Starting worker compute stream, tcp://127.0.0.1:26019
2026-04-18 23:14:19,100 - INFO - Starting established connection to tcp://127.0.0.1:26022
2026-04-18 23:14:19,152 - INFO - Receive client connection: Client-45902588-3b39-11f1-a610-24eb164c90ae
2026-04-18 23:14:19,152 - INFO - Starting established connection to tcp://127.0.0.1:26025
2026-04-18 23:14:19,153 - INFO - Dask集群已启动
2026-04-18 23:14:19,160 - INFO - 3DVAR同化完成，观测数: 50
2026-04-18 23:14:19,160 - INFO - 并行计算耗时: 0.01秒
2026-04-18 23:14:19,164 - INFO - 3DVAR同化完成，观测数: 50
2026-04-18 23:14:19,164 - INFO - 并行计算耗时: 0.00秒
2026-04-18 23:14:19,166 - INFO - 3DVAR同化完成，观测数: 50
2026-04-18 23:14:19,167 - INFO - 并行计算耗时: 0.00秒
2026-04-18 23:14:19,170 - INFO - 3DVAR同化完成，观测数: 50
2026-04-18 23:14:19,170 - INFO - 并行计算耗时: 0.00秒
2026-04-18 23:14:19,173 - INFO - 3DVAR同化完成，观测数: 50
2026-04-18 23:14:19,173 - INFO - 并行计算耗时: 0.00秒
2026-04-18 23:14:19,176 - INFO - 3DVAR同化完成，观测数: 50
2026-04-18 23:14:19,176 - INFO - 并行计算耗时: 0.00秒
2026-04-18 23:14:19,179 - INFO - 3DVAR同化完成，观测数: 50
2026-04-18 23:14:19,180 - INFO - 并行计算耗时: 0.00秒
2026-04-18 23:14:19,182 - INFO - 3DVAR同化完成，观测数: 50
2026-04-18 23:14:19,182 - INFO - 并行计算耗时: 0.00秒
2026-04-18 23:14:19,185 - INFO - 3DVAR同化完成，观测数: 50
2026-04-18 23:14:19,185 - INFO - 并行计算耗时: 0.00秒
2026-04-18 23:14:19,188 - INFO - 3DVAR同化完成，观测数: 50
2026-04-18 23:14:19,188 - INFO - 并行计算耗时: 0.00秒
2026-04-18 23:14:19,193 - INFO - 3DVAR同化完成，观测数: 50
2026-04-18 23:14:19,193 - INFO - 并行计算耗时: 0.00秒
2026-04-18 23:14:19,196 - INFO - 3DVAR同化完成，观测数: 50
2026-04-18 23:14:19,196 - INFO - 并行计算耗时: 0.00秒
2026-04-18 23:14:19,200 - INFO - 3DVAR同化完成，观测数: 50
2026-04-18 23:14:19,200 - INFO - 并行计算耗时: 0.00秒
2026-04-18 23:14:19,203 - INFO - 3DVAR同化完成，观测数: 50
2026-04-18 23:14:19,204 - INFO - 并行计算耗时: 0.00秒
2026-04-18 23:14:19,207 - INFO - 3DVAR同化完成，观测数: 50
2026-04-18 23:14:19,207 - INFO - 并行计算耗时: 0.00秒
2026-04-18 23:14:19,210 - INFO - 3DVAR同化完成，观测数: 50
2026-04-18 23:14:19,210 - INFO - 并行计算耗时: 0.00秒
2026-04-18 23:14:19,212 - INFO - 3DVAR同化完成，观测数: 50
2026-04-18 23:14:19,212 - INFO - 并行计算耗时: 0.00秒
2026-04-18 23:14:19,215 - INFO - 3DVAR同化完成，观测数: 50
2026-04-18 23:14:19,215 - INFO - 并行计算耗时: 0.00秒
2026-04-18 23:14:19,217 - INFO - 3DVAR同化完成，观测数: 50
2026-04-18 23:14:19,217 - INFO - 并行计算耗时: 0.00秒
2026-04-18 23:14:19,219 - INFO - 3DVAR同化完成，观测数: 50
2026-04-18 23:14:19,220 - INFO - 并行计算耗时: 0.00秒
2026-04-18 23:14:19,222 - INFO - 3DVAR同化完成，观测数: 50
2026-04-18 23:14:19,222 - INFO - 并行计算耗时: 0.00秒
2026-04-18 23:14:19,225 - INFO - 3DVAR同化完成，观测数: 50
2026-04-18 23:14:19,225 - INFO - 并行计算耗时: 0.00秒
2026-04-18 23:14:19,228 - INFO - 3DVAR同化完成，观测数: 50
2026-04-18 23:14:19,228 - INFO - 并行计算耗时: 0.00秒
2026-04-18 23:14:19,231 - INFO - 3DVAR同化完成，观测数: 50
2026-04-18 23:14:19,231 - INFO - 并行计算耗时: 0.00秒
2026-04-18 23:14:19,233 - INFO - 3DVAR同化完成，观测数: 50
2026-04-18 23:14:19,233 - INFO - 并行计算耗时: 0.00秒
2026-04-18 23:14:19,235 - INFO - 3DVAR同化完成，观测数: 50
2026-04-18 23:14:19,236 - INFO - 并行计算耗时: 0.00秒
2026-04-18 23:14:19,239 - INFO - 3DVAR同化完成，观测数: 50
2026-04-18 23:14:19,239 - INFO - 并行计算耗时: 0.00秒
2026-04-18 23:14:19,241 - INFO - 3DVAR同化完成，观测数: 50
2026-04-18 23:14:19,241 - INFO - 并行计算耗时: 0.00秒
2026-04-18 23:14:19,243 - INFO - 3DVAR同化完成，观测数: 50
2026-04-18 23:14:19,243 - INFO - 并行计算耗时: 0.00秒
2026-04-18 23:14:19,246 - INFO - 3DVAR同化完成，观测数: 50
2026-04-18 23:14:19,246 - INFO - 并行计算耗时: 0.00秒
2026-04-18 23:14:19,248 - INFO - 3DVAR同化完成，观测数: 50
2026-04-18 23:14:19,248 - INFO - 并行计算耗时: 0.00秒
2026-04-18 23:14:19,250 - INFO - 3DVAR同化完成，观测数: 50
2026-04-18 23:14:19,250 - INFO - 并行计算耗时: 0.00秒
2026-04-18 23:14:19,253 - INFO - 3DVAR同化完成，观测数: 50
2026-04-18 23:14:19,253 - INFO - 并行计算耗时: 0.00秒
2026-04-18 23:14:19,256 - INFO - 3DVAR同化完成，观测数: 50
2026-04-18 23:14:19,256 - INFO - 并行计算耗时: 0.00秒
2026-04-18 23:14:19,258 - INFO - 3DVAR同化完成，观测数: 50
2026-04-18 23:14:19,258 - INFO - 并行计算耗时: 0.00秒
2026-04-18 23:14:19,260 - INFO - 3DVAR同化完成，观测数: 50
2026-04-18 23:14:19,260 - INFO - 并行计算耗时: 0.00秒
2026-04-18 23:14:19,263 - INFO - 3DVAR同化完成，观测数: 50
2026-04-18 23:14:19,263 - INFO - 并行计算耗时: 0.00秒
2026-04-18 23:14:19,265 - INFO - 3DVAR同化完成，观测数: 50
2026-04-18 23:14:19,265 - INFO - 并行计算耗时: 0.00秒
2026-04-18 23:14:19,267 - INFO - 3DVAR同化完成，观测数: 50
2026-04-18 23:14:19,268 - INFO - 并行计算耗时: 0.00秒
2026-04-18 23:14:19,270 - INFO - 3DVAR同化完成，观测数: 50
2026-04-18 23:14:19,270 - INFO - 并行计算耗时: 0.00秒
2026-04-18 23:14:19,273 - INFO - 3DVAR同化完成，观测数: 50
2026-04-18 23:14:19,273 - INFO - 并行计算耗时: 0.00秒
2026-04-18 23:14:19,275 - INFO - 3DVAR同化完成，观测数: 50
2026-04-18 23:14:19,275 - INFO - 并行计算耗时: 0.00秒
2026-04-18 23:14:19,278 - INFO - 3DVAR同化完成，观测数: 50
2026-04-18 23:14:19,278 - INFO - 并行计算耗时: 0.00秒
2026-04-18 23:14:19,280 - INFO - 3DVAR同化完成，观测数: 50
2026-04-18 23:14:19,280 - INFO - 并行计算耗时: 0.00秒
2026-04-18 23:14:19,282 - INFO - 3DVAR同化完成，观测数: 50
2026-04-18 23:14:19,282 - INFO - 并行计算耗时: 0.00秒
2026-04-18 23:14:19,285 - INFO - 3DVAR同化完成，观测数: 50
2026-04-18 23:14:19,285 - INFO - 并行计算耗时: 0.00秒
2026-04-18 23:14:19,288 - INFO - 3DVAR同化完成，观测数: 50
2026-04-18 23:14:19,288 - INFO - 并行计算耗时: 0.00秒
2026-04-18 23:14:19,291 - INFO - 3DVAR同化完成，观测数: 50
2026-04-18 23:14:19,291 - INFO - 并行计算耗时: 0.00秒
2026-04-18 23:14:19,293 - INFO - 3DVAR同化完成，观测数: 50
2026-04-18 23:14:19,293 - INFO - 并行计算耗时: 0.00秒
2026-04-18 23:14:19,296 - INFO - 3DVAR同化完成，观测数: 50
2026-04-18 23:14:19,296 - INFO - 并行计算耗时: 0.00秒
2026-04-18 23:14:19,298 - INFO - 3DVAR同化完成，观测数: 50
2026-04-18 23:14:19,298 - INFO - 并行计算耗时: 0.00秒
2026-04-18 23:14:19,299 - INFO -    已完成 50/100 次迭代
2026-04-18 23:14:19,301 - INFO - 3DVAR同化完成，观测数: 50
2026-04-18 23:14:19,301 - INFO - 并行计算耗时: 0.00秒
2026-04-18 23:14:19,304 - INFO - 3DVAR同化完成，观测数: 50
2026-04-18 23:14:19,304 - INFO - 并行计算耗时: 0.00秒
2026-04-18 23:14:19,306 - INFO - 3DVAR同化完成，观测数: 50
2026-04-18 23:14:19,306 - INFO - 并行计算耗时: 0.00秒
2026-04-18 23:14:19,309 - INFO - 3DVAR同化完成，观测数: 50
2026-04-18 23:14:19,310 - INFO - 并行计算耗时: 0.00秒
2026-04-18 23:14:19,312 - INFO - 3DVAR同化完成，观测数: 50
2026-04-18 23:14:19,312 - INFO - 并行计算耗时: 0.00秒
2026-04-18 23:14:19,314 - INFO - 3DVAR同化完成，观测数: 50
2026-04-18 23:14:19,314 - INFO - 并行计算耗时: 0.00秒
2026-04-18 23:14:19,317 - INFO - 3DVAR同化完成，观测数: 50
2026-04-18 23:14:19,317 - INFO - 并行计算耗时: 0.00秒
2026-04-18 23:14:19,320 - INFO - 3DVAR同化完成，观测数: 50
2026-04-18 23:14:19,320 - INFO - 并行计算耗时: 0.00秒
2026-04-18 23:14:19,322 - INFO - 3DVAR同化完成，观测数: 50
2026-04-18 23:14:19,322 - INFO - 并行计算耗时: 0.00秒
2026-04-18 23:14:19,325 - INFO - 3DVAR同化完成，观测数: 50
2026-04-18 23:14:19,325 - INFO - 并行计算耗时: 0.00秒
2026-04-18 23:14:19,328 - INFO - 3DVAR同化完成，观测数: 50
2026-04-18 23:14:19,328 - INFO - 并行计算耗时: 0.00秒
2026-04-18 23:14:19,331 - INFO - 3DVAR同化完成，观测数: 50
2026-04-18 23:14:19,331 - INFO - 并行计算耗时: 0.00秒
2026-04-18 23:14:19,333 - INFO - 3DVAR同化完成，观测数: 50
2026-04-18 23:14:19,333 - INFO - 并行计算耗时: 0.00秒
2026-04-18 23:14:19,336 - INFO - 3DVAR同化完成，观测数: 50
2026-04-18 23:14:19,336 - INFO - 并行计算耗时: 0.00秒
2026-04-18 23:14:19,338 - INFO - 3DVAR同化完成，观测数: 50
2026-04-18 23:14:19,338 - INFO - 并行计算耗时: 0.00秒
2026-04-18 23:14:19,341 - INFO - 3DVAR同化完成，观测数: 50
2026-04-18 23:14:19,341 - INFO - 并行计算耗时: 0.00秒
2026-04-18 23:14:19,343 - INFO - 3DVAR同化完成，观测数: 50
2026-04-18 23:14:19,343 - INFO - 并行计算耗时: 0.00秒
2026-04-18 23:14:19,346 - INFO - 3DVAR同化完成，观测数: 50
2026-04-18 23:14:19,346 - INFO - 并行计算耗时: 0.00秒
2026-04-18 23:14:19,349 - INFO - 3DVAR同化完成，观测数: 50
2026-04-18 23:14:19,349 - INFO - 并行计算耗时: 0.00秒
2026-04-18 23:14:19,353 - INFO - 3DVAR同化完成，观测数: 50
2026-04-18 23:14:19,353 - INFO - 并行计算耗时: 0.00秒
2026-04-18 23:14:19,356 - INFO - 3DVAR同化完成，观测数: 50
2026-04-18 23:14:19,356 - INFO - 并行计算耗时: 0.00秒
2026-04-18 23:14:19,359 - INFO - 3DVAR同化完成，观测数: 50
2026-04-18 23:14:19,359 - INFO - 并行计算耗时: 0.00秒
2026-04-18 23:14:19,363 - INFO - 3DVAR同化完成，观测数: 50
2026-04-18 23:14:19,364 - INFO - 并行计算耗时: 0.00秒
2026-04-18 23:14:19,366 - INFO - 3DVAR同化完成，观测数: 50
2026-04-18 23:14:19,366 - INFO - 并行计算耗时: 0.00秒
2026-04-18 23:14:19,369 - INFO - 3DVAR同化完成，观测数: 50
2026-04-18 23:14:19,369 - INFO - 并行计算耗时: 0.00秒
2026-04-18 23:14:19,371 - INFO - 3DVAR同化完成，观测数: 50
2026-04-18 23:14:19,371 - INFO - 并行计算耗时: 0.00秒
2026-04-18 23:14:19,373 - INFO - 3DVAR同化完成，观测数: 50
2026-04-18 23:14:19,373 - INFO - 并行计算耗时: 0.00秒
2026-04-18 23:14:19,376 - INFO - 3DVAR同化完成，观测数: 50
2026-04-18 23:14:19,376 - INFO - 并行计算耗时: 0.00秒
2026-04-18 23:14:19,379 - INFO - 3DVAR同化完成，观测数: 50
2026-04-18 23:14:19,379 - INFO - 并行计算耗时: 0.00秒
2026-04-18 23:14:19,382 - INFO - 3DVAR同化完成，观测数: 50
2026-04-18 23:14:19,382 - INFO - 并行计算耗时: 0.00秒
2026-04-18 23:14:19,384 - INFO - 3DVAR同化完成，观测数: 50
2026-04-18 23:14:19,384 - INFO - 并行计算耗时: 0.00秒
2026-04-18 23:14:19,387 - INFO - 3DVAR同化完成，观测数: 50
2026-04-18 23:14:19,387 - INFO - 并行计算耗时: 0.00秒
2026-04-18 23:14:19,389 - INFO - 3DVAR同化完成，观测数: 50
2026-04-18 23:14:19,389 - INFO - 并行计算耗时: 0.00秒
2026-04-18 23:14:19,391 - INFO - 3DVAR同化完成，观测数: 50
2026-04-18 23:14:19,392 - INFO - 并行计算耗时: 0.00秒
2026-04-18 23:14:19,394 - INFO - 3DVAR同化完成，观测数: 50
2026-04-18 23:14:19,395 - INFO - 并行计算耗时: 0.00秒
2026-04-18 23:14:19,397 - INFO - 3DVAR同化完成，观测数: 50
2026-04-18 23:14:19,397 - INFO - 并行计算耗时: 0.00秒
2026-04-18 23:14:19,399 - INFO - 3DVAR同化完成，观测数: 50
2026-04-18 23:14:19,399 - INFO - 并行计算耗时: 0.00秒
2026-04-18 23:14:19,401 - INFO - 3DVAR同化完成，观测数: 50
2026-04-18 23:14:19,402 - INFO - 并行计算耗时: 0.00秒
2026-04-18 23:14:19,404 - INFO - 3DVAR同化完成，观测数: 50
2026-04-18 23:14:19,404 - INFO - 并行计算耗时: 0.00秒
2026-04-18 23:14:19,406 - INFO - 3DVAR同化完成，观测数: 50
2026-04-18 23:14:19,406 - INFO - 并行计算耗时: 0.00秒
2026-04-18 23:14:19,409 - INFO - 3DVAR同化完成，观测数: 50
2026-04-18 23:14:19,409 - INFO - 并行计算耗时: 0.00秒
2026-04-18 23:14:19,411 - INFO - 3DVAR同化完成，观测数: 50
2026-04-18 23:14:19,412 - INFO - 并行计算耗时: 0.00秒
2026-04-18 23:14:19,414 - INFO - 3DVAR同化完成，观测数: 50
2026-04-18 23:14:19,414 - INFO - 并行计算耗时: 0.00秒
2026-04-18 23:14:19,416 - INFO - 3DVAR同化完成，观测数: 50
2026-04-18 23:14:19,416 - INFO - 并行计算耗时: 0.00秒
2026-04-18 23:14:19,418 - INFO - 3DVAR同化完成，观测数: 50
2026-04-18 23:14:19,419 - INFO - 并行计算耗时: 0.00秒
2026-04-18 23:14:19,421 - INFO - 3DVAR同化完成，观测数: 50
2026-04-18 23:14:19,421 - INFO - 并行计算耗时: 0.00秒
2026-04-18 23:14:19,437 - INFO - 3DVAR同化完成，观测数: 50
2026-04-18 23:14:19,437 - INFO - 并行计算耗时: 0.02秒
2026-04-18 23:14:19,439 - INFO - 3DVAR同化完成，观测数: 50
2026-04-18 23:14:19,439 - INFO - 并行计算耗时: 0.00秒
2026-04-18 23:14:19,442 - INFO - 3DVAR同化完成，观测数: 50
2026-04-18 23:14:19,442 - INFO - 并行计算耗时: 0.00秒
2026-04-18 23:14:19,444 - INFO - Remove client Client-45902588-3b39-11f1-a610-24eb164c90ae
2026-04-18 23:14:19,445 - INFO - Received 'close-stream' from tcp://127.0.0.1:26025; closing.
2026-04-18 23:14:19,445 - INFO - Remove client Client-45902588-3b39-11f1-a610-24eb164c90ae
2026-04-18 23:14:19,446 - INFO - Close client connection: Client-45902588-3b39-11f1-a610-24eb164c90ae
2026-04-18 23:14:19,447 - INFO - Retire worker addresses (stimulus_id='retire-workers-1776525259.4478314') (0, 1, 2, 3)
2026-04-18 23:14:19,448 - INFO - Closing Nanny at 'tcp://127.0.0.1:25981'. Reason: nanny-close
2026-04-18 23:14:19,448 - INFO - Nanny asking worker to close. Reason: nanny-close
2026-04-18 23:14:19,448 - INFO - Closing Nanny at 'tcp://127.0.0.1:25983'. Reason: nanny-close
2026-04-18 23:14:19,448 - INFO - Nanny asking worker to close. Reason: nanny-close
2026-04-18 23:14:19,449 - INFO - Closing Nanny at 'tcp://127.0.0.1:25985'. Reason: nanny-close
2026-04-18 23:14:19,449 - INFO - Nanny asking worker to close. Reason: nanny-close
2026-04-18 23:14:19,449 - INFO - Closing Nanny at 'tcp://127.0.0.1:25987'. Reason: nanny-close
2026-04-18 23:14:19,450 - INFO - Nanny asking worker to close. Reason: nanny-close
2026-04-18 23:14:19,451 - INFO - Received 'close-stream' from tcp://127.0.0.1:26018; closing.
2026-04-18 23:14:19,452 - INFO - Remove worker addr: tcp://127.0.0.1:26016 name: 1 (stimulus_id='handle-worker-cleanup-1776525259.4528031')
2026-04-18 23:14:19,453 - INFO - Received 'close-stream' from tcp://127.0.0.1:26024; closing.
2026-04-18 23:14:19,453 - INFO - Remove worker addr: tcp://127.0.0.1:26020 name: 0 (stimulus_id='handle-worker-cleanup-1776525259.453945')
2026-04-18 23:14:19,455 - INFO - Received 'close-stream' from tcp://127.0.0.1:26015; closing.
2026-04-18 23:14:19,456 - INFO - Batched Comm Closed <TCP (closed) Scheduler connection to worker local=tcp://127.0.0.1:25978 remote=tcp://127.0.0.1:26024>
Traceback (most recent call last):
  File "D:\Developer\workplace\vrp-env\Lib\site-packages\distributed\batched.py", line 115, in _background_send
    nbytes = yield coro
             ^^^^^^^^^^
  File "D:\Developer\workplace\vrp-env\Lib\site-packages\tornado\gen.py", line 783, in run
    value = future.result()
  File "D:\Developer\workplace\vrp-env\Lib\site-packages\distributed\comm\tcp.py", line 263, in write
    raise CommClosedError()
distributed.comm.core.CommClosedError
2026-04-18 23:14:19,460 - INFO - Remove worker addr: tcp://127.0.0.1:26013 name: 2 (stimulus_id='handle-worker-cleanup-1776525259.4607332')
2026-04-18 23:14:19,461 - INFO - Received 'close-stream' from tcp://127.0.0.1:26022; closing.
2026-04-18 23:14:19,461 - INFO - Remove worker addr: tcp://127.0.0.1:26019 name: 3 (stimulus_id='handle-worker-cleanup-1776525259.4617007')
2026-04-18 23:14:19,462 - INFO - Lost all workers
2026-04-18 23:14:20,678 - INFO - Nanny at 'tcp://127.0.0.1:25985' closed.
2026-04-18 23:14:20,679 - INFO - Nanny at 'tcp://127.0.0.1:25987' closed.
2026-04-18 23:14:20,693 - INFO - Nanny at 'tcp://127.0.0.1:25983' closed.
2026-04-18 23:14:20,713 - INFO - Nanny at 'tcp://127.0.0.1:25981' closed.
2026-04-18 23:14:20,714 - INFO - Closing scheduler. Reason: unknown
2026-04-18 23:14:20,715 - INFO - Scheduler closing all comms
2026-04-18 23:14:20,876 - INFO - Dask并行计算完成
2026-04-18 23:14:20,876 - INFO -    耗时: 0.29秒
2026-04-18 23:14:20,876 - INFO -    分析场形状: (101, 101, 11)
2026-04-18 23:14:20,876 - INFO -    平均方差: 2.2492
2026-04-18 23:14:20,876 - INFO -    资源使用: CPU 34.1%, 内存 87.0%
2026-04-18 23:14:20,876 - INFO - 
============================================================
2026-04-18 23:14:20,876 - INFO - 性能对比 (使用相同数据规模)
2026-04-18 23:14:20,877 - INFO - ============================================================
2026-04-18 23:14:20,877 - INFO - 
串行计算:
2026-04-18 23:14:20,877 - INFO -    耗时: 0.28秒
2026-04-18 23:14:20,877 - INFO -    基准时间
2026-04-18 23:14:20,877 - INFO - 
分块并行计算:
2026-04-18 23:14:20,877 - INFO -    耗时: 0.45秒
2026-04-18 23:14:20,877 - INFO -    加速比: 0.64x
2026-04-18 23:14:20,877 - INFO -    并行效率: 15.9%
2026-04-18 23:14:20,877 - INFO -    (使用 4 个块)
2026-04-18 23:14:20,877 - INFO -    注：效率超过100%可能是因为缓存命中率提升
2026-04-18 23:14:20,877 - INFO -    并行未达到加速效果
2026-04-18 23:14:20,877 - INFO - 
Dask并行计算:
2026-04-18 23:14:20,877 - INFO -    耗时: 0.29秒
2026-04-18 23:14:20,877 - INFO -    加速比: 0.99x
2026-04-18 23:14:20,877 - INFO -    并行未达到加速效果
2026-04-18 23:14:20,877 - INFO - 
成功测试数: 3/3
2026-04-18 23:14:20,877 - INFO - 
============================================================
2026-04-18 23:14:20,877 - INFO - 分析说明
2026-04-18 23:14:20,877 - INFO - ============================================================
2026-04-18 23:14:20,877 - INFO - 1. 串行和并行使用完全相同的数据规模，确保公平对比
2026-04-18 23:14:20,877 - INFO - 2. 并行计算的优势在于多核并行处理
2026-04-18 23:14:20,878 - INFO - 3. 并行效率 = 加速比 / 核心数，理想值为100%
2026-04-18 23:14:20,878 - INFO - 4. 如果并行效率低，可能原因:
2026-04-18 23:14:20,878 - INFO -    - 数据规模太小，并行开销大于并行收益
2026-04-18 23:14:20,878 - INFO -    - 同步/通信开销过大
2026-04-18 23:14:20,878 - INFO -    - 内存带宽瓶颈
2026-04-18 23:14:20,878 - INFO - 5. 对于巨规模数据，Dask的内存管理和分布式计算优势更明显
2026-04-18 23:14:20,878 - INFO - 
============================================================
2026-04-18 23:14:20,878 - INFO - 基准测试完成
2026-04-18 23:14:20,878 - INFO - ============================================================
