2026-04-19 13:24:17,111 - INFO - 智能迭代规划: medium规模
2026-04-19 13:24:17,111 - INFO -    目标点数: 848,421 点
2026-04-19 13:24:17,111 - INFO -    估算单次耗时: 0.40 秒
2026-04-19 13:24:17,111 - INFO -    计划迭代次数: 7 次
2026-04-19 13:24:17,111 - INFO -    预计总耗时: 2.8 秒
2026-04-19 13:24:17,112 - INFO - MemoryWarning 内存安全检查:
2026-04-19 13:24:17,112 - INFO - 内存安全检查:
2026-04-19 13:24:17,112 - INFO -    单次数据内存需求: 0.05 GB
2026-04-19 13:24:17,112 - INFO -    7次迭代总需求: 0.35 GB
2026-04-19 13:24:17,113 - INFO -    系统可用内存: 5.85 GB
2026-04-19 13:24:17,113 - INFO - 创建 medium 规模合成数据...
2026-04-19 13:24:17,113 - INFO - 创建数据: 201×201×21 = 848,421 点
2026-04-19 13:24:17,113 - INFO - 观测数: 200
2026-04-19 13:24:17,118 - WARNING - ⚠️  数据规模较小 (<1M点)，Dask可能无法带来性能提升
2026-04-19 13:25:07,935 - INFO - 初始化网格: 201×201×21, 分辨率: 20.0m
2026-04-19 13:25:08,116 - INFO - 初始化基础assimilator...
2026-04-19 13:25:08,116 - INFO - 初始化网格: 201×201×21, 分辨率: 20.0m
2026-04-19 13:25:08,117 - INFO - 基础assimilator初始化完成
2026-04-19 13:25:08,117 - DEBUG - 开始分块并行同化: 4 个块
2026-04-19 13:25:08,118 - DEBUG - 已分割成 4 个块
2026-04-19 13:25:08,176 - DEBUG - 分块并行同化完成
2026-04-19 13:25:08,177 - DEBUG - 开始分块并行同化: 4 个块
2026-04-19 13:25:08,179 - DEBUG - 已分割成 4 个块
2026-04-19 13:25:08,234 - DEBUG - 分块并行同化完成
2026-04-19 13:25:08,236 - DEBUG - 开始分块并行同化: 4 个块
2026-04-19 13:25:08,237 - DEBUG - 已分割成 4 个块
2026-04-19 13:25:08,293 - DEBUG - 分块并行同化完成
2026-04-19 13:25:08,294 - DEBUG - 开始分块并行同化: 4 个块
2026-04-19 13:25:08,296 - DEBUG - 已分割成 4 个块
2026-04-19 13:25:08,345 - DEBUG - 分块并行同化完成
2026-04-19 13:25:08,347 - DEBUG - 开始分块并行同化: 4 个块
2026-04-19 13:25:08,348 - DEBUG - 已分割成 4 个块
2026-04-19 13:25:08,406 - DEBUG - 分块并行同化完成
2026-04-19 13:25:08,408 - DEBUG - 开始分块并行同化: 4 个块
2026-04-19 13:25:08,409 - DEBUG - 已分割成 4 个块
2026-04-19 13:25:08,463 - DEBUG - 分块并行同化完成
2026-04-19 13:25:08,465 - DEBUG - 开始分块并行同化: 4 个块
2026-04-19 13:25:08,466 - DEBUG - 已分割成 4 个块
2026-04-19 13:25:08,519 - DEBUG - 分块并行同化完成
2026-04-19 13:25:08,524 - INFO - 
============================================================
2026-04-19 13:25:08,524 - INFO - 基准测试完成
2026-04-19 13:25:08,524 - INFO - ============================================================
