2026-04-19 13:59:03,239 - INFO - 智能迭代规划: medium规模
2026-04-19 13:59:03,239 - INFO -    目标点数: 848,421 点
2026-04-19 13:59:03,239 - INFO -    估算单次耗时: 0.40 秒
2026-04-19 13:59:03,239 - INFO -    计划迭代次数: 7 次
2026-04-19 13:59:03,239 - INFO -    预计总耗时: 2.8 秒
2026-04-19 13:59:03,240 - INFO - MemoryWarning 内存安全检查:
2026-04-19 13:59:03,240 - INFO - 内存安全检查:
2026-04-19 13:59:03,240 - INFO -    单次数据内存需求: 0.05 GB
2026-04-19 13:59:03,240 - INFO -    7次迭代总需求: 0.35 GB
2026-04-19 13:59:03,241 - INFO -    系统可用内存: 5.53 GB
2026-04-19 13:59:03,241 - INFO - 创建 medium 规模合成数据...
2026-04-19 13:59:03,241 - INFO - 创建数据: 201×201×21 = 848,421 点
2026-04-19 13:59:03,241 - INFO - 观测数: 200
2026-04-19 13:59:03,250 - WARNING - 禁用Dask: 数据规模 848,421 点 (< 50M)
2026-04-19 13:59:03,251 - WARNING -    原因: Dask通信开销大于并行收益
2026-04-19 13:59:03,252 - WARNING -    建议: 使用 --size xlarge 或 huge 测试Dask
2026-04-19 13:59:03,252 - INFO - 初始化网格: 201×201×21, 分辨率: 20.0m
2026-04-19 13:59:03,487 - INFO - 数据规模较小 (848,421点)，使用串行计算更高效
2026-04-19 13:59:03,488 - INFO - 初始化网格: 201×201×21, 分辨率: 20.0m
2026-04-19 13:59:03,716 - INFO - 
============================================================
2026-04-19 13:59:03,716 - INFO - 基准测试完成
2026-04-19 13:59:03,717 - INFO - ============================================================
