2026-04-18 22:19:06,878 - INFO - ============================================================
2026-04-18 22:19:06,879 - INFO - 🚀 公平并行计算基准测试
2026-04-18 22:19:06,882 - INFO - ============================================================
2026-04-18 22:19:06,882 - INFO - 系统信息: 28核CPU, 31.7GB内存
2026-04-18 22:19:06,882 - INFO - 数据规模: huge
2026-04-18 22:19:06,882 - INFO - Dask: 启用
2026-04-18 22:19:06,882 - INFO - 迭代次数: 50
2026-04-18 22:19:06,882 - INFO - 📄 详细日志: d:\Developer\workplace\py\iteam\trae\data-assimilation-platform\algorithm_core\examples\..\logs\fair_parallel_20260418_221906.log
2026-04-18 22:19:07,338 - INFO - 🔄 创建Dask集群...
2026-04-18 22:19:07,340 - DEBUG - Using selector: SelectSelector
2026-04-18 22:19:14,128 - INFO - ✅ Dask集群已启动
2026-04-18 22:19:14,130 - INFO - ============================================================
2026-04-18 22:19:14,130 - INFO - 公平并行计算基准测试
2026-04-18 22:19:14,131 - INFO - ============================================================
2026-04-18 22:19:14,131 - INFO - 
📊 数据规模: 巨规模 (7km x 7km x 400m, ~485,000点)
2026-04-18 22:19:14,132 - INFO -    域大小: (7000, 7000, 400)
2026-04-18 22:19:14,132 - INFO -    分辨率: 35.0m
2026-04-18 22:19:14,132 - INFO -    观测数: 500
2026-04-18 22:19:14,132 - INFO -    分块数: 8
2026-04-18 22:19:14,132 - INFO -    迭代次数: 5
2026-04-18 22:19:14,132 - INFO - 
🔄 创建共享数据...
2026-04-18 22:19:14,133 - INFO - 创建数据: 201×201×12 = 484,812 点
2026-04-18 22:19:14,133 - INFO - 观测数: 500
2026-04-18 22:19:14,138 - INFO -    数据创建耗时: 0.00秒
2026-04-18 22:19:14,138 - INFO - 
⚠️ 跳过串行计算（数据规模过大）
2026-04-18 22:19:14,139 - INFO - 
============================================================
2026-04-18 22:19:14,139 - INFO - 分块并行计算 ( Block Parallel, 8 blocks, 5次迭代 )
2026-04-18 22:19:14,139 - INFO - ============================================================
2026-04-18 22:19:14,142 - INFO - 初始化网格: 141×141×9, 分辨率: 50.0m
2026-04-18 22:19:14,244 - INFO - 分块并行计算: 8 个块
2026-04-18 22:19:14,245 - INFO - 初始化网格: 1×5×1, 分辨率: 50.0m
2026-04-18 22:19:14,250 - INFO - 初始化网格: 1×5×1, 分辨率: 50.0m
2026-04-18 22:19:14,253 - INFO - 初始化网格: 1×5×1, 分辨率: 50.0m
2026-04-18 22:19:14,257 - INFO - 初始化网格: 1×5×1, 分辨率: 50.0m
2026-04-18 22:19:14,261 - INFO - 初始化网格: 1×5×1, 分辨率: 50.0m
2026-04-18 22:19:14,267 - INFO - 3DVAR同化完成，观测数: 106
2026-04-18 22:19:14,270 - INFO - 初始化网格: 1×5×1, 分辨率: 50.0m
2026-04-18 22:19:14,270 - INFO - 3DVAR同化完成，观测数: 86
2026-04-18 22:19:14,280 - INFO - 3DVAR同化完成，观测数: 91
2026-04-18 22:19:14,284 - INFO - 3DVAR同化完成，观测数: 84
2026-04-18 22:19:14,287 - INFO - 3DVAR同化完成，观测数: 92
2026-04-18 22:19:14,290 - INFO - 3DVAR同化完成，观测数: 41
2026-04-18 22:19:14,296 - INFO - 分块并行计算完成，耗时: 0.05秒
2026-04-18 22:19:14,298 - INFO - 分块并行计算: 8 个块
2026-04-18 22:19:14,299 - INFO - 初始化网格: 1×5×1, 分辨率: 50.0m
2026-04-18 22:19:14,303 - INFO - 初始化网格: 1×5×1, 分辨率: 50.0m
2026-04-18 22:19:14,306 - INFO - 初始化网格: 1×5×1, 分辨率: 50.0m
2026-04-18 22:19:14,312 - INFO - 初始化网格: 1×5×1, 分辨率: 50.0m
2026-04-18 22:19:14,315 - INFO - 初始化网格: 1×5×1, 分辨率: 50.0m
2026-04-18 22:19:14,319 - INFO - 3DVAR同化完成，观测数: 106
2026-04-18 22:19:14,324 - INFO - 初始化网格: 1×5×1, 分辨率: 50.0m
2026-04-18 22:19:14,324 - INFO - 3DVAR同化完成，观测数: 86
2026-04-18 22:19:14,341 - INFO - 3DVAR同化完成，观测数: 84
2026-04-18 22:19:14,341 - INFO - 3DVAR同化完成，观测数: 91
2026-04-18 22:19:14,344 - INFO - 3DVAR同化完成，观测数: 92
2026-04-18 22:19:14,345 - INFO - 3DVAR同化完成，观测数: 41
2026-04-18 22:19:14,350 - INFO - 分块并行计算完成，耗时: 0.05秒
2026-04-18 22:19:14,352 - INFO - 分块并行计算: 8 个块
2026-04-18 22:19:14,354 - INFO - 初始化网格: 1×5×1, 分辨率: 50.0m
2026-04-18 22:19:14,358 - INFO - 初始化网格: 1×5×1, 分辨率: 50.0m
2026-04-18 22:19:14,362 - INFO - 初始化网格: 1×5×1, 分辨率: 50.0m
2026-04-18 22:19:14,368 - INFO - 初始化网格: 1×5×1, 分辨率: 50.0m
2026-04-18 22:19:14,369 - INFO - 3DVAR同化完成，观测数: 106
2026-04-18 22:19:14,372 - INFO - 初始化网格: 1×5×1, 分辨率: 50.0m
2026-04-18 22:19:14,379 - INFO - 初始化网格: 1×5×1, 分辨率: 50.0m
2026-04-18 22:19:14,384 - INFO - 3DVAR同化完成，观测数: 86
2026-04-18 22:19:14,401 - INFO - 3DVAR同化完成，观测数: 84
2026-04-18 22:19:14,401 - INFO - 3DVAR同化完成，观测数: 91
2026-04-18 22:19:14,402 - INFO - 3DVAR同化完成，观测数: 92
2026-04-18 22:19:14,402 - INFO - 3DVAR同化完成，观测数: 41
2026-04-18 22:19:14,408 - INFO - 分块并行计算完成，耗时: 0.06秒
2026-04-18 22:19:14,410 - INFO - 分块并行计算: 8 个块
2026-04-18 22:19:14,412 - INFO - 初始化网格: 1×5×1, 分辨率: 50.0m
2026-04-18 22:19:14,416 - INFO - 初始化网格: 1×5×1, 分辨率: 50.0m
2026-04-18 22:19:14,420 - INFO - 初始化网格: 1×5×1, 分辨率: 50.0m
2026-04-18 22:19:14,425 - INFO - 初始化网格: 1×5×1, 分辨率: 50.0m
2026-04-18 22:19:14,432 - INFO - 3DVAR同化完成，观测数: 106
2026-04-18 22:19:14,432 - INFO - 初始化网格: 1×5×1, 分辨率: 50.0m
2026-04-18 22:19:14,433 - INFO - 初始化网格: 1×5×1, 分辨率: 50.0m
2026-04-18 22:19:14,446 - INFO - 3DVAR同化完成，观测数: 86
2026-04-18 22:19:14,449 - INFO - 3DVAR同化完成，观测数: 84
2026-04-18 22:19:14,450 - INFO - 3DVAR同化完成，观测数: 91
2026-04-18 22:19:14,454 - INFO - 3DVAR同化完成，观测数: 92
2026-04-18 22:19:14,456 - INFO - 3DVAR同化完成，观测数: 41
2026-04-18 22:19:14,462 - INFO - 分块并行计算完成，耗时: 0.05秒
2026-04-18 22:19:14,464 - INFO - 分块并行计算: 8 个块
2026-04-18 22:19:14,465 - INFO - 初始化网格: 1×5×1, 分辨率: 50.0m
2026-04-18 22:19:14,470 - INFO - 初始化网格: 1×5×1, 分辨率: 50.0m
2026-04-18 22:19:14,488 - INFO - 初始化网格: 1×5×1, 分辨率: 50.0m
2026-04-18 22:19:14,503 - INFO - 初始化网格: 1×5×1, 分辨率: 50.0m
2026-04-18 22:19:14,511 - INFO - 3DVAR同化完成，观测数: 106
2026-04-18 22:19:14,511 - INFO - 初始化网格: 1×5×1, 分辨率: 50.0m
2026-04-18 22:19:14,512 - INFO - 初始化网格: 1×5×1, 分辨率: 50.0m
2026-04-18 22:19:14,517 - INFO - 3DVAR同化完成，观测数: 86
2026-04-18 22:19:14,526 - INFO - 3DVAR同化完成，观测数: 84
2026-04-18 22:19:14,526 - INFO - 3DVAR同化完成，观测数: 91
2026-04-18 22:19:14,533 - INFO - 3DVAR同化完成，观测数: 92
2026-04-18 22:19:14,533 - INFO - 3DVAR同化完成，观测数: 41
2026-04-18 22:19:14,538 - INFO - 分块并行计算完成，耗时: 0.07秒
2026-04-18 22:19:14,645 - INFO - ✅ 分块并行计算完成
2026-04-18 22:19:14,709 - INFO -    耗时: 0.40秒
2026-04-18 22:19:14,709 - INFO -    分析场形状: (201, 201, 12)
2026-04-18 22:19:14,710 - INFO -    平均方差: 1.7445
2026-04-18 22:19:14,710 - INFO -    资源使用: CPU 83.6%, 内存 79.2%
2026-04-18 22:19:14,711 - INFO - ============================================================
2026-04-18 22:19:14,711 - INFO - Dask并行计算 ( 5次迭代 )
2026-04-18 22:19:14,711 - INFO - ============================================================
2026-04-18 22:19:15,766 - INFO - ✅ Dask可用: 版本 2026.3.0
2026-04-18 22:19:15,767 - INFO - 初始化网格: 141×141×9, 分辨率: 50.0m
2026-04-18 22:19:15,768 - INFO - ✅ 使用现有Dask集群
2026-04-18 22:19:15,913 - INFO - 3DVAR同化完成，观测数: 500
2026-04-18 22:19:15,915 - INFO - 并行计算耗时: 0.04秒
2026-04-18 22:19:15,961 - INFO - 3DVAR同化完成，观测数: 500
2026-04-18 22:19:15,963 - INFO - 并行计算耗时: 0.05秒
2026-04-18 22:19:16,017 - INFO - 3DVAR同化完成，观测数: 500
2026-04-18 22:19:16,018 - INFO - 并行计算耗时: 0.06秒
2026-04-18 22:19:16,058 - INFO - 3DVAR同化完成，观测数: 500
2026-04-18 22:19:16,059 - INFO - 并行计算耗时: 0.04秒
2026-04-18 22:19:16,192 - INFO - 3DVAR同化完成，观测数: 500
2026-04-18 22:19:16,194 - INFO - 并行计算耗时: 0.13秒
2026-04-18 22:19:16,296 - INFO - ✅ Dask并行计算完成
2026-04-18 22:19:16,297 - INFO -    耗时: 0.43秒
2026-04-18 22:19:16,297 - INFO -    分析场形状: (201, 201, 12)
2026-04-18 22:19:16,298 - INFO -    平均方差: 2.2482
2026-04-18 22:19:16,298 - INFO -    资源使用: CPU 39.0%, 内存 79.7%
2026-04-18 22:19:16,299 - INFO - 
============================================================
2026-04-18 22:19:16,300 - INFO - 📈 性能对比 (使用相同数据规模)
2026-04-18 22:19:16,301 - INFO - ============================================================
2026-04-18 22:19:16,301 - INFO - 
并行方法对比:
2026-04-18 22:19:16,301 - INFO -    分块并行耗时: 0.40秒
2026-04-18 22:19:16,301 - INFO -    Dask并行耗时: 0.43秒
2026-04-18 22:19:16,301 - INFO -    Dask加速比: 0.94x
2026-04-18 22:19:16,301 - INFO - 
成功测试数: 2/3
2026-04-18 22:19:16,301 - INFO - 
============================================================
2026-04-18 22:19:16,301 - INFO - 💡 分析说明
2026-04-18 22:19:16,303 - INFO - ============================================================
2026-04-18 22:19:16,303 - INFO - 1. 串行和并行使用完全相同的数据规模，确保公平对比
2026-04-18 22:19:16,303 - INFO - 2. 并行计算的优势在于多核并行处理
2026-04-18 22:19:16,303 - INFO - 3. 并行效率 = 加速比 / 核心数，理想值为100%
2026-04-18 22:19:16,303 - INFO - 4. 如果并行效率低，可能原因:
2026-04-18 22:19:16,303 - INFO -    - 数据规模太小，并行开销大于并行收益
2026-04-18 22:19:16,303 - INFO -    - 同步/通信开销过大
2026-04-18 22:19:16,303 - INFO -    - 内存带宽瓶颈
2026-04-18 22:19:16,303 - INFO - 5. 对于巨规模数据，Dask的内存管理和分布式计算优势更明显
2026-04-18 22:19:18,453 - INFO - ✅ Dask集群已关闭
2026-04-18 22:19:18,454 - INFO - 
============================================================
2026-04-18 22:19:18,454 - INFO - 🎉 基准测试完成
2026-04-18 22:19:18,454 - INFO - ============================================================
