2026-04-19 14:57:44,155 - INFO - 智能迭代规划: medium规模
2026-04-19 14:57:44,155 - INFO -    目标点数: 848,421 点
2026-04-19 14:57:44,155 - INFO -    估算单次耗时: 0.40 秒
2026-04-19 14:57:44,156 - INFO -    计划迭代次数: 7 次
2026-04-19 14:57:44,156 - INFO -    预计总耗时: 2.8 秒
2026-04-19 14:57:44,156 - INFO - MemoryWarning 内存安全检查:
2026-04-19 14:57:44,156 - INFO - 内存安全检查:
2026-04-19 14:57:44,156 - INFO -    单次数据内存需求: 0.05 GB
2026-04-19 14:57:44,157 - INFO -    7次迭代总需求: 0.35 GB
2026-04-19 14:57:44,157 - INFO -    系统可用内存: 5.26 GB
2026-04-19 14:57:44,157 - INFO - 创建 medium 规模合成数据...
2026-04-19 14:57:44,157 - INFO - 创建数据: 201×201×21 = 848,421 点
2026-04-19 14:57:44,157 - INFO - 观测数: 200
2026-04-19 14:57:44,163 - WARNING - 禁用Dask: 数据规模 848,421 点 (< 50M)
2026-04-19 14:57:44,163 - WARNING -    原因: Dask通信开销大于并行收益
2026-04-19 14:57:44,163 - WARNING -    建议: 使用 --size xlarge 或 huge 测试Dask
2026-04-19 14:57:44,164 - INFO - 初始化网格: 201×201×21, 分辨率: 20.0m
2026-04-19 14:57:44,411 - INFO - 智能并行策略选择:
2026-04-19 14:57:44,411 - INFO -   数据规模: 848,421点 (0.01GB)
2026-04-19 14:57:44,412 - INFO -   -> 策略: 串行 (数据太小，并行开销大于收益)
2026-04-19 14:57:44,412 - INFO - 初始化网格: 201×201×21, 分辨率: 20.0m
2026-04-19 14:57:44,632 - INFO - 
============================================================
2026-04-19 14:57:44,632 - INFO - 基准测试完成
2026-04-19 14:57:44,632 - INFO - ============================================================
