2026-04-19 09:13:09,199 - INFO - ============================================================
2026-04-19 09:13:09,200 - INFO - 🚀 公平并行计算基准测试
2026-04-19 09:13:09,203 - INFO - ============================================================
2026-04-19 09:13:09,203 - INFO - 系统信息: 28核CPU, 31.7GB内存
2026-04-19 09:13:09,203 - INFO - 数据规模: medium
2026-04-19 09:13:09,203 - INFO - Dask: 启用
2026-04-19 09:13:09,203 - INFO - 迭代次数: 100
2026-04-19 09:13:09,204 - INFO - [日志] 详细日志: d:\Developer\workplace\py\iteam\trae\data-assimilation-platform\algorithm_core\examples\..\logs\fair_parallel_20260419_091309.log
2026-04-19 09:13:09,204 - INFO - ============================================================
2026-04-19 09:13:09,204 - INFO - 公平并行计算基准测试
2026-04-19 09:13:09,204 - INFO - ============================================================
2026-04-19 09:13:09,204 - INFO - 数据规模: 中规模 (2.5km x 2.5km x 250m, ~102,000点)
2026-04-19 09:13:09,204 - INFO -    域大小: (2500, 2500, 250)
2026-04-19 09:13:09,204 - INFO -    分辨率: 25.0m
2026-04-19 09:13:09,204 - INFO -    观测数: 50
2026-04-19 09:13:09,204 - INFO -    分块数: 4
2026-04-19 09:13:09,204 - INFO -    迭代次数: 100
2026-04-19 09:13:09,204 - INFO - 创建共享数据...
2026-04-19 09:13:09,204 - INFO - 创建数据: 101×101×11 = 112,211 点
2026-04-19 09:13:09,204 - INFO - 观测数: 50
2026-04-19 09:13:09,206 - INFO -    数据创建耗时: 0.00秒
2026-04-19 09:13:09,206 - INFO - ============================================================
2026-04-19 09:13:09,206 - INFO - 串行计算 ( 100次迭代 )
2026-04-19 09:13:09,206 - INFO - ============================================================
2026-04-19 09:13:09,206 - INFO - 初始化网格: 51×51×6, 分辨率: 50.0m
2026-04-19 09:13:09,214 - INFO - 3DVAR同化完成，观测数: 50
2026-04-19 09:13:09,217 - INFO - 3DVAR同化完成，观测数: 50
2026-04-19 09:13:09,220 - INFO - 3DVAR同化完成，观测数: 50
2026-04-19 09:13:09,222 - INFO - 3DVAR同化完成，观测数: 50
2026-04-19 09:13:09,226 - INFO - 3DVAR同化完成，观测数: 50
2026-04-19 09:13:09,229 - INFO - 3DVAR同化完成，观测数: 50
2026-04-19 09:13:09,232 - INFO - 3DVAR同化完成，观测数: 50
2026-04-19 09:13:09,235 - INFO - 3DVAR同化完成，观测数: 50
2026-04-19 09:13:09,238 - INFO - 3DVAR同化完成，观测数: 50
2026-04-19 09:13:09,241 - INFO - 3DVAR同化完成，观测数: 50
2026-04-19 09:13:09,244 - INFO - 3DVAR同化完成，观测数: 50
2026-04-19 09:13:09,246 - INFO - 3DVAR同化完成，观测数: 50
2026-04-19 09:13:09,249 - INFO - 3DVAR同化完成，观测数: 50
2026-04-19 09:13:09,252 - INFO - 3DVAR同化完成，观测数: 50
2026-04-19 09:13:09,256 - INFO - 3DVAR同化完成，观测数: 50
2026-04-19 09:13:09,258 - INFO - 3DVAR同化完成，观测数: 50
2026-04-19 09:13:09,261 - INFO - 3DVAR同化完成，观测数: 50
2026-04-19 09:13:09,264 - INFO - 3DVAR同化完成，观测数: 50
2026-04-19 09:13:09,266 - INFO - 3DVAR同化完成，观测数: 50
2026-04-19 09:13:09,269 - INFO - 3DVAR同化完成，观测数: 50
2026-04-19 09:13:09,273 - INFO - 3DVAR同化完成，观测数: 50
2026-04-19 09:13:09,276 - INFO - 3DVAR同化完成，观测数: 50
2026-04-19 09:13:09,278 - INFO - 3DVAR同化完成，观测数: 50
2026-04-19 09:13:09,281 - INFO - 3DVAR同化完成，观测数: 50
2026-04-19 09:13:09,285 - INFO - 3DVAR同化完成，观测数: 50
2026-04-19 09:13:09,288 - INFO - 3DVAR同化完成，观测数: 50
2026-04-19 09:13:09,291 - INFO - 3DVAR同化完成，观测数: 50
2026-04-19 09:13:09,294 - INFO - 3DVAR同化完成，观测数: 50
2026-04-19 09:13:09,297 - INFO - 3DVAR同化完成，观测数: 50
2026-04-19 09:13:09,300 - INFO - 3DVAR同化完成，观测数: 50
2026-04-19 09:13:09,303 - INFO - 3DVAR同化完成，观测数: 50
2026-04-19 09:13:09,305 - INFO - 3DVAR同化完成，观测数: 50
2026-04-19 09:13:09,308 - INFO - 3DVAR同化完成，观测数: 50
2026-04-19 09:13:09,311 - INFO - 3DVAR同化完成，观测数: 50
2026-04-19 09:13:09,314 - INFO - 3DVAR同化完成，观测数: 50
2026-04-19 09:13:09,317 - INFO - 3DVAR同化完成，观测数: 50
2026-04-19 09:13:09,321 - INFO - 3DVAR同化完成，观测数: 50
2026-04-19 09:13:09,326 - INFO - 3DVAR同化完成，观测数: 50
2026-04-19 09:13:09,330 - INFO - 3DVAR同化完成，观测数: 50
2026-04-19 09:13:09,333 - INFO - 3DVAR同化完成，观测数: 50
2026-04-19 09:13:09,337 - INFO - 3DVAR同化完成，观测数: 50
2026-04-19 09:13:09,340 - INFO - 3DVAR同化完成，观测数: 50
2026-04-19 09:13:09,343 - INFO - 3DVAR同化完成，观测数: 50
2026-04-19 09:13:09,347 - INFO - 3DVAR同化完成，观测数: 50
2026-04-19 09:13:09,349 - INFO - 3DVAR同化完成，观测数: 50
2026-04-19 09:13:09,352 - INFO - 3DVAR同化完成，观测数: 50
2026-04-19 09:13:09,354 - INFO - 3DVAR同化完成，观测数: 50
2026-04-19 09:13:09,357 - INFO - 3DVAR同化完成，观测数: 50
2026-04-19 09:13:09,359 - INFO - 3DVAR同化完成，观测数: 50
2026-04-19 09:13:09,362 - INFO - 3DVAR同化完成，观测数: 50
2026-04-19 09:13:09,364 - INFO - 3DVAR同化完成，观测数: 50
2026-04-19 09:13:09,365 - INFO -    已完成 50/100 次迭代
2026-04-19 09:13:09,367 - INFO - 3DVAR同化完成，观测数: 50
2026-04-19 09:13:09,370 - INFO - 3DVAR同化完成，观测数: 50
2026-04-19 09:13:09,373 - INFO - 3DVAR同化完成，观测数: 50
2026-04-19 09:13:09,375 - INFO - 3DVAR同化完成，观测数: 50
2026-04-19 09:13:09,378 - INFO - 3DVAR同化完成，观测数: 50
2026-04-19 09:13:09,380 - INFO - 3DVAR同化完成，观测数: 50
2026-04-19 09:13:09,383 - INFO - 3DVAR同化完成，观测数: 50
2026-04-19 09:13:09,385 - INFO - 3DVAR同化完成，观测数: 50
2026-04-19 09:13:09,388 - INFO - 3DVAR同化完成，观测数: 50
2026-04-19 09:13:09,390 - INFO - 3DVAR同化完成，观测数: 50
2026-04-19 09:13:09,393 - INFO - 3DVAR同化完成，观测数: 50
2026-04-19 09:13:09,396 - INFO - 3DVAR同化完成，观测数: 50
2026-04-19 09:13:09,398 - INFO - 3DVAR同化完成，观测数: 50
2026-04-19 09:13:09,401 - INFO - 3DVAR同化完成，观测数: 50
2026-04-19 09:13:09,404 - INFO - 3DVAR同化完成，观测数: 50
2026-04-19 09:13:09,406 - INFO - 3DVAR同化完成，观测数: 50
2026-04-19 09:13:09,410 - INFO - 3DVAR同化完成，观测数: 50
2026-04-19 09:13:09,413 - INFO - 3DVAR同化完成，观测数: 50
2026-04-19 09:13:09,415 - INFO - 3DVAR同化完成，观测数: 50
2026-04-19 09:13:09,418 - INFO - 3DVAR同化完成，观测数: 50
2026-04-19 09:13:09,420 - INFO - 3DVAR同化完成，观测数: 50
2026-04-19 09:13:09,423 - INFO - 3DVAR同化完成，观测数: 50
2026-04-19 09:13:09,426 - INFO - 3DVAR同化完成，观测数: 50
2026-04-19 09:13:09,428 - INFO - 3DVAR同化完成，观测数: 50
2026-04-19 09:13:09,431 - INFO - 3DVAR同化完成，观测数: 50
2026-04-19 09:13:09,433 - INFO - 3DVAR同化完成，观测数: 50
2026-04-19 09:13:09,436 - INFO - 3DVAR同化完成，观测数: 50
2026-04-19 09:13:09,440 - INFO - 3DVAR同化完成，观测数: 50
2026-04-19 09:13:09,444 - INFO - 3DVAR同化完成，观测数: 50
2026-04-19 09:13:09,448 - INFO - 3DVAR同化完成，观测数: 50
2026-04-19 09:13:09,451 - INFO - 3DVAR同化完成，观测数: 50
2026-04-19 09:13:09,454 - INFO - 3DVAR同化完成，观测数: 50
2026-04-19 09:13:09,457 - INFO - 3DVAR同化完成，观测数: 50
2026-04-19 09:13:09,460 - INFO - 3DVAR同化完成，观测数: 50
2026-04-19 09:13:09,463 - INFO - 3DVAR同化完成，观测数: 50
2026-04-19 09:13:09,466 - INFO - 3DVAR同化完成，观测数: 50
2026-04-19 09:13:09,470 - INFO - 3DVAR同化完成，观测数: 50
2026-04-19 09:13:09,473 - INFO - 3DVAR同化完成，观测数: 50
2026-04-19 09:13:09,476 - INFO - 3DVAR同化完成，观测数: 50
2026-04-19 09:13:09,479 - INFO - 3DVAR同化完成，观测数: 50
2026-04-19 09:13:09,482 - INFO - 3DVAR同化完成，观测数: 50
2026-04-19 09:13:09,485 - INFO - 3DVAR同化完成，观测数: 50
2026-04-19 09:13:09,489 - INFO - 3DVAR同化完成，观测数: 50
2026-04-19 09:13:09,492 - INFO - 3DVAR同化完成，观测数: 50
2026-04-19 09:13:09,495 - INFO - 3DVAR同化完成，观测数: 50
2026-04-19 09:13:09,498 - INFO - 3DVAR同化完成，观测数: 50
2026-04-19 09:13:09,501 - INFO - 3DVAR同化完成，观测数: 50
2026-04-19 09:13:09,505 - INFO - 3DVAR同化完成，观测数: 50
2026-04-19 09:13:09,509 - INFO - 3DVAR同化完成，观测数: 50
2026-04-19 09:13:09,510 - INFO - 串行计算完成
2026-04-19 09:13:09,510 - INFO -    耗时: 0.30秒
2026-04-19 09:13:09,510 - INFO -    分析场形状: (101, 101, 11)
2026-04-19 09:13:09,510 - INFO -    平均方差: 2.2492
2026-04-19 09:13:09,510 - INFO -    资源使用: CPU 47.2%, 内存 87.0%
2026-04-19 09:13:09,511 - INFO - 
============================================================
2026-04-19 09:13:09,511 - INFO - 分块并行计算 ( 4 blocks, 100次迭代 )
2026-04-19 09:13:09,511 - INFO - ============================================================
2026-04-19 09:13:09,513 - INFO - 初始化网格: 51×51×6, 分辨率: 50.0m
2026-04-19 09:13:09,514 - INFO - 分块并行计算: 4 个块
2026-04-19 09:13:09,519 - INFO - 3DVAR同化完成，观测数: 29
2026-04-19 09:13:09,520 - INFO - 3DVAR同化完成，观测数: 21
2026-04-19 09:13:09,521 - INFO - 分块并行计算完成，耗时: 0.01秒
2026-04-19 09:13:09,521 - INFO - 分块并行计算: 4 个块
2026-04-19 09:13:09,524 - INFO - 3DVAR同化完成，观测数: 29
2026-04-19 09:13:09,525 - INFO - 3DVAR同化完成，观测数: 21
2026-04-19 09:13:09,526 - INFO - 分块并行计算完成，耗时: 0.00秒
2026-04-19 09:13:09,526 - INFO - 分块并行计算: 4 个块
2026-04-19 09:13:09,533 - INFO - 3DVAR同化完成，观测数: 29
2026-04-19 09:13:09,536 - INFO - 3DVAR同化完成，观测数: 21
2026-04-19 09:13:09,537 - INFO - 分块并行计算完成，耗时: 0.01秒
2026-04-19 09:13:09,538 - INFO - 分块并行计算: 4 个块
2026-04-19 09:13:09,547 - INFO - 3DVAR同化完成，观测数: 21
2026-04-19 09:13:09,547 - INFO - 3DVAR同化完成，观测数: 29
2026-04-19 09:13:09,549 - INFO - 分块并行计算完成，耗时: 0.01秒
2026-04-19 09:13:09,549 - INFO - 分块并行计算: 4 个块
2026-04-19 09:13:09,553 - INFO - 3DVAR同化完成，观测数: 21
2026-04-19 09:13:09,553 - INFO - 3DVAR同化完成，观测数: 29
2026-04-19 09:13:09,555 - INFO - 分块并行计算完成，耗时: 0.01秒
2026-04-19 09:13:09,555 - INFO - 分块并行计算: 4 个块
2026-04-19 09:13:09,559 - INFO - 3DVAR同化完成，观测数: 29
2026-04-19 09:13:09,559 - INFO - 3DVAR同化完成，观测数: 21
2026-04-19 09:13:09,560 - INFO - 分块并行计算完成，耗时: 0.01秒
2026-04-19 09:13:09,560 - INFO - 分块并行计算: 4 个块
2026-04-19 09:13:09,564 - INFO - 3DVAR同化完成，观测数: 29
2026-04-19 09:13:09,564 - INFO - 3DVAR同化完成，观测数: 21
2026-04-19 09:13:09,565 - INFO - 分块并行计算完成，耗时: 0.00秒
2026-04-19 09:13:09,566 - INFO - 分块并行计算: 4 个块
2026-04-19 09:13:09,569 - INFO - 3DVAR同化完成，观测数: 29
2026-04-19 09:13:09,570 - INFO - 3DVAR同化完成，观测数: 21
2026-04-19 09:13:09,571 - INFO - 分块并行计算完成，耗时: 0.01秒
2026-04-19 09:13:09,571 - INFO - 分块并行计算: 4 个块
2026-04-19 09:13:09,574 - INFO - 3DVAR同化完成，观测数: 29
2026-04-19 09:13:09,574 - INFO - 3DVAR同化完成，观测数: 21
2026-04-19 09:13:09,576 - INFO - 分块并行计算完成，耗时: 0.00秒
2026-04-19 09:13:09,576 - INFO - 分块并行计算: 4 个块
2026-04-19 09:13:09,579 - INFO - 3DVAR同化完成，观测数: 29
2026-04-19 09:13:09,579 - INFO - 3DVAR同化完成，观测数: 21
2026-04-19 09:13:09,580 - INFO - 分块并行计算完成，耗时: 0.00秒
2026-04-19 09:13:09,580 - INFO - 分块并行计算: 4 个块
2026-04-19 09:13:09,583 - INFO - 3DVAR同化完成，观测数: 29
2026-04-19 09:13:09,584 - INFO - 3DVAR同化完成，观测数: 21
2026-04-19 09:13:09,585 - INFO - 分块并行计算完成，耗时: 0.01秒
2026-04-19 09:13:09,586 - INFO - 分块并行计算: 4 个块
2026-04-19 09:13:09,589 - INFO - 3DVAR同化完成，观测数: 29
2026-04-19 09:13:09,589 - INFO - 3DVAR同化完成，观测数: 21
2026-04-19 09:13:09,590 - INFO - 分块并行计算完成，耗时: 0.00秒
2026-04-19 09:13:09,590 - INFO - 分块并行计算: 4 个块
2026-04-19 09:13:09,594 - INFO - 3DVAR同化完成，观测数: 29
2026-04-19 09:13:09,594 - INFO - 3DVAR同化完成，观测数: 21
2026-04-19 09:13:09,596 - INFO - 分块并行计算完成，耗时: 0.01秒
2026-04-19 09:13:09,597 - INFO - 分块并行计算: 4 个块
2026-04-19 09:13:09,600 - INFO - 3DVAR同化完成，观测数: 29
2026-04-19 09:13:09,600 - INFO - 3DVAR同化完成，观测数: 21
2026-04-19 09:13:09,601 - INFO - 分块并行计算完成，耗时: 0.00秒
2026-04-19 09:13:09,601 - INFO - 分块并行计算: 4 个块
2026-04-19 09:13:09,605 - INFO - 3DVAR同化完成，观测数: 29
2026-04-19 09:13:09,605 - INFO - 3DVAR同化完成，观测数: 21
2026-04-19 09:13:09,606 - INFO - 分块并行计算完成，耗时: 0.00秒
2026-04-19 09:13:09,606 - INFO - 分块并行计算: 4 个块
2026-04-19 09:13:09,609 - INFO - 3DVAR同化完成，观测数: 29
2026-04-19 09:13:09,609 - INFO - 3DVAR同化完成，观测数: 21
2026-04-19 09:13:09,610 - INFO - 分块并行计算完成，耗时: 0.00秒
2026-04-19 09:13:09,610 - INFO - 分块并行计算: 4 个块
2026-04-19 09:13:09,614 - INFO - 3DVAR同化完成，观测数: 21
2026-04-19 09:13:09,615 - INFO - 3DVAR同化完成，观测数: 29
2026-04-19 09:13:09,616 - INFO - 分块并行计算完成，耗时: 0.01秒
2026-04-19 09:13:09,616 - INFO - 分块并行计算: 4 个块
2026-04-19 09:13:09,619 - INFO - 3DVAR同化完成，观测数: 29
2026-04-19 09:13:09,619 - INFO - 3DVAR同化完成，观测数: 21
2026-04-19 09:13:09,621 - INFO - 分块并行计算完成，耗时: 0.00秒
2026-04-19 09:13:09,621 - INFO - 分块并行计算: 4 个块
2026-04-19 09:13:09,624 - INFO - 3DVAR同化完成，观测数: 29
2026-04-19 09:13:09,624 - INFO - 3DVAR同化完成，观测数: 21
2026-04-19 09:13:09,625 - INFO - 分块并行计算完成，耗时: 0.00秒
2026-04-19 09:13:09,626 - INFO - 分块并行计算: 4 个块
2026-04-19 09:13:09,629 - INFO - 3DVAR同化完成，观测数: 29
2026-04-19 09:13:09,629 - INFO - 3DVAR同化完成，观测数: 21
2026-04-19 09:13:09,630 - INFO - 分块并行计算完成，耗时: 0.00秒
2026-04-19 09:13:09,630 - INFO - 分块并行计算: 4 个块
2026-04-19 09:13:09,633 - INFO - 3DVAR同化完成，观测数: 29
2026-04-19 09:13:09,633 - INFO - 3DVAR同化完成，观测数: 21
2026-04-19 09:13:09,634 - INFO - 分块并行计算完成，耗时: 0.00秒
2026-04-19 09:13:09,635 - INFO - 分块并行计算: 4 个块
2026-04-19 09:13:09,638 - INFO - 3DVAR同化完成，观测数: 29
2026-04-19 09:13:09,638 - INFO - 3DVAR同化完成，观测数: 21
2026-04-19 09:13:09,639 - INFO - 分块并行计算完成，耗时: 0.00秒
2026-04-19 09:13:09,639 - INFO - 分块并行计算: 4 个块
2026-04-19 09:13:09,642 - INFO - 3DVAR同化完成，观测数: 29
2026-04-19 09:13:09,642 - INFO - 3DVAR同化完成，观测数: 21
2026-04-19 09:13:09,644 - INFO - 分块并行计算完成，耗时: 0.00秒
2026-04-19 09:13:09,644 - INFO - 分块并行计算: 4 个块
2026-04-19 09:13:09,646 - INFO - 3DVAR同化完成，观测数: 29
2026-04-19 09:13:09,647 - INFO - 3DVAR同化完成，观测数: 21
2026-04-19 09:13:09,648 - INFO - 分块并行计算完成，耗时: 0.00秒
2026-04-19 09:13:09,648 - INFO - 分块并行计算: 4 个块
2026-04-19 09:13:09,651 - INFO - 3DVAR同化完成，观测数: 29
2026-04-19 09:13:09,651 - INFO - 3DVAR同化完成，观测数: 21
2026-04-19 09:13:09,652 - INFO - 分块并行计算完成，耗时: 0.00秒
2026-04-19 09:13:09,652 - INFO - 分块并行计算: 4 个块
2026-04-19 09:13:09,655 - INFO - 3DVAR同化完成，观测数: 29
2026-04-19 09:13:09,655 - INFO - 3DVAR同化完成，观测数: 21
2026-04-19 09:13:09,656 - INFO - 分块并行计算完成，耗时: 0.00秒
2026-04-19 09:13:09,657 - INFO - 分块并行计算: 4 个块
2026-04-19 09:13:09,659 - INFO - 3DVAR同化完成，观测数: 29
2026-04-19 09:13:09,660 - INFO - 3DVAR同化完成，观测数: 21
2026-04-19 09:13:09,661 - INFO - 分块并行计算完成，耗时: 0.00秒
2026-04-19 09:13:09,661 - INFO - 分块并行计算: 4 个块
2026-04-19 09:13:09,664 - INFO - 3DVAR同化完成，观测数: 29
2026-04-19 09:13:09,664 - INFO - 3DVAR同化完成，观测数: 21
2026-04-19 09:13:09,666 - INFO - 分块并行计算完成，耗时: 0.00秒
2026-04-19 09:13:09,666 - INFO - 分块并行计算: 4 个块
2026-04-19 09:13:09,669 - INFO - 3DVAR同化完成，观测数: 29
2026-04-19 09:13:09,669 - INFO - 3DVAR同化完成，观测数: 21
2026-04-19 09:13:09,670 - INFO - 分块并行计算完成，耗时: 0.00秒
2026-04-19 09:13:09,670 - INFO - 分块并行计算: 4 个块
2026-04-19 09:13:09,673 - INFO - 3DVAR同化完成，观测数: 29
2026-04-19 09:13:09,673 - INFO - 3DVAR同化完成，观测数: 21
2026-04-19 09:13:09,674 - INFO - 分块并行计算完成，耗时: 0.00秒
2026-04-19 09:13:09,674 - INFO - 分块并行计算: 4 个块
2026-04-19 09:13:09,678 - INFO - 3DVAR同化完成，观测数: 29
2026-04-19 09:13:09,678 - INFO - 3DVAR同化完成，观测数: 21
2026-04-19 09:13:09,679 - INFO - 分块并行计算完成，耗时: 0.00秒
2026-04-19 09:13:09,679 - INFO - 分块并行计算: 4 个块
2026-04-19 09:13:09,682 - INFO - 3DVAR同化完成，观测数: 29
2026-04-19 09:13:09,682 - INFO - 3DVAR同化完成，观测数: 21
2026-04-19 09:13:09,683 - INFO - 分块并行计算完成，耗时: 0.00秒
2026-04-19 09:13:09,683 - INFO - 分块并行计算: 4 个块
2026-04-19 09:13:09,686 - INFO - 3DVAR同化完成，观测数: 29
2026-04-19 09:13:09,687 - INFO - 3DVAR同化完成，观测数: 21
2026-04-19 09:13:09,688 - INFO - 分块并行计算完成，耗时: 0.00秒
2026-04-19 09:13:09,688 - INFO - 分块并行计算: 4 个块
2026-04-19 09:13:09,691 - INFO - 3DVAR同化完成，观测数: 21
2026-04-19 09:13:09,691 - INFO - 3DVAR同化完成，观测数: 29
2026-04-19 09:13:09,692 - INFO - 分块并行计算完成，耗时: 0.00秒
2026-04-19 09:13:09,693 - INFO - 分块并行计算: 4 个块
2026-04-19 09:13:09,696 - INFO - 3DVAR同化完成，观测数: 29
2026-04-19 09:13:09,697 - INFO - 3DVAR同化完成，观测数: 21
2026-04-19 09:13:09,698 - INFO - 分块并行计算完成，耗时: 0.01秒
2026-04-19 09:13:09,698 - INFO - 分块并行计算: 4 个块
2026-04-19 09:13:09,702 - INFO - 3DVAR同化完成，观测数: 29
2026-04-19 09:13:09,703 - INFO - 3DVAR同化完成，观测数: 21
2026-04-19 09:13:09,704 - INFO - 分块并行计算完成，耗时: 0.01秒
2026-04-19 09:13:09,705 - INFO - 分块并行计算: 4 个块
2026-04-19 09:13:09,708 - INFO - 3DVAR同化完成，观测数: 29
2026-04-19 09:13:09,709 - INFO - 3DVAR同化完成，观测数: 21
2026-04-19 09:13:09,710 - INFO - 分块并行计算完成，耗时: 0.01秒
2026-04-19 09:13:09,710 - INFO - 分块并行计算: 4 个块
2026-04-19 09:13:09,713 - INFO - 3DVAR同化完成，观测数: 29
2026-04-19 09:13:09,713 - INFO - 3DVAR同化完成，观测数: 21
2026-04-19 09:13:09,714 - INFO - 分块并行计算完成，耗时: 0.00秒
2026-04-19 09:13:09,714 - INFO - 分块并行计算: 4 个块
2026-04-19 09:13:09,717 - INFO - 3DVAR同化完成，观测数: 29
2026-04-19 09:13:09,718 - INFO - 3DVAR同化完成，观测数: 21
2026-04-19 09:13:09,719 - INFO - 分块并行计算完成，耗时: 0.01秒
2026-04-19 09:13:09,720 - INFO - 分块并行计算: 4 个块
2026-04-19 09:13:09,722 - INFO - 3DVAR同化完成，观测数: 29
2026-04-19 09:13:09,723 - INFO - 3DVAR同化完成，观测数: 21
2026-04-19 09:13:09,724 - INFO - 分块并行计算完成，耗时: 0.00秒
2026-04-19 09:13:09,724 - INFO - 分块并行计算: 4 个块
2026-04-19 09:13:09,728 - INFO - 3DVAR同化完成，观测数: 29
2026-04-19 09:13:09,728 - INFO - 3DVAR同化完成，观测数: 21
2026-04-19 09:13:09,729 - INFO - 分块并行计算完成，耗时: 0.00秒
2026-04-19 09:13:09,729 - INFO - 分块并行计算: 4 个块
2026-04-19 09:13:09,732 - INFO - 3DVAR同化完成，观测数: 29
2026-04-19 09:13:09,733 - INFO - 3DVAR同化完成，观测数: 21
2026-04-19 09:13:09,734 - INFO - 分块并行计算完成，耗时: 0.00秒
2026-04-19 09:13:09,734 - INFO - 分块并行计算: 4 个块
2026-04-19 09:13:09,738 - INFO - 3DVAR同化完成，观测数: 29
2026-04-19 09:13:09,739 - INFO - 3DVAR同化完成，观测数: 21
2026-04-19 09:13:09,741 - INFO - 分块并行计算完成，耗时: 0.01秒
2026-04-19 09:13:09,741 - INFO - 分块并行计算: 4 个块
2026-04-19 09:13:09,748 - INFO - 3DVAR同化完成，观测数: 29
2026-04-19 09:13:09,750 - INFO - 3DVAR同化完成，观测数: 21
2026-04-19 09:13:09,751 - INFO - 分块并行计算完成，耗时: 0.01秒
2026-04-19 09:13:09,751 - INFO - 分块并行计算: 4 个块
2026-04-19 09:13:09,757 - INFO - 3DVAR同化完成，观测数: 21
2026-04-19 09:13:09,757 - INFO - 3DVAR同化完成，观测数: 29
2026-04-19 09:13:09,759 - INFO - 分块并行计算完成，耗时: 0.01秒
2026-04-19 09:13:09,759 - INFO - 分块并行计算: 4 个块
2026-04-19 09:13:09,762 - INFO - 3DVAR同化完成，观测数: 29
2026-04-19 09:13:09,763 - INFO - 3DVAR同化完成，观测数: 21
2026-04-19 09:13:09,764 - INFO - 分块并行计算完成，耗时: 0.00秒
2026-04-19 09:13:09,764 - INFO - 分块并行计算: 4 个块
2026-04-19 09:13:09,768 - INFO - 3DVAR同化完成，观测数: 29
2026-04-19 09:13:09,768 - INFO - 3DVAR同化完成，观测数: 21
2026-04-19 09:13:09,770 - INFO - 分块并行计算完成，耗时: 0.01秒
2026-04-19 09:13:09,770 - INFO - 分块并行计算: 4 个块
2026-04-19 09:13:09,773 - INFO - 3DVAR同化完成，观测数: 29
2026-04-19 09:13:09,773 - INFO - 3DVAR同化完成，观测数: 21
2026-04-19 09:13:09,775 - INFO - 分块并行计算完成，耗时: 0.00秒
2026-04-19 09:13:09,775 - INFO - 分块并行计算: 4 个块
2026-04-19 09:13:09,779 - INFO - 3DVAR同化完成，观测数: 29
2026-04-19 09:13:09,779 - INFO - 3DVAR同化完成，观测数: 21
2026-04-19 09:13:09,781 - INFO - 分块并行计算完成，耗时: 0.01秒
2026-04-19 09:13:09,781 - INFO - 分块并行计算: 4 个块
2026-04-19 09:13:09,784 - INFO - 3DVAR同化完成，观测数: 29
2026-04-19 09:13:09,785 - INFO - 3DVAR同化完成，观测数: 21
2026-04-19 09:13:09,786 - INFO - 分块并行计算完成，耗时: 0.00秒
2026-04-19 09:13:09,786 - INFO - 分块并行计算: 4 个块
2026-04-19 09:13:09,789 - INFO - 3DVAR同化完成，观测数: 29
2026-04-19 09:13:09,790 - INFO - 3DVAR同化完成，观测数: 21
2026-04-19 09:13:09,791 - INFO - 分块并行计算完成，耗时: 0.00秒
2026-04-19 09:13:09,791 - INFO -    已完成 50/100 次迭代
2026-04-19 09:13:09,791 - INFO - 分块并行计算: 4 个块
2026-04-19 09:13:09,793 - INFO - 3DVAR同化完成，观测数: 29
2026-04-19 09:13:09,794 - INFO - 3DVAR同化完成，观测数: 21
2026-04-19 09:13:09,795 - INFO - 分块并行计算完成，耗时: 0.00秒
2026-04-19 09:13:09,795 - INFO - 分块并行计算: 4 个块
2026-04-19 09:13:09,799 - INFO - 3DVAR同化完成，观测数: 29
2026-04-19 09:13:09,800 - INFO - 3DVAR同化完成，观测数: 21
2026-04-19 09:13:09,801 - INFO - 分块并行计算完成，耗时: 0.01秒
2026-04-19 09:13:09,801 - INFO - 分块并行计算: 4 个块
2026-04-19 09:13:09,806 - INFO - 3DVAR同化完成，观测数: 29
2026-04-19 09:13:09,806 - INFO - 3DVAR同化完成，观测数: 21
2026-04-19 09:13:09,807 - INFO - 分块并行计算完成，耗时: 0.01秒
2026-04-19 09:13:09,807 - INFO - 分块并行计算: 4 个块
2026-04-19 09:13:09,811 - INFO - 3DVAR同化完成，观测数: 29
2026-04-19 09:13:09,811 - INFO - 3DVAR同化完成，观测数: 21
2026-04-19 09:13:09,812 - INFO - 分块并行计算完成，耗时: 0.00秒
2026-04-19 09:13:09,812 - INFO - 分块并行计算: 4 个块
2026-04-19 09:13:09,816 - INFO - 3DVAR同化完成，观测数: 29
2026-04-19 09:13:09,816 - INFO - 3DVAR同化完成，观测数: 21
2026-04-19 09:13:09,818 - INFO - 分块并行计算完成，耗时: 0.01秒
2026-04-19 09:13:09,818 - INFO - 分块并行计算: 4 个块
2026-04-19 09:13:09,821 - INFO - 3DVAR同化完成，观测数: 29
2026-04-19 09:13:09,821 - INFO - 3DVAR同化完成，观测数: 21
2026-04-19 09:13:09,822 - INFO - 分块并行计算完成，耗时: 0.00秒
2026-04-19 09:13:09,822 - INFO - 分块并行计算: 4 个块
2026-04-19 09:13:09,825 - INFO - 3DVAR同化完成，观测数: 29
2026-04-19 09:13:09,825 - INFO - 3DVAR同化完成，观测数: 21
2026-04-19 09:13:09,826 - INFO - 分块并行计算完成，耗时: 0.00秒
2026-04-19 09:13:09,826 - INFO - 分块并行计算: 4 个块
2026-04-19 09:13:09,830 - INFO - 3DVAR同化完成，观测数: 21
2026-04-19 09:13:09,830 - INFO - 3DVAR同化完成，观测数: 29
2026-04-19 09:13:09,831 - INFO - 分块并行计算完成，耗时: 0.00秒
2026-04-19 09:13:09,831 - INFO - 分块并行计算: 4 个块
2026-04-19 09:13:09,834 - INFO - 3DVAR同化完成，观测数: 29
2026-04-19 09:13:09,835 - INFO - 3DVAR同化完成，观测数: 21
2026-04-19 09:13:09,836 - INFO - 分块并行计算完成，耗时: 0.00秒
2026-04-19 09:13:09,836 - INFO - 分块并行计算: 4 个块
2026-04-19 09:13:09,839 - INFO - 3DVAR同化完成，观测数: 29
2026-04-19 09:13:09,839 - INFO - 3DVAR同化完成，观测数: 21
2026-04-19 09:13:09,840 - INFO - 分块并行计算完成，耗时: 0.00秒
2026-04-19 09:13:09,840 - INFO - 分块并行计算: 4 个块
2026-04-19 09:13:09,843 - INFO - 3DVAR同化完成，观测数: 29
2026-04-19 09:13:09,844 - INFO - 3DVAR同化完成，观测数: 21
2026-04-19 09:13:09,845 - INFO - 分块并行计算完成，耗时: 0.00秒
2026-04-19 09:13:09,845 - INFO - 分块并行计算: 4 个块
2026-04-19 09:13:09,848 - INFO - 3DVAR同化完成，观测数: 21
2026-04-19 09:13:09,848 - INFO - 3DVAR同化完成，观测数: 29
2026-04-19 09:13:09,850 - INFO - 分块并行计算完成，耗时: 0.00秒
2026-04-19 09:13:09,850 - INFO - 分块并行计算: 4 个块
2026-04-19 09:13:09,854 - INFO - 3DVAR同化完成，观测数: 29
2026-04-19 09:13:09,854 - INFO - 3DVAR同化完成，观测数: 21
2026-04-19 09:13:09,855 - INFO - 分块并行计算完成，耗时: 0.01秒
2026-04-19 09:13:09,856 - INFO - 分块并行计算: 4 个块
2026-04-19 09:13:09,859 - INFO - 3DVAR同化完成，观测数: 29
2026-04-19 09:13:09,859 - INFO - 3DVAR同化完成，观测数: 21
2026-04-19 09:13:09,860 - INFO - 分块并行计算完成，耗时: 0.00秒
2026-04-19 09:13:09,860 - INFO - 分块并行计算: 4 个块
2026-04-19 09:13:09,863 - INFO - 3DVAR同化完成，观测数: 29
2026-04-19 09:13:09,864 - INFO - 3DVAR同化完成，观测数: 21
2026-04-19 09:13:09,865 - INFO - 分块并行计算完成，耗时: 0.00秒
2026-04-19 09:13:09,865 - INFO - 分块并行计算: 4 个块
2026-04-19 09:13:09,869 - INFO - 3DVAR同化完成，观测数: 29
2026-04-19 09:13:09,870 - INFO - 3DVAR同化完成，观测数: 21
2026-04-19 09:13:09,871 - INFO - 分块并行计算完成，耗时: 0.01秒
2026-04-19 09:13:09,871 - INFO - 分块并行计算: 4 个块
2026-04-19 09:13:09,874 - INFO - 3DVAR同化完成，观测数: 29
2026-04-19 09:13:09,874 - INFO - 3DVAR同化完成，观测数: 21
2026-04-19 09:13:09,875 - INFO - 分块并行计算完成，耗时: 0.00秒
2026-04-19 09:13:09,875 - INFO - 分块并行计算: 4 个块
2026-04-19 09:13:09,879 - INFO - 3DVAR同化完成，观测数: 29
2026-04-19 09:13:09,879 - INFO - 3DVAR同化完成，观测数: 21
2026-04-19 09:13:09,881 - INFO - 分块并行计算完成，耗时: 0.01秒
2026-04-19 09:13:09,881 - INFO - 分块并行计算: 4 个块
2026-04-19 09:13:09,884 - INFO - 3DVAR同化完成，观测数: 29
2026-04-19 09:13:09,884 - INFO - 3DVAR同化完成，观测数: 21
2026-04-19 09:13:09,885 - INFO - 分块并行计算完成，耗时: 0.00秒
2026-04-19 09:13:09,885 - INFO - 分块并行计算: 4 个块
2026-04-19 09:13:09,889 - INFO - 3DVAR同化完成，观测数: 29
2026-04-19 09:13:09,889 - INFO - 3DVAR同化完成，观测数: 21
2026-04-19 09:13:09,890 - INFO - 分块并行计算完成，耗时: 0.00秒
2026-04-19 09:13:09,890 - INFO - 分块并行计算: 4 个块
2026-04-19 09:13:09,893 - INFO - 3DVAR同化完成，观测数: 29
2026-04-19 09:13:09,894 - INFO - 3DVAR同化完成，观测数: 21
2026-04-19 09:13:09,895 - INFO - 分块并行计算完成，耗时: 0.00秒
2026-04-19 09:13:09,895 - INFO - 分块并行计算: 4 个块
2026-04-19 09:13:09,898 - INFO - 3DVAR同化完成，观测数: 29
2026-04-19 09:13:09,899 - INFO - 3DVAR同化完成，观测数: 21
2026-04-19 09:13:09,900 - INFO - 分块并行计算完成，耗时: 0.01秒
2026-04-19 09:13:09,900 - INFO - 分块并行计算: 4 个块
2026-04-19 09:13:09,903 - INFO - 3DVAR同化完成，观测数: 29
2026-04-19 09:13:09,903 - INFO - 3DVAR同化完成，观测数: 21
2026-04-19 09:13:09,904 - INFO - 分块并行计算完成，耗时: 0.00秒
2026-04-19 09:13:09,904 - INFO - 分块并行计算: 4 个块
2026-04-19 09:13:09,908 - INFO - 3DVAR同化完成，观测数: 29
2026-04-19 09:13:09,908 - INFO - 3DVAR同化完成，观测数: 21
2026-04-19 09:13:09,909 - INFO - 分块并行计算完成，耗时: 0.00秒
2026-04-19 09:13:09,909 - INFO - 分块并行计算: 4 个块
2026-04-19 09:13:09,912 - INFO - 3DVAR同化完成，观测数: 29
2026-04-19 09:13:09,912 - INFO - 3DVAR同化完成，观测数: 21
2026-04-19 09:13:09,913 - INFO - 分块并行计算完成，耗时: 0.00秒
2026-04-19 09:13:09,914 - INFO - 分块并行计算: 4 个块
2026-04-19 09:13:09,916 - INFO - 3DVAR同化完成，观测数: 29
2026-04-19 09:13:09,917 - INFO - 3DVAR同化完成，观测数: 21
2026-04-19 09:13:09,918 - INFO - 分块并行计算完成，耗时: 0.00秒
2026-04-19 09:13:09,918 - INFO - 分块并行计算: 4 个块
2026-04-19 09:13:09,921 - INFO - 3DVAR同化完成，观测数: 29
2026-04-19 09:13:09,921 - INFO - 3DVAR同化完成，观测数: 21
2026-04-19 09:13:09,923 - INFO - 分块并行计算完成，耗时: 0.00秒
2026-04-19 09:13:09,923 - INFO - 分块并行计算: 4 个块
2026-04-19 09:13:09,926 - INFO - 3DVAR同化完成，观测数: 29
2026-04-19 09:13:09,926 - INFO - 3DVAR同化完成，观测数: 21
2026-04-19 09:13:09,927 - INFO - 分块并行计算完成，耗时: 0.00秒
2026-04-19 09:13:09,927 - INFO - 分块并行计算: 4 个块
2026-04-19 09:13:09,930 - INFO - 3DVAR同化完成，观测数: 29
2026-04-19 09:13:09,931 - INFO - 3DVAR同化完成，观测数: 21
2026-04-19 09:13:09,931 - INFO - 分块并行计算完成，耗时: 0.00秒
2026-04-19 09:13:09,932 - INFO - 分块并行计算: 4 个块
2026-04-19 09:13:09,935 - INFO - 3DVAR同化完成，观测数: 29
2026-04-19 09:13:09,935 - INFO - 3DVAR同化完成，观测数: 21
2026-04-19 09:13:09,936 - INFO - 分块并行计算完成，耗时: 0.00秒
2026-04-19 09:13:09,936 - INFO - 分块并行计算: 4 个块
2026-04-19 09:13:09,940 - INFO - 3DVAR同化完成，观测数: 21
2026-04-19 09:13:09,940 - INFO - 3DVAR同化完成，观测数: 29
2026-04-19 09:13:09,941 - INFO - 分块并行计算完成，耗时: 0.01秒
2026-04-19 09:13:09,942 - INFO - 分块并行计算: 4 个块
2026-04-19 09:13:09,945 - INFO - 3DVAR同化完成，观测数: 29
2026-04-19 09:13:09,946 - INFO - 3DVAR同化完成，观测数: 21
2026-04-19 09:13:09,947 - INFO - 分块并行计算完成，耗时: 0.01秒
2026-04-19 09:13:09,947 - INFO - 分块并行计算: 4 个块
2026-04-19 09:13:09,950 - INFO - 3DVAR同化完成，观测数: 29
2026-04-19 09:13:09,952 - INFO - 3DVAR同化完成，观测数: 21
2026-04-19 09:13:09,954 - INFO - 分块并行计算完成，耗时: 0.01秒
2026-04-19 09:13:09,954 - INFO - 分块并行计算: 4 个块
2026-04-19 09:13:09,960 - INFO - 3DVAR同化完成，观测数: 29
2026-04-19 09:13:09,965 - INFO - 3DVAR同化完成，观测数: 21
2026-04-19 09:13:09,966 - INFO - 分块并行计算完成，耗时: 0.01秒
2026-04-19 09:13:09,967 - INFO - 分块并行计算: 4 个块
2026-04-19 09:13:09,971 - INFO - 3DVAR同化完成，观测数: 29
2026-04-19 09:13:09,971 - INFO - 3DVAR同化完成，观测数: 21
2026-04-19 09:13:09,972 - INFO - 分块并行计算完成，耗时: 0.01秒
2026-04-19 09:13:09,972 - INFO - 分块并行计算: 4 个块
2026-04-19 09:13:09,976 - INFO - 3DVAR同化完成，观测数: 29
2026-04-19 09:13:09,976 - INFO - 3DVAR同化完成，观测数: 21
2026-04-19 09:13:09,977 - INFO - 分块并行计算完成，耗时: 0.00秒
2026-04-19 09:13:09,977 - INFO - 分块并行计算: 4 个块
2026-04-19 09:13:09,980 - INFO - 3DVAR同化完成，观测数: 29
2026-04-19 09:13:09,981 - INFO - 3DVAR同化完成，观测数: 21
2026-04-19 09:13:09,982 - INFO - 分块并行计算完成，耗时: 0.00秒
2026-04-19 09:13:09,982 - INFO - 分块并行计算: 4 个块
2026-04-19 09:13:09,985 - INFO - 3DVAR同化完成，观测数: 29
2026-04-19 09:13:09,986 - INFO - 3DVAR同化完成，观测数: 21
2026-04-19 09:13:09,987 - INFO - 分块并行计算完成，耗时: 0.00秒
2026-04-19 09:13:09,987 - INFO - 分块并行计算: 4 个块
2026-04-19 09:13:09,990 - INFO - 3DVAR同化完成，观测数: 29
2026-04-19 09:13:09,991 - INFO - 3DVAR同化完成，观测数: 21
2026-04-19 09:13:09,992 - INFO - 分块并行计算完成，耗时: 0.00秒
2026-04-19 09:13:09,992 - INFO - 分块并行计算: 4 个块
2026-04-19 09:13:09,995 - INFO - 3DVAR同化完成，观测数: 29
2026-04-19 09:13:09,996 - INFO - 3DVAR同化完成，观测数: 21
2026-04-19 09:13:09,997 - INFO - 分块并行计算完成，耗时: 0.01秒
2026-04-19 09:13:09,997 - INFO - 分块并行计算: 4 个块
2026-04-19 09:13:10,001 - INFO - 3DVAR同化完成，观测数: 29
2026-04-19 09:13:10,001 - INFO - 3DVAR同化完成，观测数: 21
2026-04-19 09:13:10,002 - INFO - 分块并行计算完成，耗时: 0.01秒
2026-04-19 09:13:10,002 - INFO - 分块并行计算: 4 个块
2026-04-19 09:13:10,006 - INFO - 3DVAR同化完成，观测数: 29
2026-04-19 09:13:10,006 - INFO - 3DVAR同化完成，观测数: 21
2026-04-19 09:13:10,007 - INFO - 分块并行计算完成，耗时: 0.00秒
2026-04-19 09:13:10,007 - INFO - 分块并行计算: 4 个块
2026-04-19 09:13:10,010 - INFO - 3DVAR同化完成，观测数: 29
2026-04-19 09:13:10,011 - INFO - 3DVAR同化完成，观测数: 21
2026-04-19 09:13:10,012 - INFO - 分块并行计算完成，耗时: 0.00秒
2026-04-19 09:13:10,012 - INFO - 分块并行计算: 4 个块
2026-04-19 09:13:10,015 - INFO - 3DVAR同化完成，观测数: 29
2026-04-19 09:13:10,015 - INFO - 3DVAR同化完成，观测数: 21
2026-04-19 09:13:10,016 - INFO - 分块并行计算完成，耗时: 0.00秒
2026-04-19 09:13:10,017 - INFO - 分块并行计算: 4 个块
2026-04-19 09:13:10,020 - INFO - 3DVAR同化完成，观测数: 21
2026-04-19 09:13:10,020 - INFO - 3DVAR同化完成，观测数: 29
2026-04-19 09:13:10,022 - INFO - 分块并行计算完成，耗时: 0.00秒
2026-04-19 09:13:10,022 - INFO - 分块并行计算: 4 个块
2026-04-19 09:13:10,024 - INFO - 3DVAR同化完成，观测数: 21
2026-04-19 09:13:10,025 - INFO - 3DVAR同化完成，观测数: 29
2026-04-19 09:13:10,026 - INFO - 分块并行计算完成，耗时: 0.00秒
2026-04-19 09:13:10,026 - INFO - 分块并行计算: 4 个块
2026-04-19 09:13:10,029 - INFO - 3DVAR同化完成，观测数: 29
2026-04-19 09:13:10,029 - INFO - 3DVAR同化完成，观测数: 21
2026-04-19 09:13:10,030 - INFO - 分块并行计算完成，耗时: 0.00秒
2026-04-19 09:13:10,031 - INFO - 分块并行计算: 4 个块
2026-04-19 09:13:10,033 - INFO - 3DVAR同化完成，观测数: 29
2026-04-19 09:13:10,034 - INFO - 3DVAR同化完成，观测数: 21
2026-04-19 09:13:10,035 - INFO - 分块并行计算完成，耗时: 0.00秒
2026-04-19 09:13:10,035 - INFO - 分块并行计算: 4 个块
2026-04-19 09:13:10,039 - INFO - 3DVAR同化完成，观测数: 29
2026-04-19 09:13:10,039 - INFO - 3DVAR同化完成，观测数: 21
2026-04-19 09:13:10,040 - INFO - 分块并行计算完成，耗时: 0.00秒
2026-04-19 09:13:10,041 - INFO - 分块并行计算完成
2026-04-19 09:13:10,041 - INFO -    耗时: 0.53秒
2026-04-19 09:13:10,041 - INFO -    分析场形状: (101, 101, 11)
2026-04-19 09:13:10,041 - INFO -    平均方差: 1.1576
2026-04-19 09:13:10,041 - INFO -    资源使用: CPU 43.3%, 内存 87.0%
2026-04-19 09:13:10,041 - INFO - ============================================================
2026-04-19 09:13:10,041 - INFO - Dask并行计算 ( 100次迭代 )
2026-04-19 09:13:10,041 - INFO - ============================================================
2026-04-19 09:13:11,861 - INFO - Dask版本: 2026.3.0
2026-04-19 09:13:11,861 - INFO - 初始化网格: 51×51×6, 分辨率: 50.0m
2026-04-19 09:13:11,862 - DEBUG - Using selector: SelectSelector
2026-04-19 09:13:11,884 - INFO - To route to workers diagnostics web server please install jupyter-server-proxy: python -m pip install jupyter-server-proxy
2026-04-19 09:13:11,888 - INFO - State start
2026-04-19 09:13:11,968 - INFO -   Scheduler at:      tcp://127.0.0.1:9381
2026-04-19 09:13:11,968 - INFO -   dashboard at:  http://127.0.0.1:8787/status
2026-04-19 09:13:11,968 - INFO - Registering Worker plugin shuffle
2026-04-19 09:13:12,251 - INFO -         Start Nanny at: 'tcp://127.0.0.1:9384'
2026-04-19 09:13:12,253 - INFO -         Start Nanny at: 'tcp://127.0.0.1:9386'
2026-04-19 09:13:12,255 - INFO -         Start Nanny at: 'tcp://127.0.0.1:9388'
2026-04-19 09:13:12,258 - INFO -         Start Nanny at: 'tcp://127.0.0.1:9390'
2026-04-19 09:13:18,332 - INFO - Register worker addr: tcp://127.0.0.1:35513 name: 2
2026-04-19 09:13:18,344 - INFO - Starting worker compute stream, tcp://127.0.0.1:35513
2026-04-19 09:13:18,344 - INFO - Starting established connection to tcp://127.0.0.1:35516
2026-04-19 09:13:18,345 - INFO - Register worker addr: tcp://127.0.0.1:35518 name: 1
2026-04-19 09:13:18,346 - INFO - Starting worker compute stream, tcp://127.0.0.1:35518
2026-04-19 09:13:18,346 - INFO - Starting established connection to tcp://127.0.0.1:35520
2026-04-19 09:13:18,346 - INFO - Register worker addr: tcp://127.0.0.1:35512 name: 0
2026-04-19 09:13:18,348 - INFO - Starting worker compute stream, tcp://127.0.0.1:35512
2026-04-19 09:13:18,348 - INFO - Starting established connection to tcp://127.0.0.1:35517
2026-04-19 09:13:18,367 - INFO - Register worker addr: tcp://127.0.0.1:35521 name: 3
2026-04-19 09:13:18,367 - INFO - Starting worker compute stream, tcp://127.0.0.1:35521
2026-04-19 09:13:18,368 - INFO - Starting established connection to tcp://127.0.0.1:35523
2026-04-19 09:13:18,421 - INFO - Receive client connection: Client-f309c179-3b8c-11f1-910c-24eb164c90ae
2026-04-19 09:13:18,421 - INFO - Starting established connection to tcp://127.0.0.1:35524
2026-04-19 09:13:18,422 - INFO - Dask集群已启动
2026-04-19 09:13:18,428 - INFO - 3DVAR同化完成，观测数: 50
2026-04-19 09:13:18,428 - INFO - 并行计算耗时: 0.00秒
2026-04-19 09:13:18,431 - INFO - 3DVAR同化完成，观测数: 50
2026-04-19 09:13:18,431 - INFO - 并行计算耗时: 0.00秒
2026-04-19 09:13:18,433 - INFO - 3DVAR同化完成，观测数: 50
2026-04-19 09:13:18,434 - INFO - 并行计算耗时: 0.00秒
2026-04-19 09:13:18,436 - INFO - 3DVAR同化完成，观测数: 50
2026-04-19 09:13:18,437 - INFO - 并行计算耗时: 0.00秒
2026-04-19 09:13:18,439 - INFO - 3DVAR同化完成，观测数: 50
2026-04-19 09:13:18,439 - INFO - 并行计算耗时: 0.00秒
2026-04-19 09:13:18,441 - INFO - 3DVAR同化完成，观测数: 50
2026-04-19 09:13:18,442 - INFO - 并行计算耗时: 0.00秒
2026-04-19 09:13:18,444 - INFO - 3DVAR同化完成，观测数: 50
2026-04-19 09:13:18,444 - INFO - 并行计算耗时: 0.00秒
2026-04-19 09:13:18,448 - INFO - 3DVAR同化完成，观测数: 50
2026-04-19 09:13:18,448 - INFO - 并行计算耗时: 0.00秒
2026-04-19 09:13:18,452 - INFO - 3DVAR同化完成，观测数: 50
2026-04-19 09:13:18,452 - INFO - 并行计算耗时: 0.00秒
2026-04-19 09:13:18,458 - INFO - 3DVAR同化完成，观测数: 50
2026-04-19 09:13:18,459 - INFO - 并行计算耗时: 0.01秒
2026-04-19 09:13:18,464 - INFO - 3DVAR同化完成，观测数: 50
2026-04-19 09:13:18,464 - INFO - 并行计算耗时: 0.01秒
2026-04-19 09:13:18,469 - INFO - 3DVAR同化完成，观测数: 50
2026-04-19 09:13:18,469 - INFO - 并行计算耗时: 0.00秒
2026-04-19 09:13:18,472 - INFO - 3DVAR同化完成，观测数: 50
2026-04-19 09:13:18,472 - INFO - 并行计算耗时: 0.00秒
2026-04-19 09:13:18,475 - INFO - 3DVAR同化完成，观测数: 50
2026-04-19 09:13:18,475 - INFO - 并行计算耗时: 0.00秒
2026-04-19 09:13:18,497 - INFO - 3DVAR同化完成，观测数: 50
2026-04-19 09:13:18,497 - INFO - 并行计算耗时: 0.02秒
2026-04-19 09:13:18,500 - INFO - 3DVAR同化完成，观测数: 50
2026-04-19 09:13:18,500 - INFO - 并行计算耗时: 0.00秒
2026-04-19 09:13:18,503 - INFO - 3DVAR同化完成，观测数: 50
2026-04-19 09:13:18,503 - INFO - 并行计算耗时: 0.00秒
2026-04-19 09:13:18,505 - INFO - 3DVAR同化完成，观测数: 50
2026-04-19 09:13:18,506 - INFO - 并行计算耗时: 0.00秒
2026-04-19 09:13:18,509 - INFO - 3DVAR同化完成，观测数: 50
2026-04-19 09:13:18,509 - INFO - 并行计算耗时: 0.00秒
2026-04-19 09:13:18,512 - INFO - 3DVAR同化完成，观测数: 50
2026-04-19 09:13:18,512 - INFO - 并行计算耗时: 0.00秒
2026-04-19 09:13:18,514 - INFO - 3DVAR同化完成，观测数: 50
2026-04-19 09:13:18,515 - INFO - 并行计算耗时: 0.00秒
2026-04-19 09:13:18,517 - INFO - 3DVAR同化完成，观测数: 50
2026-04-19 09:13:18,517 - INFO - 并行计算耗时: 0.00秒
2026-04-19 09:13:18,520 - INFO - 3DVAR同化完成，观测数: 50
2026-04-19 09:13:18,520 - INFO - 并行计算耗时: 0.00秒
2026-04-19 09:13:18,524 - INFO - 3DVAR同化完成，观测数: 50
2026-04-19 09:13:18,524 - INFO - 并行计算耗时: 0.00秒
2026-04-19 09:13:18,527 - INFO - 3DVAR同化完成，观测数: 50
2026-04-19 09:13:18,527 - INFO - 并行计算耗时: 0.00秒
2026-04-19 09:13:18,530 - INFO - 3DVAR同化完成，观测数: 50
2026-04-19 09:13:18,530 - INFO - 并行计算耗时: 0.00秒
2026-04-19 09:13:18,533 - INFO - 3DVAR同化完成，观测数: 50
2026-04-19 09:13:18,533 - INFO - 并行计算耗时: 0.00秒
2026-04-19 09:13:18,536 - INFO - 3DVAR同化完成，观测数: 50
2026-04-19 09:13:18,537 - INFO - 并行计算耗时: 0.00秒
2026-04-19 09:13:18,540 - INFO - 3DVAR同化完成，观测数: 50
2026-04-19 09:13:18,540 - INFO - 并行计算耗时: 0.00秒
2026-04-19 09:13:18,543 - INFO - 3DVAR同化完成，观测数: 50
2026-04-19 09:13:18,543 - INFO - 并行计算耗时: 0.00秒
2026-04-19 09:13:18,545 - INFO - 3DVAR同化完成，观测数: 50
2026-04-19 09:13:18,546 - INFO - 并行计算耗时: 0.00秒
2026-04-19 09:13:18,548 - INFO - 3DVAR同化完成，观测数: 50
2026-04-19 09:13:18,549 - INFO - 并行计算耗时: 0.00秒
2026-04-19 09:13:18,551 - INFO - 3DVAR同化完成，观测数: 50
2026-04-19 09:13:18,551 - INFO - 并行计算耗时: 0.00秒
2026-04-19 09:13:18,555 - INFO - 3DVAR同化完成，观测数: 50
2026-04-19 09:13:18,555 - INFO - 并行计算耗时: 0.00秒
2026-04-19 09:13:18,557 - INFO - 3DVAR同化完成，观测数: 50
2026-04-19 09:13:18,557 - INFO - 并行计算耗时: 0.00秒
2026-04-19 09:13:18,560 - INFO - 3DVAR同化完成，观测数: 50
2026-04-19 09:13:18,560 - INFO - 并行计算耗时: 0.00秒
2026-04-19 09:13:18,562 - INFO - 3DVAR同化完成，观测数: 50
2026-04-19 09:13:18,562 - INFO - 并行计算耗时: 0.00秒
2026-04-19 09:13:18,565 - INFO - 3DVAR同化完成，观测数: 50
2026-04-19 09:13:18,565 - INFO - 并行计算耗时: 0.00秒
2026-04-19 09:13:18,567 - INFO - 3DVAR同化完成，观测数: 50
2026-04-19 09:13:18,567 - INFO - 并行计算耗时: 0.00秒
2026-04-19 09:13:18,571 - INFO - 3DVAR同化完成，观测数: 50
2026-04-19 09:13:18,571 - INFO - 并行计算耗时: 0.00秒
2026-04-19 09:13:18,574 - INFO - 3DVAR同化完成，观测数: 50
2026-04-19 09:13:18,574 - INFO - 并行计算耗时: 0.00秒
2026-04-19 09:13:18,576 - INFO - 3DVAR同化完成，观测数: 50
2026-04-19 09:13:18,576 - INFO - 并行计算耗时: 0.00秒
2026-04-19 09:13:18,579 - INFO - 3DVAR同化完成，观测数: 50
2026-04-19 09:13:18,579 - INFO - 并行计算耗时: 0.00秒
2026-04-19 09:13:18,581 - INFO - 3DVAR同化完成，观测数: 50
2026-04-19 09:13:18,582 - INFO - 并行计算耗时: 0.00秒
2026-04-19 09:13:18,584 - INFO - 3DVAR同化完成，观测数: 50
2026-04-19 09:13:18,584 - INFO - 并行计算耗时: 0.00秒
2026-04-19 09:13:18,587 - INFO - 3DVAR同化完成，观测数: 50
2026-04-19 09:13:18,587 - INFO - 并行计算耗时: 0.00秒
2026-04-19 09:13:18,589 - INFO - 3DVAR同化完成，观测数: 50
2026-04-19 09:13:18,589 - INFO - 并行计算耗时: 0.00秒
2026-04-19 09:13:18,592 - INFO - 3DVAR同化完成，观测数: 50
2026-04-19 09:13:18,592 - INFO - 并行计算耗时: 0.00秒
2026-04-19 09:13:18,594 - INFO - 3DVAR同化完成，观测数: 50
2026-04-19 09:13:18,594 - INFO - 并行计算耗时: 0.00秒
2026-04-19 09:13:18,597 - INFO - 3DVAR同化完成，观测数: 50
2026-04-19 09:13:18,597 - INFO - 并行计算耗时: 0.00秒
2026-04-19 09:13:18,599 - INFO - 3DVAR同化完成，观测数: 50
2026-04-19 09:13:18,600 - INFO - 并行计算耗时: 0.00秒
2026-04-19 09:13:18,600 - INFO -    已完成 50/100 次迭代
2026-04-19 09:13:18,602 - INFO - 3DVAR同化完成，观测数: 50
2026-04-19 09:13:18,602 - INFO - 并行计算耗时: 0.00秒
2026-04-19 09:13:18,606 - INFO - 3DVAR同化完成，观测数: 50
2026-04-19 09:13:18,606 - INFO - 并行计算耗时: 0.00秒
2026-04-19 09:13:18,609 - INFO - 3DVAR同化完成，观测数: 50
2026-04-19 09:13:18,609 - INFO - 并行计算耗时: 0.00秒
2026-04-19 09:13:18,612 - INFO - 3DVAR同化完成，观测数: 50
2026-04-19 09:13:18,612 - INFO - 并行计算耗时: 0.00秒
2026-04-19 09:13:18,614 - INFO - 3DVAR同化完成，观测数: 50
2026-04-19 09:13:18,615 - INFO - 并行计算耗时: 0.00秒
2026-04-19 09:13:18,617 - INFO - 3DVAR同化完成，观测数: 50
2026-04-19 09:13:18,617 - INFO - 并行计算耗时: 0.00秒
2026-04-19 09:13:18,620 - INFO - 3DVAR同化完成，观测数: 50
2026-04-19 09:13:18,620 - INFO - 并行计算耗时: 0.00秒
2026-04-19 09:13:18,622 - INFO - 3DVAR同化完成，观测数: 50
2026-04-19 09:13:18,622 - INFO - 并行计算耗时: 0.00秒
2026-04-19 09:13:18,625 - INFO - 3DVAR同化完成，观测数: 50
2026-04-19 09:13:18,625 - INFO - 并行计算耗时: 0.00秒
2026-04-19 09:13:18,627 - INFO - 3DVAR同化完成，观测数: 50
2026-04-19 09:13:18,627 - INFO - 并行计算耗时: 0.00秒
2026-04-19 09:13:18,631 - INFO - 3DVAR同化完成，观测数: 50
2026-04-19 09:13:18,631 - INFO - 并行计算耗时: 0.00秒
2026-04-19 09:13:18,633 - INFO - 3DVAR同化完成，观测数: 50
2026-04-19 09:13:18,633 - INFO - 并行计算耗时: 0.00秒
2026-04-19 09:13:18,636 - INFO - 3DVAR同化完成，观测数: 50
2026-04-19 09:13:18,636 - INFO - 并行计算耗时: 0.00秒
2026-04-19 09:13:18,639 - INFO - 3DVAR同化完成，观测数: 50
2026-04-19 09:13:18,639 - INFO - 并行计算耗时: 0.00秒
2026-04-19 09:13:18,642 - INFO - 3DVAR同化完成，观测数: 50
2026-04-19 09:13:18,642 - INFO - 并行计算耗时: 0.00秒
2026-04-19 09:13:18,645 - INFO - 3DVAR同化完成，观测数: 50
2026-04-19 09:13:18,645 - INFO - 并行计算耗时: 0.00秒
2026-04-19 09:13:18,648 - INFO - 3DVAR同化完成，观测数: 50
2026-04-19 09:13:18,648 - INFO - 并行计算耗时: 0.00秒
2026-04-19 09:13:18,650 - INFO - 3DVAR同化完成，观测数: 50
2026-04-19 09:13:18,651 - INFO - 并行计算耗时: 0.00秒
2026-04-19 09:13:18,653 - INFO - 3DVAR同化完成，观测数: 50
2026-04-19 09:13:18,654 - INFO - 并行计算耗时: 0.00秒
2026-04-19 09:13:18,656 - INFO - 3DVAR同化完成，观测数: 50
2026-04-19 09:13:18,657 - INFO - 并行计算耗时: 0.00秒
2026-04-19 09:13:18,661 - INFO - 3DVAR同化完成，观测数: 50
2026-04-19 09:13:18,661 - INFO - 并行计算耗时: 0.00秒
2026-04-19 09:13:18,665 - INFO - 3DVAR同化完成，观测数: 50
2026-04-19 09:13:18,665 - INFO - 并行计算耗时: 0.00秒
2026-04-19 09:13:18,669 - INFO - 3DVAR同化完成，观测数: 50
2026-04-19 09:13:18,669 - INFO - 并行计算耗时: 0.00秒
2026-04-19 09:13:18,673 - INFO - 3DVAR同化完成，观测数: 50
2026-04-19 09:13:18,673 - INFO - 并行计算耗时: 0.00秒
2026-04-19 09:13:18,676 - INFO - 3DVAR同化完成，观测数: 50
2026-04-19 09:13:18,677 - INFO - 并行计算耗时: 0.00秒
2026-04-19 09:13:18,679 - INFO - 3DVAR同化完成，观测数: 50
2026-04-19 09:13:18,680 - INFO - 并行计算耗时: 0.00秒
2026-04-19 09:13:18,682 - INFO - 3DVAR同化完成，观测数: 50
2026-04-19 09:13:18,683 - INFO - 并行计算耗时: 0.00秒
2026-04-19 09:13:18,685 - INFO - 3DVAR同化完成，观测数: 50
2026-04-19 09:13:18,685 - INFO - 并行计算耗时: 0.00秒
2026-04-19 09:13:18,688 - INFO - 3DVAR同化完成，观测数: 50
2026-04-19 09:13:18,688 - INFO - 并行计算耗时: 0.00秒
2026-04-19 09:13:18,691 - INFO - 3DVAR同化完成，观测数: 50
2026-04-19 09:13:18,691 - INFO - 并行计算耗时: 0.00秒
2026-04-19 09:13:18,694 - INFO - 3DVAR同化完成，观测数: 50
2026-04-19 09:13:18,694 - INFO - 并行计算耗时: 0.00秒
2026-04-19 09:13:18,697 - INFO - 3DVAR同化完成，观测数: 50
2026-04-19 09:13:18,697 - INFO - 并行计算耗时: 0.00秒
2026-04-19 09:13:18,699 - INFO - 3DVAR同化完成，观测数: 50
2026-04-19 09:13:18,700 - INFO - 并行计算耗时: 0.00秒
2026-04-19 09:13:18,702 - INFO - 3DVAR同化完成，观测数: 50
2026-04-19 09:13:18,702 - INFO - 并行计算耗时: 0.00秒
2026-04-19 09:13:18,705 - INFO - 3DVAR同化完成，观测数: 50
2026-04-19 09:13:18,705 - INFO - 并行计算耗时: 0.00秒
2026-04-19 09:13:18,707 - INFO - 3DVAR同化完成，观测数: 50
2026-04-19 09:13:18,708 - INFO - 并行计算耗时: 0.00秒
2026-04-19 09:13:18,710 - INFO - 3DVAR同化完成，观测数: 50
2026-04-19 09:13:18,710 - INFO - 并行计算耗时: 0.00秒
2026-04-19 09:13:18,713 - INFO - 3DVAR同化完成，观测数: 50
2026-04-19 09:13:18,713 - INFO - 并行计算耗时: 0.00秒
2026-04-19 09:13:18,715 - INFO - 3DVAR同化完成，观测数: 50
2026-04-19 09:13:18,715 - INFO - 并行计算耗时: 0.00秒
2026-04-19 09:13:18,718 - INFO - 3DVAR同化完成，观测数: 50
2026-04-19 09:13:18,718 - INFO - 并行计算耗时: 0.00秒
2026-04-19 09:13:18,720 - INFO - 3DVAR同化完成，观测数: 50
2026-04-19 09:13:18,720 - INFO - 并行计算耗时: 0.00秒
2026-04-19 09:13:18,723 - INFO - 3DVAR同化完成，观测数: 50
2026-04-19 09:13:18,724 - INFO - 并行计算耗时: 0.00秒
2026-04-19 09:13:18,726 - INFO - 3DVAR同化完成，观测数: 50
2026-04-19 09:13:18,726 - INFO - 并行计算耗时: 0.00秒
2026-04-19 09:13:18,728 - INFO - 3DVAR同化完成，观测数: 50
2026-04-19 09:13:18,729 - INFO - 并行计算耗时: 0.00秒
2026-04-19 09:13:18,731 - INFO - 3DVAR同化完成，观测数: 50
2026-04-19 09:13:18,731 - INFO - 并行计算耗时: 0.00秒
2026-04-19 09:13:18,733 - INFO - 3DVAR同化完成，观测数: 50
2026-04-19 09:13:18,733 - INFO - 并行计算耗时: 0.00秒
2026-04-19 09:13:18,736 - INFO - 3DVAR同化完成，观测数: 50
2026-04-19 09:13:18,736 - INFO - 并行计算耗时: 0.00秒
2026-04-19 09:13:18,738 - INFO - 3DVAR同化完成，观测数: 50
2026-04-19 09:13:18,738 - INFO - 并行计算耗时: 0.00秒
2026-04-19 09:13:18,741 - INFO - 3DVAR同化完成，观测数: 50
2026-04-19 09:13:18,741 - INFO - 并行计算耗时: 0.00秒
2026-04-19 09:13:18,743 - INFO - Remove client Client-f309c179-3b8c-11f1-910c-24eb164c90ae
2026-04-19 09:13:18,744 - INFO - Received 'close-stream' from tcp://127.0.0.1:35524; closing.
2026-04-19 09:13:18,744 - INFO - Remove client Client-f309c179-3b8c-11f1-910c-24eb164c90ae
2026-04-19 09:13:18,745 - INFO - Close client connection: Client-f309c179-3b8c-11f1-910c-24eb164c90ae
2026-04-19 09:13:18,747 - INFO - Retire worker addresses (stimulus_id='retire-workers-1776561198.7472696') (0, 1, 2, 3)
2026-04-19 09:13:18,747 - INFO - Closing Nanny at 'tcp://127.0.0.1:9384'. Reason: nanny-close
2026-04-19 09:13:18,748 - INFO - Nanny asking worker to close. Reason: nanny-close
2026-04-19 09:13:18,748 - INFO - Closing Nanny at 'tcp://127.0.0.1:9386'. Reason: nanny-close
2026-04-19 09:13:18,748 - INFO - Nanny asking worker to close. Reason: nanny-close
2026-04-19 09:13:18,748 - INFO - Closing Nanny at 'tcp://127.0.0.1:9388'. Reason: nanny-close
2026-04-19 09:13:18,749 - INFO - Nanny asking worker to close. Reason: nanny-close
2026-04-19 09:13:18,749 - INFO - Closing Nanny at 'tcp://127.0.0.1:9390'. Reason: nanny-close
2026-04-19 09:13:18,749 - INFO - Nanny asking worker to close. Reason: nanny-close
2026-04-19 09:13:18,751 - INFO - Received 'close-stream' from tcp://127.0.0.1:35517; closing.
2026-04-19 09:13:18,752 - INFO - Remove worker addr: tcp://127.0.0.1:35512 name: 0 (stimulus_id='handle-worker-cleanup-1776561198.7519972')
2026-04-19 09:13:18,756 - INFO - Received 'close-stream' from tcp://127.0.0.1:35516; closing.
2026-04-19 09:13:18,756 - INFO - Remove worker addr: tcp://127.0.0.1:35513 name: 2 (stimulus_id='handle-worker-cleanup-1776561198.7568803')
2026-04-19 09:13:18,757 - INFO - Connection to tcp://127.0.0.1:35523 has been closed.
2026-04-19 09:13:18,757 - INFO - Remove worker addr: tcp://127.0.0.1:35521 name: 3 (stimulus_id='handle-worker-cleanup-1776561198.7573936')
2026-04-19 09:13:18,757 - INFO - Connection to tcp://127.0.0.1:35520 has been closed.
2026-04-19 09:13:18,757 - INFO - Remove worker addr: tcp://127.0.0.1:35518 name: 1 (stimulus_id='handle-worker-cleanup-1776561198.7577932')
2026-04-19 09:13:18,757 - INFO - Lost all workers
2026-04-19 09:13:20,271 - INFO - Nanny at 'tcp://127.0.0.1:9386' closed.
2026-04-19 09:13:20,289 - INFO - Nanny at 'tcp://127.0.0.1:9390' closed.
2026-04-19 09:13:20,305 - INFO - Nanny at 'tcp://127.0.0.1:9388' closed.
2026-04-19 09:13:20,333 - INFO - Nanny at 'tcp://127.0.0.1:9384' closed.
2026-04-19 09:13:20,334 - INFO - Closing scheduler. Reason: unknown
2026-04-19 09:13:20,334 - INFO - Scheduler closing all comms
2026-04-19 09:13:20,498 - INFO - Dask并行计算完成
2026-04-19 09:13:20,498 - INFO -    耗时: 0.32秒
2026-04-19 09:13:20,498 - INFO -    分析场形状: (101, 101, 11)
2026-04-19 09:13:20,498 - INFO -    平均方差: 2.2492
2026-04-19 09:13:20,498 - INFO -    资源使用: CPU 51.8%, 内存 89.9%
2026-04-19 09:13:20,499 - INFO - 
============================================================
2026-04-19 09:13:20,499 - INFO - 性能对比 (使用相同数据规模)
2026-04-19 09:13:20,499 - INFO - ============================================================
2026-04-19 09:13:20,499 - INFO - 
串行计算:
2026-04-19 09:13:20,499 - INFO -    耗时: 0.30秒
2026-04-19 09:13:20,499 - INFO -    基准时间
2026-04-19 09:13:20,499 - INFO - 
分块并行计算:
2026-04-19 09:13:20,499 - INFO -    耗时: 0.53秒
2026-04-19 09:13:20,499 - INFO -    加速比: 0.57x
2026-04-19 09:13:20,499 - INFO -    并行效率: 14.4%
2026-04-19 09:13:20,499 - INFO -    (使用 4 个块)
2026-04-19 09:13:20,499 - INFO -    注：效率超过100%可能是因为缓存命中率提升
2026-04-19 09:13:20,499 - INFO -    并行未达到加速效果
2026-04-19 09:13:20,499 - INFO - 
Dask并行计算:
2026-04-19 09:13:20,500 - INFO -    耗时: 0.32秒
2026-04-19 09:13:20,500 - INFO -    加速比: 0.95x
2026-04-19 09:13:20,500 - INFO -    并行未达到加速效果
2026-04-19 09:13:20,500 - INFO - 
成功测试数: 3/3
2026-04-19 09:13:20,500 - INFO - 
============================================================
2026-04-19 09:13:20,500 - INFO - 分析说明
2026-04-19 09:13:20,500 - INFO - ============================================================
2026-04-19 09:13:20,500 - INFO - 1. 串行和并行使用完全相同的数据规模，确保公平对比
2026-04-19 09:13:20,500 - INFO - 2. 并行计算的优势在于多核并行处理
2026-04-19 09:13:20,500 - INFO - 3. 并行效率 = 加速比 / 核心数，理想值为100%
2026-04-19 09:13:20,500 - INFO - 4. 如果并行效率低，可能原因:
2026-04-19 09:13:20,500 - INFO -    - 数据规模太小，并行开销大于并行收益
2026-04-19 09:13:20,500 - INFO -    - 同步/通信开销过大
2026-04-19 09:13:20,500 - INFO -    - 内存带宽瓶颈
2026-04-19 09:13:20,500 - INFO - 5. 对于巨规模数据，Dask的内存管理和分布式计算优势更明显
2026-04-19 09:13:20,500 - INFO - 
============================================================
2026-04-19 09:13:20,500 - INFO - 基准测试完成
2026-04-19 09:13:20,500 - INFO - ============================================================
