2026-04-19 13:59:51,460 - INFO - 智能迭代规划: xlarge规模
2026-04-19 13:59:51,460 - INFO -    目标点数: 51,952,881 点
2026-04-19 13:59:51,460 - INFO -    估算单次耗时: 25.00 秒
2026-04-19 13:59:51,460 - INFO -    计划迭代次数: 1 次
2026-04-19 13:59:51,460 - INFO -    预计总耗时: 25.0 秒
2026-04-19 13:59:51,461 - INFO - MemoryWarning 内存安全检查:
2026-04-19 13:59:51,461 - INFO - 内存安全检查:
2026-04-19 13:59:51,461 - INFO -    单次数据内存需求: 3.10 GB
2026-04-19 13:59:51,461 - INFO -    1次迭代总需求: 3.10 GB
2026-04-19 13:59:51,462 - INFO -    系统可用内存: 5.64 GB
2026-04-19 13:59:51,462 - INFO - 创建 xlarge 规模合成数据...
2026-04-19 13:59:51,462 - INFO - 创建数据: 801×801×81 = 51,969,681 点
2026-04-19 13:59:51,462 - INFO - 观测数: 1000
2026-04-19 13:59:51,462 - WARNING - 大内存警告！将创建 51,969,681 点 (3.1 GB)
2026-04-19 13:59:51,462 - WARNING - 建议使用 --size medium 或更小规模开始测试
2026-04-19 13:59:51,628 - INFO - 启用Dask: 数据规模 51,952,881 点
2026-04-19 13:59:51,999 - INFO - 创建Dask集群: 16 workers...
2026-04-19 14:00:01,370 - INFO - Dask集群已启动: 16 workers
2026-04-19 14:00:01,370 - INFO - 初始化网格: 801×801×81, 分辨率: 10.0m
2026-04-19 14:00:04,474 - INFO - 初始化基础assimilator...
2026-04-19 14:00:04,475 - INFO - 初始化网格: 801×801×81, 分辨率: 10.0m
2026-04-19 14:00:04,477 - INFO - 基础assimilator初始化完成
2026-04-19 14:00:04,478 - DEBUG - 开始分块并行同化: 4 个块
2026-04-19 14:00:04,742 - DEBUG - 已分割成 4 个块
2026-04-19 14:00:06,949 - DEBUG - 分块并行同化完成
2026-04-19 14:00:07,124 - INFO - 数据规模足够大 (51,969,681点)，使用Dask并行
2026-04-19 14:00:15,089 - INFO - 初始化网格: 801×801×81, 分辨率: 10.0m
2026-04-19 14:00:15,089 - INFO - 预热Dask集群...
2026-04-19 14:11:07,040 - INFO - Dask集群已关闭
2026-04-19 14:11:07,043 - INFO - 
============================================================
2026-04-19 14:11:07,043 - INFO - 基准测试完成
2026-04-19 14:11:07,043 - INFO - ============================================================
