2026-04-19 11:00:20,913 - INFO - 智能迭代规划: large规模
2026-04-19 11:00:20,913 - INFO -    目标点数: 6,592,841 点
2026-04-19 11:00:20,913 - INFO -    估算单次耗时: 3.00 秒
2026-04-19 11:00:20,914 - INFO -    计划迭代次数: 3 次
2026-04-19 11:00:20,914 - INFO -    预计总耗时: 9.0 秒
2026-04-19 11:00:20,914 - INFO - MemoryWarning 内存安全检查:
2026-04-19 11:00:20,914 - INFO - 内存安全检查:
2026-04-19 11:00:20,914 - INFO -    单次数据内存需求: 0.39 GB
2026-04-19 11:00:20,914 - INFO -    3次迭代总需求: 1.18 GB
2026-04-19 11:00:20,915 - INFO -    系统可用内存: 8.82 GB
2026-04-19 11:00:20,915 - INFO - 创建 large 规模合成数据...
2026-04-19 11:00:20,915 - INFO - 创建数据: 401×401×41 = 6,592,841 点
2026-04-19 11:00:20,915 - INFO - 观测数: 500
2026-04-19 11:00:21,181 - INFO - 创建Dask集群: 14 workers...
2026-04-19 11:00:28,752 - INFO - Dask集群已启动: 14 workers
2026-04-19 11:00:28,752 - INFO - 初始化网格: 401×401×41, 分辨率: 15.0m
2026-04-19 11:00:29,491 - INFO - 初始化网格: 401×401×41, 分辨率: 15.0m
2026-04-19 11:00:29,491 - INFO - 预热分块并行...
2026-04-19 11:00:53,313 - INFO - 中等数据规模 (50.3MB)，使用优化的Dask配置
2026-04-19 11:00:53,313 - INFO - 初始化网格: 401×401×41, 分辨率: 15.0m
2026-04-19 11:00:53,314 - INFO - 预热Dask集群...
2026-04-19 11:03:44,210 - INFO - Dask集群已关闭
2026-04-19 11:03:44,211 - INFO - 
============================================================
2026-04-19 11:03:44,211 - INFO - 基准测试完成
2026-04-19 11:03:44,211 - INFO - ============================================================
