2026-04-18 22:22:22,254 - INFO - ============================================================
2026-04-18 22:22:22,254 - INFO - 🚀 公平并行计算基准测试
2026-04-18 22:22:22,254 - INFO - ============================================================
2026-04-18 22:22:22,254 - INFO - 系统信息: 28核CPU, 31.7GB内存
2026-04-18 22:22:22,254 - INFO - 数据规模: medium
2026-04-18 22:22:22,254 - INFO - Dask: 启用
2026-04-18 22:22:22,254 - INFO - 迭代次数: 50
2026-04-18 22:22:22,255 - INFO - [日志] 详细日志: d:\Developer\workplace\py\iteam\trae\data-assimilation-platform\algorithm_core\examples\..\logs\fair_parallel_20260418_222222.log
2026-04-18 22:22:22,255 - INFO - ============================================================
2026-04-18 22:22:22,255 - INFO - 公平并行计算基准测试
2026-04-18 22:22:22,255 - INFO - ============================================================
2026-04-18 22:22:22,255 - INFO - 数据规模: 中规模 (2.5km x 2.5km x 250m, ~15,600点)
2026-04-18 22:22:22,255 - INFO -    域大小: (2500, 2500, 250)
2026-04-18 22:22:22,255 - INFO -    分辨率: 50.0m
2026-04-18 22:22:22,255 - INFO -    观测数: 30
2026-04-18 22:22:22,255 - INFO -    分块数: 4
2026-04-18 22:22:22,256 - INFO -    迭代次数: 50
2026-04-18 22:22:22,256 - INFO - 创建共享数据...
2026-04-18 22:22:22,256 - INFO - 创建数据: 51×51×6 = 15,606 点
2026-04-18 22:22:22,256 - INFO - 观测数: 30
2026-04-18 22:22:22,257 - INFO -    数据创建耗时: 0.00秒
2026-04-18 22:22:22,257 - INFO - ============================================================
2026-04-18 22:22:22,257 - INFO - 串行计算 ( 50次迭代 )
2026-04-18 22:22:22,257 - INFO - ============================================================
2026-04-18 22:22:22,257 - INFO - 初始化网格: 51×51×6, 分辨率: 50.0m
2026-04-18 22:22:22,360 - INFO - 3DVAR同化完成，观测数: 30
2026-04-18 22:22:22,362 - INFO - 3DVAR同化完成，观测数: 30
2026-04-18 22:22:22,363 - INFO - 3DVAR同化完成，观测数: 30
2026-04-18 22:22:22,364 - INFO - 3DVAR同化完成，观测数: 30
2026-04-18 22:22:22,365 - INFO - 3DVAR同化完成，观测数: 30
2026-04-18 22:22:22,366 - INFO - 3DVAR同化完成，观测数: 30
2026-04-18 22:22:22,367 - INFO -    已完成 5/50 次迭代
2026-04-18 22:22:22,368 - INFO - 3DVAR同化完成，观测数: 30
2026-04-18 22:22:22,369 - INFO - 3DVAR同化完成，观测数: 30
2026-04-18 22:22:22,370 - INFO - 3DVAR同化完成，观测数: 30
2026-04-18 22:22:22,371 - INFO - 3DVAR同化完成，观测数: 30
2026-04-18 22:22:22,372 - INFO - 3DVAR同化完成，观测数: 30
2026-04-18 22:22:22,373 - INFO -    已完成 10/50 次迭代
2026-04-18 22:22:22,374 - INFO - 3DVAR同化完成，观测数: 30
2026-04-18 22:22:22,375 - INFO - 3DVAR同化完成，观测数: 30
2026-04-18 22:22:22,377 - INFO - 3DVAR同化完成，观测数: 30
2026-04-18 22:22:22,378 - INFO - 3DVAR同化完成，观测数: 30
2026-04-18 22:22:22,379 - INFO - 3DVAR同化完成，观测数: 30
2026-04-18 22:22:22,380 - INFO -    已完成 15/50 次迭代
2026-04-18 22:22:22,381 - INFO - 3DVAR同化完成，观测数: 30
2026-04-18 22:22:22,382 - INFO - 3DVAR同化完成，观测数: 30
2026-04-18 22:22:22,384 - INFO - 3DVAR同化完成，观测数: 30
2026-04-18 22:22:22,385 - INFO - 3DVAR同化完成，观测数: 30
2026-04-18 22:22:22,387 - INFO - 3DVAR同化完成，观测数: 30
2026-04-18 22:22:22,387 - INFO -    已完成 20/50 次迭代
2026-04-18 22:22:22,388 - INFO - 3DVAR同化完成，观测数: 30
2026-04-18 22:22:22,389 - INFO - 3DVAR同化完成，观测数: 30
2026-04-18 22:22:22,391 - INFO - 3DVAR同化完成，观测数: 30
2026-04-18 22:22:22,392 - INFO - 3DVAR同化完成，观测数: 30
2026-04-18 22:22:22,393 - INFO - 3DVAR同化完成，观测数: 30
2026-04-18 22:22:22,394 - INFO -    已完成 25/50 次迭代
2026-04-18 22:22:22,395 - INFO - 3DVAR同化完成，观测数: 30
2026-04-18 22:22:22,396 - INFO - 3DVAR同化完成，观测数: 30
2026-04-18 22:22:22,397 - INFO - 3DVAR同化完成，观测数: 30
2026-04-18 22:22:22,399 - INFO - 3DVAR同化完成，观测数: 30
2026-04-18 22:22:22,402 - INFO - 3DVAR同化完成，观测数: 30
2026-04-18 22:22:22,402 - INFO -    已完成 30/50 次迭代
2026-04-18 22:22:22,403 - INFO - 3DVAR同化完成，观测数: 30
2026-04-18 22:22:22,406 - INFO - 3DVAR同化完成，观测数: 30
2026-04-18 22:22:22,407 - INFO - 3DVAR同化完成，观测数: 30
2026-04-18 22:22:22,408 - INFO - 3DVAR同化完成，观测数: 30
2026-04-18 22:22:22,410 - INFO - 3DVAR同化完成，观测数: 30
2026-04-18 22:22:22,410 - INFO -    已完成 35/50 次迭代
2026-04-18 22:22:22,413 - INFO - 3DVAR同化完成，观测数: 30
2026-04-18 22:22:22,414 - INFO - 3DVAR同化完成，观测数: 30
2026-04-18 22:22:22,415 - INFO - 3DVAR同化完成，观测数: 30
2026-04-18 22:22:22,417 - INFO - 3DVAR同化完成，观测数: 30
2026-04-18 22:22:22,418 - INFO - 3DVAR同化完成，观测数: 30
2026-04-18 22:22:22,418 - INFO -    已完成 40/50 次迭代
2026-04-18 22:22:22,419 - INFO - 3DVAR同化完成，观测数: 30
2026-04-18 22:22:22,420 - INFO - 3DVAR同化完成，观测数: 30
2026-04-18 22:22:22,422 - INFO - 3DVAR同化完成，观测数: 30
2026-04-18 22:22:22,423 - INFO - 3DVAR同化完成，观测数: 30
2026-04-18 22:22:22,425 - INFO - 3DVAR同化完成，观测数: 30
2026-04-18 22:22:22,426 - INFO -    已完成 45/50 次迭代
2026-04-18 22:22:22,428 - INFO - 3DVAR同化完成，观测数: 30
2026-04-18 22:22:22,430 - INFO - 3DVAR同化完成，观测数: 30
2026-04-18 22:22:22,431 - INFO - 3DVAR同化完成，观测数: 30
2026-04-18 22:22:22,432 - INFO - 3DVAR同化完成，观测数: 30
2026-04-18 22:22:22,533 - INFO - 串行计算完成
2026-04-18 22:22:22,534 - INFO -    耗时: 0.17秒
2026-04-18 22:22:22,534 - INFO -    分析场形状: (51, 51, 6)
2026-04-18 22:22:22,534 - INFO -    平均方差: 2.2466
2026-04-18 22:22:22,534 - INFO -    资源使用: CPU 48.3%, 内存 75.7%
2026-04-18 22:22:22,534 - INFO - 
============================================================
2026-04-18 22:22:22,535 - INFO - 分块并行计算 ( 4 blocks, 50次迭代 )
2026-04-18 22:22:22,535 - INFO - ============================================================
2026-04-18 22:22:22,536 - INFO - 初始化网格: 51×51×6, 分辨率: 50.0m
2026-04-18 22:22:22,637 - INFO - 分块并行计算: 4 个块
2026-04-18 22:22:22,638 - INFO - 初始化网格: 1×2×1, 分辨率: 50.0m
2026-04-18 22:22:22,639 - INFO - 初始化网格: 1×2×1, 分辨率: 50.0m
2026-04-18 22:22:22,640 - INFO - 初始化网格: 1×2×1, 分辨率: 50.0m
2026-04-18 22:22:22,640 - INFO - 3DVAR同化完成，观测数: 10
2026-04-18 22:22:22,641 - INFO - 3DVAR同化完成，观测数: 8
2026-04-18 22:22:22,641 - INFO - 初始化网格: 1×2×1, 分辨率: 50.0m
2026-04-18 22:22:22,642 - INFO - 3DVAR同化完成，观测数: 7
2026-04-18 22:22:22,643 - INFO - 3DVAR同化完成，观测数: 5
2026-04-18 22:22:22,644 - INFO - 分块并行计算完成，耗时: 0.01秒
2026-04-18 22:22:22,644 - INFO - 分块并行计算: 4 个块
2026-04-18 22:22:22,645 - INFO - 初始化网格: 1×2×1, 分辨率: 50.0m
2026-04-18 22:22:22,645 - INFO - 初始化网格: 1×2×1, 分辨率: 50.0m
2026-04-18 22:22:22,646 - INFO - 3DVAR同化完成，观测数: 10
2026-04-18 22:22:22,646 - INFO - 初始化网格: 1×2×1, 分辨率: 50.0m
2026-04-18 22:22:22,647 - INFO - 初始化网格: 1×2×1, 分辨率: 50.0m
2026-04-18 22:22:22,647 - INFO - 3DVAR同化完成，观测数: 8
2026-04-18 22:22:22,648 - INFO - 3DVAR同化完成，观测数: 7
2026-04-18 22:22:22,648 - INFO - 3DVAR同化完成，观测数: 5
2026-04-18 22:22:22,649 - INFO - 分块并行计算完成，耗时: 0.01秒
2026-04-18 22:22:22,650 - INFO - 分块并行计算: 4 个块
2026-04-18 22:22:22,650 - INFO - 初始化网格: 1×2×1, 分辨率: 50.0m
2026-04-18 22:22:22,651 - INFO - 初始化网格: 1×2×1, 分辨率: 50.0m
2026-04-18 22:22:22,652 - INFO - 3DVAR同化完成，观测数: 10
2026-04-18 22:22:22,652 - INFO - 初始化网格: 1×2×1, 分辨率: 50.0m
2026-04-18 22:22:22,653 - INFO - 3DVAR同化完成，观测数: 8
2026-04-18 22:22:22,653 - INFO - 初始化网格: 1×2×1, 分辨率: 50.0m
2026-04-18 22:22:22,654 - INFO - 3DVAR同化完成，观测数: 7
2026-04-18 22:22:22,655 - INFO - 3DVAR同化完成，观测数: 5
2026-04-18 22:22:22,656 - INFO - 分块并行计算完成，耗时: 0.01秒
2026-04-18 22:22:22,656 - INFO - 分块并行计算: 4 个块
2026-04-18 22:22:22,657 - INFO - 初始化网格: 1×2×1, 分辨率: 50.0m
2026-04-18 22:22:22,657 - INFO - 初始化网格: 1×2×1, 分辨率: 50.0m
2026-04-18 22:22:22,658 - INFO - 初始化网格: 1×2×1, 分辨率: 50.0m
2026-04-18 22:22:22,658 - INFO - 3DVAR同化完成，观测数: 10
2026-04-18 22:22:22,659 - INFO - 初始化网格: 1×2×1, 分辨率: 50.0m
2026-04-18 22:22:22,659 - INFO - 3DVAR同化完成，观测数: 8
2026-04-18 22:22:22,660 - INFO - 3DVAR同化完成，观测数: 7
2026-04-18 22:22:22,661 - INFO - 3DVAR同化完成，观测数: 5
2026-04-18 22:22:22,663 - INFO - 分块并行计算完成，耗时: 0.01秒
2026-04-18 22:22:22,663 - INFO - 分块并行计算: 4 个块
2026-04-18 22:22:22,664 - INFO - 初始化网格: 1×2×1, 分辨率: 50.0m
2026-04-18 22:22:22,664 - INFO - 初始化网格: 1×2×1, 分辨率: 50.0m
2026-04-18 22:22:22,666 - INFO - 初始化网格: 1×2×1, 分辨率: 50.0m
2026-04-18 22:22:22,666 - INFO - 3DVAR同化完成，观测数: 10
2026-04-18 22:22:22,666 - INFO - 3DVAR同化完成，观测数: 8
2026-04-18 22:22:22,667 - INFO - 初始化网格: 1×2×1, 分辨率: 50.0m
2026-04-18 22:22:22,668 - INFO - 3DVAR同化完成，观测数: 7
2026-04-18 22:22:22,669 - INFO - 3DVAR同化完成，观测数: 5
2026-04-18 22:22:22,670 - INFO - 分块并行计算完成，耗时: 0.01秒
2026-04-18 22:22:22,671 - INFO - 分块并行计算: 4 个块
2026-04-18 22:22:22,671 - INFO - 初始化网格: 1×2×1, 分辨率: 50.0m
2026-04-18 22:22:22,672 - INFO - 初始化网格: 1×2×1, 分辨率: 50.0m
2026-04-18 22:22:22,673 - INFO - 初始化网格: 1×2×1, 分辨率: 50.0m
2026-04-18 22:22:22,674 - INFO - 3DVAR同化完成，观测数: 10
2026-04-18 22:22:22,675 - INFO - 初始化网格: 1×2×1, 分辨率: 50.0m
2026-04-18 22:22:22,676 - INFO - 3DVAR同化完成，观测数: 8
2026-04-18 22:22:22,676 - INFO - 3DVAR同化完成，观测数: 7
2026-04-18 22:22:22,677 - INFO - 3DVAR同化完成，观测数: 5
2026-04-18 22:22:22,679 - INFO - 分块并行计算完成，耗时: 0.01秒
2026-04-18 22:22:22,679 - INFO -    已完成 5/50 次迭代
2026-04-18 22:22:22,679 - INFO - 分块并行计算: 4 个块
2026-04-18 22:22:22,680 - INFO - 初始化网格: 1×2×1, 分辨率: 50.0m
2026-04-18 22:22:22,681 - INFO - 初始化网格: 1×2×1, 分辨率: 50.0m
2026-04-18 22:22:22,681 - INFO - 3DVAR同化完成，观测数: 10
2026-04-18 22:22:22,682 - INFO - 初始化网格: 1×2×1, 分辨率: 50.0m
2026-04-18 22:22:22,683 - INFO - 3DVAR同化完成，观测数: 8
2026-04-18 22:22:22,683 - INFO - 初始化网格: 1×2×1, 分辨率: 50.0m
2026-04-18 22:22:22,684 - INFO - 3DVAR同化完成，观测数: 7
2026-04-18 22:22:22,685 - INFO - 3DVAR同化完成，观测数: 5
2026-04-18 22:22:22,686 - INFO - 分块并行计算完成，耗时: 0.01秒
2026-04-18 22:22:22,686 - INFO - 分块并行计算: 4 个块
2026-04-18 22:22:22,687 - INFO - 初始化网格: 1×2×1, 分辨率: 50.0m
2026-04-18 22:22:22,688 - INFO - 初始化网格: 1×2×1, 分辨率: 50.0m
2026-04-18 22:22:22,689 - INFO - 初始化网格: 1×2×1, 分辨率: 50.0m
2026-04-18 22:22:22,689 - INFO - 3DVAR同化完成，观测数: 10
2026-04-18 22:22:22,691 - INFO - 3DVAR同化完成，观测数: 8
2026-04-18 22:22:22,691 - INFO - 初始化网格: 1×2×1, 分辨率: 50.0m
2026-04-18 22:22:22,692 - INFO - 3DVAR同化完成，观测数: 7
2026-04-18 22:22:22,693 - INFO - 3DVAR同化完成，观测数: 5
2026-04-18 22:22:22,694 - INFO - 分块并行计算完成，耗时: 0.01秒
2026-04-18 22:22:22,694 - INFO - 分块并行计算: 4 个块
2026-04-18 22:22:22,695 - INFO - 初始化网格: 1×2×1, 分辨率: 50.0m
2026-04-18 22:22:22,695 - INFO - 初始化网格: 1×2×1, 分辨率: 50.0m
2026-04-18 22:22:22,696 - INFO - 3DVAR同化完成，观测数: 10
2026-04-18 22:22:22,696 - INFO - 初始化网格: 1×2×1, 分辨率: 50.0m
2026-04-18 22:22:22,697 - INFO - 3DVAR同化完成，观测数: 8
2026-04-18 22:22:22,697 - INFO - 初始化网格: 1×2×1, 分辨率: 50.0m
2026-04-18 22:22:22,698 - INFO - 3DVAR同化完成，观测数: 7
2026-04-18 22:22:22,698 - INFO - 3DVAR同化完成，观测数: 5
2026-04-18 22:22:22,700 - INFO - 分块并行计算完成，耗时: 0.01秒
2026-04-18 22:22:22,700 - INFO - 分块并行计算: 4 个块
2026-04-18 22:22:22,701 - INFO - 初始化网格: 1×2×1, 分辨率: 50.0m
2026-04-18 22:22:22,702 - INFO - 初始化网格: 1×2×1, 分辨率: 50.0m
2026-04-18 22:22:22,702 - INFO - 3DVAR同化完成，观测数: 10
2026-04-18 22:22:22,704 - INFO - 初始化网格: 1×2×1, 分辨率: 50.0m
2026-04-18 22:22:22,705 - INFO - 3DVAR同化完成，观测数: 8
2026-04-18 22:22:22,705 - INFO - 初始化网格: 1×2×1, 分辨率: 50.0m
2026-04-18 22:22:22,707 - INFO - 3DVAR同化完成，观测数: 7
2026-04-18 22:22:22,708 - INFO - 3DVAR同化完成，观测数: 5
2026-04-18 22:22:22,709 - INFO - 分块并行计算完成，耗时: 0.01秒
2026-04-18 22:22:22,710 - INFO - 分块并行计算: 4 个块
2026-04-18 22:22:22,712 - INFO - 初始化网格: 1×2×1, 分辨率: 50.0m
2026-04-18 22:22:22,714 - INFO - 3DVAR同化完成，观测数: 10
2026-04-18 22:22:22,716 - INFO - 初始化网格: 1×2×1, 分辨率: 50.0m
2026-04-18 22:22:22,717 - INFO - 初始化网格: 1×2×1, 分辨率: 50.0m
2026-04-18 22:22:22,718 - INFO - 初始化网格: 1×2×1, 分辨率: 50.0m
2026-04-18 22:22:22,719 - INFO - 3DVAR同化完成，观测数: 8
2026-04-18 22:22:22,720 - INFO - 3DVAR同化完成，观测数: 7
2026-04-18 22:22:22,720 - INFO - 3DVAR同化完成，观测数: 5
2026-04-18 22:22:22,721 - INFO - 分块并行计算完成，耗时: 0.01秒
2026-04-18 22:22:22,721 - INFO -    已完成 10/50 次迭代
2026-04-18 22:22:22,722 - INFO - 分块并行计算: 4 个块
2026-04-18 22:22:22,722 - INFO - 初始化网格: 1×2×1, 分辨率: 50.0m
2026-04-18 22:22:22,723 - INFO - 初始化网格: 1×2×1, 分辨率: 50.0m
2026-04-18 22:22:22,724 - INFO - 3DVAR同化完成，观测数: 10
2026-04-18 22:22:22,725 - INFO - 初始化网格: 1×2×1, 分辨率: 50.0m
2026-04-18 22:22:22,725 - INFO - 3DVAR同化完成，观测数: 8
2026-04-18 22:22:22,725 - INFO - 初始化网格: 1×2×1, 分辨率: 50.0m
2026-04-18 22:22:22,726 - INFO - 3DVAR同化完成，观测数: 7
2026-04-18 22:22:22,727 - INFO - 3DVAR同化完成，观测数: 5
2026-04-18 22:22:22,728 - INFO - 分块并行计算完成，耗时: 0.01秒
2026-04-18 22:22:22,729 - INFO - 分块并行计算: 4 个块
2026-04-18 22:22:22,730 - INFO - 初始化网格: 1×2×1, 分辨率: 50.0m
2026-04-18 22:22:22,730 - INFO - 初始化网格: 1×2×1, 分辨率: 50.0m
2026-04-18 22:22:22,731 - INFO - 3DVAR同化完成，观测数: 10
2026-04-18 22:22:22,731 - INFO - 初始化网格: 1×2×1, 分辨率: 50.0m
2026-04-18 22:22:22,732 - INFO - 初始化网格: 1×2×1, 分辨率: 50.0m
2026-04-18 22:22:22,733 - INFO - 3DVAR同化完成，观测数: 8
2026-04-18 22:22:22,734 - INFO - 3DVAR同化完成，观测数: 7
2026-04-18 22:22:22,735 - INFO - 3DVAR同化完成，观测数: 5
2026-04-18 22:22:22,736 - INFO - 分块并行计算完成，耗时: 0.01秒
2026-04-18 22:22:22,736 - INFO - 分块并行计算: 4 个块
2026-04-18 22:22:22,737 - INFO - 初始化网格: 1×2×1, 分辨率: 50.0m
2026-04-18 22:22:22,738 - INFO - 初始化网格: 1×2×1, 分辨率: 50.0m
2026-04-18 22:22:22,739 - INFO - 3DVAR同化完成，观测数: 10
2026-04-18 22:22:22,739 - INFO - 初始化网格: 1×2×1, 分辨率: 50.0m
2026-04-18 22:22:22,739 - INFO - 初始化网格: 1×2×1, 分辨率: 50.0m
2026-04-18 22:22:22,740 - INFO - 3DVAR同化完成，观测数: 8
2026-04-18 22:22:22,741 - INFO - 3DVAR同化完成，观测数: 7
2026-04-18 22:22:22,741 - INFO - 3DVAR同化完成，观测数: 5
2026-04-18 22:22:22,743 - INFO - 分块并行计算完成，耗时: 0.01秒
2026-04-18 22:22:22,743 - INFO - 分块并行计算: 4 个块
2026-04-18 22:22:22,743 - INFO - 初始化网格: 1×2×1, 分辨率: 50.0m
2026-04-18 22:22:22,744 - INFO - 初始化网格: 1×2×1, 分辨率: 50.0m
2026-04-18 22:22:22,746 - INFO - 3DVAR同化完成，观测数: 8
2026-04-18 22:22:22,746 - INFO - 初始化网格: 1×2×1, 分辨率: 50.0m
2026-04-18 22:22:22,746 - INFO - 3DVAR同化完成，观测数: 10
2026-04-18 22:22:22,746 - INFO - 初始化网格: 1×2×1, 分辨率: 50.0m
2026-04-18 22:22:22,748 - INFO - 3DVAR同化完成，观测数: 7
2026-04-18 22:22:22,748 - INFO - 3DVAR同化完成，观测数: 5
2026-04-18 22:22:22,749 - INFO - 分块并行计算完成，耗时: 0.01秒
2026-04-18 22:22:22,750 - INFO - 分块并行计算: 4 个块
2026-04-18 22:22:22,750 - INFO - 初始化网格: 1×2×1, 分辨率: 50.0m
2026-04-18 22:22:22,751 - INFO - 初始化网格: 1×2×1, 分辨率: 50.0m
2026-04-18 22:22:22,752 - INFO - 初始化网格: 1×2×1, 分辨率: 50.0m
2026-04-18 22:22:22,752 - INFO - 3DVAR同化完成，观测数: 10
2026-04-18 22:22:22,753 - INFO - 3DVAR同化完成，观测数: 8
2026-04-18 22:22:22,753 - INFO - 初始化网格: 1×2×1, 分辨率: 50.0m
2026-04-18 22:22:22,754 - INFO - 3DVAR同化完成，观测数: 7
2026-04-18 22:22:22,754 - INFO - 3DVAR同化完成，观测数: 5
2026-04-18 22:22:22,755 - INFO - 分块并行计算完成，耗时: 0.01秒
2026-04-18 22:22:22,755 - INFO -    已完成 15/50 次迭代
2026-04-18 22:22:22,756 - INFO - 分块并行计算: 4 个块
2026-04-18 22:22:22,756 - INFO - 初始化网格: 1×2×1, 分辨率: 50.0m
2026-04-18 22:22:22,757 - INFO - 初始化网格: 1×2×1, 分辨率: 50.0m
2026-04-18 22:22:22,758 - INFO - 3DVAR同化完成，观测数: 10
2026-04-18 22:22:22,758 - INFO - 初始化网格: 1×2×1, 分辨率: 50.0m
2026-04-18 22:22:22,758 - INFO - 初始化网格: 1×2×1, 分辨率: 50.0m
2026-04-18 22:22:22,758 - INFO - 3DVAR同化完成，观测数: 8
2026-04-18 22:22:22,760 - INFO - 3DVAR同化完成，观测数: 7
2026-04-18 22:22:22,760 - INFO - 3DVAR同化完成，观测数: 5
2026-04-18 22:22:22,761 - INFO - 分块并行计算完成，耗时: 0.01秒
2026-04-18 22:22:22,762 - INFO - 分块并行计算: 4 个块
2026-04-18 22:22:22,762 - INFO - 初始化网格: 1×2×1, 分辨率: 50.0m
2026-04-18 22:22:22,763 - INFO - 初始化网格: 1×2×1, 分辨率: 50.0m
2026-04-18 22:22:22,764 - INFO - 3DVAR同化完成，观测数: 10
2026-04-18 22:22:22,764 - INFO - 初始化网格: 1×2×1, 分辨率: 50.0m
2026-04-18 22:22:22,764 - INFO - 3DVAR同化完成，观测数: 8
2026-04-18 22:22:22,765 - INFO - 初始化网格: 1×2×1, 分辨率: 50.0m
2026-04-18 22:22:22,766 - INFO - 3DVAR同化完成，观测数: 7
2026-04-18 22:22:22,767 - INFO - 3DVAR同化完成，观测数: 5
2026-04-18 22:22:22,768 - INFO - 分块并行计算完成，耗时: 0.01秒
2026-04-18 22:22:22,768 - INFO - 分块并行计算: 4 个块
2026-04-18 22:22:22,768 - INFO - 初始化网格: 1×2×1, 分辨率: 50.0m
2026-04-18 22:22:22,769 - INFO - 初始化网格: 1×2×1, 分辨率: 50.0m
2026-04-18 22:22:22,770 - INFO - 3DVAR同化完成，观测数: 10
2026-04-18 22:22:22,770 - INFO - 初始化网格: 1×2×1, 分辨率: 50.0m
2026-04-18 22:22:22,771 - INFO - 初始化网格: 1×2×1, 分辨率: 50.0m
2026-04-18 22:22:22,771 - INFO - 3DVAR同化完成，观测数: 8
2026-04-18 22:22:22,772 - INFO - 3DVAR同化完成，观测数: 5
2026-04-18 22:22:22,772 - INFO - 3DVAR同化完成，观测数: 7
2026-04-18 22:22:22,773 - INFO - 分块并行计算完成，耗时: 0.01秒
2026-04-18 22:22:22,773 - INFO - 分块并行计算: 4 个块
2026-04-18 22:22:22,774 - INFO - 初始化网格: 1×2×1, 分辨率: 50.0m
2026-04-18 22:22:22,775 - INFO - 初始化网格: 1×2×1, 分辨率: 50.0m
2026-04-18 22:22:22,776 - INFO - 3DVAR同化完成，观测数: 10
2026-04-18 22:22:22,776 - INFO - 初始化网格: 1×2×1, 分辨率: 50.0m
2026-04-18 22:22:22,776 - INFO - 3DVAR同化完成，观测数: 8
2026-04-18 22:22:22,776 - INFO - 初始化网格: 1×2×1, 分辨率: 50.0m
2026-04-18 22:22:22,777 - INFO - 3DVAR同化完成，观测数: 7
2026-04-18 22:22:22,778 - INFO - 3DVAR同化完成，观测数: 5
2026-04-18 22:22:22,779 - INFO - 分块并行计算完成，耗时: 0.01秒
2026-04-18 22:22:22,779 - INFO - 分块并行计算: 4 个块
2026-04-18 22:22:22,780 - INFO - 初始化网格: 1×2×1, 分辨率: 50.0m
2026-04-18 22:22:22,780 - INFO - 初始化网格: 1×2×1, 分辨率: 50.0m
2026-04-18 22:22:22,781 - INFO - 3DVAR同化完成，观测数: 10
2026-04-18 22:22:22,781 - INFO - 初始化网格: 1×2×1, 分辨率: 50.0m
2026-04-18 22:22:22,782 - INFO - 初始化网格: 1×2×1, 分辨率: 50.0m
2026-04-18 22:22:22,782 - INFO - 3DVAR同化完成，观测数: 8
2026-04-18 22:22:22,785 - INFO - 3DVAR同化完成，观测数: 7
2026-04-18 22:22:22,785 - INFO - 3DVAR同化完成，观测数: 5
2026-04-18 22:22:22,786 - INFO - 分块并行计算完成，耗时: 0.01秒
2026-04-18 22:22:22,786 - INFO -    已完成 20/50 次迭代
2026-04-18 22:22:22,786 - INFO - 分块并行计算: 4 个块
2026-04-18 22:22:22,787 - INFO - 初始化网格: 1×2×1, 分辨率: 50.0m
2026-04-18 22:22:22,788 - INFO - 初始化网格: 1×2×1, 分辨率: 50.0m
2026-04-18 22:22:22,788 - INFO - 3DVAR同化完成，观测数: 10
2026-04-18 22:22:22,789 - INFO - 初始化网格: 1×2×1, 分辨率: 50.0m
2026-04-18 22:22:22,789 - INFO - 3DVAR同化完成，观测数: 8
2026-04-18 22:22:22,789 - INFO - 初始化网格: 1×2×1, 分辨率: 50.0m
2026-04-18 22:22:22,790 - INFO - 3DVAR同化完成，观测数: 7
2026-04-18 22:22:22,791 - INFO - 3DVAR同化完成，观测数: 5
2026-04-18 22:22:22,792 - INFO - 分块并行计算完成，耗时: 0.01秒
2026-04-18 22:22:22,792 - INFO - 分块并行计算: 4 个块
2026-04-18 22:22:22,792 - INFO - 初始化网格: 1×2×1, 分辨率: 50.0m
2026-04-18 22:22:22,793 - INFO - 初始化网格: 1×2×1, 分辨率: 50.0m
2026-04-18 22:22:22,794 - INFO - 3DVAR同化完成，观测数: 10
2026-04-18 22:22:22,795 - INFO - 初始化网格: 1×2×1, 分辨率: 50.0m
2026-04-18 22:22:22,795 - INFO - 3DVAR同化完成，观测数: 8
2026-04-18 22:22:22,795 - INFO - 初始化网格: 1×2×1, 分辨率: 50.0m
2026-04-18 22:22:22,796 - INFO - 3DVAR同化完成，观测数: 7
2026-04-18 22:22:22,797 - INFO - 3DVAR同化完成，观测数: 5
2026-04-18 22:22:22,798 - INFO - 分块并行计算完成，耗时: 0.01秒
2026-04-18 22:22:22,798 - INFO - 分块并行计算: 4 个块
2026-04-18 22:22:22,799 - INFO - 初始化网格: 1×2×1, 分辨率: 50.0m
2026-04-18 22:22:22,800 - INFO - 初始化网格: 1×2×1, 分辨率: 50.0m
2026-04-18 22:22:22,801 - INFO - 3DVAR同化完成，观测数: 10
2026-04-18 22:22:22,801 - INFO - 初始化网格: 1×2×1, 分辨率: 50.0m
2026-04-18 22:22:22,802 - INFO - 初始化网格: 1×2×1, 分辨率: 50.0m
2026-04-18 22:22:22,802 - INFO - 3DVAR同化完成，观测数: 8
2026-04-18 22:22:22,803 - INFO - 3DVAR同化完成，观测数: 7
2026-04-18 22:22:22,803 - INFO - 3DVAR同化完成，观测数: 5
2026-04-18 22:22:22,804 - INFO - 分块并行计算完成，耗时: 0.01秒
2026-04-18 22:22:22,805 - INFO - 分块并行计算: 4 个块
2026-04-18 22:22:22,805 - INFO - 初始化网格: 1×2×1, 分辨率: 50.0m
2026-04-18 22:22:22,807 - INFO - 初始化网格: 1×2×1, 分辨率: 50.0m
2026-04-18 22:22:22,808 - INFO - 初始化网格: 1×2×1, 分辨率: 50.0m
2026-04-18 22:22:22,808 - INFO - 3DVAR同化完成，观测数: 10
2026-04-18 22:22:22,809 - INFO - 初始化网格: 1×2×1, 分辨率: 50.0m
2026-04-18 22:22:22,809 - INFO - 3DVAR同化完成，观测数: 8
2026-04-18 22:22:22,810 - INFO - 3DVAR同化完成，观测数: 7
2026-04-18 22:22:22,811 - INFO - 3DVAR同化完成，观测数: 5
2026-04-18 22:22:22,812 - INFO - 分块并行计算完成，耗时: 0.01秒
2026-04-18 22:22:22,812 - INFO - 分块并行计算: 4 个块
2026-04-18 22:22:22,812 - INFO - 初始化网格: 1×2×1, 分辨率: 50.0m
2026-04-18 22:22:22,813 - INFO - 初始化网格: 1×2×1, 分辨率: 50.0m
2026-04-18 22:22:22,814 - INFO - 3DVAR同化完成，观测数: 10
2026-04-18 22:22:22,814 - INFO - 初始化网格: 1×2×1, 分辨率: 50.0m
2026-04-18 22:22:22,815 - INFO - 初始化网格: 1×2×1, 分辨率: 50.0m
2026-04-18 22:22:22,815 - INFO - 3DVAR同化完成，观测数: 8
2026-04-18 22:22:22,816 - INFO - 3DVAR同化完成，观测数: 7
2026-04-18 22:22:22,816 - INFO - 3DVAR同化完成，观测数: 5
2026-04-18 22:22:22,817 - INFO - 分块并行计算完成，耗时: 0.01秒
2026-04-18 22:22:22,817 - INFO -    已完成 25/50 次迭代
2026-04-18 22:22:22,818 - INFO - 分块并行计算: 4 个块
2026-04-18 22:22:22,818 - INFO - 初始化网格: 1×2×1, 分辨率: 50.0m
2026-04-18 22:22:22,819 - INFO - 初始化网格: 1×2×1, 分辨率: 50.0m
2026-04-18 22:22:22,820 - INFO - 3DVAR同化完成，观测数: 10
2026-04-18 22:22:22,820 - INFO - 初始化网格: 1×2×1, 分辨率: 50.0m
2026-04-18 22:22:22,821 - INFO - 初始化网格: 1×2×1, 分辨率: 50.0m
2026-04-18 22:22:22,821 - INFO - 3DVAR同化完成，观测数: 8
2026-04-18 22:22:22,822 - INFO - 3DVAR同化完成，观测数: 7
2026-04-18 22:22:22,822 - INFO - 3DVAR同化完成，观测数: 5
2026-04-18 22:22:22,823 - INFO - 分块并行计算完成，耗时: 0.01秒
2026-04-18 22:22:22,823 - INFO - 分块并行计算: 4 个块
2026-04-18 22:22:22,824 - INFO - 初始化网格: 1×2×1, 分辨率: 50.0m
2026-04-18 22:22:22,825 - INFO - 初始化网格: 1×2×1, 分辨率: 50.0m
2026-04-18 22:22:22,826 - INFO - 3DVAR同化完成，观测数: 10
2026-04-18 22:22:22,826 - INFO - 初始化网格: 1×2×1, 分辨率: 50.0m
2026-04-18 22:22:22,827 - INFO - 初始化网格: 1×2×1, 分辨率: 50.0m
2026-04-18 22:22:22,827 - INFO - 3DVAR同化完成，观测数: 8
2026-04-18 22:22:22,828 - INFO - 3DVAR同化完成，观测数: 7
2026-04-18 22:22:22,829 - INFO - 3DVAR同化完成，观测数: 5
2026-04-18 22:22:22,830 - INFO - 分块并行计算完成，耗时: 0.01秒
2026-04-18 22:22:22,830 - INFO - 分块并行计算: 4 个块
2026-04-18 22:22:22,831 - INFO - 初始化网格: 1×2×1, 分辨率: 50.0m
2026-04-18 22:22:22,831 - INFO - 初始化网格: 1×2×1, 分辨率: 50.0m
2026-04-18 22:22:22,832 - INFO - 初始化网格: 1×2×1, 分辨率: 50.0m
2026-04-18 22:22:22,833 - INFO - 初始化网格: 1×2×1, 分辨率: 50.0m
2026-04-18 22:22:22,834 - INFO - 3DVAR同化完成，观测数: 10
2026-04-18 22:22:22,834 - INFO - 3DVAR同化完成，观测数: 8
2026-04-18 22:22:22,834 - INFO - 3DVAR同化完成，观测数: 7
2026-04-18 22:22:22,835 - INFO - 3DVAR同化完成，观测数: 5
2026-04-18 22:22:22,836 - INFO - 分块并行计算完成，耗时: 0.01秒
2026-04-18 22:22:22,836 - INFO - 分块并行计算: 4 个块
2026-04-18 22:22:22,837 - INFO - 初始化网格: 1×2×1, 分辨率: 50.0m
2026-04-18 22:22:22,838 - INFO - 初始化网格: 1×2×1, 分辨率: 50.0m
2026-04-18 22:22:22,838 - INFO - 初始化网格: 1×2×1, 分辨率: 50.0m
2026-04-18 22:22:22,839 - INFO - 3DVAR同化完成，观测数: 10
2026-04-18 22:22:22,839 - INFO - 初始化网格: 1×2×1, 分辨率: 50.0m
2026-04-18 22:22:22,840 - INFO - 3DVAR同化完成，观测数: 8
2026-04-18 22:22:22,840 - INFO - 3DVAR同化完成，观测数: 7
2026-04-18 22:22:22,841 - INFO - 3DVAR同化完成，观测数: 5
2026-04-18 22:22:22,842 - INFO - 分块并行计算完成，耗时: 0.01秒
2026-04-18 22:22:22,843 - INFO - 分块并行计算: 4 个块
2026-04-18 22:22:22,843 - INFO - 初始化网格: 1×2×1, 分辨率: 50.0m
2026-04-18 22:22:22,844 - INFO - 初始化网格: 1×2×1, 分辨率: 50.0m
2026-04-18 22:22:22,845 - INFO - 初始化网格: 1×2×1, 分辨率: 50.0m
2026-04-18 22:22:22,845 - INFO - 3DVAR同化完成，观测数: 10
2026-04-18 22:22:22,846 - INFO - 3DVAR同化完成，观测数: 8
2026-04-18 22:22:22,846 - INFO - 初始化网格: 1×2×1, 分辨率: 50.0m
2026-04-18 22:22:22,847 - INFO - 3DVAR同化完成，观测数: 7
2026-04-18 22:22:22,848 - INFO - 3DVAR同化完成，观测数: 5
2026-04-18 22:22:22,849 - INFO - 分块并行计算完成，耗时: 0.01秒
2026-04-18 22:22:22,849 - INFO -    已完成 30/50 次迭代
2026-04-18 22:22:22,849 - INFO - 分块并行计算: 4 个块
2026-04-18 22:22:22,850 - INFO - 初始化网格: 1×2×1, 分辨率: 50.0m
2026-04-18 22:22:22,850 - INFO - 初始化网格: 1×2×1, 分辨率: 50.0m
2026-04-18 22:22:22,851 - INFO - 3DVAR同化完成，观测数: 10
2026-04-18 22:22:22,851 - INFO - 初始化网格: 1×2×1, 分辨率: 50.0m
2026-04-18 22:22:22,851 - INFO - 3DVAR同化完成，观测数: 8
2026-04-18 22:22:22,852 - INFO - 初始化网格: 1×2×1, 分辨率: 50.0m
2026-04-18 22:22:22,852 - INFO - 3DVAR同化完成，观测数: 7
2026-04-18 22:22:22,853 - INFO - 3DVAR同化完成，观测数: 5
2026-04-18 22:22:22,854 - INFO - 分块并行计算完成，耗时: 0.01秒
2026-04-18 22:22:22,855 - INFO - 分块并行计算: 4 个块
2026-04-18 22:22:22,855 - INFO - 初始化网格: 1×2×1, 分辨率: 50.0m
2026-04-18 22:22:22,856 - INFO - 初始化网格: 1×2×1, 分辨率: 50.0m
2026-04-18 22:22:22,857 - INFO - 初始化网格: 1×2×1, 分辨率: 50.0m
2026-04-18 22:22:22,857 - INFO - 3DVAR同化完成，观测数: 8
2026-04-18 22:22:22,857 - INFO - 3DVAR同化完成，观测数: 10
2026-04-18 22:22:22,858 - INFO - 初始化网格: 1×2×1, 分辨率: 50.0m
2026-04-18 22:22:22,858 - INFO - 3DVAR同化完成，观测数: 7
2026-04-18 22:22:22,859 - INFO - 3DVAR同化完成，观测数: 5
2026-04-18 22:22:22,860 - INFO - 分块并行计算完成，耗时: 0.01秒
2026-04-18 22:22:22,861 - INFO - 分块并行计算: 4 个块
2026-04-18 22:22:22,861 - INFO - 初始化网格: 1×2×1, 分辨率: 50.0m
2026-04-18 22:22:22,862 - INFO - 初始化网格: 1×2×1, 分辨率: 50.0m
2026-04-18 22:22:22,863 - INFO - 3DVAR同化完成，观测数: 10
2026-04-18 22:22:22,863 - INFO - 初始化网格: 1×2×1, 分辨率: 50.0m
2026-04-18 22:22:22,864 - INFO - 初始化网格: 1×2×1, 分辨率: 50.0m
2026-04-18 22:22:22,864 - INFO - 3DVAR同化完成，观测数: 8
2026-04-18 22:22:22,865 - INFO - 3DVAR同化完成，观测数: 7
2026-04-18 22:22:22,866 - INFO - 3DVAR同化完成，观测数: 5
2026-04-18 22:22:22,867 - INFO - 分块并行计算完成，耗时: 0.01秒
2026-04-18 22:22:22,867 - INFO - 分块并行计算: 4 个块
2026-04-18 22:22:22,867 - INFO - 初始化网格: 1×2×1, 分辨率: 50.0m
2026-04-18 22:22:22,868 - INFO - 初始化网格: 1×2×1, 分辨率: 50.0m
2026-04-18 22:22:22,869 - INFO - 初始化网格: 1×2×1, 分辨率: 50.0m
2026-04-18 22:22:22,869 - INFO - 3DVAR同化完成，观测数: 10
2026-04-18 22:22:22,870 - INFO - 3DVAR同化完成，观测数: 8
2026-04-18 22:22:22,870 - INFO - 初始化网格: 1×2×1, 分辨率: 50.0m
2026-04-18 22:22:22,871 - INFO - 3DVAR同化完成，观测数: 7
2026-04-18 22:22:22,871 - INFO - 3DVAR同化完成，观测数: 5
2026-04-18 22:22:22,872 - INFO - 分块并行计算完成，耗时: 0.01秒
2026-04-18 22:22:22,873 - INFO - 分块并行计算: 4 个块
2026-04-18 22:22:22,873 - INFO - 初始化网格: 1×2×1, 分辨率: 50.0m
2026-04-18 22:22:22,874 - INFO - 初始化网格: 1×2×1, 分辨率: 50.0m
2026-04-18 22:22:22,874 - INFO - 3DVAR同化完成，观测数: 10
2026-04-18 22:22:22,875 - INFO - 初始化网格: 1×2×1, 分辨率: 50.0m
2026-04-18 22:22:22,875 - INFO - 3DVAR同化完成，观测数: 8
2026-04-18 22:22:22,875 - INFO - 初始化网格: 1×2×1, 分辨率: 50.0m
2026-04-18 22:22:22,876 - INFO - 3DVAR同化完成，观测数: 7
2026-04-18 22:22:22,877 - INFO - 3DVAR同化完成，观测数: 5
2026-04-18 22:22:22,878 - INFO - 分块并行计算完成，耗时: 0.01秒
2026-04-18 22:22:22,878 - INFO -    已完成 35/50 次迭代
2026-04-18 22:22:22,878 - INFO - 分块并行计算: 4 个块
2026-04-18 22:22:22,879 - INFO - 初始化网格: 1×2×1, 分辨率: 50.0m
2026-04-18 22:22:22,880 - INFO - 初始化网格: 1×2×1, 分辨率: 50.0m
2026-04-18 22:22:22,880 - INFO - 3DVAR同化完成，观测数: 10
2026-04-18 22:22:22,881 - INFO - 初始化网格: 1×2×1, 分辨率: 50.0m
2026-04-18 22:22:22,881 - INFO - 3DVAR同化完成，观测数: 8
2026-04-18 22:22:22,881 - INFO - 初始化网格: 1×2×1, 分辨率: 50.0m
2026-04-18 22:22:22,882 - INFO - 3DVAR同化完成，观测数: 7
2026-04-18 22:22:22,883 - INFO - 3DVAR同化完成，观测数: 5
2026-04-18 22:22:22,884 - INFO - 分块并行计算完成，耗时: 0.01秒
2026-04-18 22:22:22,884 - INFO - 分块并行计算: 4 个块
2026-04-18 22:22:22,884 - INFO - 初始化网格: 1×2×1, 分辨率: 50.0m
2026-04-18 22:22:22,885 - INFO - 初始化网格: 1×2×1, 分辨率: 50.0m
2026-04-18 22:22:22,886 - INFO - 初始化网格: 1×2×1, 分辨率: 50.0m
2026-04-18 22:22:22,887 - INFO - 3DVAR同化完成，观测数: 10
2026-04-18 22:22:22,887 - INFO - 初始化网格: 1×2×1, 分辨率: 50.0m
2026-04-18 22:22:22,888 - INFO - 3DVAR同化完成，观测数: 8
2026-04-18 22:22:22,889 - INFO - 3DVAR同化完成，观测数: 7
2026-04-18 22:22:22,889 - INFO - 3DVAR同化完成，观测数: 5
2026-04-18 22:22:22,890 - INFO - 分块并行计算完成，耗时: 0.01秒
2026-04-18 22:22:22,890 - INFO - 分块并行计算: 4 个块
2026-04-18 22:22:22,891 - INFO - 初始化网格: 1×2×1, 分辨率: 50.0m
2026-04-18 22:22:22,891 - INFO - 初始化网格: 1×2×1, 分辨率: 50.0m
2026-04-18 22:22:22,892 - INFO - 初始化网格: 1×2×1, 分辨率: 50.0m
2026-04-18 22:22:22,892 - INFO - 3DVAR同化完成，观测数: 10
2026-04-18 22:22:22,893 - INFO - 3DVAR同化完成，观测数: 8
2026-04-18 22:22:22,893 - INFO - 初始化网格: 1×2×1, 分辨率: 50.0m
2026-04-18 22:22:22,893 - INFO - 3DVAR同化完成，观测数: 7
2026-04-18 22:22:22,894 - INFO - 3DVAR同化完成，观测数: 5
2026-04-18 22:22:22,895 - INFO - 分块并行计算完成，耗时: 0.00秒
2026-04-18 22:22:22,895 - INFO - 分块并行计算: 4 个块
2026-04-18 22:22:22,896 - INFO - 初始化网格: 1×2×1, 分辨率: 50.0m
2026-04-18 22:22:22,896 - INFO - 初始化网格: 1×2×1, 分辨率: 50.0m
2026-04-18 22:22:22,897 - INFO - 3DVAR同化完成，观测数: 10
2026-04-18 22:22:22,897 - INFO - 初始化网格: 1×2×1, 分辨率: 50.0m
2026-04-18 22:22:22,898 - INFO - 3DVAR同化完成，观测数: 8
2026-04-18 22:22:22,898 - INFO - 初始化网格: 1×2×1, 分辨率: 50.0m
2026-04-18 22:22:22,899 - INFO - 3DVAR同化完成，观测数: 7
2026-04-18 22:22:22,899 - INFO - 3DVAR同化完成，观测数: 5
2026-04-18 22:22:22,900 - INFO - 分块并行计算完成，耗时: 0.01秒
2026-04-18 22:22:22,901 - INFO - 分块并行计算: 4 个块
2026-04-18 22:22:22,901 - INFO - 初始化网格: 1×2×1, 分辨率: 50.0m
2026-04-18 22:22:22,901 - INFO - 初始化网格: 1×2×1, 分辨率: 50.0m
2026-04-18 22:22:22,902 - INFO - 初始化网格: 1×2×1, 分辨率: 50.0m
2026-04-18 22:22:22,903 - INFO - 3DVAR同化完成，观测数: 8
2026-04-18 22:22:22,903 - INFO - 3DVAR同化完成，观测数: 10
2026-04-18 22:22:22,904 - INFO - 初始化网格: 1×2×1, 分辨率: 50.0m
2026-04-18 22:22:22,904 - INFO - 3DVAR同化完成，观测数: 7
2026-04-18 22:22:22,905 - INFO - 3DVAR同化完成，观测数: 5
2026-04-18 22:22:22,906 - INFO - 分块并行计算完成，耗时: 0.01秒
2026-04-18 22:22:22,906 - INFO -    已完成 40/50 次迭代
2026-04-18 22:22:22,906 - INFO - 分块并行计算: 4 个块
2026-04-18 22:22:22,907 - INFO - 初始化网格: 1×2×1, 分辨率: 50.0m
2026-04-18 22:22:22,907 - INFO - 初始化网格: 1×2×1, 分辨率: 50.0m
2026-04-18 22:22:22,908 - INFO - 初始化网格: 1×2×1, 分辨率: 50.0m
2026-04-18 22:22:22,908 - INFO - 3DVAR同化完成，观测数: 10
2026-04-18 22:22:22,909 - INFO - 3DVAR同化完成，观测数: 8
2026-04-18 22:22:22,909 - INFO - 初始化网格: 1×2×1, 分辨率: 50.0m
2026-04-18 22:22:22,909 - INFO - 3DVAR同化完成，观测数: 7
2026-04-18 22:22:22,910 - INFO - 3DVAR同化完成，观测数: 5
2026-04-18 22:22:22,911 - INFO - 分块并行计算完成，耗时: 0.00秒
2026-04-18 22:22:22,911 - INFO - 分块并行计算: 4 个块
2026-04-18 22:22:22,912 - INFO - 初始化网格: 1×2×1, 分辨率: 50.0m
2026-04-18 22:22:22,912 - INFO - 初始化网格: 1×2×1, 分辨率: 50.0m
2026-04-18 22:22:22,913 - INFO - 3DVAR同化完成，观测数: 10
2026-04-18 22:22:22,913 - INFO - 初始化网格: 1×2×1, 分辨率: 50.0m
2026-04-18 22:22:22,913 - INFO - 初始化网格: 1×2×1, 分辨率: 50.0m
2026-04-18 22:22:22,914 - INFO - 3DVAR同化完成，观测数: 8
2026-04-18 22:22:22,915 - INFO - 3DVAR同化完成，观测数: 5
2026-04-18 22:22:22,915 - INFO - 3DVAR同化完成，观测数: 7
2026-04-18 22:22:22,916 - INFO - 分块并行计算完成，耗时: 0.01秒
2026-04-18 22:22:22,917 - INFO - 分块并行计算: 4 个块
2026-04-18 22:22:22,917 - INFO - 初始化网格: 1×2×1, 分辨率: 50.0m
2026-04-18 22:22:22,918 - INFO - 初始化网格: 1×2×1, 分辨率: 50.0m
2026-04-18 22:22:22,918 - INFO - 3DVAR同化完成，观测数: 10
2026-04-18 22:22:22,919 - INFO - 初始化网格: 1×2×1, 分辨率: 50.0m
2026-04-18 22:22:22,919 - INFO - 初始化网格: 1×2×1, 分辨率: 50.0m
2026-04-18 22:22:22,921 - INFO - 3DVAR同化完成，观测数: 8
2026-04-18 22:22:22,921 - INFO - 3DVAR同化完成，观测数: 5
2026-04-18 22:22:22,922 - INFO - 3DVAR同化完成，观测数: 7
2026-04-18 22:22:22,923 - INFO - 分块并行计算完成，耗时: 0.01秒
2026-04-18 22:22:22,923 - INFO - 分块并行计算: 4 个块
2026-04-18 22:22:22,924 - INFO - 初始化网格: 1×2×1, 分辨率: 50.0m
2026-04-18 22:22:22,924 - INFO - 初始化网格: 1×2×1, 分辨率: 50.0m
2026-04-18 22:22:22,925 - INFO - 初始化网格: 1×2×1, 分辨率: 50.0m
2026-04-18 22:22:22,925 - INFO - 3DVAR同化完成，观测数: 10
2026-04-18 22:22:22,926 - INFO - 初始化网格: 1×2×1, 分辨率: 50.0m
2026-04-18 22:22:22,926 - INFO - 3DVAR同化完成，观测数: 7
2026-04-18 22:22:22,927 - INFO - 3DVAR同化完成，观测数: 8
2026-04-18 22:22:22,927 - INFO - 3DVAR同化完成，观测数: 5
2026-04-18 22:22:22,928 - INFO - 分块并行计算完成，耗时: 0.01秒
2026-04-18 22:22:22,929 - INFO - 分块并行计算: 4 个块
2026-04-18 22:22:22,929 - INFO - 初始化网格: 1×2×1, 分辨率: 50.0m
2026-04-18 22:22:22,930 - INFO - 初始化网格: 1×2×1, 分辨率: 50.0m
2026-04-18 22:22:22,931 - INFO - 初始化网格: 1×2×1, 分辨率: 50.0m
2026-04-18 22:22:22,931 - INFO - 3DVAR同化完成，观测数: 10
2026-04-18 22:22:22,932 - INFO - 初始化网格: 1×2×1, 分辨率: 50.0m
2026-04-18 22:22:22,932 - INFO - 3DVAR同化完成，观测数: 8
2026-04-18 22:22:22,933 - INFO - 3DVAR同化完成，观测数: 7
2026-04-18 22:22:22,933 - INFO - 3DVAR同化完成，观测数: 5
2026-04-18 22:22:22,934 - INFO - 分块并行计算完成，耗时: 0.01秒
2026-04-18 22:22:22,934 - INFO -    已完成 45/50 次迭代
2026-04-18 22:22:22,935 - INFO - 分块并行计算: 4 个块
2026-04-18 22:22:22,935 - INFO - 初始化网格: 1×2×1, 分辨率: 50.0m
2026-04-18 22:22:22,936 - INFO - 初始化网格: 1×2×1, 分辨率: 50.0m
2026-04-18 22:22:22,936 - INFO - 3DVAR同化完成，观测数: 10
2026-04-18 22:22:22,936 - INFO - 初始化网格: 1×2×1, 分辨率: 50.0m
2026-04-18 22:22:22,937 - INFO - 3DVAR同化完成，观测数: 8
2026-04-18 22:22:22,937 - INFO - 初始化网格: 1×2×1, 分辨率: 50.0m
2026-04-18 22:22:22,938 - INFO - 3DVAR同化完成，观测数: 7
2026-04-18 22:22:22,939 - INFO - 3DVAR同化完成，观测数: 5
2026-04-18 22:22:22,939 - INFO - 分块并行计算完成，耗时: 0.00秒
2026-04-18 22:22:22,939 - INFO - 分块并行计算: 4 个块
2026-04-18 22:22:22,940 - INFO - 初始化网格: 1×2×1, 分辨率: 50.0m
2026-04-18 22:22:22,941 - INFO - 初始化网格: 1×2×1, 分辨率: 50.0m
2026-04-18 22:22:22,941 - INFO - 3DVAR同化完成，观测数: 10
2026-04-18 22:22:22,942 - INFO - 初始化网格: 1×2×1, 分辨率: 50.0m
2026-04-18 22:22:22,942 - INFO - 3DVAR同化完成，观测数: 8
2026-04-18 22:22:22,942 - INFO - 初始化网格: 1×2×1, 分辨率: 50.0m
2026-04-18 22:22:22,943 - INFO - 3DVAR同化完成，观测数: 7
2026-04-18 22:22:22,943 - INFO - 3DVAR同化完成，观测数: 5
2026-04-18 22:22:22,944 - INFO - 分块并行计算完成，耗时: 0.00秒
2026-04-18 22:22:22,944 - INFO - 分块并行计算: 4 个块
2026-04-18 22:22:22,945 - INFO - 初始化网格: 1×2×1, 分辨率: 50.0m
2026-04-18 22:22:22,946 - INFO - 初始化网格: 1×2×1, 分辨率: 50.0m
2026-04-18 22:22:22,946 - INFO - 初始化网格: 1×2×1, 分辨率: 50.0m
2026-04-18 22:22:22,947 - INFO - 3DVAR同化完成，观测数: 10
2026-04-18 22:22:22,947 - INFO - 3DVAR同化完成，观测数: 8
2026-04-18 22:22:22,947 - INFO - 初始化网格: 1×2×1, 分辨率: 50.0m
2026-04-18 22:22:22,947 - INFO - 3DVAR同化完成，观测数: 7
2026-04-18 22:22:22,948 - INFO - 3DVAR同化完成，观测数: 5
2026-04-18 22:22:22,949 - INFO - 分块并行计算完成，耗时: 0.00秒
2026-04-18 22:22:22,949 - INFO - 分块并行计算: 4 个块
2026-04-18 22:22:22,950 - INFO - 初始化网格: 1×2×1, 分辨率: 50.0m
2026-04-18 22:22:22,951 - INFO - 初始化网格: 1×2×1, 分辨率: 50.0m
2026-04-18 22:22:22,951 - INFO - 3DVAR同化完成，观测数: 10
2026-04-18 22:22:22,951 - INFO - 初始化网格: 1×2×1, 分辨率: 50.0m
2026-04-18 22:22:22,952 - INFO - 3DVAR同化完成，观测数: 8
2026-04-18 22:22:22,952 - INFO - 初始化网格: 1×2×1, 分辨率: 50.0m
2026-04-18 22:22:22,953 - INFO - 3DVAR同化完成，观测数: 7
2026-04-18 22:22:22,954 - INFO - 3DVAR同化完成，观测数: 5
2026-04-18 22:22:22,954 - INFO - 分块并行计算完成，耗时: 0.01秒
2026-04-18 22:22:23,055 - INFO - 分块并行计算完成
2026-04-18 22:22:23,055 - INFO -    耗时: 0.42秒
2026-04-18 22:22:23,056 - INFO -    分析场形状: (51, 51, 6)
2026-04-18 22:22:23,056 - INFO -    平均方差: 2.2466
2026-04-18 22:22:23,056 - INFO -    资源使用: CPU 35.1%, 内存 75.7%
2026-04-18 22:22:23,056 - INFO - ============================================================
2026-04-18 22:22:23,056 - INFO - Dask并行计算 ( 50次迭代 )
2026-04-18 22:22:23,057 - INFO - ============================================================
2026-04-18 22:22:23,780 - INFO - Dask版本: 2026.3.0
2026-04-18 22:22:23,780 - INFO - 初始化网格: 51×51×6, 分辨率: 50.0m
2026-04-18 22:22:23,781 - DEBUG - Using selector: SelectSelector
2026-04-18 22:22:23,790 - INFO - To route to workers diagnostics web server please install jupyter-server-proxy: python -m pip install jupyter-server-proxy
2026-04-18 22:22:23,792 - INFO - State start
2026-04-18 22:22:23,825 - INFO -   Scheduler at:      tcp://127.0.0.1:3941
2026-04-18 22:22:23,826 - INFO -   dashboard at:  http://127.0.0.1:8787/status
2026-04-18 22:22:23,826 - INFO - Registering Worker plugin shuffle
2026-04-18 22:22:23,945 - INFO -         Start Nanny at: 'tcp://127.0.0.1:3946'
2026-04-18 22:22:23,947 - INFO -         Start Nanny at: 'tcp://127.0.0.1:3948'
2026-04-18 22:22:23,949 - INFO -         Start Nanny at: 'tcp://127.0.0.1:3950'
2026-04-18 22:22:23,951 - INFO -         Start Nanny at: 'tcp://127.0.0.1:3944'
2026-04-18 22:22:28,642 - INFO - Register worker addr: tcp://127.0.0.1:3966 name: 1
2026-04-18 22:22:28,654 - INFO - Starting worker compute stream, tcp://127.0.0.1:3966
2026-04-18 22:22:28,654 - INFO - Starting established connection to tcp://127.0.0.1:3970
2026-04-18 22:22:28,667 - INFO - Register worker addr: tcp://127.0.0.1:3971 name: 2
2026-04-18 22:22:28,668 - INFO - Starting worker compute stream, tcp://127.0.0.1:3971
2026-04-18 22:22:28,669 - INFO - Starting established connection to tcp://127.0.0.1:3973
2026-04-18 22:22:28,676 - INFO - Register worker addr: tcp://127.0.0.1:3974 name: 0
2026-04-18 22:22:28,678 - INFO - Starting worker compute stream, tcp://127.0.0.1:3974
2026-04-18 22:22:28,678 - INFO - Starting established connection to tcp://127.0.0.1:3976
2026-04-18 22:22:28,685 - INFO - Register worker addr: tcp://127.0.0.1:3977 name: 3
2026-04-18 22:22:28,686 - INFO - Starting worker compute stream, tcp://127.0.0.1:3977
2026-04-18 22:22:28,686 - INFO - Starting established connection to tcp://127.0.0.1:3979
2026-04-18 22:22:28,730 - INFO - Receive client connection: Client-079bc2fa-3b32-11f1-ac50-24eb164c90ae
2026-04-18 22:22:28,730 - INFO - Starting established connection to tcp://127.0.0.1:3980
2026-04-18 22:22:28,732 - INFO - Dask集群已启动
2026-04-18 22:22:28,844 - INFO - 3DVAR同化完成，观测数: 30
2026-04-18 22:22:28,844 - INFO - 并行计算耗时: 0.00秒
2026-04-18 22:22:28,847 - INFO - 3DVAR同化完成，观测数: 30
2026-04-18 22:22:28,847 - INFO - 并行计算耗时: 0.00秒
2026-04-18 22:22:28,849 - INFO - 3DVAR同化完成，观测数: 30
2026-04-18 22:22:28,849 - INFO - 并行计算耗时: 0.00秒
2026-04-18 22:22:28,851 - INFO - 3DVAR同化完成，观测数: 30
2026-04-18 22:22:28,851 - INFO - 并行计算耗时: 0.00秒
2026-04-18 22:22:28,853 - INFO - 3DVAR同化完成，观测数: 30
2026-04-18 22:22:28,853 - INFO - 并行计算耗时: 0.00秒
2026-04-18 22:22:28,855 - INFO - 3DVAR同化完成，观测数: 30
2026-04-18 22:22:28,855 - INFO - 并行计算耗时: 0.00秒
2026-04-18 22:22:28,855 - INFO -    已完成 5/50 次迭代
2026-04-18 22:22:28,857 - INFO - 3DVAR同化完成，观测数: 30
2026-04-18 22:22:28,857 - INFO - 并行计算耗时: 0.00秒
2026-04-18 22:22:28,859 - INFO - 3DVAR同化完成，观测数: 30
2026-04-18 22:22:28,859 - INFO - 并行计算耗时: 0.00秒
2026-04-18 22:22:28,861 - INFO - 3DVAR同化完成，观测数: 30
2026-04-18 22:22:28,862 - INFO - 并行计算耗时: 0.00秒
2026-04-18 22:22:28,863 - INFO - 3DVAR同化完成，观测数: 30
2026-04-18 22:22:28,863 - INFO - 并行计算耗时: 0.00秒
2026-04-18 22:22:28,866 - INFO - 3DVAR同化完成，观测数: 30
2026-04-18 22:22:28,866 - INFO - 并行计算耗时: 0.00秒
2026-04-18 22:22:28,866 - INFO -    已完成 10/50 次迭代
2026-04-18 22:22:28,868 - INFO - 3DVAR同化完成，观测数: 30
2026-04-18 22:22:28,868 - INFO - 并行计算耗时: 0.00秒
2026-04-18 22:22:28,870 - INFO - 3DVAR同化完成，观测数: 30
2026-04-18 22:22:28,870 - INFO - 并行计算耗时: 0.00秒
2026-04-18 22:22:28,871 - INFO - 3DVAR同化完成，观测数: 30
2026-04-18 22:22:28,871 - INFO - 并行计算耗时: 0.00秒
2026-04-18 22:22:28,873 - INFO - 3DVAR同化完成，观测数: 30
2026-04-18 22:22:28,873 - INFO - 并行计算耗时: 0.00秒
2026-04-18 22:22:28,876 - INFO - 3DVAR同化完成，观测数: 30
2026-04-18 22:22:28,876 - INFO - 并行计算耗时: 0.00秒
2026-04-18 22:22:28,876 - INFO -    已完成 15/50 次迭代
2026-04-18 22:22:28,878 - INFO - 3DVAR同化完成，观测数: 30
2026-04-18 22:22:28,878 - INFO - 并行计算耗时: 0.00秒
2026-04-18 22:22:28,879 - INFO - 3DVAR同化完成，观测数: 30
2026-04-18 22:22:28,880 - INFO - 并行计算耗时: 0.00秒
2026-04-18 22:22:28,881 - INFO - 3DVAR同化完成，观测数: 30
2026-04-18 22:22:28,881 - INFO - 并行计算耗时: 0.00秒
2026-04-18 22:22:28,884 - INFO - 3DVAR同化完成，观测数: 30
2026-04-18 22:22:28,884 - INFO - 并行计算耗时: 0.00秒
2026-04-18 22:22:28,886 - INFO - 3DVAR同化完成，观测数: 30
2026-04-18 22:22:28,886 - INFO - 并行计算耗时: 0.00秒
2026-04-18 22:22:28,886 - INFO -    已完成 20/50 次迭代
2026-04-18 22:22:28,888 - INFO - 3DVAR同化完成，观测数: 30
2026-04-18 22:22:28,888 - INFO - 并行计算耗时: 0.00秒
2026-04-18 22:22:28,890 - INFO - 3DVAR同化完成，观测数: 30
2026-04-18 22:22:28,890 - INFO - 并行计算耗时: 0.00秒
2026-04-18 22:22:28,892 - INFO - 3DVAR同化完成，观测数: 30
2026-04-18 22:22:28,892 - INFO - 并行计算耗时: 0.00秒
2026-04-18 22:22:28,894 - INFO - 3DVAR同化完成，观测数: 30
2026-04-18 22:22:28,895 - INFO - 并行计算耗时: 0.00秒
2026-04-18 22:22:28,897 - INFO - 3DVAR同化完成，观测数: 30
2026-04-18 22:22:28,897 - INFO - 并行计算耗时: 0.00秒
2026-04-18 22:22:28,897 - INFO -    已完成 25/50 次迭代
2026-04-18 22:22:28,900 - INFO - 3DVAR同化完成，观测数: 30
2026-04-18 22:22:28,900 - INFO - 并行计算耗时: 0.00秒
2026-04-18 22:22:28,902 - INFO - 3DVAR同化完成，观测数: 30
2026-04-18 22:22:28,903 - INFO - 并行计算耗时: 0.00秒
2026-04-18 22:22:28,905 - INFO - 3DVAR同化完成，观测数: 30
2026-04-18 22:22:28,905 - INFO - 并行计算耗时: 0.00秒
2026-04-18 22:22:28,908 - INFO - 3DVAR同化完成，观测数: 30
2026-04-18 22:22:28,909 - INFO - 并行计算耗时: 0.00秒
2026-04-18 22:22:28,912 - INFO - 3DVAR同化完成，观测数: 30
2026-04-18 22:22:28,912 - INFO - 并行计算耗时: 0.00秒
2026-04-18 22:22:28,912 - INFO -    已完成 30/50 次迭代
2026-04-18 22:22:28,914 - INFO - 3DVAR同化完成，观测数: 30
2026-04-18 22:22:28,914 - INFO - 并行计算耗时: 0.00秒
2026-04-18 22:22:28,916 - INFO - 3DVAR同化完成，观测数: 30
2026-04-18 22:22:28,916 - INFO - 并行计算耗时: 0.00秒
2026-04-18 22:22:28,918 - INFO - 3DVAR同化完成，观测数: 30
2026-04-18 22:22:28,918 - INFO - 并行计算耗时: 0.00秒
2026-04-18 22:22:28,920 - INFO - 3DVAR同化完成，观测数: 30
2026-04-18 22:22:28,920 - INFO - 并行计算耗时: 0.00秒
2026-04-18 22:22:28,922 - INFO - 3DVAR同化完成，观测数: 30
2026-04-18 22:22:28,922 - INFO - 并行计算耗时: 0.00秒
2026-04-18 22:22:28,922 - INFO -    已完成 35/50 次迭代
2026-04-18 22:22:28,925 - INFO - 3DVAR同化完成，观测数: 30
2026-04-18 22:22:28,925 - INFO - 并行计算耗时: 0.00秒
2026-04-18 22:22:28,926 - INFO - 3DVAR同化完成，观测数: 30
2026-04-18 22:22:28,927 - INFO - 并行计算耗时: 0.00秒
2026-04-18 22:22:28,928 - INFO - 3DVAR同化完成，观测数: 30
2026-04-18 22:22:28,928 - INFO - 并行计算耗时: 0.00秒
2026-04-18 22:22:28,931 - INFO - 3DVAR同化完成，观测数: 30
2026-04-18 22:22:28,931 - INFO - 并行计算耗时: 0.00秒
2026-04-18 22:22:28,933 - INFO - 3DVAR同化完成，观测数: 30
2026-04-18 22:22:28,933 - INFO - 并行计算耗时: 0.00秒
2026-04-18 22:22:28,933 - INFO -    已完成 40/50 次迭代
2026-04-18 22:22:28,935 - INFO - 3DVAR同化完成，观测数: 30
2026-04-18 22:22:28,935 - INFO - 并行计算耗时: 0.00秒
2026-04-18 22:22:28,938 - INFO - 3DVAR同化完成，观测数: 30
2026-04-18 22:22:28,938 - INFO - 并行计算耗时: 0.00秒
2026-04-18 22:22:28,940 - INFO - 3DVAR同化完成，观测数: 30
2026-04-18 22:22:28,940 - INFO - 并行计算耗时: 0.00秒
2026-04-18 22:22:28,943 - INFO - 3DVAR同化完成，观测数: 30
2026-04-18 22:22:28,943 - INFO - 并行计算耗时: 0.00秒
2026-04-18 22:22:28,945 - INFO - 3DVAR同化完成，观测数: 30
2026-04-18 22:22:28,945 - INFO - 并行计算耗时: 0.00秒
2026-04-18 22:22:28,945 - INFO -    已完成 45/50 次迭代
2026-04-18 22:22:28,947 - INFO - 3DVAR同化完成，观测数: 30
2026-04-18 22:22:28,948 - INFO - 并行计算耗时: 0.00秒
2026-04-18 22:22:28,949 - INFO - 3DVAR同化完成，观测数: 30
2026-04-18 22:22:28,949 - INFO - 并行计算耗时: 0.00秒
2026-04-18 22:22:28,952 - INFO - 3DVAR同化完成，观测数: 30
2026-04-18 22:22:28,952 - INFO - 并行计算耗时: 0.00秒
2026-04-18 22:22:28,954 - INFO - 3DVAR同化完成，观测数: 30
2026-04-18 22:22:28,954 - INFO - 并行计算耗时: 0.00秒
2026-04-18 22:22:29,057 - INFO - Remove client Client-079bc2fa-3b32-11f1-ac50-24eb164c90ae
2026-04-18 22:22:29,058 - INFO - Received 'close-stream' from tcp://127.0.0.1:3980; closing.
2026-04-18 22:22:29,058 - INFO - Remove client Client-079bc2fa-3b32-11f1-ac50-24eb164c90ae
2026-04-18 22:22:29,059 - INFO - Close client connection: Client-079bc2fa-3b32-11f1-ac50-24eb164c90ae
2026-04-18 22:22:29,061 - INFO - Retire worker addresses (stimulus_id='retire-workers-1776522149.061463') (0, 1, 2, 3)
2026-04-18 22:22:29,062 - INFO - Closing Nanny at 'tcp://127.0.0.1:3944'. Reason: nanny-close
2026-04-18 22:22:29,062 - INFO - Nanny asking worker to close. Reason: nanny-close
2026-04-18 22:22:29,062 - INFO - Closing Nanny at 'tcp://127.0.0.1:3946'. Reason: nanny-close
2026-04-18 22:22:29,063 - INFO - Nanny asking worker to close. Reason: nanny-close
2026-04-18 22:22:29,063 - INFO - Closing Nanny at 'tcp://127.0.0.1:3948'. Reason: nanny-close
2026-04-18 22:22:29,063 - INFO - Nanny asking worker to close. Reason: nanny-close
2026-04-18 22:22:29,063 - INFO - Closing Nanny at 'tcp://127.0.0.1:3950'. Reason: nanny-close
2026-04-18 22:22:29,064 - INFO - Nanny asking worker to close. Reason: nanny-close
2026-04-18 22:22:29,065 - INFO - Received 'close-stream' from tcp://127.0.0.1:3976; closing.
2026-04-18 22:22:29,066 - INFO - Remove worker addr: tcp://127.0.0.1:3974 name: 0 (stimulus_id='handle-worker-cleanup-1776522149.0662694')
2026-04-18 22:22:29,068 - INFO - Received 'close-stream' from tcp://127.0.0.1:3970; closing.
2026-04-18 22:22:29,069 - INFO - Remove worker addr: tcp://127.0.0.1:3966 name: 1 (stimulus_id='handle-worker-cleanup-1776522149.0697377')
2026-04-18 22:22:29,070 - INFO - Received 'close-stream' from tcp://127.0.0.1:3979; closing.
2026-04-18 22:22:29,070 - INFO - Received 'close-stream' from tcp://127.0.0.1:3973; closing.
2026-04-18 22:22:29,070 - INFO - Remove worker addr: tcp://127.0.0.1:3977 name: 3 (stimulus_id='handle-worker-cleanup-1776522149.0709186')
2026-04-18 22:22:29,071 - INFO - Remove worker addr: tcp://127.0.0.1:3971 name: 2 (stimulus_id='handle-worker-cleanup-1776522149.0713403')
2026-04-18 22:22:29,071 - INFO - Lost all workers
2026-04-18 22:22:29,910 - INFO - Nanny at 'tcp://127.0.0.1:3950' closed.
2026-04-18 22:22:29,963 - INFO - Nanny at 'tcp://127.0.0.1:3948' closed.
2026-04-18 22:22:29,980 - INFO - Nanny at 'tcp://127.0.0.1:3946' closed.
2026-04-18 22:22:30,000 - INFO - Nanny at 'tcp://127.0.0.1:3944' closed.
2026-04-18 22:22:30,001 - INFO - Closing scheduler. Reason: unknown
2026-04-18 22:22:30,002 - INFO - Scheduler closing all comms
2026-04-18 22:22:30,005 - INFO - Dask并行计算完成
2026-04-18 22:22:30,005 - INFO -    耗时: 0.22秒
2026-04-18 22:22:30,006 - INFO -    分析场形状: (51, 51, 6)
2026-04-18 22:22:30,006 - INFO -    平均方差: 2.2466
2026-04-18 22:22:30,006 - INFO -    资源使用: CPU 32.0%, 内存 81.2%
2026-04-18 22:22:30,006 - INFO - 
============================================================
2026-04-18 22:22:30,007 - INFO - 性能对比 (使用相同数据规模)
2026-04-18 22:22:30,007 - INFO - ============================================================
2026-04-18 22:22:30,007 - INFO - 
串行计算:
2026-04-18 22:22:30,007 - INFO -    耗时: 0.17秒
2026-04-18 22:22:30,007 - INFO -    基准时间
2026-04-18 22:22:30,007 - INFO - 
分块并行计算:
2026-04-18 22:22:30,007 - INFO -    耗时: 0.42秒
2026-04-18 22:22:30,008 - INFO -    加速比: 0.42x
2026-04-18 22:22:30,008 - INFO -    并行效率: 10.4%
2026-04-18 22:22:30,008 - INFO -    (使用 4 个块)
2026-04-18 22:22:30,008 - INFO -    注：效率超过100%可能是因为缓存命中率提升
2026-04-18 22:22:30,008 - INFO -    ⚠️ 并行未达到加速效果
2026-04-18 22:22:30,008 - INFO - 
Dask并行计算:
2026-04-18 22:22:30,009 - INFO -    耗时: 0.22秒
2026-04-18 22:22:30,009 - INFO -    加速比: 0.79x
2026-04-18 22:22:30,009 - INFO -    ⚠️ 并行未达到加速效果
2026-04-18 22:22:30,009 - INFO - 
成功测试数: 3/3
2026-04-18 22:22:30,009 - INFO - 
============================================================
2026-04-18 22:22:30,010 - INFO - 分析说明
2026-04-18 22:22:30,010 - INFO - ============================================================
2026-04-18 22:22:30,010 - INFO - 1. 串行和并行使用完全相同的数据规模，确保公平对比
2026-04-18 22:22:30,010 - INFO - 2. 并行计算的优势在于多核并行处理
2026-04-18 22:22:30,010 - INFO - 3. 并行效率 = 加速比 / 核心数，理想值为100%
2026-04-18 22:22:30,010 - INFO - 4. 如果并行效率低，可能原因:
2026-04-18 22:22:30,011 - INFO -    - 数据规模太小，并行开销大于并行收益
2026-04-18 22:22:30,011 - INFO -    - 同步/通信开销过大
2026-04-18 22:22:30,011 - INFO -    - 内存带宽瓶颈
2026-04-18 22:22:30,011 - INFO - 5. 对于巨规模数据，Dask的内存管理和分布式计算优势更明显
2026-04-18 22:22:30,011 - INFO - 
============================================================
2026-04-18 22:22:30,011 - INFO - 基准测试完成
2026-04-18 22:22:30,012 - INFO - ============================================================
