2026-04-19 13:25:32,490 - INFO - Starting established connection to tcp://127.0.0.1:3509
2026-04-19 13:25:32,530 - INFO - Starting established connection to tcp://127.0.0.1:3509
2026-04-19 13:25:32,565 - INFO - Starting established connection to tcp://127.0.0.1:3509
2026-04-19 13:25:32,570 - INFO - Starting established connection to tcp://127.0.0.1:3509
2026-04-19 13:25:32,582 - INFO - Starting established connection to tcp://127.0.0.1:3509
2026-04-19 13:25:32,648 - INFO - Starting established connection to tcp://127.0.0.1:3509
2026-04-19 13:43:48,115 - ERROR - Failed to communicate with scheduler during heartbeat.
Traceback (most recent call last):
  File "D:\Developer\workplace\vrp-env\Lib\site-packages\distributed\comm\tcp.py", line 226, in read
    frames_nosplit_nbytes_bin = await stream.read_bytes(fmt_size)
                                ^^^^^^^^^^^^^^^^^^^^^^^^^^^^^^^^^
tornado.iostream.StreamClosedError: Stream is closed

The above exception was the direct cause of the following exception:

Traceback (most recent call last):
  File "D:\Developer\workplace\vrp-env\Lib\site-packages\distributed\worker.py", line 1273, in heartbeat
    response = await retry_operation(
               ^^^^^^^^^^^^^^^^^^^^^^
    ...<14 lines>...
    )
    ^
  File "D:\Developer\workplace\vrp-env\Lib\site-packages\distributed\utils_comm.py", line 416, in retry_operation
    return await retry(
           ^^^^^^^^^^^^
    ...<5 lines>...
    )
    ^
  File "D:\Developer\workplace\vrp-env\Lib\site-packages\distributed\utils_comm.py", line 395, in retry
    return await coro()
           ^^^^^^^^^^^^
  File "D:\Developer\workplace\vrp-env\Lib\site-packages\distributed\core.py", line 1259, in send_recv_from_rpc
    return await send_recv(comm=comm, op=key, **kwargs)
           ^^^^^^^^^^^^^^^^^^^^^^^^^^^^^^^^^^^^^^^^^^^^
  File "D:\Developer\workplace\vrp-env\Lib\site-packages\distributed\core.py", line 1018, in send_recv
    response = await comm.read(deserializers=deserializers)
               ^^^^^^^^^^^^^^^^^^^^^^^^^^^^^^^^^^^^^^^^^^^^
  File "D:\Developer\workplace\vrp-env\Lib\site-packages\distributed\comm\tcp.py", line 237, in read
    convert_stream_closed_error(self, e)
    ~~~~~~~~~~~~~~~~~~~~~~~~~~~^^^^^^^^^
  File "D:\Developer\workplace\vrp-env\Lib\site-packages\distributed\comm\tcp.py", line 137, in convert_stream_closed_error
    raise CommClosedError(f"in {obj}: {exc}") from exc
distributed.comm.core.CommClosedError: in <TCP (closed) ConnectionPool.heartbeat_worker local=tcp://127.0.0.1:3620 remote=tcp://127.0.0.1:3509>: Stream is closed
2026-04-19 13:43:48,119 - INFO - Connection to tcp://127.0.0.1:3509 has been closed.
2026-04-19 13:43:48,144 - INFO - Connection to tcp://127.0.0.1:3509 has been closed.
2026-04-19 13:43:48,158 - INFO - Connection to tcp://127.0.0.1:3509 has been closed.
2026-04-19 13:43:48,201 - ERROR - Failed to communicate with scheduler during heartbeat.
Traceback (most recent call last):
  File "D:\Developer\workplace\vrp-env\Lib\site-packages\distributed\comm\tcp.py", line 226, in read
    frames_nosplit_nbytes_bin = await stream.read_bytes(fmt_size)
                                ^^^^^^^^^^^^^^^^^^^^^^^^^^^^^^^^^
tornado.iostream.StreamClosedError: Stream is closed

The above exception was the direct cause of the following exception:

Traceback (most recent call last):
  File "D:\Developer\workplace\vrp-env\Lib\site-packages\distributed\worker.py", line 1273, in heartbeat
    response = await retry_operation(
               ^^^^^^^^^^^^^^^^^^^^^^
    ...<14 lines>...
    )
    ^
  File "D:\Developer\workplace\vrp-env\Lib\site-packages\distributed\utils_comm.py", line 416, in retry_operation
    return await retry(
           ^^^^^^^^^^^^
    ...<5 lines>...
    )
    ^
  File "D:\Developer\workplace\vrp-env\Lib\site-packages\distributed\utils_comm.py", line 395, in retry
    return await coro()
           ^^^^^^^^^^^^
  File "D:\Developer\workplace\vrp-env\Lib\site-packages\distributed\core.py", line 1259, in send_recv_from_rpc
    return await send_recv(comm=comm, op=key, **kwargs)
           ^^^^^^^^^^^^^^^^^^^^^^^^^^^^^^^^^^^^^^^^^^^^
  File "D:\Developer\workplace\vrp-env\Lib\site-packages\distributed\core.py", line 1018, in send_recv
    response = await comm.read(deserializers=deserializers)
               ^^^^^^^^^^^^^^^^^^^^^^^^^^^^^^^^^^^^^^^^^^^^
  File "D:\Developer\workplace\vrp-env\Lib\site-packages\distributed\comm\tcp.py", line 237, in read
    convert_stream_closed_error(self, e)
    ~~~~~~~~~~~~~~~~~~~~~~~~~~~^^^^^^^^^
  File "D:\Developer\workplace\vrp-env\Lib\site-packages\distributed\comm\tcp.py", line 137, in convert_stream_closed_error
    raise CommClosedError(f"in {obj}: {exc}") from exc
distributed.comm.core.CommClosedError: in <TCP (closed) ConnectionPool.heartbeat_worker local=tcp://127.0.0.1:3619 remote=tcp://127.0.0.1:3509>: Stream is closed
2026-04-19 13:43:48,205 - ERROR - Failed to communicate with scheduler during heartbeat.
Traceback (most recent call last):
  File "D:\Developer\workplace\vrp-env\Lib\site-packages\distributed\comm\tcp.py", line 226, in read
    frames_nosplit_nbytes_bin = await stream.read_bytes(fmt_size)
                                ^^^^^^^^^^^^^^^^^^^^^^^^^^^^^^^^^
tornado.iostream.StreamClosedError: Stream is closed

The above exception was the direct cause of the following exception:

Traceback (most recent call last):
  File "D:\Developer\workplace\vrp-env\Lib\site-packages\distributed\worker.py", line 1273, in heartbeat
    response = await retry_operation(
               ^^^^^^^^^^^^^^^^^^^^^^
    ...<14 lines>...
    )
    ^
  File "D:\Developer\workplace\vrp-env\Lib\site-packages\distributed\utils_comm.py", line 416, in retry_operation
    return await retry(
           ^^^^^^^^^^^^
    ...<5 lines>...
    )
    ^
  File "D:\Developer\workplace\vrp-env\Lib\site-packages\distributed\utils_comm.py", line 395, in retry
    return await coro()
           ^^^^^^^^^^^^
  File "D:\Developer\workplace\vrp-env\Lib\site-packages\distributed\core.py", line 1259, in send_recv_from_rpc
    return await send_recv(comm=comm, op=key, **kwargs)
           ^^^^^^^^^^^^^^^^^^^^^^^^^^^^^^^^^^^^^^^^^^^^
  File "D:\Developer\workplace\vrp-env\Lib\site-packages\distributed\core.py", line 1018, in send_recv
    response = await comm.read(deserializers=deserializers)
               ^^^^^^^^^^^^^^^^^^^^^^^^^^^^^^^^^^^^^^^^^^^^
  File "D:\Developer\workplace\vrp-env\Lib\site-packages\distributed\comm\tcp.py", line 237, in read
    convert_stream_closed_error(self, e)
    ~~~~~~~~~~~~~~~~~~~~~~~~~~~^^^^^^^^^
  File "D:\Developer\workplace\vrp-env\Lib\site-packages\distributed\comm\tcp.py", line 137, in convert_stream_closed_error
    raise CommClosedError(f"in {obj}: {exc}") from exc
distributed.comm.core.CommClosedError: in <TCP (closed) ConnectionPool.heartbeat_worker local=tcp://127.0.0.1:3621 remote=tcp://127.0.0.1:3509>: Stream is closed
2026-04-19 13:43:48,190 - INFO - Connection to tcp://127.0.0.1:3509 has been closed.
2026-04-19 13:43:48,277 - INFO - Connection to tcp://127.0.0.1:3509 has been closed.
2026-04-19 13:43:48,284 - INFO - Connection to tcp://127.0.0.1:3509 has been closed.
