2026-04-19 09:17:26,607 - INFO - ============================================================
2026-04-19 09:17:26,607 - INFO - 公平并行计算基准测试
2026-04-19 09:17:26,607 - INFO - ============================================================
2026-04-19 09:17:26,608 - INFO - 系统信息: 28核CPU, 31.7GB内存
2026-04-19 09:17:26,608 - INFO - 数据规模: small
2026-04-19 09:17:26,608 - INFO - Dask: 启用
2026-04-19 09:17:26,608 - INFO - 迭代次数: 10
2026-04-19 09:17:26,608 - INFO - [日志] 详细日志: d:\Developer\workplace\py\iteam\trae\data-assimilation-platform\algorithm_core\examples\..\logs\fair_parallel_20260419_091726.log
2026-04-19 09:17:26,608 - INFO - ============================================================
2026-04-19 09:17:26,608 - INFO - 公平并行计算基准测试
2026-04-19 09:17:26,608 - INFO - ============================================================
2026-04-19 09:17:26,608 - INFO - 数据规模: 小规模 (2km x 2km x 200m, ~10,000点)
2026-04-19 09:17:26,608 - INFO -    域大小: (2000, 2000, 200)
2026-04-19 09:17:26,608 - INFO -    分辨率: 45.0m
2026-04-19 09:17:26,608 - INFO -    观测数: 20
2026-04-19 09:17:26,608 - INFO -    分块数: 2
2026-04-19 09:17:26,608 - INFO -    迭代次数: 10
2026-04-19 09:17:26,608 - INFO - 创建共享数据...
2026-04-19 09:17:26,609 - INFO - 创建数据: 45×45×5 = 10,125 点
2026-04-19 09:17:26,609 - INFO - 观测数: 20
2026-04-19 09:17:26,609 - INFO -    数据创建耗时: 0.00秒
2026-04-19 09:17:26,609 - INFO - ============================================================
2026-04-19 09:17:26,609 - INFO - 串行计算 ( 10次迭代 )
2026-04-19 09:17:26,609 - INFO - ============================================================
2026-04-19 09:17:26,609 - INFO - 初始化网格: 41×41×5, 分辨率: 50.0m
2026-04-19 09:17:26,612 - INFO - 3DVAR同化完成，观测数: 20
2026-04-19 09:17:26,613 - INFO - 3DVAR同化完成，观测数: 20
2026-04-19 09:17:26,614 - INFO - 3DVAR同化完成，观测数: 20
2026-04-19 09:17:26,615 - INFO - 3DVAR同化完成，观测数: 20
2026-04-19 09:17:26,616 - INFO - 3DVAR同化完成，观测数: 20
2026-04-19 09:17:26,617 - INFO - 3DVAR同化完成，观测数: 20
2026-04-19 09:17:26,618 - INFO - 3DVAR同化完成，观测数: 20
2026-04-19 09:17:26,619 - INFO - 3DVAR同化完成，观测数: 20
2026-04-19 09:17:26,620 - INFO - 3DVAR同化完成，观测数: 20
2026-04-19 09:17:26,621 - INFO - 3DVAR同化完成，观测数: 20
2026-04-19 09:17:26,622 - INFO - 串行计算完成
2026-04-19 09:17:26,623 - INFO -    耗时: 0.01秒
2026-04-19 09:17:26,623 - INFO -    分析场形状: (45, 45, 5)
2026-04-19 09:17:26,623 - INFO -    平均方差: 2.2465
2026-04-19 09:17:26,623 - INFO -    资源使用: CPU 76.9%, 内存 77.4%
2026-04-19 09:17:26,623 - INFO - 
============================================================
2026-04-19 09:17:26,623 - INFO - 分块并行计算 ( 2 blocks, 10次迭代 )
2026-04-19 09:17:26,623 - INFO - ============================================================
2026-04-19 09:17:26,625 - INFO - 初始化网格: 41×41×5, 分辨率: 50.0m
2026-04-19 09:17:26,626 - INFO - 分块并行计算: 2 个块
2026-04-19 09:17:26,629 - INFO - 3DVAR同化完成，观测数: 12
2026-04-19 09:17:26,629 - INFO - 3DVAR同化完成，观测数: 8
2026-04-19 09:17:26,630 - INFO - 分块并行计算完成，耗时: 0.00秒
2026-04-19 09:17:26,630 - INFO - 分块并行计算: 2 个块
2026-04-19 09:17:26,632 - INFO - 3DVAR同化完成，观测数: 12
2026-04-19 09:17:26,632 - INFO - 3DVAR同化完成，观测数: 8
2026-04-19 09:17:26,633 - INFO - 分块并行计算完成，耗时: 0.00秒
2026-04-19 09:17:26,633 - INFO - 分块并行计算: 2 个块
2026-04-19 09:17:26,636 - INFO - 3DVAR同化完成，观测数: 12
2026-04-19 09:17:26,636 - INFO - 3DVAR同化完成，观测数: 8
2026-04-19 09:17:26,637 - INFO - 分块并行计算完成，耗时: 0.00秒
2026-04-19 09:17:26,637 - INFO - 分块并行计算: 2 个块
2026-04-19 09:17:26,639 - INFO - 3DVAR同化完成，观测数: 8
2026-04-19 09:17:26,640 - INFO - 3DVAR同化完成，观测数: 12
2026-04-19 09:17:26,641 - INFO - 分块并行计算完成，耗时: 0.00秒
2026-04-19 09:17:26,641 - INFO - 分块并行计算: 2 个块
2026-04-19 09:17:26,644 - INFO - 3DVAR同化完成，观测数: 12
2026-04-19 09:17:26,645 - INFO - 3DVAR同化完成，观测数: 8
2026-04-19 09:17:26,647 - INFO - 分块并行计算完成，耗时: 0.01秒
2026-04-19 09:17:26,647 - INFO - 分块并行计算: 2 个块
2026-04-19 09:17:26,650 - INFO - 3DVAR同化完成，观测数: 8
2026-04-19 09:17:26,650 - INFO - 3DVAR同化完成，观测数: 12
2026-04-19 09:17:26,651 - INFO - 分块并行计算完成，耗时: 0.00秒
2026-04-19 09:17:26,651 - INFO - 分块并行计算: 2 个块
2026-04-19 09:17:26,653 - INFO - 3DVAR同化完成，观测数: 8
2026-04-19 09:17:26,654 - INFO - 3DVAR同化完成，观测数: 12
2026-04-19 09:17:26,655 - INFO - 分块并行计算完成，耗时: 0.00秒
2026-04-19 09:17:26,656 - INFO - 分块并行计算: 2 个块
2026-04-19 09:17:26,658 - INFO - 3DVAR同化完成，观测数: 12
2026-04-19 09:17:26,658 - INFO - 3DVAR同化完成，观测数: 8
2026-04-19 09:17:26,659 - INFO - 分块并行计算完成，耗时: 0.00秒
2026-04-19 09:17:26,659 - INFO - 分块并行计算: 2 个块
2026-04-19 09:17:26,661 - INFO - 3DVAR同化完成，观测数: 12
2026-04-19 09:17:26,662 - INFO - 3DVAR同化完成，观测数: 8
2026-04-19 09:17:26,663 - INFO - 分块并行计算完成，耗时: 0.00秒
2026-04-19 09:17:26,663 - INFO - 分块并行计算: 2 个块
2026-04-19 09:17:26,664 - INFO - 3DVAR同化完成，观测数: 12
2026-04-19 09:17:26,665 - INFO - 3DVAR同化完成，观测数: 8
2026-04-19 09:17:26,666 - INFO - 分块并行计算完成，耗时: 0.00秒
2026-04-19 09:17:26,668 - INFO - 分块并行计算完成
2026-04-19 09:17:26,668 - INFO -    耗时: 0.04秒
2026-04-19 09:17:26,668 - INFO -    分析场形状: (45, 45, 5)
2026-04-19 09:17:26,668 - INFO -    平均方差: 2.2465
2026-04-19 09:17:26,668 - INFO -    资源使用: CPU 48.4%, 内存 77.4%
2026-04-19 09:17:26,668 - INFO - ============================================================
2026-04-19 09:17:26,668 - INFO - Dask并行计算 ( 10次迭代 )
2026-04-19 09:17:26,668 - INFO - ============================================================
2026-04-19 09:17:27,593 - INFO - Dask版本: 2026.3.0
2026-04-19 09:17:27,593 - INFO - 初始化网格: 41×41×5, 分辨率: 50.0m
2026-04-19 09:17:27,603 - INFO - To route to workers diagnostics web server please install jupyter-server-proxy: python -m pip install jupyter-server-proxy
2026-04-19 09:17:34,554 - INFO - Starting established connection to tcp://127.0.0.1:17370
2026-04-19 09:17:34,573 - INFO - Starting established connection to tcp://127.0.0.1:17373
2026-04-19 09:17:34,576 - INFO - Starting established connection to tcp://127.0.0.1:17376
2026-04-19 09:17:34,587 - INFO - Starting established connection to tcp://127.0.0.1:17379
2026-04-19 09:17:34,643 - INFO - Starting established connection to tcp://127.0.0.1:17380
2026-04-19 09:17:34,644 - INFO - Dask集群已启动
2026-04-19 09:17:34,648 - INFO - 3DVAR同化完成，观测数: 20
2026-04-19 09:17:34,648 - INFO - 并行计算耗时: 0.00秒
2026-04-19 09:17:34,649 - INFO - 3DVAR同化完成，观测数: 20
2026-04-19 09:17:34,649 - INFO - 并行计算耗时: 0.00秒
2026-04-19 09:17:34,650 - INFO - 3DVAR同化完成，观测数: 20
2026-04-19 09:17:34,650 - INFO - 并行计算耗时: 0.00秒
2026-04-19 09:17:34,651 - INFO - 3DVAR同化完成，观测数: 20
2026-04-19 09:17:34,651 - INFO - 并行计算耗时: 0.00秒
2026-04-19 09:17:34,652 - INFO - 3DVAR同化完成，观测数: 20
2026-04-19 09:17:34,652 - INFO - 并行计算耗时: 0.00秒
2026-04-19 09:17:34,653 - INFO - 3DVAR同化完成，观测数: 20
2026-04-19 09:17:34,653 - INFO - 并行计算耗时: 0.00秒
2026-04-19 09:17:34,654 - INFO - 3DVAR同化完成，观测数: 20
2026-04-19 09:17:34,654 - INFO - 并行计算耗时: 0.00秒
2026-04-19 09:17:34,655 - INFO - 3DVAR同化完成，观测数: 20
2026-04-19 09:17:34,655 - INFO - 并行计算耗时: 0.00秒
2026-04-19 09:17:34,656 - INFO - 3DVAR同化完成，观测数: 20
2026-04-19 09:17:34,656 - INFO - 并行计算耗时: 0.00秒
2026-04-19 09:17:34,657 - INFO - 3DVAR同化完成，观测数: 20
2026-04-19 09:17:34,657 - INFO - 并行计算耗时: 0.00秒
2026-04-19 09:17:34,660 - INFO - Received 'close-stream' from tcp://127.0.0.1:17380; closing.
2026-04-19 09:17:34,669 - INFO - Received 'close-stream' from tcp://127.0.0.1:17379; closing.
2026-04-19 09:17:34,670 - INFO - Received 'close-stream' from tcp://127.0.0.1:17376; closing.
2026-04-19 09:17:34,674 - INFO - Received 'close-stream' from tcp://127.0.0.1:17370; closing.
2026-04-19 09:17:34,674 - INFO - Received 'close-stream' from tcp://127.0.0.1:17373; closing.
2026-04-19 09:17:36,460 - INFO - Dask并行计算完成
2026-04-19 09:17:36,460 - INFO -    耗时: 0.01秒
2026-04-19 09:17:36,460 - INFO -    分析场形状: (45, 45, 5)
2026-04-19 09:17:36,460 - INFO -    平均方差: 2.2465
2026-04-19 09:17:36,460 - INFO -    资源使用: CPU 30.8%, 内存 82.4%
2026-04-19 09:17:36,461 - INFO - 
============================================================
2026-04-19 09:17:36,461 - INFO - 性能对比 (使用相同数据规模)
2026-04-19 09:17:36,461 - INFO - ============================================================
2026-04-19 09:17:36,461 - INFO - 
串行计算:
2026-04-19 09:17:36,461 - INFO -    耗时: 0.01秒
2026-04-19 09:17:36,461 - INFO -    基准时间
2026-04-19 09:17:36,461 - INFO - 
分块并行计算:
2026-04-19 09:17:36,461 - INFO -    耗时: 0.04秒
2026-04-19 09:17:36,461 - INFO -    加速比: 0.27x
2026-04-19 09:17:36,461 - INFO -    并行效率: 13.6%
2026-04-19 09:17:36,461 - INFO -    (使用 2 个块)
2026-04-19 09:17:36,461 - INFO -    注：效率超过100%可能是因为缓存命中率提升
2026-04-19 09:17:36,461 - INFO -    并行未达到加速效果
2026-04-19 09:17:36,461 - INFO - 
Dask并行计算:
2026-04-19 09:17:36,461 - INFO -    耗时: 0.01秒
2026-04-19 09:17:36,461 - INFO -    加速比: 0.92x
2026-04-19 09:17:36,461 - INFO -    并行未达到加速效果
2026-04-19 09:17:36,462 - INFO - 
成功测试数: 3/3
2026-04-19 09:17:36,462 - INFO - 
============================================================
2026-04-19 09:17:36,462 - INFO - 分析说明
2026-04-19 09:17:36,462 - INFO - ============================================================
2026-04-19 09:17:36,462 - INFO - 1. 串行和并行使用完全相同的数据规模，确保公平对比
2026-04-19 09:17:36,462 - INFO - 2. 并行计算的优势在于多核并行处理
2026-04-19 09:17:36,462 - INFO - 3. 并行效率 = 加速比 / 核心数，理想值为100%
2026-04-19 09:17:36,462 - INFO - 4. 如果并行效率低，可能原因:
2026-04-19 09:17:36,462 - INFO -    - 数据规模太小，并行开销大于并行收益
2026-04-19 09:17:36,462 - INFO -    - 同步/通信开销过大
2026-04-19 09:17:36,462 - INFO -    - 内存带宽瓶颈
2026-04-19 09:17:36,462 - INFO - 5. 对于巨规模数据，Dask的内存管理和分布式计算优势更明显
2026-04-19 09:17:36,462 - INFO - 
============================================================
2026-04-19 09:17:36,462 - INFO - 基准测试完成
2026-04-19 09:17:36,462 - INFO - ============================================================
