2026-04-19 09:15:09,580 - INFO - ============================================================
2026-04-19 09:15:09,580 - INFO - 🚀 公平并行计算基准测试
2026-04-19 09:15:09,583 - INFO - ============================================================
2026-04-19 09:15:09,583 - INFO - 系统信息: 28核CPU, 31.7GB内存
2026-04-19 09:15:09,583 - INFO - 数据规模: small
2026-04-19 09:15:09,583 - INFO - Dask: 启用
2026-04-19 09:15:09,583 - INFO - 迭代次数: 10
2026-04-19 09:15:09,583 - INFO - [日志] 详细日志: d:\Developer\workplace\py\iteam\trae\data-assimilation-platform\algorithm_core\examples\..\logs\fair_parallel_20260419_091509.log
2026-04-19 09:15:10,132 - INFO - ============================================================
2026-04-19 09:15:10,132 - INFO - 公平并行计算基准测试
2026-04-19 09:15:10,132 - INFO - ============================================================
2026-04-19 09:15:10,132 - INFO - 数据规模: 小规模 (2km x 2km x 200m, ~10,000点)
2026-04-19 09:15:10,132 - INFO -    域大小: (2000, 2000, 200)
2026-04-19 09:15:10,132 - INFO -    分辨率: 45.0m
2026-04-19 09:15:10,133 - INFO -    观测数: 20
2026-04-19 09:15:10,133 - INFO -    分块数: 2
2026-04-19 09:15:10,133 - INFO -    迭代次数: 10
2026-04-19 09:15:10,133 - INFO - 创建共享数据...
2026-04-19 09:15:10,133 - INFO - 创建数据: 45×45×5 = 10,125 点
2026-04-19 09:15:10,133 - INFO - 观测数: 20
2026-04-19 09:15:10,133 - INFO -    数据创建耗时: 0.00秒
2026-04-19 09:15:10,133 - INFO - ============================================================
2026-04-19 09:15:10,133 - INFO - 串行计算 ( 10次迭代 )
2026-04-19 09:15:10,133 - INFO - ============================================================
2026-04-19 09:15:10,133 - INFO - 初始化网格: 41×41×5, 分辨率: 50.0m
2026-04-19 09:15:10,137 - INFO - 3DVAR同化完成，观测数: 20
2026-04-19 09:15:10,139 - INFO - 3DVAR同化完成，观测数: 20
2026-04-19 09:15:10,140 - INFO - 3DVAR同化完成，观测数: 20
2026-04-19 09:15:10,141 - INFO - 3DVAR同化完成，观测数: 20
2026-04-19 09:15:10,142 - INFO - 3DVAR同化完成，观测数: 20
2026-04-19 09:15:10,142 - INFO - 3DVAR同化完成，观测数: 20
2026-04-19 09:15:10,144 - INFO - 3DVAR同化完成，观测数: 20
2026-04-19 09:15:10,145 - INFO - 3DVAR同化完成，观测数: 20
2026-04-19 09:15:10,146 - INFO - 3DVAR同化完成，观测数: 20
2026-04-19 09:15:10,146 - INFO - 3DVAR同化完成，观测数: 20
2026-04-19 09:15:10,147 - INFO - 串行计算完成
2026-04-19 09:15:10,148 - INFO -    耗时: 0.01秒
2026-04-19 09:15:10,148 - INFO -    分析场形状: (45, 45, 5)
2026-04-19 09:15:10,148 - INFO -    平均方差: 2.2465
2026-04-19 09:15:10,148 - INFO -    资源使用: CPU 40.7%, 内存 83.4%
2026-04-19 09:15:10,148 - INFO - 
============================================================
2026-04-19 09:15:10,148 - INFO - 分块并行计算 ( 2 blocks, 10次迭代 )
2026-04-19 09:15:10,148 - INFO - ============================================================
2026-04-19 09:15:10,151 - INFO - 初始化网格: 41×41×5, 分辨率: 50.0m
2026-04-19 09:15:10,152 - INFO - 分块并行计算: 2 个块
2026-04-19 09:15:10,154 - INFO - 3DVAR同化完成，观测数: 12
2026-04-19 09:15:10,155 - INFO - 3DVAR同化完成，观测数: 8
2026-04-19 09:15:10,156 - INFO - 分块并行计算完成，耗时: 0.00秒
2026-04-19 09:15:10,156 - INFO - 分块并行计算: 2 个块
2026-04-19 09:15:10,158 - INFO - 3DVAR同化完成，观测数: 12
2026-04-19 09:15:10,159 - INFO - 3DVAR同化完成，观测数: 8
2026-04-19 09:15:10,159 - INFO - 分块并行计算完成，耗时: 0.00秒
2026-04-19 09:15:10,160 - INFO - 分块并行计算: 2 个块
2026-04-19 09:15:10,161 - INFO - 3DVAR同化完成，观测数: 8
2026-04-19 09:15:10,162 - INFO - 3DVAR同化完成，观测数: 12
2026-04-19 09:15:10,163 - INFO - 分块并行计算完成，耗时: 0.00秒
2026-04-19 09:15:10,163 - INFO - 分块并行计算: 2 个块
2026-04-19 09:15:10,164 - INFO - 3DVAR同化完成，观测数: 12
2026-04-19 09:15:10,165 - INFO - 3DVAR同化完成，观测数: 8
2026-04-19 09:15:10,166 - INFO - 分块并行计算完成，耗时: 0.00秒
2026-04-19 09:15:10,166 - INFO - 分块并行计算: 2 个块
2026-04-19 09:15:10,168 - INFO - 3DVAR同化完成，观测数: 12
2026-04-19 09:15:10,169 - INFO - 3DVAR同化完成，观测数: 8
2026-04-19 09:15:10,170 - INFO - 分块并行计算完成，耗时: 0.00秒
2026-04-19 09:15:10,170 - INFO - 分块并行计算: 2 个块
2026-04-19 09:15:10,172 - INFO - 3DVAR同化完成，观测数: 8
2026-04-19 09:15:10,173 - INFO - 3DVAR同化完成，观测数: 12
2026-04-19 09:15:10,173 - INFO - 分块并行计算完成，耗时: 0.00秒
2026-04-19 09:15:10,174 - INFO - 分块并行计算: 2 个块
2026-04-19 09:15:10,176 - INFO - 3DVAR同化完成，观测数: 12
2026-04-19 09:15:10,176 - INFO - 3DVAR同化完成，观测数: 8
2026-04-19 09:15:10,177 - INFO - 分块并行计算完成，耗时: 0.00秒
2026-04-19 09:15:10,177 - INFO - 分块并行计算: 2 个块
2026-04-19 09:15:10,180 - INFO - 3DVAR同化完成，观测数: 12
2026-04-19 09:15:10,180 - INFO - 3DVAR同化完成，观测数: 8
2026-04-19 09:15:10,181 - INFO - 分块并行计算完成，耗时: 0.00秒
2026-04-19 09:15:10,181 - INFO - 分块并行计算: 2 个块
2026-04-19 09:15:10,183 - INFO - 3DVAR同化完成，观测数: 8
2026-04-19 09:15:10,184 - INFO - 3DVAR同化完成，观测数: 12
2026-04-19 09:15:10,185 - INFO - 分块并行计算完成，耗时: 0.00秒
2026-04-19 09:15:10,185 - INFO - 分块并行计算: 2 个块
2026-04-19 09:15:10,188 - INFO - 3DVAR同化完成，观测数: 12
2026-04-19 09:15:10,189 - INFO - 3DVAR同化完成，观测数: 8
2026-04-19 09:15:10,190 - INFO - 分块并行计算完成，耗时: 0.00秒
2026-04-19 09:15:10,191 - INFO - 分块并行计算完成
2026-04-19 09:15:10,191 - INFO -    耗时: 0.04秒
2026-04-19 09:15:10,191 - INFO -    分析场形状: (45, 45, 5)
2026-04-19 09:15:10,191 - INFO -    平均方差: 2.2465
2026-04-19 09:15:10,191 - INFO -    资源使用: CPU 33.8%, 内存 83.4%
2026-04-19 09:15:10,192 - INFO - ============================================================
2026-04-19 09:15:10,192 - INFO - Dask并行计算 ( 10次迭代 )
2026-04-19 09:15:10,192 - INFO - ============================================================
2026-04-19 09:15:11,326 - INFO - Dask版本: 2026.3.0
2026-04-19 09:15:11,326 - INFO - 初始化网格: 41×41×5, 分辨率: 50.0m
2026-04-19 09:15:11,327 - DEBUG - Using selector: SelectSelector
2026-04-19 09:15:11,342 - INFO - To route to workers diagnostics web server please install jupyter-server-proxy: python -m pip install jupyter-server-proxy
2026-04-19 09:15:18,050 - INFO - Starting established connection to tcp://127.0.0.1:27344
2026-04-19 09:15:18,052 - INFO - Starting established connection to tcp://127.0.0.1:27352
2026-04-19 09:15:18,053 - INFO - Starting established connection to tcp://127.0.0.1:27350
2026-04-19 09:15:18,054 - INFO - Starting established connection to tcp://127.0.0.1:27346
2026-04-19 09:15:18,090 - INFO - Starting established connection to tcp://127.0.0.1:27353
2026-04-19 09:15:18,092 - INFO - Dask集群已启动
2026-04-19 09:15:18,097 - INFO - 3DVAR同化完成，观测数: 20
2026-04-19 09:15:18,097 - INFO - 并行计算耗时: 0.00秒
2026-04-19 09:15:18,099 - INFO - 3DVAR同化完成，观测数: 20
2026-04-19 09:15:18,099 - INFO - 并行计算耗时: 0.00秒
2026-04-19 09:15:18,101 - INFO - 3DVAR同化完成，观测数: 20
2026-04-19 09:15:18,101 - INFO - 并行计算耗时: 0.00秒
2026-04-19 09:15:18,102 - INFO - 3DVAR同化完成，观测数: 20
2026-04-19 09:15:18,102 - INFO - 并行计算耗时: 0.00秒
2026-04-19 09:15:18,105 - INFO - 3DVAR同化完成，观测数: 20
2026-04-19 09:15:18,105 - INFO - 并行计算耗时: 0.00秒
2026-04-19 09:15:18,106 - INFO - 3DVAR同化完成，观测数: 20
2026-04-19 09:15:18,106 - INFO - 并行计算耗时: 0.00秒
2026-04-19 09:15:18,108 - INFO - 3DVAR同化完成，观测数: 20
2026-04-19 09:15:18,108 - INFO - 并行计算耗时: 0.00秒
2026-04-19 09:15:18,110 - INFO - 3DVAR同化完成，观测数: 20
2026-04-19 09:15:18,111 - INFO - 并行计算耗时: 0.00秒
2026-04-19 09:15:18,112 - INFO - 3DVAR同化完成，观测数: 20
2026-04-19 09:15:18,112 - INFO - 并行计算耗时: 0.00秒
2026-04-19 09:15:18,115 - INFO - 3DVAR同化完成，观测数: 20
2026-04-19 09:15:18,115 - INFO - 并行计算耗时: 0.00秒
2026-04-19 09:15:18,119 - INFO - Received 'close-stream' from tcp://127.0.0.1:27353; closing.
2026-04-19 09:15:18,128 - INFO - Received 'close-stream' from tcp://127.0.0.1:27344; closing.
2026-04-19 09:15:18,134 - INFO - Received 'close-stream' from tcp://127.0.0.1:27352; closing.
2026-04-19 09:15:18,134 - INFO - Received 'close-stream' from tcp://127.0.0.1:27350; closing.
2026-04-19 09:15:18,134 - INFO - Received 'close-stream' from tcp://127.0.0.1:27346; closing.
2026-04-19 09:15:20,196 - INFO - Dask并行计算完成
2026-04-19 09:15:20,196 - INFO -    耗时: 0.02秒
2026-04-19 09:15:20,196 - INFO -    分析场形状: (45, 45, 5)
2026-04-19 09:15:20,196 - INFO -    平均方差: 2.2465
2026-04-19 09:15:20,197 - INFO -    资源使用: CPU 43.3%, 内存 88.2%
2026-04-19 09:15:20,197 - INFO - 
============================================================
2026-04-19 09:15:20,197 - INFO - 性能对比 (使用相同数据规模)
2026-04-19 09:15:20,197 - INFO - ============================================================
2026-04-19 09:15:20,197 - INFO - 
串行计算:
2026-04-19 09:15:20,197 - INFO -    耗时: 0.01秒
2026-04-19 09:15:20,197 - INFO -    基准时间
2026-04-19 09:15:20,197 - INFO - 
分块并行计算:
2026-04-19 09:15:20,198 - INFO -    耗时: 0.04秒
2026-04-19 09:15:20,198 - INFO -    加速比: 0.34x
2026-04-19 09:15:20,198 - INFO -    并行效率: 16.8%
2026-04-19 09:15:20,198 - INFO -    (使用 2 个块)
2026-04-19 09:15:20,198 - INFO -    注：效率超过100%可能是因为缓存命中率提升
2026-04-19 09:15:20,198 - INFO -    并行未达到加速效果
2026-04-19 09:15:20,199 - INFO - 
Dask并行计算:
2026-04-19 09:15:20,199 - INFO -    耗时: 0.02秒
2026-04-19 09:15:20,199 - INFO -    加速比: 0.57x
2026-04-19 09:15:20,199 - INFO -    并行未达到加速效果
2026-04-19 09:15:20,199 - INFO - 
成功测试数: 3/3
2026-04-19 09:15:20,200 - INFO - 
============================================================
2026-04-19 09:15:20,200 - INFO - 分析说明
2026-04-19 09:15:20,200 - INFO - ============================================================
2026-04-19 09:15:20,200 - INFO - 1. 串行和并行使用完全相同的数据规模，确保公平对比
2026-04-19 09:15:20,200 - INFO - 2. 并行计算的优势在于多核并行处理
2026-04-19 09:15:20,200 - INFO - 3. 并行效率 = 加速比 / 核心数，理想值为100%
2026-04-19 09:15:20,200 - INFO - 4. 如果并行效率低，可能原因:
2026-04-19 09:15:20,200 - INFO -    - 数据规模太小，并行开销大于并行收益
2026-04-19 09:15:20,200 - INFO -    - 同步/通信开销过大
2026-04-19 09:15:20,200 - INFO -    - 内存带宽瓶颈
2026-04-19 09:15:20,201 - INFO - 5. 对于巨规模数据，Dask的内存管理和分布式计算优势更明显
2026-04-19 09:15:20,201 - INFO - 
============================================================
2026-04-19 09:15:20,201 - INFO - 基准测试完成
2026-04-19 09:15:20,201 - INFO - ============================================================
