2026-04-19 09:14:10,205 - INFO - ============================================================
2026-04-19 09:14:10,205 - INFO - 🚀 公平并行计算基准测试
2026-04-19 09:14:10,209 - INFO - ============================================================
2026-04-19 09:14:10,209 - INFO - 系统信息: 28核CPU, 31.7GB内存
2026-04-19 09:14:10,209 - INFO - 数据规模: small
2026-04-19 09:14:10,209 - INFO - Dask: 启用
2026-04-19 09:14:10,209 - INFO - 迭代次数: 100
2026-04-19 09:14:10,209 - INFO - [日志] 详细日志: d:\Developer\workplace\py\iteam\trae\data-assimilation-platform\algorithm_core\examples\..\logs\fair_parallel_20260419_091410.log
2026-04-19 09:14:10,210 - INFO - ============================================================
2026-04-19 09:14:10,210 - INFO - 公平并行计算基准测试
2026-04-19 09:14:10,210 - INFO - ============================================================
2026-04-19 09:14:10,210 - INFO - 数据规模: 小规模 (2km x 2km x 200m, ~10,000点)
2026-04-19 09:14:10,210 - INFO -    域大小: (2000, 2000, 200)
2026-04-19 09:14:10,210 - INFO -    分辨率: 45.0m
2026-04-19 09:14:10,210 - INFO -    观测数: 20
2026-04-19 09:14:10,210 - INFO -    分块数: 2
2026-04-19 09:14:10,210 - INFO -    迭代次数: 100
2026-04-19 09:14:10,210 - INFO - 创建共享数据...
2026-04-19 09:14:10,210 - INFO - 创建数据: 45×45×5 = 10,125 点
2026-04-19 09:14:10,210 - INFO - 观测数: 20
2026-04-19 09:14:10,211 - INFO -    数据创建耗时: 0.00秒
2026-04-19 09:14:10,211 - INFO - ============================================================
2026-04-19 09:14:10,211 - INFO - 串行计算 ( 100次迭代 )
2026-04-19 09:14:10,211 - INFO - ============================================================
2026-04-19 09:14:10,211 - INFO - 初始化网格: 41×41×5, 分辨率: 50.0m
2026-04-19 09:14:10,213 - INFO - 3DVAR同化完成，观测数: 20
2026-04-19 09:14:10,215 - INFO - 3DVAR同化完成，观测数: 20
2026-04-19 09:14:10,216 - INFO - 3DVAR同化完成，观测数: 20
2026-04-19 09:14:10,218 - INFO - 3DVAR同化完成，观测数: 20
2026-04-19 09:14:10,219 - INFO - 3DVAR同化完成，观测数: 20
2026-04-19 09:14:10,220 - INFO - 3DVAR同化完成，观测数: 20
2026-04-19 09:14:10,221 - INFO - 3DVAR同化完成，观测数: 20
2026-04-19 09:14:10,223 - INFO - 3DVAR同化完成，观测数: 20
2026-04-19 09:14:10,224 - INFO - 3DVAR同化完成，观测数: 20
2026-04-19 09:14:10,225 - INFO - 3DVAR同化完成，观测数: 20
2026-04-19 09:14:10,226 - INFO - 3DVAR同化完成，观测数: 20
2026-04-19 09:14:10,228 - INFO - 3DVAR同化完成，观测数: 20
2026-04-19 09:14:10,229 - INFO - 3DVAR同化完成，观测数: 20
2026-04-19 09:14:10,230 - INFO - 3DVAR同化完成，观测数: 20
2026-04-19 09:14:10,231 - INFO - 3DVAR同化完成，观测数: 20
2026-04-19 09:14:10,232 - INFO - 3DVAR同化完成，观测数: 20
2026-04-19 09:14:10,234 - INFO - 3DVAR同化完成，观测数: 20
2026-04-19 09:14:10,235 - INFO - 3DVAR同化完成，观测数: 20
2026-04-19 09:14:10,236 - INFO - 3DVAR同化完成，观测数: 20
2026-04-19 09:14:10,238 - INFO - 3DVAR同化完成，观测数: 20
2026-04-19 09:14:10,239 - INFO - 3DVAR同化完成，观测数: 20
2026-04-19 09:14:10,240 - INFO - 3DVAR同化完成，观测数: 20
2026-04-19 09:14:10,241 - INFO - 3DVAR同化完成，观测数: 20
2026-04-19 09:14:10,243 - INFO - 3DVAR同化完成，观测数: 20
2026-04-19 09:14:10,245 - INFO - 3DVAR同化完成，观测数: 20
2026-04-19 09:14:10,246 - INFO - 3DVAR同化完成，观测数: 20
2026-04-19 09:14:10,248 - INFO - 3DVAR同化完成，观测数: 20
2026-04-19 09:14:10,249 - INFO - 3DVAR同化完成，观测数: 20
2026-04-19 09:14:10,252 - INFO - 3DVAR同化完成，观测数: 20
2026-04-19 09:14:10,254 - INFO - 3DVAR同化完成，观测数: 20
2026-04-19 09:14:10,256 - INFO - 3DVAR同化完成，观测数: 20
2026-04-19 09:14:10,257 - INFO - 3DVAR同化完成，观测数: 20
2026-04-19 09:14:10,259 - INFO - 3DVAR同化完成，观测数: 20
2026-04-19 09:14:10,262 - INFO - 3DVAR同化完成，观测数: 20
2026-04-19 09:14:10,264 - INFO - 3DVAR同化完成，观测数: 20
2026-04-19 09:14:10,266 - INFO - 3DVAR同化完成，观测数: 20
2026-04-19 09:14:10,267 - INFO - 3DVAR同化完成，观测数: 20
2026-04-19 09:14:10,268 - INFO - 3DVAR同化完成，观测数: 20
2026-04-19 09:14:10,269 - INFO - 3DVAR同化完成，观测数: 20
2026-04-19 09:14:10,271 - INFO - 3DVAR同化完成，观测数: 20
2026-04-19 09:14:10,273 - INFO - 3DVAR同化完成，观测数: 20
2026-04-19 09:14:10,275 - INFO - 3DVAR同化完成，观测数: 20
2026-04-19 09:14:10,278 - INFO - 3DVAR同化完成，观测数: 20
2026-04-19 09:14:10,279 - INFO - 3DVAR同化完成，观测数: 20
2026-04-19 09:14:10,281 - INFO - 3DVAR同化完成，观测数: 20
2026-04-19 09:14:10,283 - INFO - 3DVAR同化完成，观测数: 20
2026-04-19 09:14:10,285 - INFO - 3DVAR同化完成，观测数: 20
2026-04-19 09:14:10,287 - INFO - 3DVAR同化完成，观测数: 20
2026-04-19 09:14:10,289 - INFO - 3DVAR同化完成，观测数: 20
2026-04-19 09:14:10,290 - INFO - 3DVAR同化完成，观测数: 20
2026-04-19 09:14:10,291 - INFO - 3DVAR同化完成，观测数: 20
2026-04-19 09:14:10,291 - INFO -    已完成 50/100 次迭代
2026-04-19 09:14:10,293 - INFO - 3DVAR同化完成，观测数: 20
2026-04-19 09:14:10,296 - INFO - 3DVAR同化完成，观测数: 20
2026-04-19 09:14:10,298 - INFO - 3DVAR同化完成，观测数: 20
2026-04-19 09:14:10,300 - INFO - 3DVAR同化完成，观测数: 20
2026-04-19 09:14:10,302 - INFO - 3DVAR同化完成，观测数: 20
2026-04-19 09:14:10,304 - INFO - 3DVAR同化完成，观测数: 20
2026-04-19 09:14:10,306 - INFO - 3DVAR同化完成，观测数: 20
2026-04-19 09:14:10,308 - INFO - 3DVAR同化完成，观测数: 20
2026-04-19 09:14:10,309 - INFO - 3DVAR同化完成，观测数: 20
2026-04-19 09:14:10,311 - INFO - 3DVAR同化完成，观测数: 20
2026-04-19 09:14:10,311 - INFO - 3DVAR同化完成，观测数: 20
2026-04-19 09:14:10,312 - INFO - 3DVAR同化完成，观测数: 20
2026-04-19 09:14:10,313 - INFO - 3DVAR同化完成，观测数: 20
2026-04-19 09:14:10,314 - INFO - 3DVAR同化完成，观测数: 20
2026-04-19 09:14:10,315 - INFO - 3DVAR同化完成，观测数: 20
2026-04-19 09:14:10,316 - INFO - 3DVAR同化完成，观测数: 20
2026-04-19 09:14:10,317 - INFO - 3DVAR同化完成，观测数: 20
2026-04-19 09:14:10,318 - INFO - 3DVAR同化完成，观测数: 20
2026-04-19 09:14:10,319 - INFO - 3DVAR同化完成，观测数: 20
2026-04-19 09:14:10,320 - INFO - 3DVAR同化完成，观测数: 20
2026-04-19 09:14:10,322 - INFO - 3DVAR同化完成，观测数: 20
2026-04-19 09:14:10,324 - INFO - 3DVAR同化完成，观测数: 20
2026-04-19 09:14:10,326 - INFO - 3DVAR同化完成，观测数: 20
2026-04-19 09:14:10,328 - INFO - 3DVAR同化完成，观测数: 20
2026-04-19 09:14:10,328 - INFO - 3DVAR同化完成，观测数: 20
2026-04-19 09:14:10,329 - INFO - 3DVAR同化完成，观测数: 20
2026-04-19 09:14:10,330 - INFO - 3DVAR同化完成，观测数: 20
2026-04-19 09:14:10,331 - INFO - 3DVAR同化完成，观测数: 20
2026-04-19 09:14:10,332 - INFO - 3DVAR同化完成，观测数: 20
2026-04-19 09:14:10,333 - INFO - 3DVAR同化完成，观测数: 20
2026-04-19 09:14:10,333 - INFO - 3DVAR同化完成，观测数: 20
2026-04-19 09:14:10,335 - INFO - 3DVAR同化完成，观测数: 20
2026-04-19 09:14:10,336 - INFO - 3DVAR同化完成，观测数: 20
2026-04-19 09:14:10,337 - INFO - 3DVAR同化完成，观测数: 20
2026-04-19 09:14:10,338 - INFO - 3DVAR同化完成，观测数: 20
2026-04-19 09:14:10,339 - INFO - 3DVAR同化完成，观测数: 20
2026-04-19 09:14:10,340 - INFO - 3DVAR同化完成，观测数: 20
2026-04-19 09:14:10,340 - INFO - 3DVAR同化完成，观测数: 20
2026-04-19 09:14:10,341 - INFO - 3DVAR同化完成，观测数: 20
2026-04-19 09:14:10,342 - INFO - 3DVAR同化完成，观测数: 20
2026-04-19 09:14:10,344 - INFO - 3DVAR同化完成，观测数: 20
2026-04-19 09:14:10,345 - INFO - 3DVAR同化完成，观测数: 20
2026-04-19 09:14:10,346 - INFO - 3DVAR同化完成，观测数: 20
2026-04-19 09:14:10,348 - INFO - 3DVAR同化完成，观测数: 20
2026-04-19 09:14:10,349 - INFO - 3DVAR同化完成，观测数: 20
2026-04-19 09:14:10,350 - INFO - 3DVAR同化完成，观测数: 20
2026-04-19 09:14:10,352 - INFO - 3DVAR同化完成，观测数: 20
2026-04-19 09:14:10,353 - INFO - 3DVAR同化完成，观测数: 20
2026-04-19 09:14:10,355 - INFO - 3DVAR同化完成，观测数: 20
2026-04-19 09:14:10,361 - INFO - 串行计算完成
2026-04-19 09:14:10,361 - INFO -    耗时: 0.14秒
2026-04-19 09:14:10,362 - INFO -    分析场形状: (45, 45, 5)
2026-04-19 09:14:10,362 - INFO -    平均方差: 2.2465
2026-04-19 09:14:10,362 - INFO -    资源使用: CPU 41.6%, 内存 83.9%
2026-04-19 09:14:10,362 - INFO - 
============================================================
2026-04-19 09:14:10,362 - INFO - 分块并行计算 ( 2 blocks, 100次迭代 )
2026-04-19 09:14:10,362 - INFO - ============================================================
2026-04-19 09:14:10,365 - INFO - 初始化网格: 41×41×5, 分辨率: 50.0m
2026-04-19 09:14:10,367 - INFO - 分块并行计算: 2 个块
2026-04-19 09:14:10,371 - INFO - 3DVAR同化完成，观测数: 8
2026-04-19 09:14:10,371 - INFO - 3DVAR同化完成，观测数: 12
2026-04-19 09:14:10,372 - INFO - 分块并行计算完成，耗时: 0.01秒
2026-04-19 09:14:10,372 - INFO - 分块并行计算: 2 个块
2026-04-19 09:14:10,376 - INFO - 3DVAR同化完成，观测数: 8
2026-04-19 09:14:10,376 - INFO - 3DVAR同化完成，观测数: 12
2026-04-19 09:14:10,378 - INFO - 分块并行计算完成，耗时: 0.01秒
2026-04-19 09:14:10,378 - INFO - 分块并行计算: 2 个块
2026-04-19 09:14:10,380 - INFO - 3DVAR同化完成，观测数: 12
2026-04-19 09:14:10,381 - INFO - 3DVAR同化完成，观测数: 8
2026-04-19 09:14:10,382 - INFO - 分块并行计算完成，耗时: 0.00秒
2026-04-19 09:14:10,382 - INFO - 分块并行计算: 2 个块
2026-04-19 09:14:10,386 - INFO - 3DVAR同化完成，观测数: 12
2026-04-19 09:14:10,386 - INFO - 3DVAR同化完成，观测数: 8
2026-04-19 09:14:10,387 - INFO - 分块并行计算完成，耗时: 0.00秒
2026-04-19 09:14:10,387 - INFO - 分块并行计算: 2 个块
2026-04-19 09:14:10,390 - INFO - 3DVAR同化完成，观测数: 12
2026-04-19 09:14:10,390 - INFO - 3DVAR同化完成，观测数: 8
2026-04-19 09:14:10,391 - INFO - 分块并行计算完成，耗时: 0.00秒
2026-04-19 09:14:10,391 - INFO - 分块并行计算: 2 个块
2026-04-19 09:14:10,394 - INFO - 3DVAR同化完成，观测数: 12
2026-04-19 09:14:10,394 - INFO - 3DVAR同化完成，观测数: 8
2026-04-19 09:14:10,395 - INFO - 分块并行计算完成，耗时: 0.00秒
2026-04-19 09:14:10,395 - INFO - 分块并行计算: 2 个块
2026-04-19 09:14:10,397 - INFO - 3DVAR同化完成，观测数: 12
2026-04-19 09:14:10,399 - INFO - 3DVAR同化完成，观测数: 8
2026-04-19 09:14:10,400 - INFO - 分块并行计算完成，耗时: 0.00秒
2026-04-19 09:14:10,400 - INFO - 分块并行计算: 2 个块
2026-04-19 09:14:10,403 - INFO - 3DVAR同化完成，观测数: 12
2026-04-19 09:14:10,403 - INFO - 3DVAR同化完成，观测数: 8
2026-04-19 09:14:10,404 - INFO - 分块并行计算完成，耗时: 0.00秒
2026-04-19 09:14:10,405 - INFO - 分块并行计算: 2 个块
2026-04-19 09:14:10,407 - INFO - 3DVAR同化完成，观测数: 8
2026-04-19 09:14:10,408 - INFO - 3DVAR同化完成，观测数: 12
2026-04-19 09:14:10,409 - INFO - 分块并行计算完成，耗时: 0.00秒
2026-04-19 09:14:10,409 - INFO - 分块并行计算: 2 个块
2026-04-19 09:14:10,411 - INFO - 3DVAR同化完成，观测数: 12
2026-04-19 09:14:10,411 - INFO - 3DVAR同化完成，观测数: 8
2026-04-19 09:14:10,412 - INFO - 分块并行计算完成，耗时: 0.00秒
2026-04-19 09:14:10,412 - INFO - 分块并行计算: 2 个块
2026-04-19 09:14:10,414 - INFO - 3DVAR同化完成，观测数: 12
2026-04-19 09:14:10,416 - INFO - 3DVAR同化完成，观测数: 8
2026-04-19 09:14:10,417 - INFO - 分块并行计算完成，耗时: 0.00秒
2026-04-19 09:14:10,417 - INFO - 分块并行计算: 2 个块
2026-04-19 09:14:10,420 - INFO - 3DVAR同化完成，观测数: 8
2026-04-19 09:14:10,420 - INFO - 3DVAR同化完成，观测数: 12
2026-04-19 09:14:10,421 - INFO - 分块并行计算完成，耗时: 0.00秒
2026-04-19 09:14:10,422 - INFO - 分块并行计算: 2 个块
2026-04-19 09:14:10,424 - INFO - 3DVAR同化完成，观测数: 12
2026-04-19 09:14:10,425 - INFO - 3DVAR同化完成，观测数: 8
2026-04-19 09:14:10,426 - INFO - 分块并行计算完成，耗时: 0.00秒
2026-04-19 09:14:10,426 - INFO - 分块并行计算: 2 个块
2026-04-19 09:14:10,429 - INFO - 3DVAR同化完成，观测数: 12
2026-04-19 09:14:10,429 - INFO - 3DVAR同化完成，观测数: 8
2026-04-19 09:14:10,431 - INFO - 分块并行计算完成，耗时: 0.00秒
2026-04-19 09:14:10,431 - INFO - 分块并行计算: 2 个块
2026-04-19 09:14:10,433 - INFO - 3DVAR同化完成，观测数: 12
2026-04-19 09:14:10,434 - INFO - 3DVAR同化完成，观测数: 8
2026-04-19 09:14:10,435 - INFO - 分块并行计算完成，耗时: 0.00秒
2026-04-19 09:14:10,436 - INFO - 分块并行计算: 2 个块
2026-04-19 09:14:10,438 - INFO - 3DVAR同化完成，观测数: 12
2026-04-19 09:14:10,439 - INFO - 3DVAR同化完成，观测数: 8
2026-04-19 09:14:10,440 - INFO - 分块并行计算完成，耗时: 0.00秒
2026-04-19 09:14:10,440 - INFO - 分块并行计算: 2 个块
2026-04-19 09:14:10,443 - INFO - 3DVAR同化完成，观测数: 12
2026-04-19 09:14:10,444 - INFO - 3DVAR同化完成，观测数: 8
2026-04-19 09:14:10,445 - INFO - 分块并行计算完成，耗时: 0.00秒
2026-04-19 09:14:10,445 - INFO - 分块并行计算: 2 个块
2026-04-19 09:14:10,448 - INFO - 3DVAR同化完成，观测数: 8
2026-04-19 09:14:10,449 - INFO - 3DVAR同化完成，观测数: 12
2026-04-19 09:14:10,450 - INFO - 分块并行计算完成，耗时: 0.01秒
2026-04-19 09:14:10,451 - INFO - 分块并行计算: 2 个块
2026-04-19 09:14:10,455 - INFO - 3DVAR同化完成，观测数: 12
2026-04-19 09:14:10,456 - INFO - 3DVAR同化完成，观测数: 8
2026-04-19 09:14:10,458 - INFO - 分块并行计算完成，耗时: 0.01秒
2026-04-19 09:14:10,458 - INFO - 分块并行计算: 2 个块
2026-04-19 09:14:10,462 - INFO - 3DVAR同化完成，观测数: 12
2026-04-19 09:14:10,462 - INFO - 3DVAR同化完成，观测数: 8
2026-04-19 09:14:10,464 - INFO - 分块并行计算完成，耗时: 0.01秒
2026-04-19 09:14:10,464 - INFO - 分块并行计算: 2 个块
2026-04-19 09:14:10,467 - INFO - 3DVAR同化完成，观测数: 8
2026-04-19 09:14:10,467 - INFO - 3DVAR同化完成，观测数: 12
2026-04-19 09:14:10,469 - INFO - 分块并行计算完成，耗时: 0.00秒
2026-04-19 09:14:10,469 - INFO - 分块并行计算: 2 个块
2026-04-19 09:14:10,473 - INFO - 3DVAR同化完成，观测数: 12
2026-04-19 09:14:10,474 - INFO - 3DVAR同化完成，观测数: 8
2026-04-19 09:14:10,475 - INFO - 分块并行计算完成，耗时: 0.01秒
2026-04-19 09:14:10,475 - INFO - 分块并行计算: 2 个块
2026-04-19 09:14:10,478 - INFO - 3DVAR同化完成，观测数: 12
2026-04-19 09:14:10,479 - INFO - 3DVAR同化完成，观测数: 8
2026-04-19 09:14:10,481 - INFO - 分块并行计算完成，耗时: 0.01秒
2026-04-19 09:14:10,481 - INFO - 分块并行计算: 2 个块
2026-04-19 09:14:10,484 - INFO - 3DVAR同化完成，观测数: 8
2026-04-19 09:14:10,485 - INFO - 3DVAR同化完成，观测数: 12
2026-04-19 09:14:10,486 - INFO - 分块并行计算完成，耗时: 0.01秒
2026-04-19 09:14:10,486 - INFO - 分块并行计算: 2 个块
2026-04-19 09:14:10,490 - INFO - 3DVAR同化完成，观测数: 12
2026-04-19 09:14:10,490 - INFO - 3DVAR同化完成，观测数: 8
2026-04-19 09:14:10,492 - INFO - 分块并行计算完成，耗时: 0.01秒
2026-04-19 09:14:10,492 - INFO - 分块并行计算: 2 个块
2026-04-19 09:14:10,495 - INFO - 3DVAR同化完成，观测数: 12
2026-04-19 09:14:10,496 - INFO - 3DVAR同化完成，观测数: 8
2026-04-19 09:14:10,497 - INFO - 分块并行计算完成，耗时: 0.01秒
2026-04-19 09:14:10,497 - INFO - 分块并行计算: 2 个块
2026-04-19 09:14:10,502 - INFO - 3DVAR同化完成，观测数: 12
2026-04-19 09:14:10,502 - INFO - 3DVAR同化完成，观测数: 8
2026-04-19 09:14:10,503 - INFO - 分块并行计算完成，耗时: 0.01秒
2026-04-19 09:14:10,504 - INFO - 分块并行计算: 2 个块
2026-04-19 09:14:10,507 - INFO - 3DVAR同化完成，观测数: 12
2026-04-19 09:14:10,508 - INFO - 3DVAR同化完成，观测数: 8
2026-04-19 09:14:10,509 - INFO - 分块并行计算完成，耗时: 0.01秒
2026-04-19 09:14:10,509 - INFO - 分块并行计算: 2 个块
2026-04-19 09:14:10,512 - INFO - 3DVAR同化完成，观测数: 8
2026-04-19 09:14:10,513 - INFO - 3DVAR同化完成，观测数: 12
2026-04-19 09:14:10,514 - INFO - 分块并行计算完成，耗时: 0.00秒
2026-04-19 09:14:10,514 - INFO - 分块并行计算: 2 个块
2026-04-19 09:14:10,517 - INFO - 3DVAR同化完成，观测数: 8
2026-04-19 09:14:10,518 - INFO - 3DVAR同化完成，观测数: 12
2026-04-19 09:14:10,519 - INFO - 分块并行计算完成，耗时: 0.00秒
2026-04-19 09:14:10,519 - INFO - 分块并行计算: 2 个块
2026-04-19 09:14:10,521 - INFO - 3DVAR同化完成，观测数: 12
2026-04-19 09:14:10,522 - INFO - 3DVAR同化完成，观测数: 8
2026-04-19 09:14:10,523 - INFO - 分块并行计算完成，耗时: 0.00秒
2026-04-19 09:14:10,523 - INFO - 分块并行计算: 2 个块
2026-04-19 09:14:10,526 - INFO - 3DVAR同化完成，观测数: 8
2026-04-19 09:14:10,527 - INFO - 3DVAR同化完成，观测数: 12
2026-04-19 09:14:10,528 - INFO - 分块并行计算完成，耗时: 0.00秒
2026-04-19 09:14:10,528 - INFO - 分块并行计算: 2 个块
2026-04-19 09:14:10,530 - INFO - 3DVAR同化完成，观测数: 12
2026-04-19 09:14:10,531 - INFO - 3DVAR同化完成，观测数: 8
2026-04-19 09:14:10,532 - INFO - 分块并行计算完成，耗时: 0.00秒
2026-04-19 09:14:10,532 - INFO - 分块并行计算: 2 个块
2026-04-19 09:14:10,534 - INFO - 3DVAR同化完成，观测数: 12
2026-04-19 09:14:10,535 - INFO - 3DVAR同化完成，观测数: 8
2026-04-19 09:14:10,536 - INFO - 分块并行计算完成，耗时: 0.00秒
2026-04-19 09:14:10,536 - INFO - 分块并行计算: 2 个块
2026-04-19 09:14:10,539 - INFO - 3DVAR同化完成，观测数: 8
2026-04-19 09:14:10,540 - INFO - 3DVAR同化完成，观测数: 12
2026-04-19 09:14:10,541 - INFO - 分块并行计算完成，耗时: 0.00秒
2026-04-19 09:14:10,541 - INFO - 分块并行计算: 2 个块
2026-04-19 09:14:10,544 - INFO - 3DVAR同化完成，观测数: 12
2026-04-19 09:14:10,545 - INFO - 3DVAR同化完成，观测数: 8
2026-04-19 09:14:10,546 - INFO - 分块并行计算完成，耗时: 0.00秒
2026-04-19 09:14:10,546 - INFO - 分块并行计算: 2 个块
2026-04-19 09:14:10,548 - INFO - 3DVAR同化完成，观测数: 12
2026-04-19 09:14:10,549 - INFO - 3DVAR同化完成，观测数: 8
2026-04-19 09:14:10,550 - INFO - 分块并行计算完成，耗时: 0.00秒
2026-04-19 09:14:10,550 - INFO - 分块并行计算: 2 个块
2026-04-19 09:14:10,554 - INFO - 3DVAR同化完成，观测数: 12
2026-04-19 09:14:10,554 - INFO - 3DVAR同化完成，观测数: 8
2026-04-19 09:14:10,555 - INFO - 分块并行计算完成，耗时: 0.00秒
2026-04-19 09:14:10,555 - INFO - 分块并行计算: 2 个块
2026-04-19 09:14:10,558 - INFO - 3DVAR同化完成，观测数: 12
2026-04-19 09:14:10,559 - INFO - 3DVAR同化完成，观测数: 8
2026-04-19 09:14:10,560 - INFO - 分块并行计算完成，耗时: 0.00秒
2026-04-19 09:14:10,560 - INFO - 分块并行计算: 2 个块
2026-04-19 09:14:10,567 - INFO - 3DVAR同化完成，观测数: 12
2026-04-19 09:14:10,568 - INFO - 3DVAR同化完成，观测数: 8
2026-04-19 09:14:10,574 - INFO - 分块并行计算完成，耗时: 0.01秒
2026-04-19 09:14:10,574 - INFO - 分块并行计算: 2 个块
2026-04-19 09:14:10,577 - INFO - 3DVAR同化完成，观测数: 12
2026-04-19 09:14:10,578 - INFO - 3DVAR同化完成，观测数: 8
2026-04-19 09:14:10,579 - INFO - 分块并行计算完成，耗时: 0.00秒
2026-04-19 09:14:10,579 - INFO - 分块并行计算: 2 个块
2026-04-19 09:14:10,582 - INFO - 3DVAR同化完成，观测数: 8
2026-04-19 09:14:10,583 - INFO - 3DVAR同化完成，观测数: 12
2026-04-19 09:14:10,584 - INFO - 分块并行计算完成，耗时: 0.01秒
2026-04-19 09:14:10,584 - INFO - 分块并行计算: 2 个块
2026-04-19 09:14:10,587 - INFO - 3DVAR同化完成，观测数: 12
2026-04-19 09:14:10,588 - INFO - 3DVAR同化完成，观测数: 8
2026-04-19 09:14:10,589 - INFO - 分块并行计算完成，耗时: 0.00秒
2026-04-19 09:14:10,589 - INFO - 分块并行计算: 2 个块
2026-04-19 09:14:10,592 - INFO - 3DVAR同化完成，观测数: 12
2026-04-19 09:14:10,593 - INFO - 3DVAR同化完成，观测数: 8
2026-04-19 09:14:10,594 - INFO - 分块并行计算完成，耗时: 0.01秒
2026-04-19 09:14:10,594 - INFO - 分块并行计算: 2 个块
2026-04-19 09:14:10,597 - INFO - 3DVAR同化完成，观测数: 12
2026-04-19 09:14:10,598 - INFO - 3DVAR同化完成，观测数: 8
2026-04-19 09:14:10,599 - INFO - 分块并行计算完成，耗时: 0.00秒
2026-04-19 09:14:10,599 - INFO - 分块并行计算: 2 个块
2026-04-19 09:14:10,602 - INFO - 3DVAR同化完成，观测数: 12
2026-04-19 09:14:10,603 - INFO - 3DVAR同化完成，观测数: 8
2026-04-19 09:14:10,605 - INFO - 分块并行计算完成，耗时: 0.01秒
2026-04-19 09:14:10,605 - INFO - 分块并行计算: 2 个块
2026-04-19 09:14:10,609 - INFO - 3DVAR同化完成，观测数: 8
2026-04-19 09:14:10,609 - INFO - 3DVAR同化完成，观测数: 12
2026-04-19 09:14:10,611 - INFO - 分块并行计算完成，耗时: 0.01秒
2026-04-19 09:14:10,611 - INFO - 分块并行计算: 2 个块
2026-04-19 09:14:10,615 - INFO - 3DVAR同化完成，观测数: 12
2026-04-19 09:14:10,615 - INFO - 3DVAR同化完成，观测数: 8
2026-04-19 09:14:10,617 - INFO - 分块并行计算完成，耗时: 0.01秒
2026-04-19 09:14:10,617 - INFO - 分块并行计算: 2 个块
2026-04-19 09:14:10,621 - INFO - 3DVAR同化完成，观测数: 8
2026-04-19 09:14:10,621 - INFO - 3DVAR同化完成，观测数: 12
2026-04-19 09:14:10,622 - INFO - 分块并行计算完成，耗时: 0.01秒
2026-04-19 09:14:10,623 - INFO - 分块并行计算: 2 个块
2026-04-19 09:14:10,626 - INFO - 3DVAR同化完成，观测数: 12
2026-04-19 09:14:10,626 - INFO - 3DVAR同化完成，观测数: 8
2026-04-19 09:14:10,628 - INFO - 分块并行计算完成，耗时: 0.01秒
2026-04-19 09:14:10,628 - INFO - 分块并行计算: 2 个块
2026-04-19 09:14:10,631 - INFO - 3DVAR同化完成，观测数: 12
2026-04-19 09:14:10,632 - INFO - 3DVAR同化完成，观测数: 8
2026-04-19 09:14:10,634 - INFO - 分块并行计算完成，耗时: 0.01秒
2026-04-19 09:14:10,634 - INFO -    已完成 50/100 次迭代
2026-04-19 09:14:10,634 - INFO - 分块并行计算: 2 个块
2026-04-19 09:14:10,638 - INFO - 3DVAR同化完成，观测数: 8
2026-04-19 09:14:10,638 - INFO - 3DVAR同化完成，观测数: 12
2026-04-19 09:14:10,639 - INFO - 分块并行计算完成，耗时: 0.01秒
2026-04-19 09:14:10,640 - INFO - 分块并行计算: 2 个块
2026-04-19 09:14:10,643 - INFO - 3DVAR同化完成，观测数: 12
2026-04-19 09:14:10,644 - INFO - 3DVAR同化完成，观测数: 8
2026-04-19 09:14:10,645 - INFO - 分块并行计算完成，耗时: 0.01秒
2026-04-19 09:14:10,645 - INFO - 分块并行计算: 2 个块
2026-04-19 09:14:10,648 - INFO - 3DVAR同化完成，观测数: 12
2026-04-19 09:14:10,649 - INFO - 3DVAR同化完成，观测数: 8
2026-04-19 09:14:10,650 - INFO - 分块并行计算完成，耗时: 0.01秒
2026-04-19 09:14:10,650 - INFO - 分块并行计算: 2 个块
2026-04-19 09:14:10,652 - INFO - 3DVAR同化完成，观测数: 12
2026-04-19 09:14:10,654 - INFO - 3DVAR同化完成，观测数: 8
2026-04-19 09:14:10,655 - INFO - 分块并行计算完成，耗时: 0.00秒
2026-04-19 09:14:10,655 - INFO - 分块并行计算: 2 个块
2026-04-19 09:14:10,659 - INFO - 3DVAR同化完成，观测数: 12
2026-04-19 09:14:10,659 - INFO - 3DVAR同化完成，观测数: 8
2026-04-19 09:14:10,661 - INFO - 分块并行计算完成，耗时: 0.01秒
2026-04-19 09:14:10,661 - INFO - 分块并行计算: 2 个块
2026-04-19 09:14:10,664 - INFO - 3DVAR同化完成，观测数: 12
2026-04-19 09:14:10,666 - INFO - 3DVAR同化完成，观测数: 8
2026-04-19 09:14:10,667 - INFO - 分块并行计算完成，耗时: 0.01秒
2026-04-19 09:14:10,667 - INFO - 分块并行计算: 2 个块
2026-04-19 09:14:10,670 - INFO - 3DVAR同化完成，观测数: 12
2026-04-19 09:14:10,671 - INFO - 3DVAR同化完成，观测数: 8
2026-04-19 09:14:10,672 - INFO - 分块并行计算完成，耗时: 0.00秒
2026-04-19 09:14:10,672 - INFO - 分块并行计算: 2 个块
2026-04-19 09:14:10,674 - INFO - 3DVAR同化完成，观测数: 12
2026-04-19 09:14:10,675 - INFO - 3DVAR同化完成，观测数: 8
2026-04-19 09:14:10,676 - INFO - 分块并行计算完成，耗时: 0.00秒
2026-04-19 09:14:10,677 - INFO - 分块并行计算: 2 个块
2026-04-19 09:14:10,680 - INFO - 3DVAR同化完成，观测数: 8
2026-04-19 09:14:10,681 - INFO - 3DVAR同化完成，观测数: 12
2026-04-19 09:14:10,682 - INFO - 分块并行计算完成，耗时: 0.01秒
2026-04-19 09:14:10,682 - INFO - 分块并行计算: 2 个块
2026-04-19 09:14:10,686 - INFO - 3DVAR同化完成，观测数: 12
2026-04-19 09:14:10,687 - INFO - 3DVAR同化完成，观测数: 8
2026-04-19 09:14:10,688 - INFO - 分块并行计算完成，耗时: 0.01秒
2026-04-19 09:14:10,688 - INFO - 分块并行计算: 2 个块
2026-04-19 09:14:10,691 - INFO - 3DVAR同化完成，观测数: 12
2026-04-19 09:14:10,692 - INFO - 3DVAR同化完成，观测数: 8
2026-04-19 09:14:10,693 - INFO - 分块并行计算完成，耗时: 0.01秒
2026-04-19 09:14:10,694 - INFO - 分块并行计算: 2 个块
2026-04-19 09:14:10,697 - INFO - 3DVAR同化完成，观测数: 12
2026-04-19 09:14:10,698 - INFO - 3DVAR同化完成，观测数: 8
2026-04-19 09:14:10,699 - INFO - 分块并行计算完成，耗时: 0.01秒
2026-04-19 09:14:10,699 - INFO - 分块并行计算: 2 个块
2026-04-19 09:14:10,703 - INFO - 3DVAR同化完成，观测数: 12
2026-04-19 09:14:10,703 - INFO - 3DVAR同化完成，观测数: 8
2026-04-19 09:14:10,704 - INFO - 分块并行计算完成，耗时: 0.01秒
2026-04-19 09:14:10,705 - INFO - 分块并行计算: 2 个块
2026-04-19 09:14:10,709 - INFO - 3DVAR同化完成，观测数: 8
2026-04-19 09:14:10,709 - INFO - 3DVAR同化完成，观测数: 12
2026-04-19 09:14:10,710 - INFO - 分块并行计算完成，耗时: 0.01秒
2026-04-19 09:14:10,710 - INFO - 分块并行计算: 2 个块
2026-04-19 09:14:10,714 - INFO - 3DVAR同化完成，观测数: 8
2026-04-19 09:14:10,714 - INFO - 3DVAR同化完成，观测数: 12
2026-04-19 09:14:10,716 - INFO - 分块并行计算完成，耗时: 0.01秒
2026-04-19 09:14:10,716 - INFO - 分块并行计算: 2 个块
2026-04-19 09:14:10,719 - INFO - 3DVAR同化完成，观测数: 12
2026-04-19 09:14:10,720 - INFO - 3DVAR同化完成，观测数: 8
2026-04-19 09:14:10,721 - INFO - 分块并行计算完成，耗时: 0.00秒
2026-04-19 09:14:10,721 - INFO - 分块并行计算: 2 个块
2026-04-19 09:14:10,724 - INFO - 3DVAR同化完成，观测数: 8
2026-04-19 09:14:10,725 - INFO - 3DVAR同化完成，观测数: 12
2026-04-19 09:14:10,727 - INFO - 分块并行计算完成，耗时: 0.01秒
2026-04-19 09:14:10,727 - INFO - 分块并行计算: 2 个块
2026-04-19 09:14:10,729 - INFO - 3DVAR同化完成，观测数: 12
2026-04-19 09:14:10,730 - INFO - 3DVAR同化完成，观测数: 8
2026-04-19 09:14:10,731 - INFO - 分块并行计算完成，耗时: 0.00秒
2026-04-19 09:14:10,731 - INFO - 分块并行计算: 2 个块
2026-04-19 09:14:10,734 - INFO - 3DVAR同化完成，观测数: 12
2026-04-19 09:14:10,735 - INFO - 3DVAR同化完成，观测数: 8
2026-04-19 09:14:10,736 - INFO - 分块并行计算完成，耗时: 0.00秒
2026-04-19 09:14:10,736 - INFO - 分块并行计算: 2 个块
2026-04-19 09:14:10,740 - INFO - 3DVAR同化完成，观测数: 8
2026-04-19 09:14:10,740 - INFO - 3DVAR同化完成，观测数: 12
2026-04-19 09:14:10,741 - INFO - 分块并行计算完成，耗时: 0.01秒
2026-04-19 09:14:10,742 - INFO - 分块并行计算: 2 个块
2026-04-19 09:14:10,745 - INFO - 3DVAR同化完成，观测数: 8
2026-04-19 09:14:10,746 - INFO - 3DVAR同化完成，观测数: 12
2026-04-19 09:14:10,747 - INFO - 分块并行计算完成，耗时: 0.01秒
2026-04-19 09:14:10,747 - INFO - 分块并行计算: 2 个块
2026-04-19 09:14:10,750 - INFO - 3DVAR同化完成，观测数: 8
2026-04-19 09:14:10,751 - INFO - 3DVAR同化完成，观测数: 12
2026-04-19 09:14:10,752 - INFO - 分块并行计算完成，耗时: 0.00秒
2026-04-19 09:14:10,752 - INFO - 分块并行计算: 2 个块
2026-04-19 09:14:10,755 - INFO - 3DVAR同化完成，观测数: 12
2026-04-19 09:14:10,756 - INFO - 3DVAR同化完成，观测数: 8
2026-04-19 09:14:10,757 - INFO - 分块并行计算完成，耗时: 0.00秒
2026-04-19 09:14:10,757 - INFO - 分块并行计算: 2 个块
2026-04-19 09:14:10,760 - INFO - 3DVAR同化完成，观测数: 12
2026-04-19 09:14:10,761 - INFO - 3DVAR同化完成，观测数: 8
2026-04-19 09:14:10,762 - INFO - 分块并行计算完成，耗时: 0.01秒
2026-04-19 09:14:10,763 - INFO - 分块并行计算: 2 个块
2026-04-19 09:14:10,765 - INFO - 3DVAR同化完成，观测数: 12
2026-04-19 09:14:10,766 - INFO - 3DVAR同化完成，观测数: 8
2026-04-19 09:14:10,767 - INFO - 分块并行计算完成，耗时: 0.00秒
2026-04-19 09:14:10,768 - INFO - 分块并行计算: 2 个块
2026-04-19 09:14:10,771 - INFO - 3DVAR同化完成，观测数: 12
2026-04-19 09:14:10,772 - INFO - 3DVAR同化完成，观测数: 8
2026-04-19 09:14:10,778 - INFO - 分块并行计算完成，耗时: 0.01秒
2026-04-19 09:14:10,778 - INFO - 分块并行计算: 2 个块
2026-04-19 09:14:10,785 - INFO - 3DVAR同化完成，观测数: 12
2026-04-19 09:14:10,787 - INFO - 3DVAR同化完成，观测数: 8
2026-04-19 09:14:10,788 - INFO - 分块并行计算完成，耗时: 0.01秒
2026-04-19 09:14:10,788 - INFO - 分块并行计算: 2 个块
2026-04-19 09:14:10,791 - INFO - 3DVAR同化完成，观测数: 8
2026-04-19 09:14:10,792 - INFO - 3DVAR同化完成，观测数: 12
2026-04-19 09:14:10,794 - INFO - 分块并行计算完成，耗时: 0.01秒
2026-04-19 09:14:10,794 - INFO - 分块并行计算: 2 个块
2026-04-19 09:14:10,797 - INFO - 3DVAR同化完成，观测数: 12
2026-04-19 09:14:10,798 - INFO - 3DVAR同化完成，观测数: 8
2026-04-19 09:14:10,799 - INFO - 分块并行计算完成，耗时: 0.01秒
2026-04-19 09:14:10,800 - INFO - 分块并行计算: 2 个块
2026-04-19 09:14:10,803 - INFO - 3DVAR同化完成，观测数: 12
2026-04-19 09:14:10,803 - INFO - 3DVAR同化完成，观测数: 8
2026-04-19 09:14:10,805 - INFO - 分块并行计算完成，耗时: 0.01秒
2026-04-19 09:14:10,805 - INFO - 分块并行计算: 2 个块
2026-04-19 09:14:10,809 - INFO - 3DVAR同化完成，观测数: 12
2026-04-19 09:14:10,809 - INFO - 3DVAR同化完成，观测数: 8
2026-04-19 09:14:10,811 - INFO - 分块并行计算完成，耗时: 0.01秒
2026-04-19 09:14:10,811 - INFO - 分块并行计算: 2 个块
2026-04-19 09:14:10,814 - INFO - 3DVAR同化完成，观测数: 12
2026-04-19 09:14:10,815 - INFO - 3DVAR同化完成，观测数: 8
2026-04-19 09:14:10,816 - INFO - 分块并行计算完成，耗时: 0.01秒
2026-04-19 09:14:10,816 - INFO - 分块并行计算: 2 个块
2026-04-19 09:14:10,820 - INFO - 3DVAR同化完成，观测数: 12
2026-04-19 09:14:10,820 - INFO - 3DVAR同化完成，观测数: 8
2026-04-19 09:14:10,822 - INFO - 分块并行计算完成，耗时: 0.01秒
2026-04-19 09:14:10,822 - INFO - 分块并行计算: 2 个块
2026-04-19 09:14:10,825 - INFO - 3DVAR同化完成，观测数: 12
2026-04-19 09:14:10,825 - INFO - 3DVAR同化完成，观测数: 8
2026-04-19 09:14:10,827 - INFO - 分块并行计算完成，耗时: 0.00秒
2026-04-19 09:14:10,827 - INFO - 分块并行计算: 2 个块
2026-04-19 09:14:10,830 - INFO - 3DVAR同化完成，观测数: 12
2026-04-19 09:14:10,831 - INFO - 3DVAR同化完成，观测数: 8
2026-04-19 09:14:10,832 - INFO - 分块并行计算完成，耗时: 0.01秒
2026-04-19 09:14:10,833 - INFO - 分块并行计算: 2 个块
2026-04-19 09:14:10,836 - INFO - 3DVAR同化完成，观测数: 12
2026-04-19 09:14:10,836 - INFO - 3DVAR同化完成，观测数: 8
2026-04-19 09:14:10,838 - INFO - 分块并行计算完成，耗时: 0.01秒
2026-04-19 09:14:10,838 - INFO - 分块并行计算: 2 个块
2026-04-19 09:14:10,841 - INFO - 3DVAR同化完成，观测数: 12
2026-04-19 09:14:10,842 - INFO - 3DVAR同化完成，观测数: 8
2026-04-19 09:14:10,843 - INFO - 分块并行计算完成，耗时: 0.00秒
2026-04-19 09:14:10,843 - INFO - 分块并行计算: 2 个块
2026-04-19 09:14:10,847 - INFO - 3DVAR同化完成，观测数: 12
2026-04-19 09:14:10,848 - INFO - 3DVAR同化完成，观测数: 8
2026-04-19 09:14:10,849 - INFO - 分块并行计算完成，耗时: 0.01秒
2026-04-19 09:14:10,850 - INFO - 分块并行计算: 2 个块
2026-04-19 09:14:10,853 - INFO - 3DVAR同化完成，观测数: 12
2026-04-19 09:14:10,854 - INFO - 3DVAR同化完成，观测数: 8
2026-04-19 09:14:10,856 - INFO - 分块并行计算完成，耗时: 0.01秒
2026-04-19 09:14:10,856 - INFO - 分块并行计算: 2 个块
2026-04-19 09:14:10,860 - INFO - 3DVAR同化完成，观测数: 12
2026-04-19 09:14:10,860 - INFO - 3DVAR同化完成，观测数: 8
2026-04-19 09:14:10,861 - INFO - 分块并行计算完成，耗时: 0.01秒
2026-04-19 09:14:10,862 - INFO - 分块并行计算: 2 个块
2026-04-19 09:14:10,864 - INFO - 3DVAR同化完成，观测数: 12
2026-04-19 09:14:10,866 - INFO - 3DVAR同化完成，观测数: 8
2026-04-19 09:14:10,867 - INFO - 分块并行计算完成，耗时: 0.01秒
2026-04-19 09:14:10,867 - INFO - 分块并行计算: 2 个块
2026-04-19 09:14:10,870 - INFO - 3DVAR同化完成，观测数: 12
2026-04-19 09:14:10,871 - INFO - 3DVAR同化完成，观测数: 8
2026-04-19 09:14:10,873 - INFO - 分块并行计算完成，耗时: 0.01秒
2026-04-19 09:14:10,873 - INFO - 分块并行计算: 2 个块
2026-04-19 09:14:10,875 - INFO - 3DVAR同化完成，观测数: 12
2026-04-19 09:14:10,877 - INFO - 3DVAR同化完成，观测数: 8
2026-04-19 09:14:10,878 - INFO - 分块并行计算完成，耗时: 0.01秒
2026-04-19 09:14:10,878 - INFO - 分块并行计算: 2 个块
2026-04-19 09:14:10,882 - INFO - 3DVAR同化完成，观测数: 12
2026-04-19 09:14:10,882 - INFO - 3DVAR同化完成，观测数: 8
2026-04-19 09:14:10,884 - INFO - 分块并行计算完成，耗时: 0.01秒
2026-04-19 09:14:10,884 - INFO - 分块并行计算: 2 个块
2026-04-19 09:14:10,887 - INFO - 3DVAR同化完成，观测数: 12
2026-04-19 09:14:10,888 - INFO - 3DVAR同化完成，观测数: 8
2026-04-19 09:14:10,889 - INFO - 分块并行计算完成，耗时: 0.00秒
2026-04-19 09:14:10,889 - INFO - 分块并行计算: 2 个块
2026-04-19 09:14:10,893 - INFO - 3DVAR同化完成，观测数: 12
2026-04-19 09:14:10,893 - INFO - 3DVAR同化完成，观测数: 8
2026-04-19 09:14:10,894 - INFO - 分块并行计算完成，耗时: 0.00秒
2026-04-19 09:14:10,894 - INFO - 分块并行计算: 2 个块
2026-04-19 09:14:10,896 - INFO - 3DVAR同化完成，观测数: 12
2026-04-19 09:14:10,898 - INFO - 3DVAR同化完成，观测数: 8
2026-04-19 09:14:10,899 - INFO - 分块并行计算完成，耗时: 0.00秒
2026-04-19 09:14:10,899 - INFO - 分块并行计算: 2 个块
2026-04-19 09:14:10,902 - INFO - 3DVAR同化完成，观测数: 8
2026-04-19 09:14:10,903 - INFO - 3DVAR同化完成，观测数: 12
2026-04-19 09:14:10,904 - INFO - 分块并行计算完成，耗时: 0.01秒
2026-04-19 09:14:10,904 - INFO - 分块并行计算: 2 个块
2026-04-19 09:14:10,907 - INFO - 3DVAR同化完成，观测数: 12
2026-04-19 09:14:10,908 - INFO - 3DVAR同化完成，观测数: 8
2026-04-19 09:14:10,910 - INFO - 分块并行计算完成，耗时: 0.01秒
2026-04-19 09:14:10,912 - INFO - 分块并行计算完成
2026-04-19 09:14:10,912 - INFO -    耗时: 0.54秒
2026-04-19 09:14:10,912 - INFO -    分析场形状: (45, 45, 5)
2026-04-19 09:14:10,912 - INFO -    平均方差: 2.2465
2026-04-19 09:14:10,913 - INFO -    资源使用: CPU 57.5%, 内存 84.0%
2026-04-19 09:14:10,913 - INFO - ============================================================
2026-04-19 09:14:10,913 - INFO - Dask并行计算 ( 100次迭代 )
2026-04-19 09:14:10,913 - INFO - ============================================================
2026-04-19 09:14:12,089 - INFO - Dask版本: 2026.3.0
2026-04-19 09:14:12,089 - INFO - 初始化网格: 41×41×5, 分辨率: 50.0m
2026-04-19 09:14:12,090 - DEBUG - Using selector: SelectSelector
2026-04-19 09:14:12,105 - INFO - To route to workers diagnostics web server please install jupyter-server-proxy: python -m pip install jupyter-server-proxy
2026-04-19 09:14:12,108 - INFO - State start
2026-04-19 09:14:12,230 - INFO -   Scheduler at:      tcp://127.0.0.1:6101
2026-04-19 09:14:12,230 - INFO -   dashboard at:  http://127.0.0.1:8787/status
2026-04-19 09:14:12,230 - INFO - Registering Worker plugin shuffle
2026-04-19 09:14:12,572 - INFO -         Start Nanny at: 'tcp://127.0.0.1:6108'
2026-04-19 09:14:12,574 - INFO -         Start Nanny at: 'tcp://127.0.0.1:6110'
2026-04-19 09:14:12,576 - INFO -         Start Nanny at: 'tcp://127.0.0.1:6106'
2026-04-19 09:14:12,578 - INFO -         Start Nanny at: 'tcp://127.0.0.1:6104'
2026-04-19 09:14:18,605 - INFO - Register worker addr: tcp://127.0.0.1:6156 name: 3
2026-04-19 09:14:18,623 - INFO - Starting worker compute stream, tcp://127.0.0.1:6156
2026-04-19 09:14:18,623 - INFO - Starting established connection to tcp://127.0.0.1:6158
2026-04-19 09:14:18,624 - INFO - Register worker addr: tcp://127.0.0.1:6159 name: 1
2026-04-19 09:14:18,625 - INFO - Starting worker compute stream, tcp://127.0.0.1:6159
2026-04-19 09:14:18,625 - INFO - Starting established connection to tcp://127.0.0.1:6161
2026-04-19 09:14:18,644 - INFO - Register worker addr: tcp://127.0.0.1:6162 name: 2
2026-04-19 09:14:18,645 - INFO - Starting worker compute stream, tcp://127.0.0.1:6162
2026-04-19 09:14:18,645 - INFO - Starting established connection to tcp://127.0.0.1:6165
2026-04-19 09:14:18,646 - INFO - Register worker addr: tcp://127.0.0.1:6163 name: 0
2026-04-19 09:14:18,647 - INFO - Starting worker compute stream, tcp://127.0.0.1:6163
2026-04-19 09:14:18,648 - INFO - Starting established connection to tcp://127.0.0.1:6167
2026-04-19 09:14:18,700 - INFO - Receive client connection: Client-16f7dad6-3b8d-11f1-9178-24eb164c90ae
2026-04-19 09:14:18,701 - INFO - Starting established connection to tcp://127.0.0.1:6177
2026-04-19 09:14:18,701 - INFO - Dask集群已启动
2026-04-19 09:14:18,705 - INFO - 3DVAR同化完成，观测数: 20
2026-04-19 09:14:18,706 - INFO - 并行计算耗时: 0.00秒
2026-04-19 09:14:18,706 - INFO - 3DVAR同化完成，观测数: 20
2026-04-19 09:14:18,706 - INFO - 并行计算耗时: 0.00秒
2026-04-19 09:14:18,708 - INFO - 3DVAR同化完成，观测数: 20
2026-04-19 09:14:18,708 - INFO - 并行计算耗时: 0.00秒
2026-04-19 09:14:18,709 - INFO - 3DVAR同化完成，观测数: 20
2026-04-19 09:14:18,710 - INFO - 并行计算耗时: 0.00秒
2026-04-19 09:14:18,711 - INFO - 3DVAR同化完成，观测数: 20
2026-04-19 09:14:18,711 - INFO - 并行计算耗时: 0.00秒
2026-04-19 09:14:18,713 - INFO - 3DVAR同化完成，观测数: 20
2026-04-19 09:14:18,713 - INFO - 并行计算耗时: 0.00秒
2026-04-19 09:14:18,716 - INFO - 3DVAR同化完成，观测数: 20
2026-04-19 09:14:18,716 - INFO - 并行计算耗时: 0.00秒
2026-04-19 09:14:18,718 - INFO - 3DVAR同化完成，观测数: 20
2026-04-19 09:14:18,718 - INFO - 并行计算耗时: 0.00秒
2026-04-19 09:14:18,720 - INFO - 3DVAR同化完成，观测数: 20
2026-04-19 09:14:18,720 - INFO - 并行计算耗时: 0.00秒
2026-04-19 09:14:18,722 - INFO - 3DVAR同化完成，观测数: 20
2026-04-19 09:14:18,722 - INFO - 并行计算耗时: 0.00秒
2026-04-19 09:14:18,724 - INFO - 3DVAR同化完成，观测数: 20
2026-04-19 09:14:18,724 - INFO - 并行计算耗时: 0.00秒
2026-04-19 09:14:18,725 - INFO - 3DVAR同化完成，观测数: 20
2026-04-19 09:14:18,725 - INFO - 并行计算耗时: 0.00秒
2026-04-19 09:14:18,726 - INFO - 3DVAR同化完成，观测数: 20
2026-04-19 09:14:18,726 - INFO - 并行计算耗时: 0.00秒
2026-04-19 09:14:18,727 - INFO - 3DVAR同化完成，观测数: 20
2026-04-19 09:14:18,727 - INFO - 并行计算耗时: 0.00秒
2026-04-19 09:14:18,727 - INFO - 3DVAR同化完成，观测数: 20
2026-04-19 09:14:18,728 - INFO - 并行计算耗时: 0.00秒
2026-04-19 09:14:18,728 - INFO - 3DVAR同化完成，观测数: 20
2026-04-19 09:14:18,728 - INFO - 并行计算耗时: 0.00秒
2026-04-19 09:14:18,729 - INFO - 3DVAR同化完成，观测数: 20
2026-04-19 09:14:18,729 - INFO - 并行计算耗时: 0.00秒
2026-04-19 09:14:18,730 - INFO - 3DVAR同化完成，观测数: 20
2026-04-19 09:14:18,730 - INFO - 并行计算耗时: 0.00秒
2026-04-19 09:14:18,731 - INFO - 3DVAR同化完成，观测数: 20
2026-04-19 09:14:18,731 - INFO - 并行计算耗时: 0.00秒
2026-04-19 09:14:18,732 - INFO - 3DVAR同化完成，观测数: 20
2026-04-19 09:14:18,732 - INFO - 并行计算耗时: 0.00秒
2026-04-19 09:14:18,733 - INFO - 3DVAR同化完成，观测数: 20
2026-04-19 09:14:18,733 - INFO - 并行计算耗时: 0.00秒
2026-04-19 09:14:18,734 - INFO - 3DVAR同化完成，观测数: 20
2026-04-19 09:14:18,734 - INFO - 并行计算耗时: 0.00秒
2026-04-19 09:14:18,734 - INFO - 3DVAR同化完成，观测数: 20
2026-04-19 09:14:18,734 - INFO - 并行计算耗时: 0.00秒
2026-04-19 09:14:18,735 - INFO - 3DVAR同化完成，观测数: 20
2026-04-19 09:14:18,735 - INFO - 并行计算耗时: 0.00秒
2026-04-19 09:14:18,758 - INFO - 3DVAR同化完成，观测数: 20
2026-04-19 09:14:18,758 - INFO - 并行计算耗时: 0.02秒
2026-04-19 09:14:18,759 - INFO - 3DVAR同化完成，观测数: 20
2026-04-19 09:14:18,759 - INFO - 并行计算耗时: 0.00秒
2026-04-19 09:14:18,760 - INFO - 3DVAR同化完成，观测数: 20
2026-04-19 09:14:18,760 - INFO - 并行计算耗时: 0.00秒
2026-04-19 09:14:18,761 - INFO - 3DVAR同化完成，观测数: 20
2026-04-19 09:14:18,761 - INFO - 并行计算耗时: 0.00秒
2026-04-19 09:14:18,762 - INFO - 3DVAR同化完成，观测数: 20
2026-04-19 09:14:18,762 - INFO - 并行计算耗时: 0.00秒
2026-04-19 09:14:18,762 - INFO - 3DVAR同化完成，观测数: 20
2026-04-19 09:14:18,762 - INFO - 并行计算耗时: 0.00秒
2026-04-19 09:14:18,763 - INFO - 3DVAR同化完成，观测数: 20
2026-04-19 09:14:18,763 - INFO - 并行计算耗时: 0.00秒
2026-04-19 09:14:18,764 - INFO - 3DVAR同化完成，观测数: 20
2026-04-19 09:14:18,764 - INFO - 并行计算耗时: 0.00秒
2026-04-19 09:14:18,766 - INFO - 3DVAR同化完成，观测数: 20
2026-04-19 09:14:18,766 - INFO - 并行计算耗时: 0.00秒
2026-04-19 09:14:18,767 - INFO - 3DVAR同化完成，观测数: 20
2026-04-19 09:14:18,767 - INFO - 并行计算耗时: 0.00秒
2026-04-19 09:14:18,769 - INFO - 3DVAR同化完成，观测数: 20
2026-04-19 09:14:18,769 - INFO - 并行计算耗时: 0.00秒
2026-04-19 09:14:18,770 - INFO - 3DVAR同化完成，观测数: 20
2026-04-19 09:14:18,770 - INFO - 并行计算耗时: 0.00秒
2026-04-19 09:14:18,771 - INFO - 3DVAR同化完成，观测数: 20
2026-04-19 09:14:18,772 - INFO - 并行计算耗时: 0.00秒
2026-04-19 09:14:18,773 - INFO - 3DVAR同化完成，观测数: 20
2026-04-19 09:14:18,773 - INFO - 并行计算耗时: 0.00秒
2026-04-19 09:14:18,777 - INFO - 3DVAR同化完成，观测数: 20
2026-04-19 09:14:18,777 - INFO - 并行计算耗时: 0.00秒
2026-04-19 09:14:18,779 - INFO - 3DVAR同化完成，观测数: 20
2026-04-19 09:14:18,779 - INFO - 并行计算耗时: 0.00秒
2026-04-19 09:14:18,781 - INFO - 3DVAR同化完成，观测数: 20
2026-04-19 09:14:18,781 - INFO - 并行计算耗时: 0.00秒
2026-04-19 09:14:18,782 - INFO - 3DVAR同化完成，观测数: 20
2026-04-19 09:14:18,783 - INFO - 并行计算耗时: 0.00秒
2026-04-19 09:14:18,786 - INFO - 3DVAR同化完成，观测数: 20
2026-04-19 09:14:18,786 - INFO - 并行计算耗时: 0.00秒
2026-04-19 09:14:18,789 - INFO - 3DVAR同化完成，观测数: 20
2026-04-19 09:14:18,789 - INFO - 并行计算耗时: 0.00秒
2026-04-19 09:14:18,790 - INFO - 3DVAR同化完成，观测数: 20
2026-04-19 09:14:18,790 - INFO - 并行计算耗时: 0.00秒
2026-04-19 09:14:18,791 - INFO - 3DVAR同化完成，观测数: 20
2026-04-19 09:14:18,791 - INFO - 并行计算耗时: 0.00秒
2026-04-19 09:14:18,792 - INFO - 3DVAR同化完成，观测数: 20
2026-04-19 09:14:18,792 - INFO - 并行计算耗时: 0.00秒
2026-04-19 09:14:18,793 - INFO - 3DVAR同化完成，观测数: 20
2026-04-19 09:14:18,793 - INFO - 并行计算耗时: 0.00秒
2026-04-19 09:14:18,794 - INFO - 3DVAR同化完成，观测数: 20
2026-04-19 09:14:18,794 - INFO - 并行计算耗时: 0.00秒
2026-04-19 09:14:18,795 - INFO - 3DVAR同化完成，观测数: 20
2026-04-19 09:14:18,795 - INFO - 并行计算耗时: 0.00秒
2026-04-19 09:14:18,796 - INFO - 3DVAR同化完成，观测数: 20
2026-04-19 09:14:18,796 - INFO - 并行计算耗时: 0.00秒
2026-04-19 09:14:18,796 - INFO -    已完成 50/100 次迭代
2026-04-19 09:14:18,797 - INFO - 3DVAR同化完成，观测数: 20
2026-04-19 09:14:18,797 - INFO - 并行计算耗时: 0.00秒
2026-04-19 09:14:18,800 - INFO - 3DVAR同化完成，观测数: 20
2026-04-19 09:14:18,800 - INFO - 并行计算耗时: 0.00秒
2026-04-19 09:14:18,801 - INFO - 3DVAR同化完成，观测数: 20
2026-04-19 09:14:18,801 - INFO - 并行计算耗时: 0.00秒
2026-04-19 09:14:18,802 - INFO - 3DVAR同化完成，观测数: 20
2026-04-19 09:14:18,803 - INFO - 并行计算耗时: 0.00秒
2026-04-19 09:14:18,804 - INFO - 3DVAR同化完成，观测数: 20
2026-04-19 09:14:18,804 - INFO - 并行计算耗时: 0.00秒
2026-04-19 09:14:18,805 - INFO - 3DVAR同化完成，观测数: 20
2026-04-19 09:14:18,805 - INFO - 并行计算耗时: 0.00秒
2026-04-19 09:14:18,807 - INFO - 3DVAR同化完成，观测数: 20
2026-04-19 09:14:18,807 - INFO - 并行计算耗时: 0.00秒
2026-04-19 09:14:18,808 - INFO - 3DVAR同化完成，观测数: 20
2026-04-19 09:14:18,808 - INFO - 并行计算耗时: 0.00秒
2026-04-19 09:14:18,809 - INFO - 3DVAR同化完成，观测数: 20
2026-04-19 09:14:18,810 - INFO - 并行计算耗时: 0.00秒
2026-04-19 09:14:18,811 - INFO - 3DVAR同化完成，观测数: 20
2026-04-19 09:14:18,811 - INFO - 并行计算耗时: 0.00秒
2026-04-19 09:14:18,812 - INFO - 3DVAR同化完成，观测数: 20
2026-04-19 09:14:18,812 - INFO - 并行计算耗时: 0.00秒
2026-04-19 09:14:18,814 - INFO - 3DVAR同化完成，观测数: 20
2026-04-19 09:14:18,814 - INFO - 并行计算耗时: 0.00秒
2026-04-19 09:14:18,816 - INFO - 3DVAR同化完成，观测数: 20
2026-04-19 09:14:18,816 - INFO - 并行计算耗时: 0.00秒
2026-04-19 09:14:18,817 - INFO - 3DVAR同化完成，观测数: 20
2026-04-19 09:14:18,818 - INFO - 并行计算耗时: 0.00秒
2026-04-19 09:14:18,819 - INFO - 3DVAR同化完成，观测数: 20
2026-04-19 09:14:18,819 - INFO - 并行计算耗时: 0.00秒
2026-04-19 09:14:18,821 - INFO - 3DVAR同化完成，观测数: 20
2026-04-19 09:14:18,821 - INFO - 并行计算耗时: 0.00秒
2026-04-19 09:14:18,822 - INFO - 3DVAR同化完成，观测数: 20
2026-04-19 09:14:18,822 - INFO - 并行计算耗时: 0.00秒
2026-04-19 09:14:18,824 - INFO - 3DVAR同化完成，观测数: 20
2026-04-19 09:14:18,824 - INFO - 并行计算耗时: 0.00秒
2026-04-19 09:14:18,825 - INFO - 3DVAR同化完成，观测数: 20
2026-04-19 09:14:18,825 - INFO - 并行计算耗时: 0.00秒
2026-04-19 09:14:18,827 - INFO - 3DVAR同化完成，观测数: 20
2026-04-19 09:14:18,827 - INFO - 并行计算耗时: 0.00秒
2026-04-19 09:14:18,828 - INFO - 3DVAR同化完成，观测数: 20
2026-04-19 09:14:18,828 - INFO - 并行计算耗时: 0.00秒
2026-04-19 09:14:18,830 - INFO - 3DVAR同化完成，观测数: 20
2026-04-19 09:14:18,830 - INFO - 并行计算耗时: 0.00秒
2026-04-19 09:14:18,831 - INFO - 3DVAR同化完成，观测数: 20
2026-04-19 09:14:18,831 - INFO - 并行计算耗时: 0.00秒
2026-04-19 09:14:18,832 - INFO - 3DVAR同化完成，观测数: 20
2026-04-19 09:14:18,833 - INFO - 并行计算耗时: 0.00秒
2026-04-19 09:14:18,834 - INFO - 3DVAR同化完成，观测数: 20
2026-04-19 09:14:18,834 - INFO - 并行计算耗时: 0.00秒
2026-04-19 09:14:18,835 - INFO - 3DVAR同化完成，观测数: 20
2026-04-19 09:14:18,835 - INFO - 并行计算耗时: 0.00秒
2026-04-19 09:14:18,837 - INFO - 3DVAR同化完成，观测数: 20
2026-04-19 09:14:18,837 - INFO - 并行计算耗时: 0.00秒
2026-04-19 09:14:18,838 - INFO - 3DVAR同化完成，观测数: 20
2026-04-19 09:14:18,838 - INFO - 并行计算耗时: 0.00秒
2026-04-19 09:14:18,840 - INFO - 3DVAR同化完成，观测数: 20
2026-04-19 09:14:18,840 - INFO - 并行计算耗时: 0.00秒
2026-04-19 09:14:18,841 - INFO - 3DVAR同化完成，观测数: 20
2026-04-19 09:14:18,841 - INFO - 并行计算耗时: 0.00秒
2026-04-19 09:14:18,843 - INFO - 3DVAR同化完成，观测数: 20
2026-04-19 09:14:18,843 - INFO - 并行计算耗时: 0.00秒
2026-04-19 09:14:18,845 - INFO - 3DVAR同化完成，观测数: 20
2026-04-19 09:14:18,845 - INFO - 并行计算耗时: 0.00秒
2026-04-19 09:14:18,847 - INFO - 3DVAR同化完成，观测数: 20
2026-04-19 09:14:18,847 - INFO - 并行计算耗时: 0.00秒
2026-04-19 09:14:18,848 - INFO - 3DVAR同化完成，观测数: 20
2026-04-19 09:14:18,849 - INFO - 并行计算耗时: 0.00秒
2026-04-19 09:14:18,850 - INFO - 3DVAR同化完成，观测数: 20
2026-04-19 09:14:18,850 - INFO - 并行计算耗时: 0.00秒
2026-04-19 09:14:18,852 - INFO - 3DVAR同化完成，观测数: 20
2026-04-19 09:14:18,852 - INFO - 并行计算耗时: 0.00秒
2026-04-19 09:14:18,854 - INFO - 3DVAR同化完成，观测数: 20
2026-04-19 09:14:18,854 - INFO - 并行计算耗时: 0.00秒
2026-04-19 09:14:18,855 - INFO - 3DVAR同化完成，观测数: 20
2026-04-19 09:14:18,855 - INFO - 并行计算耗时: 0.00秒
2026-04-19 09:14:18,857 - INFO - 3DVAR同化完成，观测数: 20
2026-04-19 09:14:18,857 - INFO - 并行计算耗时: 0.00秒
2026-04-19 09:14:18,859 - INFO - 3DVAR同化完成，观测数: 20
2026-04-19 09:14:18,859 - INFO - 并行计算耗时: 0.00秒
2026-04-19 09:14:18,861 - INFO - 3DVAR同化完成，观测数: 20
2026-04-19 09:14:18,861 - INFO - 并行计算耗时: 0.00秒
2026-04-19 09:14:18,863 - INFO - 3DVAR同化完成，观测数: 20
2026-04-19 09:14:18,863 - INFO - 并行计算耗时: 0.00秒
2026-04-19 09:14:18,864 - INFO - 3DVAR同化完成，观测数: 20
2026-04-19 09:14:18,864 - INFO - 并行计算耗时: 0.00秒
2026-04-19 09:14:18,866 - INFO - 3DVAR同化完成，观测数: 20
2026-04-19 09:14:18,866 - INFO - 并行计算耗时: 0.00秒
2026-04-19 09:14:18,868 - INFO - 3DVAR同化完成，观测数: 20
2026-04-19 09:14:18,868 - INFO - 并行计算耗时: 0.00秒
2026-04-19 09:14:18,869 - INFO - 3DVAR同化完成，观测数: 20
2026-04-19 09:14:18,869 - INFO - 并行计算耗时: 0.00秒
2026-04-19 09:14:18,871 - INFO - 3DVAR同化完成，观测数: 20
2026-04-19 09:14:18,871 - INFO - 并行计算耗时: 0.00秒
2026-04-19 09:14:18,872 - INFO - 3DVAR同化完成，观测数: 20
2026-04-19 09:14:18,873 - INFO - 并行计算耗时: 0.00秒
2026-04-19 09:14:18,874 - INFO - 3DVAR同化完成，观测数: 20
2026-04-19 09:14:18,875 - INFO - 并行计算耗时: 0.00秒
2026-04-19 09:14:18,878 - INFO - Remove client Client-16f7dad6-3b8d-11f1-9178-24eb164c90ae
2026-04-19 09:14:18,879 - INFO - Received 'close-stream' from tcp://127.0.0.1:6177; closing.
2026-04-19 09:14:18,879 - INFO - Remove client Client-16f7dad6-3b8d-11f1-9178-24eb164c90ae
2026-04-19 09:14:18,880 - INFO - Close client connection: Client-16f7dad6-3b8d-11f1-9178-24eb164c90ae
2026-04-19 09:14:18,883 - INFO - Retire worker addresses (stimulus_id='retire-workers-1776561258.883427') (0, 1, 2, 3)
2026-04-19 09:14:18,884 - INFO - Closing Nanny at 'tcp://127.0.0.1:6104'. Reason: nanny-close
2026-04-19 09:14:18,884 - INFO - Nanny asking worker to close. Reason: nanny-close
2026-04-19 09:14:18,884 - INFO - Closing Nanny at 'tcp://127.0.0.1:6106'. Reason: nanny-close
2026-04-19 09:14:18,885 - INFO - Nanny asking worker to close. Reason: nanny-close
2026-04-19 09:14:18,885 - INFO - Closing Nanny at 'tcp://127.0.0.1:6108'. Reason: nanny-close
2026-04-19 09:14:18,885 - INFO - Nanny asking worker to close. Reason: nanny-close
2026-04-19 09:14:18,885 - INFO - Closing Nanny at 'tcp://127.0.0.1:6110'. Reason: nanny-close
2026-04-19 09:14:18,886 - INFO - Nanny asking worker to close. Reason: nanny-close
2026-04-19 09:14:18,887 - INFO - Received 'close-stream' from tcp://127.0.0.1:6167; closing.
2026-04-19 09:14:18,887 - INFO - Remove worker addr: tcp://127.0.0.1:6163 name: 0 (stimulus_id='handle-worker-cleanup-1776561258.8875954')
2026-04-19 09:14:18,891 - INFO - Received 'close-stream' from tcp://127.0.0.1:6161; closing.
2026-04-19 09:14:18,891 - INFO - Remove worker addr: tcp://127.0.0.1:6159 name: 1 (stimulus_id='handle-worker-cleanup-1776561258.891788')
2026-04-19 09:14:18,892 - INFO - Connection to tcp://127.0.0.1:6165 has been closed.
2026-04-19 09:14:18,892 - INFO - Remove worker addr: tcp://127.0.0.1:6162 name: 2 (stimulus_id='handle-worker-cleanup-1776561258.8921914')
2026-04-19 09:14:18,892 - INFO - Connection to tcp://127.0.0.1:6158 has been closed.
2026-04-19 09:14:18,892 - INFO - Remove worker addr: tcp://127.0.0.1:6156 name: 3 (stimulus_id='handle-worker-cleanup-1776561258.8924193')
2026-04-19 09:14:18,892 - INFO - Lost all workers
2026-04-19 09:14:20,536 - INFO - Nanny at 'tcp://127.0.0.1:6108' closed.
2026-04-19 09:14:20,555 - INFO - Nanny at 'tcp://127.0.0.1:6104' closed.
2026-04-19 09:14:20,577 - INFO - Nanny at 'tcp://127.0.0.1:6110' closed.
2026-04-19 09:14:20,611 - INFO - Nanny at 'tcp://127.0.0.1:6106' closed.
2026-04-19 09:14:20,613 - INFO - Closing scheduler. Reason: unknown
2026-04-19 09:14:20,613 - INFO - Scheduler closing all comms
2026-04-19 09:14:20,856 - INFO - Dask并行计算完成
2026-04-19 09:14:20,857 - INFO -    耗时: 0.17秒
2026-04-19 09:14:20,857 - INFO -    分析场形状: (45, 45, 5)
2026-04-19 09:14:20,857 - INFO -    平均方差: 2.2465
2026-04-19 09:14:20,857 - INFO -    资源使用: CPU 38.0%, 内存 87.5%
2026-04-19 09:14:20,858 - INFO - 
============================================================
2026-04-19 09:14:20,858 - INFO - 性能对比 (使用相同数据规模)
2026-04-19 09:14:20,858 - INFO - ============================================================
2026-04-19 09:14:20,858 - INFO - 
串行计算:
2026-04-19 09:14:20,858 - INFO -    耗时: 0.14秒
2026-04-19 09:14:20,858 - INFO -    基准时间
2026-04-19 09:14:20,859 - INFO - 
分块并行计算:
2026-04-19 09:14:20,859 - INFO -    耗时: 0.54秒
2026-04-19 09:14:20,859 - INFO -    加速比: 0.26x
2026-04-19 09:14:20,859 - INFO -    并行效率: 13.2%
2026-04-19 09:14:20,859 - INFO -    (使用 2 个块)
2026-04-19 09:14:20,859 - INFO -    注：效率超过100%可能是因为缓存命中率提升
2026-04-19 09:14:20,859 - INFO -    并行未达到加速效果
2026-04-19 09:14:20,860 - INFO - 
Dask并行计算:
2026-04-19 09:14:20,860 - INFO -    耗时: 0.17秒
2026-04-19 09:14:20,860 - INFO -    加速比: 0.83x
2026-04-19 09:14:20,860 - INFO -    并行未达到加速效果
2026-04-19 09:14:20,860 - INFO - 
成功测试数: 3/3
2026-04-19 09:14:20,860 - INFO - 
============================================================
2026-04-19 09:14:20,860 - INFO - 分析说明
2026-04-19 09:14:20,860 - INFO - ============================================================
2026-04-19 09:14:20,860 - INFO - 1. 串行和并行使用完全相同的数据规模，确保公平对比
2026-04-19 09:14:20,860 - INFO - 2. 并行计算的优势在于多核并行处理
2026-04-19 09:14:20,861 - INFO - 3. 并行效率 = 加速比 / 核心数，理想值为100%
2026-04-19 09:14:20,861 - INFO - 4. 如果并行效率低，可能原因:
2026-04-19 09:14:20,861 - INFO -    - 数据规模太小，并行开销大于并行收益
2026-04-19 09:14:20,861 - INFO -    - 同步/通信开销过大
2026-04-19 09:14:20,861 - INFO -    - 内存带宽瓶颈
2026-04-19 09:14:20,861 - INFO - 5. 对于巨规模数据，Dask的内存管理和分布式计算优势更明显
2026-04-19 09:14:20,861 - INFO - 
============================================================
2026-04-19 09:14:20,861 - INFO - 基准测试完成
2026-04-19 09:14:20,861 - INFO - ============================================================
