2026-04-19 09:14:34,665 - INFO - ============================================================
2026-04-19 09:14:34,665 - INFO - 🚀 公平并行计算基准测试
2026-04-19 09:14:34,669 - INFO - ============================================================
2026-04-19 09:14:34,669 - INFO - 系统信息: 28核CPU, 31.7GB内存
2026-04-19 09:14:34,669 - INFO - 数据规模: small
2026-04-19 09:14:34,669 - INFO - Dask: 启用
2026-04-19 09:14:34,669 - INFO - 迭代次数: 10
2026-04-19 09:14:34,669 - INFO - [日志] 详细日志: d:\Developer\workplace\py\iteam\trae\data-assimilation-platform\algorithm_core\examples\..\logs\fair_parallel_20260419_091434.log
2026-04-19 09:14:34,670 - INFO - ============================================================
2026-04-19 09:14:34,670 - INFO - 公平并行计算基准测试
2026-04-19 09:14:34,670 - INFO - ============================================================
2026-04-19 09:14:34,670 - INFO - 数据规模: 小规模 (2km x 2km x 200m, ~10,000点)
2026-04-19 09:14:34,670 - INFO -    域大小: (2000, 2000, 200)
2026-04-19 09:14:34,670 - INFO -    分辨率: 45.0m
2026-04-19 09:14:34,670 - INFO -    观测数: 20
2026-04-19 09:14:34,670 - INFO -    分块数: 2
2026-04-19 09:14:34,670 - INFO -    迭代次数: 10
2026-04-19 09:14:34,670 - INFO - 创建共享数据...
2026-04-19 09:14:34,671 - INFO - 创建数据: 45×45×5 = 10,125 点
2026-04-19 09:14:34,671 - INFO - 观测数: 20
2026-04-19 09:14:34,672 - INFO -    数据创建耗时: 0.00秒
2026-04-19 09:14:34,672 - INFO - ============================================================
2026-04-19 09:14:34,672 - INFO - 串行计算 ( 10次迭代 )
2026-04-19 09:14:34,672 - INFO - ============================================================
2026-04-19 09:14:34,672 - INFO - 初始化网格: 41×41×5, 分辨率: 50.0m
2026-04-19 09:14:34,675 - INFO - 3DVAR同化完成，观测数: 20
2026-04-19 09:14:34,677 - INFO - 3DVAR同化完成，观测数: 20
2026-04-19 09:14:34,678 - INFO - 3DVAR同化完成，观测数: 20
2026-04-19 09:14:34,680 - INFO - 3DVAR同化完成，观测数: 20
2026-04-19 09:14:34,681 - INFO - 3DVAR同化完成，观测数: 20
2026-04-19 09:14:34,683 - INFO - 3DVAR同化完成，观测数: 20
2026-04-19 09:14:34,684 - INFO - 3DVAR同化完成，观测数: 20
2026-04-19 09:14:34,685 - INFO - 3DVAR同化完成，观测数: 20
2026-04-19 09:14:34,687 - INFO - 3DVAR同化完成，观测数: 20
2026-04-19 09:14:34,688 - INFO - 3DVAR同化完成，观测数: 20
2026-04-19 09:14:34,689 - INFO - 串行计算完成
2026-04-19 09:14:34,689 - INFO -    耗时: 0.02秒
2026-04-19 09:14:34,689 - INFO -    分析场形状: (45, 45, 5)
2026-04-19 09:14:34,689 - INFO -    平均方差: 2.2465
2026-04-19 09:14:34,689 - INFO -    资源使用: CPU 44.8%, 内存 83.7%
2026-04-19 09:14:34,689 - INFO - 
============================================================
2026-04-19 09:14:34,689 - INFO - 分块并行计算 ( 2 blocks, 10次迭代 )
2026-04-19 09:14:34,690 - INFO - ============================================================
2026-04-19 09:14:34,691 - INFO - 初始化网格: 41×41×5, 分辨率: 50.0m
2026-04-19 09:14:34,693 - INFO - 分块并行计算: 2 个块
2026-04-19 09:14:34,696 - INFO - 3DVAR同化完成，观测数: 12
2026-04-19 09:14:34,697 - INFO - 3DVAR同化完成，观测数: 8
2026-04-19 09:14:34,699 - INFO - 分块并行计算完成，耗时: 0.01秒
2026-04-19 09:14:34,699 - INFO - 分块并行计算: 2 个块
2026-04-19 09:14:34,703 - INFO - 3DVAR同化完成，观测数: 12
2026-04-19 09:14:34,703 - INFO - 3DVAR同化完成，观测数: 8
2026-04-19 09:14:34,704 - INFO - 分块并行计算完成，耗时: 0.01秒
2026-04-19 09:14:34,704 - INFO - 分块并行计算: 2 个块
2026-04-19 09:14:34,707 - INFO - 3DVAR同化完成，观测数: 12
2026-04-19 09:14:34,708 - INFO - 3DVAR同化完成，观测数: 8
2026-04-19 09:14:34,709 - INFO - 分块并行计算完成，耗时: 0.00秒
2026-04-19 09:14:34,709 - INFO - 分块并行计算: 2 个块
2026-04-19 09:14:34,712 - INFO - 3DVAR同化完成，观测数: 8
2026-04-19 09:14:34,713 - INFO - 3DVAR同化完成，观测数: 12
2026-04-19 09:14:34,714 - INFO - 分块并行计算完成，耗时: 0.00秒
2026-04-19 09:14:34,714 - INFO - 分块并行计算: 2 个块
2026-04-19 09:14:34,717 - INFO - 3DVAR同化完成，观测数: 12
2026-04-19 09:14:34,718 - INFO - 3DVAR同化完成，观测数: 8
2026-04-19 09:14:34,719 - INFO - 分块并行计算完成，耗时: 0.00秒
2026-04-19 09:14:34,719 - INFO - 分块并行计算: 2 个块
2026-04-19 09:14:34,721 - INFO - 3DVAR同化完成，观测数: 12
2026-04-19 09:14:34,723 - INFO - 3DVAR同化完成，观测数: 8
2026-04-19 09:14:34,724 - INFO - 分块并行计算完成，耗时: 0.00秒
2026-04-19 09:14:34,724 - INFO - 分块并行计算: 2 个块
2026-04-19 09:14:34,727 - INFO - 3DVAR同化完成，观测数: 12
2026-04-19 09:14:34,727 - INFO - 3DVAR同化完成，观测数: 8
2026-04-19 09:14:34,728 - INFO - 分块并行计算完成，耗时: 0.00秒
2026-04-19 09:14:34,728 - INFO - 分块并行计算: 2 个块
2026-04-19 09:14:34,730 - INFO - 3DVAR同化完成，观测数: 12
2026-04-19 09:14:34,730 - INFO - 3DVAR同化完成，观测数: 8
2026-04-19 09:14:34,732 - INFO - 分块并行计算完成，耗时: 0.00秒
2026-04-19 09:14:34,732 - INFO - 分块并行计算: 2 个块
2026-04-19 09:14:34,735 - INFO - 3DVAR同化完成，观测数: 12
2026-04-19 09:14:34,736 - INFO - 3DVAR同化完成，观测数: 8
2026-04-19 09:14:34,737 - INFO - 分块并行计算完成，耗时: 0.01秒
2026-04-19 09:14:34,737 - INFO - 分块并行计算: 2 个块
2026-04-19 09:14:34,741 - INFO - 3DVAR同化完成，观测数: 12
2026-04-19 09:14:34,741 - INFO - 3DVAR同化完成，观测数: 8
2026-04-19 09:14:34,742 - INFO - 分块并行计算完成，耗时: 0.01秒
2026-04-19 09:14:34,744 - INFO - 分块并行计算完成
2026-04-19 09:14:34,744 - INFO -    耗时: 0.05秒
2026-04-19 09:14:34,744 - INFO -    分析场形状: (45, 45, 5)
2026-04-19 09:14:34,745 - INFO -    平均方差: 2.2465
2026-04-19 09:14:34,745 - INFO -    资源使用: CPU 59.3%, 内存 83.6%
2026-04-19 09:14:34,745 - INFO - ============================================================
2026-04-19 09:14:34,745 - INFO - Dask并行计算 ( 10次迭代 )
2026-04-19 09:14:34,746 - INFO - ============================================================
2026-04-19 09:14:35,975 - INFO - Dask版本: 2026.3.0
2026-04-19 09:14:35,975 - INFO - 初始化网格: 41×41×5, 分辨率: 50.0m
2026-04-19 09:14:35,976 - DEBUG - Using selector: SelectSelector
2026-04-19 09:14:35,990 - INFO - To route to workers diagnostics web server please install jupyter-server-proxy: python -m pip install jupyter-server-proxy
2026-04-19 09:14:35,992 - INFO - State start
2026-04-19 09:14:36,103 - INFO -   Scheduler at:     tcp://127.0.0.1:27171
2026-04-19 09:14:36,103 - INFO -   dashboard at:  http://127.0.0.1:8787/status
2026-04-19 09:14:36,104 - INFO - Registering Worker plugin shuffle
2026-04-19 09:14:36,460 - INFO -         Start Nanny at: 'tcp://127.0.0.1:27180'
2026-04-19 09:14:36,462 - INFO -         Start Nanny at: 'tcp://127.0.0.1:27184'
2026-04-19 09:14:36,465 - INFO -         Start Nanny at: 'tcp://127.0.0.1:27182'
2026-04-19 09:14:36,468 - INFO -         Start Nanny at: 'tcp://127.0.0.1:27186'
2026-04-19 09:14:42,443 - INFO - Register worker addr: tcp://127.0.0.1:27206 name: 0
2026-04-19 09:14:42,462 - INFO - Starting worker compute stream, tcp://127.0.0.1:27206
2026-04-19 09:14:42,462 - INFO - Starting established connection to tcp://127.0.0.1:27208
2026-04-19 09:14:42,489 - INFO - Register worker addr: tcp://127.0.0.1:27209 name: 2
2026-04-19 09:14:42,489 - INFO - Starting worker compute stream, tcp://127.0.0.1:27209
2026-04-19 09:14:42,489 - INFO - Starting established connection to tcp://127.0.0.1:27211
2026-04-19 09:14:42,514 - INFO - Register worker addr: tcp://127.0.0.1:27212 name: 3
2026-04-19 09:14:42,516 - INFO - Starting worker compute stream, tcp://127.0.0.1:27212
2026-04-19 09:14:42,516 - INFO - Starting established connection to tcp://127.0.0.1:27214
2026-04-19 09:14:42,546 - INFO - Register worker addr: tcp://127.0.0.1:27215 name: 1
2026-04-19 09:14:42,546 - INFO - Starting worker compute stream, tcp://127.0.0.1:27215
2026-04-19 09:14:42,546 - INFO - Starting established connection to tcp://127.0.0.1:27217
2026-04-19 09:14:42,648 - INFO - Receive client connection: Client-253d272f-3b8d-11f1-ade4-24eb164c90ae
2026-04-19 09:14:42,648 - INFO - Starting established connection to tcp://127.0.0.1:27218
2026-04-19 09:14:42,650 - INFO - Dask集群已启动
2026-04-19 09:14:42,655 - INFO - 3DVAR同化完成，观测数: 20
2026-04-19 09:14:42,655 - INFO - 并行计算耗时: 0.00秒
2026-04-19 09:14:42,656 - INFO - 3DVAR同化完成，观测数: 20
2026-04-19 09:14:42,656 - INFO - 并行计算耗时: 0.00秒
2026-04-19 09:14:42,658 - INFO - 3DVAR同化完成，观测数: 20
2026-04-19 09:14:42,658 - INFO - 并行计算耗时: 0.00秒
2026-04-19 09:14:42,659 - INFO - 3DVAR同化完成，观测数: 20
2026-04-19 09:14:42,659 - INFO - 并行计算耗时: 0.00秒
2026-04-19 09:14:42,661 - INFO - 3DVAR同化完成，观测数: 20
2026-04-19 09:14:42,661 - INFO - 并行计算耗时: 0.00秒
2026-04-19 09:14:42,662 - INFO - 3DVAR同化完成，观测数: 20
2026-04-19 09:14:42,663 - INFO - 并行计算耗时: 0.00秒
2026-04-19 09:14:42,664 - INFO - 3DVAR同化完成，观测数: 20
2026-04-19 09:14:42,665 - INFO - 并行计算耗时: 0.00秒
2026-04-19 09:14:42,667 - INFO - 3DVAR同化完成，观测数: 20
2026-04-19 09:14:42,667 - INFO - 并行计算耗时: 0.00秒
2026-04-19 09:14:42,669 - INFO - 3DVAR同化完成，观测数: 20
2026-04-19 09:14:42,669 - INFO - 并行计算耗时: 0.00秒
2026-04-19 09:14:42,672 - INFO - 3DVAR同化完成，观测数: 20
2026-04-19 09:14:42,672 - INFO - 并行计算耗时: 0.00秒
2026-04-19 09:14:42,675 - INFO - Remove client Client-253d272f-3b8d-11f1-ade4-24eb164c90ae
2026-04-19 09:14:42,676 - INFO - Received 'close-stream' from tcp://127.0.0.1:27218; closing.
2026-04-19 09:14:42,676 - INFO - Remove client Client-253d272f-3b8d-11f1-ade4-24eb164c90ae
2026-04-19 09:14:42,677 - INFO - Close client connection: Client-253d272f-3b8d-11f1-ade4-24eb164c90ae
2026-04-19 09:14:42,681 - INFO - Retire worker addresses (stimulus_id='retire-workers-1776561282.681561') (0, 1, 2, 3)
2026-04-19 09:14:42,682 - INFO - Closing Nanny at 'tcp://127.0.0.1:27180'. Reason: nanny-close
2026-04-19 09:14:42,683 - INFO - Nanny asking worker to close. Reason: nanny-close
2026-04-19 09:14:42,683 - INFO - Closing Nanny at 'tcp://127.0.0.1:27182'. Reason: nanny-close
2026-04-19 09:14:42,683 - INFO - Nanny asking worker to close. Reason: nanny-close
2026-04-19 09:14:42,683 - INFO - Closing Nanny at 'tcp://127.0.0.1:27184'. Reason: nanny-close
2026-04-19 09:14:42,684 - INFO - Nanny asking worker to close. Reason: nanny-close
2026-04-19 09:14:42,684 - INFO - Closing Nanny at 'tcp://127.0.0.1:27186'. Reason: nanny-close
2026-04-19 09:14:42,685 - INFO - Nanny asking worker to close. Reason: nanny-close
2026-04-19 09:14:42,688 - INFO - Received 'close-stream' from tcp://127.0.0.1:27208; closing.
2026-04-19 09:14:42,689 - INFO - Remove worker addr: tcp://127.0.0.1:27206 name: 0 (stimulus_id='handle-worker-cleanup-1776561282.6894746')
2026-04-19 09:14:42,690 - INFO - Received 'close-stream' from tcp://127.0.0.1:27217; closing.
2026-04-19 09:14:42,690 - INFO - Received 'close-stream' from tcp://127.0.0.1:27211; closing.
2026-04-19 09:14:42,694 - INFO - Received 'close-stream' from tcp://127.0.0.1:27214; closing.
2026-04-19 09:14:42,695 - INFO - Remove worker addr: tcp://127.0.0.1:27215 name: 1 (stimulus_id='handle-worker-cleanup-1776561282.695064')
2026-04-19 09:14:42,695 - INFO - Remove worker addr: tcp://127.0.0.1:27209 name: 2 (stimulus_id='handle-worker-cleanup-1776561282.695528')
2026-04-19 09:14:42,696 - INFO - Remove worker addr: tcp://127.0.0.1:27212 name: 3 (stimulus_id='handle-worker-cleanup-1776561282.69623')
2026-04-19 09:14:42,696 - INFO - Lost all workers
2026-04-19 09:14:44,346 - INFO - Nanny at 'tcp://127.0.0.1:27182' closed.
2026-04-19 09:14:44,363 - INFO - Nanny at 'tcp://127.0.0.1:27184' closed.
2026-04-19 09:14:44,380 - INFO - Nanny at 'tcp://127.0.0.1:27180' closed.
2026-04-19 09:14:44,400 - INFO - Nanny at 'tcp://127.0.0.1:27186' closed.
2026-04-19 09:14:44,401 - INFO - Closing scheduler. Reason: unknown
2026-04-19 09:14:44,401 - INFO - Scheduler closing all comms
2026-04-19 09:14:44,665 - INFO - Dask并行计算完成
2026-04-19 09:14:44,665 - INFO -    耗时: 0.02秒
2026-04-19 09:14:44,665 - INFO -    分析场形状: (45, 45, 5)
2026-04-19 09:14:44,665 - INFO -    平均方差: 2.2465
2026-04-19 09:14:44,665 - INFO -    资源使用: CPU 39.2%, 内存 87.9%
2026-04-19 09:14:44,666 - INFO - 
============================================================
2026-04-19 09:14:44,666 - INFO - 性能对比 (使用相同数据规模)
2026-04-19 09:14:44,666 - INFO - ============================================================
2026-04-19 09:14:44,666 - INFO - 
串行计算:
2026-04-19 09:14:44,666 - INFO -    耗时: 0.02秒
2026-04-19 09:14:44,666 - INFO -    基准时间
2026-04-19 09:14:44,666 - INFO - 
分块并行计算:
2026-04-19 09:14:44,666 - INFO -    耗时: 0.05秒
2026-04-19 09:14:44,666 - INFO -    加速比: 0.31x
2026-04-19 09:14:44,666 - INFO -    并行效率: 15.5%
2026-04-19 09:14:44,666 - INFO -    (使用 2 个块)
2026-04-19 09:14:44,666 - INFO -    注：效率超过100%可能是因为缓存命中率提升
2026-04-19 09:14:44,666 - INFO -    并行未达到加速效果
2026-04-19 09:14:44,666 - INFO - 
Dask并行计算:
2026-04-19 09:14:44,666 - INFO -    耗时: 0.02秒
2026-04-19 09:14:44,666 - INFO -    加速比: 0.73x
2026-04-19 09:14:44,666 - INFO -    并行未达到加速效果
2026-04-19 09:14:44,666 - INFO - 
成功测试数: 3/3
2026-04-19 09:14:44,666 - INFO - 
============================================================
2026-04-19 09:14:44,666 - INFO - 分析说明
2026-04-19 09:14:44,666 - INFO - ============================================================
2026-04-19 09:14:44,666 - INFO - 1. 串行和并行使用完全相同的数据规模，确保公平对比
2026-04-19 09:14:44,666 - INFO - 2. 并行计算的优势在于多核并行处理
2026-04-19 09:14:44,667 - INFO - 3. 并行效率 = 加速比 / 核心数，理想值为100%
2026-04-19 09:14:44,667 - INFO - 4. 如果并行效率低，可能原因:
2026-04-19 09:14:44,667 - INFO -    - 数据规模太小，并行开销大于并行收益
2026-04-19 09:14:44,667 - INFO -    - 同步/通信开销过大
2026-04-19 09:14:44,667 - INFO -    - 内存带宽瓶颈
2026-04-19 09:14:44,667 - INFO - 5. 对于巨规模数据，Dask的内存管理和分布式计算优势更明显
2026-04-19 09:14:44,667 - INFO - 
============================================================
2026-04-19 09:14:44,667 - INFO - 基准测试完成
2026-04-19 09:14:44,667 - INFO - ============================================================
