2026-04-19 13:25:25,280 - INFO - 智能迭代规划: xlarge规模
2026-04-19 13:25:25,280 - INFO -    目标点数: 51,952,881 点
2026-04-19 13:25:25,280 - INFO -    估算单次耗时: 25.00 秒
2026-04-19 13:25:25,281 - INFO -    计划迭代次数: 1 次
2026-04-19 13:25:25,281 - INFO -    预计总耗时: 25.0 秒
2026-04-19 13:25:25,281 - INFO - MemoryWarning 内存安全检查:
2026-04-19 13:25:25,281 - INFO - 内存安全检查:
2026-04-19 13:25:25,281 - INFO -    单次数据内存需求: 3.10 GB
2026-04-19 13:25:25,282 - INFO -    1次迭代总需求: 3.10 GB
2026-04-19 13:25:25,282 - INFO -    系统可用内存: 5.30 GB
2026-04-19 13:25:25,282 - INFO - 创建 xlarge 规模合成数据...
2026-04-19 13:25:25,282 - INFO - 创建数据: 801×801×81 = 51,969,681 点
2026-04-19 13:25:25,282 - INFO - 观测数: 1000
2026-04-19 13:25:25,282 - WARNING - 大内存警告！将创建 51,969,681 点 (3.1 GB)
2026-04-19 13:25:25,283 - WARNING - 建议使用 --size medium 或更小规模开始测试
2026-04-19 13:25:25,793 - INFO - 创建Dask集群: 10 workers...
2026-04-19 13:25:32,684 - INFO - Dask集群已启动: 10 workers
2026-04-19 13:25:32,685 - INFO - 初始化网格: 801×801×81, 分辨率: 10.0m
2026-04-19 13:25:35,087 - INFO - 初始化基础assimilator...
2026-04-19 13:25:35,088 - INFO - 初始化网格: 801×801×81, 分辨率: 10.0m
2026-04-19 13:25:35,088 - INFO - 基础assimilator初始化完成
2026-04-19 13:25:35,089 - DEBUG - 开始分块并行同化: 4 个块
2026-04-19 13:25:35,270 - DEBUG - 已分割成 4 个块
2026-04-19 13:25:36,664 - DEBUG - 分块并行同化完成
2026-04-19 13:25:39,239 - INFO - 初始化网格: 801×801×81, 分辨率: 10.0m
2026-04-19 13:25:39,239 - INFO - 预热Dask集群...
2026-04-19 13:43:51,831 - INFO - Dask集群已关闭
2026-04-19 13:43:51,838 - INFO - 
============================================================
2026-04-19 13:43:51,839 - INFO - 基准测试完成
2026-04-19 13:43:51,841 - INFO - ============================================================
