2026-04-19 13:02:27,744 - INFO - 智能迭代规划: medium规模
2026-04-19 13:02:27,744 - INFO -    目标点数: 848,421 点
2026-04-19 13:02:27,744 - INFO -    估算单次耗时: 0.40 秒
2026-04-19 13:02:27,744 - INFO -    计划迭代次数: 20 次
2026-04-19 13:02:27,744 - INFO -    预计总耗时: 8.0 秒
2026-04-19 13:02:27,745 - INFO - MemoryWarning 内存安全检查:
2026-04-19 13:02:27,745 - INFO - 内存安全检查:
2026-04-19 13:02:27,745 - INFO -    单次数据内存需求: 0.05 GB
2026-04-19 13:02:27,745 - INFO -    20次迭代总需求: 1.01 GB
2026-04-19 13:02:27,745 - INFO -    系统可用内存: 16.08 GB
2026-04-19 13:02:27,745 - INFO - 创建 medium 规模合成数据...
2026-04-19 13:02:27,745 - INFO - 创建数据: 201×201×21 = 848,421 点
2026-04-19 13:02:27,746 - INFO - 观测数: 200
2026-04-19 13:02:27,751 - WARNING - ⚠️  数据规模较小 (<1M点)，Dask可能无法带来性能提升
2026-04-19 13:02:34,043 - INFO - 初始化网格: 201×201×21, 分辨率: 20.0m
2026-04-19 13:02:34,527 - INFO - 初始化网格: 201×201×21, 分辨率: 20.0m
2026-04-19 13:02:34,527 - INFO - 预热分块并行...
2026-04-19 13:02:34,527 - INFO - 开始分块并行同化: 4 个块
2026-04-19 13:02:34,529 - INFO - 已分割成 4 个块
2026-04-19 13:02:37,746 - INFO -   块 0 完成
2026-04-19 13:02:37,751 - INFO -   块 1 完成
2026-04-19 13:02:37,754 - INFO -   块 2 完成
2026-04-19 13:02:37,762 - INFO -   块 3 完成
2026-04-19 13:02:38,565 - INFO - 分块并行同化完成
2026-04-19 13:02:38,668 - INFO - 开始分块并行同化: 4 个块
2026-04-19 13:02:38,670 - INFO - 已分割成 4 个块
2026-04-19 13:02:41,848 - INFO -   块 0 完成
2026-04-19 13:02:41,860 - INFO -   块 1 完成
2026-04-19 13:02:41,863 - INFO -   块 2 完成
2026-04-19 13:02:41,874 - INFO -   块 3 完成
2026-04-19 13:02:42,623 - INFO - 分块并行同化完成
2026-04-19 13:02:42,624 - INFO - 开始分块并行同化: 4 个块
2026-04-19 13:02:42,625 - INFO - 已分割成 4 个块
2026-04-19 13:02:45,792 - INFO -   块 0 完成
2026-04-19 13:02:45,794 - INFO -   块 1 完成
2026-04-19 13:02:45,798 - INFO -   块 2 完成
2026-04-19 13:02:45,801 - INFO -   块 3 完成
2026-04-19 13:02:46,498 - INFO - 分块并行同化完成
2026-04-19 13:02:46,499 - INFO - 开始分块并行同化: 4 个块
2026-04-19 13:02:46,501 - INFO - 已分割成 4 个块
2026-04-19 13:02:49,678 - INFO -   块 0 完成
2026-04-19 13:02:49,682 - INFO -   块 1 完成
2026-04-19 13:02:49,684 - INFO -   块 2 完成
2026-04-19 13:02:49,693 - INFO -   块 3 完成
2026-04-19 13:02:50,480 - INFO - 分块并行同化完成
2026-04-19 13:02:50,481 - INFO - 开始分块并行同化: 4 个块
2026-04-19 13:02:50,483 - INFO - 已分割成 4 个块
2026-04-19 13:02:53,685 - INFO -   块 0 完成
2026-04-19 13:02:53,687 - INFO -   块 1 完成
2026-04-19 13:02:53,699 - INFO -   块 2 完成
2026-04-19 13:02:53,703 - INFO -   块 3 完成
2026-04-19 13:02:54,441 - INFO - 分块并行同化完成
2026-04-19 13:02:54,443 - INFO - 开始分块并行同化: 4 个块
2026-04-19 13:02:54,444 - INFO - 已分割成 4 个块
2026-04-19 13:02:57,650 - INFO -   块 0 完成
2026-04-19 13:02:57,652 - INFO -   块 1 完成
2026-04-19 13:02:57,658 - INFO -   块 2 完成
2026-04-19 13:02:57,660 - INFO -   块 3 完成
2026-04-19 13:02:58,370 - INFO - 分块并行同化完成
2026-04-19 13:02:58,371 - INFO - 开始分块并行同化: 4 个块
2026-04-19 13:02:58,372 - INFO - 已分割成 4 个块
2026-04-19 13:03:01,548 - INFO -   块 0 完成
2026-04-19 13:03:01,551 - INFO -   块 1 完成
2026-04-19 13:03:01,554 - INFO -   块 2 完成
2026-04-19 13:03:01,557 - INFO -   块 3 完成
2026-04-19 13:03:02,277 - INFO - 分块并行同化完成
2026-04-19 13:03:02,278 - INFO -   迭代 5/20 完成
2026-04-19 13:03:02,278 - INFO - 开始分块并行同化: 4 个块
2026-04-19 13:03:02,280 - INFO - 已分割成 4 个块
2026-04-19 13:03:05,491 - INFO -   块 0 完成
2026-04-19 13:03:05,493 - INFO -   块 1 完成
2026-04-19 13:03:05,496 - INFO -   块 2 完成
2026-04-19 13:03:05,500 - INFO -   块 3 完成
2026-04-19 13:03:06,327 - INFO - 分块并行同化完成
2026-04-19 13:03:06,329 - INFO - 开始分块并行同化: 4 个块
2026-04-19 13:03:06,331 - INFO - 已分割成 4 个块
2026-04-19 13:03:09,754 - INFO -   块 0 完成
2026-04-19 13:03:09,757 - INFO -   块 1 完成
2026-04-19 13:03:09,768 - INFO -   块 2 完成
2026-04-19 13:03:09,772 - INFO -   块 3 完成
2026-04-19 13:03:10,540 - INFO - 分块并行同化完成
2026-04-19 13:03:10,541 - INFO - 开始分块并行同化: 4 个块
2026-04-19 13:03:10,542 - INFO - 已分割成 4 个块
2026-04-19 13:03:14,000 - INFO -   块 0 完成
2026-04-19 13:03:14,006 - INFO -   块 1 完成
2026-04-19 13:03:14,009 - INFO -   块 2 完成
2026-04-19 13:03:14,012 - INFO -   块 3 完成
2026-04-19 13:03:14,759 - INFO - 分块并行同化完成
2026-04-19 13:03:14,761 - INFO - 开始分块并行同化: 4 个块
2026-04-19 13:03:14,762 - INFO - 已分割成 4 个块
2026-04-19 13:03:18,646 - INFO -   块 0 完成
2026-04-19 13:03:18,654 - INFO -   块 1 完成
2026-04-19 13:03:18,663 - INFO -   块 2 完成
2026-04-19 13:03:18,666 - INFO -   块 3 完成
2026-04-19 13:03:19,396 - INFO - 分块并行同化完成
2026-04-19 13:03:19,398 - INFO - 开始分块并行同化: 4 个块
2026-04-19 13:03:19,400 - INFO - 已分割成 4 个块
2026-04-19 13:03:22,811 - INFO -   块 0 完成
2026-04-19 13:03:22,814 - INFO -   块 1 完成
2026-04-19 13:03:22,830 - INFO -   块 2 完成
2026-04-19 13:03:22,834 - INFO -   块 3 完成
2026-04-19 13:03:23,572 - INFO - 分块并行同化完成
2026-04-19 13:03:23,575 - INFO -   迭代 10/20 完成
2026-04-19 13:03:23,575 - INFO - 开始分块并行同化: 4 个块
2026-04-19 13:03:23,576 - INFO - 已分割成 4 个块
2026-04-19 13:03:26,935 - INFO -   块 0 完成
2026-04-19 13:03:26,938 - INFO -   块 1 完成
2026-04-19 13:03:26,944 - INFO -   块 2 完成
2026-04-19 13:03:26,947 - INFO -   块 3 完成
2026-04-19 13:03:27,739 - INFO - 分块并行同化完成
2026-04-19 13:03:27,741 - INFO - 开始分块并行同化: 4 个块
2026-04-19 13:03:27,742 - INFO - 已分割成 4 个块
2026-04-19 13:03:31,162 - INFO -   块 0 完成
2026-04-19 13:03:31,168 - INFO -   块 1 完成
2026-04-19 13:03:31,168 - INFO -   块 2 完成
2026-04-19 13:03:31,179 - INFO -   块 3 完成
2026-04-19 13:03:31,951 - INFO - 分块并行同化完成
2026-04-19 13:03:31,952 - INFO - 开始分块并行同化: 4 个块
2026-04-19 13:03:31,953 - INFO - 已分割成 4 个块
2026-04-19 13:03:35,388 - INFO -   块 0 完成
2026-04-19 13:03:35,390 - INFO -   块 1 完成
2026-04-19 13:03:35,399 - INFO -   块 2 完成
2026-04-19 13:03:35,404 - INFO -   块 3 完成
2026-04-19 13:03:36,132 - INFO - 分块并行同化完成
2026-04-19 13:03:36,133 - INFO - 开始分块并行同化: 4 个块
2026-04-19 13:03:36,134 - INFO - 已分割成 4 个块
2026-04-19 13:03:39,672 - INFO -   块 0 完成
2026-04-19 13:03:39,675 - INFO -   块 1 完成
2026-04-19 13:03:39,677 - INFO -   块 2 完成
2026-04-19 13:03:39,688 - INFO -   块 3 完成
2026-04-19 13:03:40,534 - INFO - 分块并行同化完成
2026-04-19 13:03:40,536 - INFO - 开始分块并行同化: 4 个块
2026-04-19 13:03:40,537 - INFO - 已分割成 4 个块
2026-04-19 13:03:44,150 - INFO -   块 0 完成
2026-04-19 13:03:44,160 - INFO -   块 1 完成
2026-04-19 13:03:44,160 - INFO -   块 2 完成
2026-04-19 13:03:44,162 - INFO -   块 3 完成
2026-04-19 13:03:44,954 - INFO - 分块并行同化完成
2026-04-19 13:03:44,955 - INFO -   迭代 15/20 完成
2026-04-19 13:03:44,955 - INFO - 开始分块并行同化: 4 个块
2026-04-19 13:03:44,957 - INFO - 已分割成 4 个块
2026-04-19 13:03:48,504 - INFO -   块 0 完成
2026-04-19 13:03:48,521 - INFO -   块 1 完成
2026-04-19 13:03:48,537 - INFO -   块 2 完成
2026-04-19 13:03:48,553 - INFO -   块 3 完成
2026-04-19 13:03:49,316 - INFO - 分块并行同化完成
2026-04-19 13:03:49,317 - INFO - 开始分块并行同化: 4 个块
2026-04-19 13:03:49,318 - INFO - 已分割成 4 个块
2026-04-19 13:03:52,975 - INFO -   块 0 完成
2026-04-19 13:03:52,978 - INFO -   块 1 完成
2026-04-19 13:03:52,995 - INFO -   块 2 完成
2026-04-19 13:03:53,001 - INFO -   块 3 完成
2026-04-19 13:03:53,817 - INFO - 分块并行同化完成
2026-04-19 13:03:53,819 - INFO - 开始分块并行同化: 4 个块
2026-04-19 13:03:53,821 - INFO - 已分割成 4 个块
2026-04-19 13:03:57,404 - INFO -   块 0 完成
2026-04-19 13:03:57,412 - INFO -   块 1 完成
2026-04-19 13:03:57,415 - INFO -   块 2 完成
2026-04-19 13:03:57,424 - INFO -   块 3 完成
2026-04-19 13:03:58,127 - INFO - 分块并行同化完成
2026-04-19 13:03:58,129 - INFO - 开始分块并行同化: 4 个块
2026-04-19 13:03:58,130 - INFO - 已分割成 4 个块
2026-04-19 13:04:01,595 - INFO -   块 0 完成
2026-04-19 13:04:01,598 - INFO -   块 1 完成
2026-04-19 13:04:01,601 - INFO -   块 2 完成
2026-04-19 13:04:01,606 - INFO -   块 3 完成
2026-04-19 13:04:02,400 - INFO - 分块并行同化完成
2026-04-19 13:04:02,406 - INFO - 
============================================================
2026-04-19 13:04:02,407 - INFO - 基准测试完成
2026-04-19 13:04:02,407 - INFO - ============================================================
